#
# A fatal error has been detected by the Java Runtime Environment:
#
#  SIGSEGV (0xb) at pc=0x00007f921163a4a8, pid=29804, tid=140265665451776
#
# JRE version: OpenJDK Runtime Environment (7.0_79-b14) (build 1.7.0_79-b14)
# Java VM: OpenJDK 64-Bit Server VM (24.79-b02 mixed mode linux-amd64 compressed oops)
# Derivative: IcedTea 2.5.6
# Distribution: Ubuntu 14.04 LTS, package 7u79-2.5.6-0ubuntu1.14.04.1
# Problematic frame:
# C  [libOpenCL.so.1+0x54a8]  clCreateBuffer+0x8
#
# Failed to write core dump. Core dumps have been disabled. To enable core dumping, try "ulimit -c unlimited" before starting Java again
#
# If you would like to submit a bug report, please include
# instructions on how to reproduce the bug and visit:
#   http://icedtea.classpath.org/bugzilla
# The crash happened outside the Java Virtual Machine in native code.
# See problematic frame for where to report the bug.
#

---------------  T H R E A D  ---------------

Current thread (0x00007f921c00c800):  JavaThread "main" [_thread_in_native, id=29809, stack(0x00007f922519d000,0x00007f922529e000)]

siginfo:si_signo=SIGSEGV: si_errno=0, si_code=1 (SEGV_MAPERR), si_addr=0x0000000000000070

Registers:
RAX=0x0000000000000000, RBX=0x000000077a704b28, RCX=0x0000000000000000, RDX=0x0000000000000004
RSP=0x00007f922529bf18, RBP=0x00007f922529bf80, RSI=0x0000000000000001, RDI=0x00007f921c256f70
R8 =0x00000007d75f5980, R9 =0x0000000000000000, R10=0x00007f9219018c0d, R11=0x00007f9223efe2f0
R12=0x0000000000000000, R13=0x000000077a704b28, R14=0x00007f922529c0e0, R15=0x00007f921c00c800
RIP=0x00007f921163a4a8, EFLAGS=0x0000000000010202, CSGSFS=0x0000000000000033, ERR=0x0000000000000004
  TRAPNO=0x000000000000000e

Top of Stack: (sp=0x00007f922529bf18)
0x00007f922529bf18:   00007f92105893c2 00007f921c256f70
0x00007f922529bf28:   0000000100000000 0000000000000000
0x00007f922529bf38:   0000000000000004 0000000000000001
0x00007f922529bf48:   00007f921c256f70 00007f922529c0e0
0x00007f922529bf58:   00007f921c00c9d8 0000000000000000
0x00007f922529bf68:   00000007d75f5980 00007f921163a4a0
0x00007f922529bf78:   00007f9219018806 00007f922529c050
0x00007f922529bf88:   00007f9219018c39 0000000000000000
0x00007f922529bf98:   0000000000000001 00007f922529c090
0x00007f922529bfa8:   0000000000000000 0000000000000000
0x00007f922529bfb8:   00007f921163a4a0 00007f922529c050
0x00007f922529bfc8:   00007f922529c010 00007f922529c088
0x00007f922529bfd8:   000000077a704b28 0000000000000000
0x00007f922529bfe8:   000000077a704b28 00007f922529c050
0x00007f922529bff8:   00007f921901883a 00007f922529c088
0x00007f922529c008:   00007f9219018806 00007f922529c010
0x00007f922529c018:   000000077a704b28 00007f922529c0e0
0x00007f922529c028:   000000077a7141c0 0000000000000000
0x00007f922529c038:   000000077a704b28 0000000000000000
0x00007f922529c048:   00007f922529c070 00007f922529c128
0x00007f922529c058:   00007f92190061f5 0000000000000000
0x00007f922529c068:   00007f9219012f37 00007f921163a4a0
0x00007f922529c078:   0000000000000000 0000000000000000
0x00007f922529c088:   0000000000000000 00000007d75f5970
0x00007f922529c098:   0000000000000001 0000000000000000
0x00007f922529c0a8:   0000000000000000 0000000000000004
0x00007f922529c0b8:   000000077a7a7730 0000000000000001
0x00007f922529c0c8:   00007f922529c0e0 00007f921c256f70
0x00007f922529c0d8:   00007f921163a4a0 00000007d747d288
0x00007f922529c0e8:   00007f922529c0e8 000000077a704d26
0x00007f922529c0f8:   00007f922529c198 000000077a7141c0
0x00007f922529c108:   0000000000000000 000000077a704d38 

Instructions: (pc=0x00007f921163a4a8)
0x00007f921163a488:   48 8b 40 48 ff e0 66 90 48 85 c9 74 06 c7 01 de
0x00007f921163a498:   ff ff ff 31 c0 c3 66 90 48 85 ff 74 0b 48 8b 07
0x00007f921163a4a8:   48 8b 40 70 ff e0 66 90 4d 85 c0 74 07 41 c7 00
0x00007f921163a4b8:   de ff ff ff 31 c0 c3 90 48 85 ff 4c 8b 54 24 08 

Register to memory mapping:

RAX=0x0000000000000000 is an unknown value
RBX=0x000000077a704b28 is an oop
{method} 
 - klass: {other class}
RCX=0x0000000000000000 is an unknown value
RDX=0x0000000000000004 is an unknown value
RSP=0x00007f922529bf18 is pointing into the stack for thread: 0x00007f921c00c800
RBP=0x00007f922529bf80 is pointing into the stack for thread: 0x00007f921c00c800
RSI=0x0000000000000001 is an unknown value
RDI=0x00007f921c256f70 is an unknown value
R8 =0x00000007d75f5980 is an unknown value
R9 =0x0000000000000000 is an unknown value
R10=0x00007f9219018c0d is at code_begin+1197 in an Interpreter codelet
method entry point (kind = native)  [0x00007f9219018760, 0x00007f9219019560]  3584 bytes
R11=0x00007f9223efe2f0: <offset 0x85d2f0> in /usr/lib/jvm/java-7-openjdk-amd64/jre/lib/amd64/server/libjvm.so at 0x00007f92236a1000
R12=0x0000000000000000 is an unknown value
R13=0x000000077a704b28 is an oop
{method} 
 - klass: {other class}
R14=0x00007f922529c0e0 is pointing into the stack for thread: 0x00007f921c00c800
R15=0x00007f921c00c800 is a thread


Stack: [0x00007f922519d000,0x00007f922529e000],  sp=0x00007f922529bf18,  free space=1019k
Native frames: (J=compiled Java code, j=interpreted, Vv=VM code, C=native code)
C  [libOpenCL.so.1+0x54a8]  clCreateBuffer+0x8
j  com.jogamp.opencl.llb.impl.CLAbstractImpl.dispatch_clCreateBuffer1(JJJLjava/lang/Object;IZLjava/lang/Object;IZJ)J+0
j  com.jogamp.opencl.llb.impl.CLAbstractImpl.clCreateBuffer(JJJLjava/nio/Buffer;[II)J+150
j  com.jogamp.opencl.CLBuffer.create(Lcom/jogamp/opencl/CLContext;Ljava/nio/Buffer;I)Lcom/jogamp/opencl/CLBuffer;+68
j  com.jogamp.opencl.CLContext.createBuffer(Ljava/nio/Buffer;I)Lcom/jogamp/opencl/CLBuffer;+3
j  com.jogamp.opencl.CLContext.createBuffer(Ljava/nio/Buffer;[Lcom/jogamp/opencl/CLMemory$Mem;)Lcom/jogamp/opencl/CLBuffer;+6
j  com.jogamp.opencl.CLContext.createFloatBuffer(I[Lcom/jogamp/opencl/CLMemory$Mem;)Lcom/jogamp/opencl/CLBuffer;+6
j  jvcl.GPUFFT.fft_simple([F[F)V+12
j  jvcl.GPUFFT.fft_simple([F[F)V+216
j  jvcl.GPUFFT.fft_simple([F[F)V+208
j  jvcl.GPUFFT.fft_simple([F[F)V+208
j  jvcl.GPUFFT.fft_simple([F[F)V+208
j  jvcl.GPUFFT.fft_simple([F[F)V+208
j  jvcl.GPUFFT.fft_simple([F[F)V+208
j  jvcl.GPUFFT.main([Ljava/lang/String;)V+79
v  ~StubRoutines::call_stub
V  [libjvm.so+0x5e80c9]  JavaCalls::call_helper(JavaValue*, methodHandle*, JavaCallArguments*, Thread*)+0x339
V  [libjvm.so+0x5e7b68]  JavaCalls::call(JavaValue*, methodHandle, JavaCallArguments*, Thread*)+0x28
V  [libjvm.so+0x5f6c9b]  jni_invoke_static(JNIEnv_*, JavaValue*, _jobject*, JNICallType, _jmethodID*, JNI_ArgumentPusher*, Thread*) [clone .isra.124] [clone .constprop.156]+0x28b
V  [libjvm.so+0x607f08]  jni_CallStaticVoidMethod+0x118
C  [libjli.so+0x31f9]

Java frames: (J=compiled Java code, j=interpreted, Vv=VM code)
j  com.jogamp.opencl.llb.impl.CLAbstractImpl.dispatch_clCreateBuffer1(JJJLjava/lang/Object;IZLjava/lang/Object;IZJ)J+0
j  com.jogamp.opencl.llb.impl.CLAbstractImpl.clCreateBuffer(JJJLjava/nio/Buffer;[II)J+150
j  com.jogamp.opencl.CLBuffer.create(Lcom/jogamp/opencl/CLContext;Ljava/nio/Buffer;I)Lcom/jogamp/opencl/CLBuffer;+68
j  com.jogamp.opencl.CLContext.createBuffer(Ljava/nio/Buffer;I)Lcom/jogamp/opencl/CLBuffer;+3
j  com.jogamp.opencl.CLContext.createBuffer(Ljava/nio/Buffer;[Lcom/jogamp/opencl/CLMemory$Mem;)Lcom/jogamp/opencl/CLBuffer;+6
j  com.jogamp.opencl.CLContext.createFloatBuffer(I[Lcom/jogamp/opencl/CLMemory$Mem;)Lcom/jogamp/opencl/CLBuffer;+6
j  jvcl.GPUFFT.fft_simple([F[F)V+12
j  jvcl.GPUFFT.fft_simple([F[F)V+216
j  jvcl.GPUFFT.fft_simple([F[F)V+208
j  jvcl.GPUFFT.fft_simple([F[F)V+208
j  jvcl.GPUFFT.fft_simple([F[F)V+208
j  jvcl.GPUFFT.fft_simple([F[F)V+208
j  jvcl.GPUFFT.fft_simple([F[F)V+208
j  jvcl.GPUFFT.main([Ljava/lang/String;)V+79
v  ~StubRoutines::call_stub

---------------  P R O C E S S  ---------------

Java Threads: ( => current thread )
  0x00007f921c0c0800 JavaThread "Service Thread" daemon [_thread_blocked, id=29830, stack(0x00007f92133f1000,0x00007f92134f2000)]
  0x00007f921c0be800 JavaThread "C2 CompilerThread1" daemon [_thread_blocked, id=29829, stack(0x00007f92134f2000,0x00007f92135f3000)]
  0x00007f921c0bb800 JavaThread "C2 CompilerThread0" daemon [_thread_blocked, id=29828, stack(0x00007f92135f3000,0x00007f92136f4000)]
  0x00007f91ec001000 JavaThread "JDWP Command Reader" daemon [_thread_in_native, id=29825, stack(0x00007f92136f4000,0x00007f92137f5000)]
  0x00007f921c0b9000 JavaThread "JDWP Event Helper Thread" daemon [_thread_blocked, id=29823, stack(0x00007f92137f5000,0x00007f92138f6000)]
  0x00007f921c0b5800 JavaThread "JDWP Transport Listener: dt_socket" daemon [_thread_blocked, id=29821, stack(0x00007f92138f6000,0x00007f92139f7000)]
  0x00007f921c0a8800 JavaThread "Signal Dispatcher" daemon [_thread_blocked, id=29819, stack(0x00007f9213bfc000,0x00007f9213cfd000)]
  0x00007f921c07e800 JavaThread "Finalizer" daemon [_thread_blocked, id=29817, stack(0x00007f9213cfd000,0x00007f9213dfe000)]
  0x00007f921c07c800 JavaThread "Reference Handler" daemon [_thread_blocked, id=29816, stack(0x00007f9213dfe000,0x00007f9213eff000)]
=>0x00007f921c00c800 JavaThread "main" [_thread_in_native, id=29809, stack(0x00007f922519d000,0x00007f922529e000)]

Other Threads:
  0x00007f921c078000 VMThread [stack: 0x00007f9213eff000,0x00007f9214000000] [id=29815]
  0x00007f921c0cb800 WatcherThread [stack: 0x00007f92132f0000,0x00007f92133f1000] [id=29831]

VM state:not at safepoint (normal execution)

VM Mutex/Monitor currently owned by a thread: None

Heap
 PSYoungGen      total 37376K, used 8398K [0x00000007d6e00000, 0x00000007d9780000, 0x0000000800000000)
  eden space 32256K, 26% used [0x00000007d6e00000,0x00000007d76339e0,0x00000007d8d80000)
  from space 5120K, 0% used [0x00000007d9280000,0x00000007d9280000,0x00000007d9780000)
  to   space 5120K, 0% used [0x00000007d8d80000,0x00000007d8d80000,0x00000007d9280000)
 ParOldGen       total 83968K, used 0K [0x0000000784a00000, 0x0000000789c00000, 0x00000007d6e00000)
  object space 83968K, 0% used [0x0000000784a00000,0x0000000784a00000,0x0000000789c00000)
 PSPermGen       total 21504K, used 6054K [0x000000077a400000, 0x000000077b900000, 0x0000000784a00000)
  object space 21504K, 28% used [0x000000077a400000,0x000000077a9e9aa0,0x000000077b900000)

Card table byte_map: [0x00007f9220ea5000,0x00007f92212d4000] byte_map_base: 0x00007f921d2d3000

Polling page: 0x00007f92252d2000

Code Cache  [0x00007f9219000000, 0x00007f9219270000, 0x00007f921c000000)
 total_blobs=382 nmethods=16 adapters=328 free_code_cache=48631Kb largest_free_block=49795968

Compilation events (10 events):
Event: 0.307 Thread 0x00007f921c0be800   12             java.io.UnixFileSystem::normalize (75 bytes)
Event: 0.312 Thread 0x00007f921c0be800 nmethod 12 0x00007f9219075dd0 code [0x00007f9219075f40, 0x00007f9219076218]
Event: 0.317 Thread 0x00007f921c0bb800   13             sun.net.www.ParseUtil::encodePath (336 bytes)
Event: 0.327 Thread 0x00007f921c0be800   14             java.lang.String::startsWith (72 bytes)
Event: 0.330 Thread 0x00007f921c0be800 nmethod 14 0x00007f9219077f10 code [0x00007f9219078060, 0x00007f92190782f8]
Event: 0.331 Thread 0x00007f921c0bb800 nmethod 13 0x00007f921907e6d0 code [0x00007f921907e940, 0x00007f921907fc38]
Event: 0.335 Thread 0x00007f921c0be800   15             java.lang.String::length (6 bytes)
Event: 0.335 Thread 0x00007f921c0be800 nmethod 15 0x00007f921907ccd0 code [0x00007f921907ce20, 0x00007f921907ceb8]
Event: 0.337 Thread 0x00007f921c0bb800   16             java.lang.Math::min (11 bytes)
Event: 0.338 Thread 0x00007f921c0bb800 nmethod 16 0x00007f921905ed50 code [0x00007f921905ee80, 0x00007f921905eeb8]

GC Heap History (0 events):
No events

Deoptimization events (0 events):
No events

Internal exceptions (10 events):
Event: 0.347 Thread 0x00007f921c00c800 Threw 0x00000007d757dc98 at /build/openjdk-7-FO0dNI/openjdk-7-7u79-2.5.6/build/openjdk/hotspot/src/share/vm/prims/jvm.cpp:1284
Event: 0.366 Thread 0x00007f921c00c800 Threw 0x00000007d75824b8 at /build/openjdk-7-FO0dNI/openjdk-7-7u79-2.5.6/build/openjdk/hotspot/src/share/vm/prims/jvm.cpp:1284
Event: 0.367 Thread 0x00007f921c00c800 Threw 0x00000007d758ed78 at /build/openjdk-7-FO0dNI/openjdk-7-7u79-2.5.6/build/openjdk/hotspot/src/share/vm/prims/jvm.cpp:1284
Event: 0.367 Thread 0x00007f921c00c800 Threw 0x00000007d7592d88 at /build/openjdk-7-FO0dNI/openjdk-7-7u79-2.5.6/build/openjdk/hotspot/src/share/vm/prims/jvm.cpp:1284
Event: 0.368 Thread 0x00007f921c00c800 Threw 0x00000007d75bd3f0 at /build/openjdk-7-FO0dNI/openjdk-7-7u79-2.5.6/build/openjdk/hotspot/src/share/vm/prims/jvm.cpp:1284
Event: 0.369 Thread 0x00007f921c00c800 Threw 0x00000007d75c1420 at /build/openjdk-7-FO0dNI/openjdk-7-7u79-2.5.6/build/openjdk/hotspot/src/share/vm/prims/jvm.cpp:1284
Event: 0.370 Thread 0x00007f921c00c800 Threw 0x00000007d75c70c0 at /build/openjdk-7-FO0dNI/openjdk-7-7u79-2.5.6/build/openjdk/hotspot/src/share/vm/prims/jvm.cpp:1284
Event: 0.370 Thread 0x00007f921c00c800 Threw 0x00000007d75cee10 at /build/openjdk-7-FO0dNI/openjdk-7-7u79-2.5.6/build/openjdk/hotspot/src/share/vm/prims/jvm.cpp:1284
Event: 0.374 Thread 0x00007f921c00c800 Threw 0x00000007d75dfb18 at /build/openjdk-7-FO0dNI/openjdk-7-7u79-2.5.6/build/openjdk/hotspot/src/share/vm/prims/jvm.cpp:1284
Event: 61.757 Thread 0x00007f921c00c800 Threw 0x00000007d75ed238 at /build/openjdk-7-FO0dNI/openjdk-7-7u79-2.5.6/build/openjdk/hotspot/src/share/vm/prims/jvm.cpp:1284

Events (10 events):
Event: 133.650 Executing VM operation: ChangeSingleStep
Event: 133.650 Executing VM operation: ChangeSingleStep done
Event: 133.650 Executing VM operation: ChangeSingleStep
Event: 133.650 Executing VM operation: ChangeSingleStep done
Event: 133.650 Executing VM operation: GetCurrentLocation
Event: 133.650 Executing VM operation: GetCurrentLocation done
Event: 133.650 Executing VM operation: ChangeSingleStep
Event: 133.650 Executing VM operation: ChangeSingleStep done
Event: 133.651 Executing VM operation: ChangeSingleStep
Event: 133.651 Executing VM operation: ChangeSingleStep done


Dynamic libraries:
00400000-00401000 r-xp 00000000 08:01 5389623                            /usr/lib/jvm/java-7-openjdk-amd64/jre/bin/java
00600000-00601000 r--p 00000000 08:01 5389623                            /usr/lib/jvm/java-7-openjdk-amd64/jre/bin/java
00601000-00602000 rw-p 00001000 08:01 5389623                            /usr/lib/jvm/java-7-openjdk-amd64/jre/bin/java
025f3000-02614000 rw-p 00000000 00:00 0                                  [heap]
200000000-700000000 ---p 00000000 00:00 0 
77a400000-77b900000 rw-p 00000000 00:00 0 
77b900000-784a00000 rw-p 00000000 00:00 0 
784a00000-789c00000 rw-p 00000000 00:00 0 
789c00000-7d6e00000 rw-p 00000000 00:00 0 
7d6e00000-7d9780000 rw-p 00000000 00:00 0 
7d9780000-800000000 rw-p 00000000 00:00 0 
7f91c4e09000-7f91c654c000 r-xp 00000000 08:01 3811727                    /usr/lib/nvidia-346-updates/libnvidia-compiler.so.346.82
7f91c654c000-7f91c674c000 ---p 01743000 08:01 3811727                    /usr/lib/nvidia-346-updates/libnvidia-compiler.so.346.82
7f91c674c000-7f91c6fd4000 rw-p 01743000 08:01 3811727                    /usr/lib/nvidia-346-updates/libnvidia-compiler.so.346.82
7f91c6fd4000-7f91c6ffe000 rw-p 00000000 00:00 0 
7f91c77ff000-7f91c7800000 ---p 00000000 00:00 0 
7f91c7800000-7f91c8000000 rw-p 00000000 00:00 0 
7f91c8000000-7f91c8021000 rw-p 00000000 00:00 0 
7f91c8021000-7f91cc000000 ---p 00000000 00:00 0 
7f91cc000000-7f91cc021000 rw-p 00000000 00:00 0 
7f91cc021000-7f91d0000000 ---p 00000000 00:00 0 
7f91d0000000-7f91d0021000 rw-p 00000000 00:00 0 
7f91d0021000-7f91d4000000 ---p 00000000 00:00 0 
7f91d4000000-7f91d4021000 rw-p 00000000 00:00 0 
7f91d4021000-7f91d8000000 ---p 00000000 00:00 0 
7f91d8000000-7f91d81e9000 rw-p 00000000 00:00 0 
7f91d81e9000-7f91dc000000 ---p 00000000 00:00 0 
7f91dc000000-7f91dc0c0000 rw-p 00000000 00:00 0 
7f91dc0c0000-7f91e0000000 ---p 00000000 00:00 0 
7f91e0000000-7f91e0021000 rw-p 00000000 00:00 0 
7f91e0021000-7f91e4000000 ---p 00000000 00:00 0 
7f91e4000000-7f91e4021000 rw-p 00000000 00:00 0 
7f91e4021000-7f91e8000000 ---p 00000000 00:00 0 
7f91e8000000-7f91e8021000 rw-p 00000000 00:00 0 
7f91e8021000-7f91ec000000 ---p 00000000 00:00 0 
7f91ec000000-7f91ec021000 rw-p 00000000 00:00 0 
7f91ec021000-7f91f0000000 ---p 00000000 00:00 0 
7f91f0000000-7f91f0021000 rw-p 00000000 00:00 0 
7f91f0021000-7f91f4000000 ---p 00000000 00:00 0 
7f91f4000000-7f91f4021000 rw-p 00000000 00:00 0 
7f91f4021000-7f91f8000000 ---p 00000000 00:00 0 
7f91f8000000-7f91f8021000 rw-p 00000000 00:00 0 
7f91f8021000-7f91fc000000 ---p 00000000 00:00 0 
7f91fc592000-7f91fc593000 ---p 00000000 00:00 0 
7f91fc593000-7f91fcd93000 rw-p 00000000 00:00 0 
7f91fcd93000-7f91fcd94000 ---p 00000000 00:00 0 
7f91fcd94000-7f91fd594000 rw-p 00000000 00:00 0 
7f91fe695000-7f91fe696000 ---p 00000000 00:00 0 
7f91fe696000-7f91fee96000 rw-p 00000000 00:00 0 
7f91fee96000-7f91ff959000 r-xp 00000000 08:01 3672125                    /usr/lib/x86_64-linux-gnu/libcuda.so.346.82
7f91ff959000-7f91ffb59000 ---p 00ac3000 08:01 3672125                    /usr/lib/x86_64-linux-gnu/libcuda.so.346.82
7f91ffb59000-7f91ffd0b000 rw-p 00ac3000 08:01 3672125                    /usr/lib/x86_64-linux-gnu/libcuda.so.346.82
7f91ffd0b000-7f9204000000 rw-p 00000000 00:00 0 
7f9204000000-7f9204021000 rw-p 00000000 00:00 0 
7f9204021000-7f9208000000 ---p 00000000 00:00 0 
7f9208000000-7f9208021000 rw-p 00000000 00:00 0 
7f9208021000-7f920c000000 ---p 00000000 00:00 0 
7f920c000000-7f920c021000 rw-p 00000000 00:00 0 
7f920c021000-7f9210000000 ---p 00000000 00:00 0 
7f9210423000-7f9210584000 rw-p 00000000 00:00 0 
7f9210584000-7f921058f000 r-xp 00000000 08:01 4982176                    /tmp/jogamp_0000/file_cache/jln4635609830366945967/jln7371163689062007578/natives/linux-amd64/libjocl.so
7f921058f000-7f921078e000 ---p 0000b000 08:01 4982176                    /tmp/jogamp_0000/file_cache/jln4635609830366945967/jln7371163689062007578/natives/linux-amd64/libjocl.so
7f921078e000-7f921078f000 r--p 0000a000 08:01 4982176                    /tmp/jogamp_0000/file_cache/jln4635609830366945967/jln7371163689062007578/natives/linux-amd64/libjocl.so
7f921078f000-7f9210790000 rw-p 0000b000 08:01 4982176                    /tmp/jogamp_0000/file_cache/jln4635609830366945967/jln7371163689062007578/natives/linux-amd64/libjocl.so
7f9210790000-7f921126b000 r-xp 00000000 08:01 3674886                    /usr/lib/x86_64-linux-gnu/libnvidia-opencl.so.346.82
7f921126b000-7f921146a000 ---p 00adb000 08:01 3674886                    /usr/lib/x86_64-linux-gnu/libnvidia-opencl.so.346.82
7f921146a000-7f9211620000 rw-p 00ada000 08:01 3674886                    /usr/lib/x86_64-linux-gnu/libnvidia-opencl.so.346.82
7f9211620000-7f9211635000 rw-p 00000000 00:00 0 
7f9211635000-7f921163d000 r-xp 00000000 08:01 3670455                    /usr/lib/x86_64-linux-gnu/libOpenCL.so.1.0.0
7f921163d000-7f921183c000 ---p 00008000 08:01 3670455                    /usr/lib/x86_64-linux-gnu/libOpenCL.so.1.0.0
7f921183c000-7f921183d000 r--p 00007000 08:01 3670455                    /usr/lib/x86_64-linux-gnu/libOpenCL.so.1.0.0
7f921183d000-7f921183e000 rw-p 00008000 08:01 3670455                    /usr/lib/x86_64-linux-gnu/libOpenCL.so.1.0.0
7f921186e000-7f9211870000 r-xp 00000000 08:01 4982175                    /tmp/jogamp_0000/file_cache/jln4635609830366945967/jln7371163689062007578/natives/linux-amd64/libgluegen-rt.so
7f9211870000-7f9211a6f000 ---p 00002000 08:01 4982175                    /tmp/jogamp_0000/file_cache/jln4635609830366945967/jln7371163689062007578/natives/linux-amd64/libgluegen-rt.so
7f9211a6f000-7f9211a70000 r--p 00001000 08:01 4982175                    /tmp/jogamp_0000/file_cache/jln4635609830366945967/jln7371163689062007578/natives/linux-amd64/libgluegen-rt.so
7f9211a70000-7f9211a71000 rw-p 00002000 08:01 4982175                    /tmp/jogamp_0000/file_cache/jln4635609830366945967/jln7371163689062007578/natives/linux-amd64/libgluegen-rt.so
7f9211a99000-7f9211b72000 rw-p 00000000 00:00 0 
7f9211b72000-7f9211b82000 r-xp 00000000 08:01 4853686                    /usr/lib/jvm/java-7-openjdk-amd64/jre/lib/amd64/libnio.so
7f9211b82000-7f9211d82000 ---p 00010000 08:01 4853686                    /usr/lib/jvm/java-7-openjdk-amd64/jre/lib/amd64/libnio.so
7f9211d82000-7f9211d83000 r--p 00010000 08:01 4853686                    /usr/lib/jvm/java-7-openjdk-amd64/jre/lib/amd64/libnio.so
7f9211d83000-7f9211d84000 rw-p 00011000 08:01 4853686                    /usr/lib/jvm/java-7-openjdk-amd64/jre/lib/amd64/libnio.so
7f9211d84000-7f9211dc1000 r-xp 00000000 08:01 2114819                    /lib/x86_64-linux-gnu/libpcre.so.3.13.1
7f9211dc1000-7f9211fc0000 ---p 0003d000 08:01 2114819                    /lib/x86_64-linux-gnu/libpcre.so.3.13.1
7f9211fc0000-7f9211fc1000 r--p 0003c000 08:01 2114819                    /lib/x86_64-linux-gnu/libpcre.so.3.13.1
7f9211fc1000-7f9211fc2000 rw-p 0003d000 08:01 2114819                    /lib/x86_64-linux-gnu/libpcre.so.3.13.1
7f9211fc2000-7f9211fc9000 r-xp 00000000 08:01 3675991                    /usr/lib/x86_64-linux-gnu/libffi.so.6.0.1
7f9211fc9000-7f92121c8000 ---p 00007000 08:01 3675991                    /usr/lib/x86_64-linux-gnu/libffi.so.6.0.1
7f92121c8000-7f92121c9000 r--p 00006000 08:01 3675991                    /usr/lib/x86_64-linux-gnu/libffi.so.6.0.1
7f92121c9000-7f92121ca000 rw-p 00007000 08:01 3675991                    /usr/lib/x86_64-linux-gnu/libffi.so.6.0.1
7f92121ca000-7f92121e1000 r-xp 00000000 08:01 2104446                    /lib/x86_64-linux-gnu/libresolv-2.19.so
7f92121e1000-7f92123e1000 ---p 00017000 08:01 2104446                    /lib/x86_64-linux-gnu/libresolv-2.19.so
7f92123e1000-7f92123e2000 r--p 00017000 08:01 2104446                    /lib/x86_64-linux-gnu/libresolv-2.19.so
7f92123e2000-7f92123e3000 rw-p 00018000 08:01 2104446                    /lib/x86_64-linux-gnu/libresolv-2.19.so
7f92123e3000-7f92123e5000 rw-p 00000000 00:00 0 
7f92123e5000-7f9212405000 r-xp 00000000 08:01 2103373                    /lib/x86_64-linux-gnu/libselinux.so.1
7f9212405000-7f9212604000 ---p 00020000 08:01 2103373                    /lib/x86_64-linux-gnu/libselinux.so.1
7f9212604000-7f9212605000 r--p 0001f000 08:01 2103373                    /lib/x86_64-linux-gnu/libselinux.so.1
7f9212605000-7f9212606000 rw-p 00020000 08:01 2103373                    /lib/x86_64-linux-gnu/libselinux.so.1
7f9212606000-7f9212608000 rw-p 00000000 00:00 0 
7f9212608000-7f921260b000 r-xp 00000000 08:01 3676104                    /usr/lib/x86_64-linux-gnu/libgmodule-2.0.so.0.4002.0
7f921260b000-7f921280a000 ---p 00003000 08:01 3676104                    /usr/lib/x86_64-linux-gnu/libgmodule-2.0.so.0.4002.0
7f921280a000-7f921280b000 r--p 00002000 08:01 3676104                    /usr/lib/x86_64-linux-gnu/libgmodule-2.0.so.0.4002.0
7f921280b000-7f921280c000 rw-p 00003000 08:01 3676104                    /usr/lib/x86_64-linux-gnu/libgmodule-2.0.so.0.4002.0
7f921280c000-7f9212912000 r-xp 00000000 08:01 2103274                    /lib/x86_64-linux-gnu/libglib-2.0.so.0.4002.0
7f9212912000-7f9212b11000 ---p 00106000 08:01 2103274                    /lib/x86_64-linux-gnu/libglib-2.0.so.0.4002.0
7f9212b11000-7f9212b12000 r--p 00105000 08:01 2103274                    /lib/x86_64-linux-gnu/libglib-2.0.so.0.4002.0
7f9212b12000-7f9212b13000 rw-p 00106000 08:01 2103274                    /lib/x86_64-linux-gnu/libglib-2.0.so.0.4002.0
7f9212b13000-7f9212b14000 rw-p 00000000 00:00 0 
7f9212b14000-7f9212b63000 r-xp 00000000 08:01 3676120                    /usr/lib/x86_64-linux-gnu/libgobject-2.0.so.0.4002.0
7f9212b63000-7f9212d63000 ---p 0004f000 08:01 3676120                    /usr/lib/x86_64-linux-gnu/libgobject-2.0.so.0.4002.0
7f9212d63000-7f9212d64000 r--p 0004f000 08:01 3676120                    /usr/lib/x86_64-linux-gnu/libgobject-2.0.so.0.4002.0
7f9212d64000-7f9212d65000 rw-p 00050000 08:01 3676120                    /usr/lib/x86_64-linux-gnu/libgobject-2.0.so.0.4002.0
7f9212d65000-7f9212ed1000 r-xp 00000000 08:01 3676092                    /usr/lib/x86_64-linux-gnu/libgio-2.0.so.0.4002.0
7f9212ed1000-7f92130d0000 ---p 0016c000 08:01 3676092                    /usr/lib/x86_64-linux-gnu/libgio-2.0.so.0.4002.0
7f92130d0000-7f92130d4000 r--p 0016b000 08:01 3676092                    /usr/lib/x86_64-linux-gnu/libgio-2.0.so.0.4002.0
7f92130d4000-7f92130d6000 rw-p 0016f000 08:01 3676092                    /usr/lib/x86_64-linux-gnu/libgio-2.0.so.0.4002.0
7f92130d6000-7f92130d8000 rw-p 00000000 00:00 0 
7f92130d8000-7f92130ef000 r-xp 00000000 08:01 4853681                    /usr/lib/jvm/java-7-openjdk-amd64/jre/lib/amd64/libnet.so
7f92130ef000-7f92132ee000 ---p 00017000 08:01 4853681                    /usr/lib/jvm/java-7-openjdk-amd64/jre/lib/amd64/libnet.so
7f92132ee000-7f92132ef000 r--p 00016000 08:01 4853681                    /usr/lib/jvm/java-7-openjdk-amd64/jre/lib/amd64/libnet.so
7f92132ef000-7f92132f0000 rw-p 00017000 08:01 4853681                    /usr/lib/jvm/java-7-openjdk-amd64/jre/lib/amd64/libnet.so
7f92132f0000-7f92132f1000 ---p 00000000 00:00 0 
7f92132f1000-7f92133f1000 rw-p 00000000 00:00 0                          [stack:29831]
7f92133f1000-7f92133f4000 ---p 00000000 00:00 0 
7f92133f4000-7f92134f2000 rw-p 00000000 00:00 0                          [stack:29830]
7f92134f2000-7f92134f5000 ---p 00000000 00:00 0 
7f92134f5000-7f92135f3000 rw-p 00000000 00:00 0                          [stack:29829]
7f92135f3000-7f92135f6000 ---p 00000000 00:00 0 
7f92135f6000-7f92136f4000 rw-p 00000000 00:00 0                          [stack:29828]
7f92136f4000-7f92136f7000 ---p 00000000 00:00 0 
7f92136f7000-7f92137f5000 rw-p 00000000 00:00 0                          [stack:29825]
7f92137f5000-7f92137f8000 ---p 00000000 00:00 0 
7f92137f8000-7f92138f6000 rw-p 00000000 00:00 0                          [stack:29823]
7f92138f6000-7f92138f9000 ---p 00000000 00:00 0 
7f92138f9000-7f92139f7000 rw-p 00000000 00:00 0                          [stack:29821]
7f92139f7000-7f92139fb000 r-xp 00000000 08:01 4853684                    /usr/lib/jvm/java-7-openjdk-amd64/jre/lib/amd64/libdt_socket.so
7f92139fb000-7f9213bfa000 ---p 00004000 08:01 4853684                    /usr/lib/jvm/java-7-openjdk-amd64/jre/lib/amd64/libdt_socket.so
7f9213bfa000-7f9213bfb000 r--p 00003000 08:01 4853684                    /usr/lib/jvm/java-7-openjdk-amd64/jre/lib/amd64/libdt_socket.so
7f9213bfb000-7f9213bfc000 rw-p 00004000 08:01 4853684                    /usr/lib/jvm/java-7-openjdk-amd64/jre/lib/amd64/libdt_socket.so
7f9213bfc000-7f9213bff000 ---p 00000000 00:00 0 
7f9213bff000-7f9213cfd000 rw-p 00000000 00:00 0                          [stack:29819]
7f9213cfd000-7f9213d00000 ---p 00000000 00:00 0 
7f9213d00000-7f9213dfe000 rw-p 00000000 00:00 0                          [stack:29817]
7f9213dfe000-7f9213e01000 ---p 00000000 00:00 0 
7f9213e01000-7f9213eff000 rw-p 00000000 00:00 0                          [stack:29816]
7f9213eff000-7f9213f00000 ---p 00000000 00:00 0 
7f9213f00000-7f9214000000 rw-p 00000000 00:00 0                          [stack:29815]
7f9214000000-7f9214021000 rw-p 00000000 00:00 0 
7f9214021000-7f9218000000 ---p 00000000 00:00 0 
7f921801a000-7f921804b000 rw-p 00000000 00:00 0 
7f921804e000-7f9218055000 r--s 00000000 08:01 4203242                    /usr/lib/x86_64-linux-gnu/gconv/gconv-modules.cache
7f9218055000-7f9218056000 r--p 00000000 08:01 4461979                    /usr/share/locale-langpack/en_GB/LC_MESSAGES/libc.mo
7f921807a000-7f921807b000 r--s 00002000 08:06 68771                      /home/ericbarnhill/Documents/code/jogamp/jocl/build/jar/jocl-natives-linux-amd64.jar
7f92180b2000-7f92180b4000 rw-p 00000000 00:00 0 
7f92180b4000-7f92180b9000 r--s 0004d000 08:01 4080643                    /usr/lib/jvm/java-7-openjdk-amd64/jre/lib/jsse.jar
7f92180b9000-7f92180c4000 r--s 0006f000 08:06 23467237                   /home/ericbarnhill/Documents/code/jtransforms-2.4.jar
7f92180c4000-7f92180ca000 r--s 0004f000 08:06 63508                      /home/ericbarnhill/Documents/code/jogamp/gluegen/build/gluegen-rt.jar
7f92180ca000-7f92180d0000 r--s 00030000 08:06 68770                      /home/ericbarnhill/Documents/code/jogamp/jocl/build/jar/jocl.jar
7f92180d0000-7f9219000000 rw-p 00000000 00:00 0 
7f9219000000-7f9219270000 rwxp 00000000 00:00 0 
7f9219270000-7f921c4b3000 rw-p 00000000 00:00 0 
7f921c4b3000-7f9220000000 ---p 00000000 00:00 0 
7f9220000000-7f9220002000 r--s 00000000 08:06 63540                      /home/ericbarnhill/Documents/code/jogamp/gluegen/build/gluegen-rt-natives-linux-amd64.jar
7f9220002000-7f9220003000 r--p 00000000 00:00 0 
7f9220003000-7f9220006000 r--s 000bd000 08:06 70280                      /home/ericbarnhill/Documents/code/jogamp/jocl-demos/build/jar/jocl-demos.jar
7f9220006000-7f922000a000 r--s 00034000 08:01 4458065                    /usr/lib/jvm/java-7-openjdk-amd64/jre/lib/ext/sunjce_provider.jar
7f922000a000-7f922000e000 r--s 0003c000 08:01 4458066                    /usr/lib/jvm/java-7-openjdk-amd64/jre/lib/ext/sunpkcs11.jar
7f922000e000-7f92200ba000 rw-p 00000000 00:00 0 
7f92200ba000-7f922026b000 r--s 01d29000 08:01 4080636                    /usr/lib/jvm/java-7-openjdk-amd64/jre/lib/rt.jar
7f922026b000-7f92207bc000 rw-p 00000000 00:00 0 
7f92207bc000-7f92207bd000 ---p 00000000 00:00 0 
7f92207bd000-7f92208bd000 rw-p 00000000 00:00 0                          [stack:29813]
7f92208bd000-7f92208be000 ---p 00000000 00:00 0 
7f92208be000-7f92209be000 rw-p 00000000 00:00 0                          [stack:29812]
7f92209be000-7f92209bf000 ---p 00000000 00:00 0 
7f92209bf000-7f9220abf000 rw-p 00000000 00:00 0                          [stack:29811]
7f9220abf000-7f9220ac0000 ---p 00000000 00:00 0 
7f9220ac0000-7f9220bcb000 rw-p 00000000 00:00 0                          [stack:29810]
7f9220bcb000-7f9220c13000 rw-p 00000000 00:00 0 
7f9220c13000-7f9220c3c000 rw-p 00000000 00:00 0 
7f9220c3c000-7f9220ea5000 rw-p 00000000 00:00 0 
7f9220ea5000-7f9220eb0000 rw-p 00000000 00:00 0 
7f9220eb0000-7f9220ef8000 rw-p 00000000 00:00 0 
7f9220ef8000-7f9220f21000 rw-p 00000000 00:00 0 
7f9220f21000-7f922118a000 rw-p 00000000 00:00 0 
7f922118a000-7f922119f000 rw-p 00000000 00:00 0 
7f922119f000-7f92212d3000 rw-p 00000000 00:00 0 
7f92212d3000-7f92212d4000 rw-p 00000000 00:00 0 
7f92212d4000-7f92212dc000 r-xp 00000000 08:01 4851601                    /usr/lib/jvm/java-7-openjdk-amd64/jre/lib/amd64/libzip.so
7f92212dc000-7f92214db000 ---p 00008000 08:01 4851601                    /usr/lib/jvm/java-7-openjdk-amd64/jre/lib/amd64/libzip.so
7f92214db000-7f92214dc000 r--p 00007000 08:01 4851601                    /usr/lib/jvm/java-7-openjdk-amd64/jre/lib/amd64/libzip.so
7f92214dc000-7f92214dd000 rw-p 00008000 08:01 4851601                    /usr/lib/jvm/java-7-openjdk-amd64/jre/lib/amd64/libzip.so
7f92214dd000-7f92214e8000 r-xp 00000000 08:01 2104454                    /lib/x86_64-linux-gnu/libnss_files-2.19.so
7f92214e8000-7f92216e7000 ---p 0000b000 08:01 2104454                    /lib/x86_64-linux-gnu/libnss_files-2.19.so
7f92216e7000-7f92216e8000 r--p 0000a000 08:01 2104454                    /lib/x86_64-linux-gnu/libnss_files-2.19.so
7f92216e8000-7f92216e9000 rw-p 0000b000 08:01 2104454                    /lib/x86_64-linux-gnu/libnss_files-2.19.so
7f92216e9000-7f92216f4000 r-xp 00000000 08:01 2104474                    /lib/x86_64-linux-gnu/libnss_nis-2.19.so
7f92216f4000-7f92218f3000 ---p 0000b000 08:01 2104474                    /lib/x86_64-linux-gnu/libnss_nis-2.19.so
7f92218f3000-7f92218f4000 r--p 0000a000 08:01 2104474                    /lib/x86_64-linux-gnu/libnss_nis-2.19.so
7f92218f4000-7f92218f5000 rw-p 0000b000 08:01 2104474                    /lib/x86_64-linux-gnu/libnss_nis-2.19.so
7f92218f5000-7f922190c000 r-xp 00000000 08:01 2104463                    /lib/x86_64-linux-gnu/libnsl-2.19.so
7f922190c000-7f9221b0b000 ---p 00017000 08:01 2104463                    /lib/x86_64-linux-gnu/libnsl-2.19.so
7f9221b0b000-7f9221b0c000 r--p 00016000 08:01 2104463                    /lib/x86_64-linux-gnu/libnsl-2.19.so
7f9221b0c000-7f9221b0d000 rw-p 00017000 08:01 2104463                    /lib/x86_64-linux-gnu/libnsl-2.19.so
7f9221b0d000-7f9221b0f000 rw-p 00000000 00:00 0 
7f9221b0f000-7f9221b18000 r-xp 00000000 08:01 2104462                    /lib/x86_64-linux-gnu/libnss_compat-2.19.so
7f9221b18000-7f9221d17000 ---p 00009000 08:01 2104462                    /lib/x86_64-linux-gnu/libnss_compat-2.19.so
7f9221d17000-7f9221d18000 r--p 00008000 08:01 2104462                    /lib/x86_64-linux-gnu/libnss_compat-2.19.so
7f9221d18000-7f9221d19000 rw-p 00009000 08:01 2104462                    /lib/x86_64-linux-gnu/libnss_compat-2.19.so
7f9221d19000-7f92223fb000 r--p 00000000 08:01 3674563                    /usr/lib/locale/locale-archive
7f92223fb000-7f92223fe000 r-xp 00000000 08:01 4853674                    /usr/lib/jvm/java-7-openjdk-amd64/jre/lib/amd64/libnpt.so
7f92223fe000-7f92225fd000 ---p 00003000 08:01 4853674                    /usr/lib/jvm/java-7-openjdk-amd64/jre/lib/amd64/libnpt.so
7f92225fd000-7f92225fe000 r--p 00002000 08:01 4853674                    /usr/lib/jvm/java-7-openjdk-amd64/jre/lib/amd64/libnpt.so
7f92225fe000-7f92225ff000 rw-p 00003000 08:01 4853674                    /usr/lib/jvm/java-7-openjdk-amd64/jre/lib/amd64/libnpt.so
7f92225ff000-7f9222639000 r-xp 00000000 08:01 4853671                    /usr/lib/jvm/java-7-openjdk-amd64/jre/lib/amd64/libjdwp.so
7f9222639000-7f9222838000 ---p 0003a000 08:01 4853671                    /usr/lib/jvm/java-7-openjdk-amd64/jre/lib/amd64/libjdwp.so
7f9222838000-7f9222839000 r--p 00039000 08:01 4853671                    /usr/lib/jvm/java-7-openjdk-amd64/jre/lib/amd64/libjdwp.so
7f9222839000-7f922283a000 rw-p 0003a000 08:01 4853671                    /usr/lib/jvm/java-7-openjdk-amd64/jre/lib/amd64/libjdwp.so
7f922283a000-7f9222865000 r-xp 00000000 08:01 4853689                    /usr/lib/jvm/java-7-openjdk-amd64/jre/lib/amd64/libjava.so
7f9222865000-7f9222a64000 ---p 0002b000 08:01 4853689                    /usr/lib/jvm/java-7-openjdk-amd64/jre/lib/amd64/libjava.so
7f9222a64000-7f9222a65000 r--p 0002a000 08:01 4853689                    /usr/lib/jvm/java-7-openjdk-amd64/jre/lib/amd64/libjava.so
7f9222a65000-7f9222a67000 rw-p 0002b000 08:01 4853689                    /usr/lib/jvm/java-7-openjdk-amd64/jre/lib/amd64/libjava.so
7f9222a67000-7f9222a77000 r-xp 00000000 08:01 4853672                    /usr/lib/jvm/java-7-openjdk-amd64/jre/lib/amd64/libverify.so
7f9222a77000-7f9222c76000 ---p 00010000 08:01 4853672                    /usr/lib/jvm/java-7-openjdk-amd64/jre/lib/amd64/libverify.so
7f9222c76000-7f9222c78000 r--p 0000f000 08:01 4853672                    /usr/lib/jvm/java-7-openjdk-amd64/jre/lib/amd64/libverify.so
7f9222c78000-7f9222c79000 rw-p 00011000 08:01 4853672                    /usr/lib/jvm/java-7-openjdk-amd64/jre/lib/amd64/libverify.so
7f9222c79000-7f9222c80000 r-xp 00000000 08:01 2104471                    /lib/x86_64-linux-gnu/librt-2.19.so
7f9222c80000-7f9222e7f000 ---p 00007000 08:01 2104471                    /lib/x86_64-linux-gnu/librt-2.19.so
7f9222e7f000-7f9222e80000 r--p 00006000 08:01 2104471                    /lib/x86_64-linux-gnu/librt-2.19.so
7f9222e80000-7f9222e81000 rw-p 00007000 08:01 2104471                    /lib/x86_64-linux-gnu/librt-2.19.so
7f9222e81000-7f9222e97000 r-xp 00000000 08:01 2103270                    /lib/x86_64-linux-gnu/libgcc_s.so.1
7f9222e97000-7f9223096000 ---p 00016000 08:01 2103270                    /lib/x86_64-linux-gnu/libgcc_s.so.1
7f9223096000-7f9223097000 rw-p 00015000 08:01 2103270                    /lib/x86_64-linux-gnu/libgcc_s.so.1
7f9223097000-7f922319c000 r-xp 00000000 08:01 2104453                    /lib/x86_64-linux-gnu/libm-2.19.so
7f922319c000-7f922339b000 ---p 00105000 08:01 2104453                    /lib/x86_64-linux-gnu/libm-2.19.so
7f922339b000-7f922339c000 r--p 00104000 08:01 2104453                    /lib/x86_64-linux-gnu/libm-2.19.so
7f922339c000-7f922339d000 rw-p 00105000 08:01 2104453                    /lib/x86_64-linux-gnu/libm-2.19.so
7f922339d000-7f9223483000 r-xp 00000000 08:01 3670377                    /usr/lib/x86_64-linux-gnu/libstdc++.so.6.0.19
7f9223483000-7f9223682000 ---p 000e6000 08:01 3670377                    /usr/lib/x86_64-linux-gnu/libstdc++.so.6.0.19
7f9223682000-7f922368a000 r--p 000e5000 08:01 3670377                    /usr/lib/x86_64-linux-gnu/libstdc++.so.6.0.19
7f922368a000-7f922368c000 rw-p 000ed000 08:01 3670377                    /usr/lib/x86_64-linux-gnu/libstdc++.so.6.0.19
7f922368c000-7f92236a1000 rw-p 00000000 00:00 0 
7f92236a1000-7f92241ba000 r-xp 00000000 08:01 5274730                    /usr/lib/jvm/java-7-openjdk-amd64/jre/lib/amd64/server/libjvm.so
7f92241ba000-7f92243ba000 ---p 00b19000 08:01 5274730                    /usr/lib/jvm/java-7-openjdk-amd64/jre/lib/amd64/server/libjvm.so
7f92243ba000-7f9224454000 r--p 00b19000 08:01 5274730                    /usr/lib/jvm/java-7-openjdk-amd64/jre/lib/amd64/server/libjvm.so
7f9224454000-7f9224477000 rw-p 00bb3000 08:01 5274730                    /usr/lib/jvm/java-7-openjdk-amd64/jre/lib/amd64/server/libjvm.so
7f9224477000-7f92244a5000 rw-p 00000000 00:00 0 
7f92244a5000-7f92244bd000 r-xp 00000000 08:01 2103406                    /lib/x86_64-linux-gnu/libz.so.1.2.8
7f92244bd000-7f92246bc000 ---p 00018000 08:01 2103406                    /lib/x86_64-linux-gnu/libz.so.1.2.8
7f92246bc000-7f92246bd000 r--p 00017000 08:01 2103406                    /lib/x86_64-linux-gnu/libz.so.1.2.8
7f92246bd000-7f92246be000 rw-p 00018000 08:01 2103406                    /lib/x86_64-linux-gnu/libz.so.1.2.8
7f92246be000-7f92246d7000 r-xp 00000000 08:01 2104469                    /lib/x86_64-linux-gnu/libpthread-2.19.so
7f92246d7000-7f92248d6000 ---p 00019000 08:01 2104469                    /lib/x86_64-linux-gnu/libpthread-2.19.so
7f92248d6000-7f92248d7000 r--p 00018000 08:01 2104469                    /lib/x86_64-linux-gnu/libpthread-2.19.so
7f92248d7000-7f92248d8000 rw-p 00019000 08:01 2104469                    /lib/x86_64-linux-gnu/libpthread-2.19.so
7f92248d8000-7f92248dc000 rw-p 00000000 00:00 0 
7f92248dc000-7f92248df000 r-xp 00000000 08:01 2104457                    /lib/x86_64-linux-gnu/libdl-2.19.so
7f92248df000-7f9224ade000 ---p 00003000 08:01 2104457                    /lib/x86_64-linux-gnu/libdl-2.19.so
7f9224ade000-7f9224adf000 r--p 00002000 08:01 2104457                    /lib/x86_64-linux-gnu/libdl-2.19.so
7f9224adf000-7f9224ae0000 rw-p 00003000 08:01 2104457                    /lib/x86_64-linux-gnu/libdl-2.19.so
7f9224ae0000-7f9224c9b000 r-xp 00000000 08:01 2104468                    /lib/x86_64-linux-gnu/libc-2.19.so
7f9224c9b000-7f9224e9a000 ---p 001bb000 08:01 2104468                    /lib/x86_64-linux-gnu/libc-2.19.so
7f9224e9a000-7f9224e9e000 r--p 001ba000 08:01 2104468                    /lib/x86_64-linux-gnu/libc-2.19.so
7f9224e9e000-7f9224ea0000 rw-p 001be000 08:01 2104468                    /lib/x86_64-linux-gnu/libc-2.19.so
7f9224ea0000-7f9224ea5000 rw-p 00000000 00:00 0 
7f9224ea5000-7f9224eb2000 r-xp 00000000 08:01 4997030                    /usr/lib/jvm/java-7-openjdk-amd64/jre/lib/amd64/jli/libjli.so
7f9224eb2000-7f92250b1000 ---p 0000d000 08:01 4997030                    /usr/lib/jvm/java-7-openjdk-amd64/jre/lib/amd64/jli/libjli.so
7f92250b1000-7f92250b2000 r--p 0000c000 08:01 4997030                    /usr/lib/jvm/java-7-openjdk-amd64/jre/lib/amd64/jli/libjli.so
7f92250b2000-7f92250b3000 rw-p 0000d000 08:01 4997030                    /usr/lib/jvm/java-7-openjdk-amd64/jre/lib/amd64/jli/libjli.so
7f92250b3000-7f92250d6000 r-xp 00000000 08:01 2104465                    /lib/x86_64-linux-gnu/ld-2.19.so
7f92250d6000-7f92250d7000 r--s 00002000 08:01 4457732                    /usr/lib/jvm/java-7-openjdk-amd64/jre/lib/ext/dnsns.jar
7f92250d7000-7f92250d9000 r--s 00012000 08:01 4458090                    /usr/lib/jvm/java-7-openjdk-amd64/jre/lib/ext/zipfs.jar
7f92250d9000-7f92250dd000 r--s 00085000 08:01 4457243                    /usr/lib/jvm/java-7-openjdk-amd64/jre/lib/ext/localedata.jar
7f92250dd000-7f92250e7000 rw-p 00000000 00:00 0 
7f92250e7000-7f922519d000 rw-p 00000000 00:00 0 
7f922519d000-7f92251a0000 ---p 00000000 00:00 0 
7f92251a0000-7f92252a3000 rw-p 00000000 00:00 0                          [stack:29809]
7f92252a3000-7f92252a6000 r--s 0000f000 08:01 4458072                    /usr/lib/jvm/java-7-openjdk-amd64/jre/lib/ext/icedtea-sound.jar
7f92252a6000-7f92252a8000 r--s 00006000 08:01 4210395                    /usr/share/java/java-atk-wrapper.jar
7f92252a8000-7f92252c9000 rw-p 00000000 00:00 0 
7f92252c9000-7f92252d1000 rw-s 00000000 08:01 4982138                    /tmp/hsperfdata_root/29804
7f92252d1000-7f92252d2000 rw-p 00000000 00:00 0 
7f92252d2000-7f92252d3000 r--p 00000000 00:00 0 
7f92252d3000-7f92252d5000 rw-p 00000000 00:00 0 
7f92252d5000-7f92252d6000 r--p 00022000 08:01 2104465                    /lib/x86_64-linux-gnu/ld-2.19.so
7f92252d6000-7f92252d7000 rw-p 00023000 08:01 2104465                    /lib/x86_64-linux-gnu/ld-2.19.so
7f92252d7000-7f92252d8000 rw-p 00000000 00:00 0 
7fff68ed0000-7fff68ef1000 rw-p 00000000 00:00 0                          [stack]
7fff68f3a000-7fff68f3c000 r-xp 00000000 00:00 0                          [vdso]
7fff68f3c000-7fff68f3e000 r--p 00000000 00:00 0                          [vvar]
ffffffffff600000-ffffffffff601000 r-xp 00000000 00:00 0                  [vsyscall]

VM Arguments:
jvm_args: -agentlib:jdwp=transport=dt_socket,suspend=y,address=localhost:50433 -Dfile.encoding=UTF-8 
java_command: jvcl.GPUFFT
Launcher Type: SUN_STANDARD

Environment Variables:
PATH=/usr/local/sbin:/usr/local/bin:/usr/sbin:/usr/bin:/sbin:/bin
USERNAME=root
SHELL=/bin/bash
DISPLAY=:0

Signal Handlers:
SIGSEGV: [libjvm.so+0x94bab0], sa_mask[0]=0x7ffbfeff, sa_flags=0x10000004
SIGBUS: [libjvm.so+0x94bab0], sa_mask[0]=0x7ffbfeff, sa_flags=0x10000004
SIGFPE: [libjvm.so+0x7c38b0], sa_mask[0]=0x7ffbfeff, sa_flags=0x10000004
SIGPIPE: [libjvm.so+0x7c38b0], sa_mask[0]=0x7ffbfeff, sa_flags=0x10000004
SIGXFSZ: [libjvm.so+0x7c38b0], sa_mask[0]=0x7ffbfeff, sa_flags=0x10000004
SIGILL: [libjvm.so+0x7c38b0], sa_mask[0]=0x7ffbfeff, sa_flags=0x10000004
SIGUSR1: SIG_DFL, sa_mask[0]=0x00000000, sa_flags=0x00000000
SIGUSR2: [libjvm.so+0x7c3750], sa_mask[0]=0x00000004, sa_flags=0x10000004
SIGHUP: [libjvm.so+0x7c3930], sa_mask[0]=0x7ffbfeff, sa_flags=0x10000004
SIGINT: [libjvm.so+0x7c3930], sa_mask[0]=0x7ffbfeff, sa_flags=0x10000004
SIGTERM: [libjvm.so+0x7c3930], sa_mask[0]=0x7ffbfeff, sa_flags=0x10000004
SIGQUIT: [libjvm.so+0x7c3930], sa_mask[0]=0x7ffbfeff, sa_flags=0x10000004
SIGTRAP: SIG_DFL, sa_mask[0]=0x00000000, sa_flags=0x00000000


---------------  S Y S T E M  ---------------

OS:Ubuntu 14.04 (trusty)
uname:Linux 3.16.0-49-generic #65~14.04.1-Ubuntu SMP Wed Sep 9 10:03:23 UTC 2015 x86_64
libc:glibc 2.19 NPTL 2.19 
rlimit: STACK 8192k, CORE 0k, NPROC 31478, NOFILE 4096, AS infinity
load average:0.25 0.27 0.32

/proc/meminfo:
MemTotal:        8079900 kB
MemFree:         4158104 kB
MemAvailable:    6440800 kB
Buffers:          721656 kB
Cached:          1512496 kB
SwapCached:            0 kB
Active:          2516108 kB
Inactive:         883184 kB
Active(anon):    1166400 kB
Inactive(anon):    32220 kB
Active(file):    1349708 kB
Inactive(file):   850964 kB
Unevictable:         104 kB
Mlocked:             104 kB
SwapTotal:       9999356 kB
SwapFree:        9999356 kB
Dirty:                36 kB
Writeback:             0 kB
AnonPages:       1165240 kB
Mapped:           257788 kB
Shmem:             33484 kB
Slab:             373900 kB
SReclaimable:     335428 kB
SUnreclaim:        38472 kB
KernelStack:       10448 kB
PageTables:        33200 kB
NFS_Unstable:          0 kB
Bounce:                0 kB
WritebackTmp:          0 kB
CommitLimit:    14039304 kB
Committed_AS:    4563208 kB
VmallocTotal:   34359738367 kB
VmallocUsed:      394184 kB
VmallocChunk:   34359275188 kB
HardwareCorrupted:     0 kB
AnonHugePages:    737280 kB
HugePages_Total:       0
HugePages_Free:        0
HugePages_Rsvd:        0
HugePages_Surp:        0
Hugepagesize:       2048 kB
DirectMap4k:      298656 kB
DirectMap2M:     7993344 kB


CPU:total 4 (2 cores per cpu, 2 threads per core) family 6 model 58 stepping 9, cmov, cx8, fxsr, mmx, sse, sse2, sse3, ssse3, sse4.1, sse4.2, popcnt, avx, aes, erms, ht, tsc, tscinvbit, tscinv

/proc/cpuinfo:
processor	: 0
vendor_id	: GenuineIntel
cpu family	: 6
model		: 58
model name	: Intel(R) Core(TM) i7-3520M CPU @ 2.90GHz
stepping	: 9
microcode	: 0x19
cpu MHz		: 1199.988
cache size	: 4096 KB
physical id	: 0
siblings	: 4
core id		: 0
cpu cores	: 2
apicid		: 0
initial apicid	: 0
fpu		: yes
fpu_exception	: yes
cpuid level	: 13
wp		: yes
flags		: fpu vme de pse tsc msr pae mce cx8 apic sep mtrr pge mca cmov pat pse36 clflush dts acpi mmx fxsr sse sse2 ss ht tm pbe syscall nx rdtscp lm constant_tsc arch_perfmon pebs bts rep_good nopl xtopology nonstop_tsc aperfmperf eagerfpu pni pclmulqdq dtes64 monitor ds_cpl vmx smx est tm2 ssse3 cx16 xtpr pdcm pcid sse4_1 sse4_2 x2apic popcnt tsc_deadline_timer aes xsave avx f16c rdrand lahf_lm ida arat epb xsaveopt pln pts dtherm tpr_shadow vnmi flexpriority ept vpid fsgsbase smep erms
bogomips	: 5781.00
clflush size	: 64
cache_alignment	: 64
address sizes	: 36 bits physical, 48 bits virtual
power management:

processor	: 1
vendor_id	: GenuineIntel
cpu family	: 6
model		: 58
model name	: Intel(R) Core(TM) i7-3520M CPU @ 2.90GHz
stepping	: 9
microcode	: 0x19
cpu MHz		: 1231.027
cache size	: 4096 KB
physical id	: 0
siblings	: 4
core id		: 1
cpu cores	: 2
apicid		: 2
initial apicid	: 2
fpu		: yes
fpu_exception	: yes
cpuid level	: 13
wp		: yes
flags		: fpu vme de pse tsc msr pae mce cx8 apic sep mtrr pge mca cmov pat pse36 clflush dts acpi mmx fxsr sse sse2 ss ht tm pbe syscall nx rdtscp lm constant_tsc arch_perfmon pebs bts rep_good nopl xtopology nonstop_tsc aperfmperf eagerfpu pni pclmulqdq dtes64 monitor ds_cpl vmx smx est tm2 ssse3 cx16 xtpr pdcm pcid sse4_1 sse4_2 x2apic popcnt tsc_deadline_timer aes xsave avx f16c rdrand lahf_lm ida arat epb xsaveopt pln pts dtherm tpr_shadow vnmi flexpriority ept vpid fsgsbase smep erms
bogomips	: 5781.00
clflush size	: 64
cache_alignment	: 64
address sizes	: 36 bits physical, 48 bits virtual
power management:

processor	: 2
vendor_id	: GenuineIntel
cpu family	: 6
model		: 58
model name	: Intel(R) Core(TM) i7-3520M CPU @ 2.90GHz
stepping	: 9
microcode	: 0x19
cpu MHz		: 1199.988
cache size	: 4096 KB
physical id	: 0
siblings	: 4
core id		: 0
cpu cores	: 2
apicid		: 1
initial apicid	: 1
fpu		: yes
fpu_exception	: yes
cpuid level	: 13
wp		: yes
flags		: fpu vme de pse tsc msr pae mce cx8 apic sep mtrr pge mca cmov pat pse36 clflush dts acpi mmx fxsr sse sse2 ss ht tm pbe syscall nx rdtscp lm constant_tsc arch_perfmon pebs bts rep_good nopl xtopology nonstop_tsc aperfmperf eagerfpu pni pclmulqdq dtes64 monitor ds_cpl vmx smx est tm2 ssse3 cx16 xtpr pdcm pcid sse4_1 sse4_2 x2apic popcnt tsc_deadline_timer aes xsave avx f16c rdrand lahf_lm ida arat epb xsaveopt pln pts dtherm tpr_shadow vnmi flexpriority ept vpid fsgsbase smep erms
bogomips	: 5781.00
clflush size	: 64
cache_alignment	: 64
address sizes	: 36 bits physical, 48 bits virtual
power management:

processor	: 3
vendor_id	: GenuineIntel
cpu family	: 6
model		: 58
model name	: Intel(R) Core(TM) i7-3520M CPU @ 2.90GHz
stepping	: 9
microcode	: 0x19
cpu MHz		: 1199.988
cache size	: 4096 KB
physical id	: 0
siblings	: 4
core id		: 1
cpu cores	: 2
apicid		: 3
initial apicid	: 3
fpu		: yes
fpu_exception	: yes
cpuid level	: 13
wp		: yes
flags		: fpu vme de pse tsc msr pae mce cx8 apic sep mtrr pge mca cmov pat pse36 clflush dts acpi mmx fxsr sse sse2 ss ht tm pbe syscall nx rdtscp lm constant_tsc arch_perfmon pebs bts rep_good nopl xtopology nonstop_tsc aperfmperf eagerfpu pni pclmulqdq dtes64 monitor ds_cpl vmx smx est tm2 ssse3 cx16 xtpr pdcm pcid sse4_1 sse4_2 x2apic popcnt tsc_deadline_timer aes xsave avx f16c rdrand lahf_lm ida arat epb xsaveopt pln pts dtherm tpr_shadow vnmi flexpriority ept vpid fsgsbase smep erms
bogomips	: 5781.00
clflush size	: 64
cache_alignment	: 64
address sizes	: 36 bits physical, 48 bits virtual
power management:



Memory: 4k page, physical 8079900k(4158104k free), swap 9999356k(9999356k free)

vm_info: OpenJDK 64-Bit Server VM (24.79-b02) for linux-amd64 JRE (1.7.0_79-b14), built on Jul 24 2015 08:15:54 by "buildd" with gcc 4.8.2

time: Sun Oct  4 11:08:54 2015
elapsed time: 133 seconds

