#
# A fatal error has been detected by the Java Runtime Environment:
#
#  SIGSEGV (0xb) at pc=0x00007f9162c574ac, pid=27863, tid=140262726809344
#
# JRE version: OpenJDK Runtime Environment (7.0_79-b14) (build 1.7.0_79-b14)
# Java VM: OpenJDK 64-Bit Server VM (24.79-b02 mixed mode linux-amd64 compressed oops)
# Derivative: IcedTea 2.5.6
# Distribution: Ubuntu 14.04 LTS, package 7u79-2.5.6-0ubuntu1.14.04.1
# Problematic frame:
# C  [libOpenCL.so.1+0x54ac]  clCreateBuffer+0xc
#
# Failed to write core dump. Core dumps have been disabled. To enable core dumping, try "ulimit -c unlimited" before starting Java again
#
# If you would like to submit a bug report, please include
# instructions on how to reproduce the bug and visit:
#   http://icedtea.classpath.org/bugzilla
# The crash happened outside the Java Virtual Machine in native code.
# See problematic frame for where to report the bug.
#

---------------  T H R E A D  ---------------

Current thread (0x00007f916c00a000):  JavaThread "main" [_thread_in_native, id=27868, stack(0x00007f9175f1b000,0x00007f917601c000)]

siginfo:si_signo=SIGSEGV: si_errno=0, si_code=128 (), si_addr=0x0000000000000000

Registers:
RAX=0x5f6176616a4c5a49, RBX=0x000000077a6f7250, RCX=0x0000000000000000, RDX=0x0000000000000008
RSP=0x00007f9176019fd8, RBP=0x00007f917601a040, RSI=0x0000000000000001, RDI=0x00007f916cf97250
R8 =0x00000007d759e3a0, R9 =0x0000000000000000, R10=0x00007f9169012d6c, R11=0x00007f9174c7c2f0
R12=0x0000000000000000, R13=0x000000077a6f7250, R14=0x00007f917601a198, R15=0x00007f916c00a000
RIP=0x00007f9162c574ac, EFLAGS=0x0000000000010206, CSGSFS=0x0000000000000033, ERR=0x0000000000000000
  TRAPNO=0x000000000000000d

Top of Stack: (sp=0x00007f9176019fd8)
0x00007f9176019fd8:   00007f9160d1c3c2 00007f916cf97250
0x00007f9176019fe8:   0000000100000000 0000000000000000
0x00007f9176019ff8:   0000000000000008 0000000000000001
0x00007f917601a008:   00007f916cf97250 00007f917601a198
0x00007f917601a018:   00007f916c00a1d8 0000000000000000
0x00007f917601a028:   00000007d759e3a0 00007f9162c574a0
0x00007f917601a038:   00007f9169012c2d 00007f917601a108
0x00007f917601a048:   00007f9169012d98 0000000000000000
0x00007f917601a058:   0000000000000001 00007f917601a148
0x00007f917601a068:   0000000000000000 0000000000000000
0x00007f917601a078:   00007f9162c574a0 00007f9169005310
0x00007f917601a088:   0000000000000000 00007f917601a1e0
0x00007f917601a098:   00007f917601a128 00007f916c00ace8
0x00007f917601a0a8:   00007f916c00ace8 00007f916c00ad18
0x00007f917601a0b8:   00007f916c00ad18 00000000fffffffe
0x00007f917601a0c8:   00007f917601a0c8 000000077a6f7250
0x00007f917601a0d8:   00007f917601a198 000000077a7065e0
0x00007f917601a0e8:   0000000000000000 000000077a6f7250
0x00007f917601a0f8:   0000000000000000 00007f917601a128
0x00007f917601a108:   00007f917601a1e0 00007f9169006175
0x00007f917601a118:   0000000000000000 00007f916900ecd7
0x00007f917601a128:   00007f9162c574a0 0000000000000000
0x00007f917601a138:   0000000000000000 0000000000000000
0x00007f917601a148:   00000007d759e390 0000000000000001
0x00007f917601a158:   0000000000000000 0000000000000000
0x00007f917601a168:   0000000000000008 00007f917601a250
0x00007f917601a178:   0000000000000001 00007f917601a1e0
0x00007f917601a188:   00007f916cf97250 00007f9162c574a0
0x00007f917601a198:   00000007d73cd358 00007f917601a1a0
0x00007f917601a1a8:   000000077a6f744e 00007f917601a250
0x00007f917601a1b8:   000000077a7065e0 0000000000000000
0x00007f917601a1c8:   000000077a6f7460 00007f917601a128 

Instructions: (pc=0x00007f9162c574ac)
0x00007f9162c5748c:   ff e0 66 90 48 85 c9 74 06 c7 01 de ff ff ff 31
0x00007f9162c5749c:   c0 c3 66 90 48 85 ff 74 0b 48 8b 07 48 8b 40 70
0x00007f9162c574ac:   ff e0 66 90 4d 85 c0 74 07 41 c7 00 de ff ff ff
0x00007f9162c574bc:   31 c0 c3 90 48 85 ff 4c 8b 54 24 08 48 8b 44 24 

Register to memory mapping:

RAX=0x5f6176616a4c5a49 is an unknown value
RBX=0x000000077a6f7250 is an oop
{method} 
 - klass: {other class}
RCX=0x0000000000000000 is an unknown value
RDX=0x0000000000000008 is an unknown value
RSP=0x00007f9176019fd8 is pointing into the stack for thread: 0x00007f916c00a000
RBP=0x00007f917601a040 is pointing into the stack for thread: 0x00007f916c00a000
RSI=0x0000000000000001 is an unknown value
RDI=0x00007f916cf97250 is an unknown value
R8 =0x00000007d759e3a0 is an unknown value
R9 =0x0000000000000000 is an unknown value
R10=0x00007f9169012d6c is at code_begin+620 in an Interpreter codelet
method entry point (kind = native)  [0x00007f9169012b00, 0x00007f9169013360]  2144 bytes
R11=0x00007f9174c7c2f0: <offset 0x85d2f0> in /usr/lib/jvm/java-7-openjdk-amd64/jre/lib/amd64/server/libjvm.so at 0x00007f917441f000
R12=0x0000000000000000 is an unknown value
R13=0x000000077a6f7250 is an oop
{method} 
 - klass: {other class}
R14=0x00007f917601a198 is pointing into the stack for thread: 0x00007f916c00a000
R15=0x00007f916c00a000 is a thread


Stack: [0x00007f9175f1b000,0x00007f917601c000],  sp=0x00007f9176019fd8,  free space=1019k
Native frames: (J=compiled Java code, j=interpreted, Vv=VM code, C=native code)
C  [libOpenCL.so.1+0x54ac]  clCreateBuffer+0xc
j  com.jogamp.opencl.llb.impl.CLAbstractImpl.dispatch_clCreateBuffer1(JJJLjava/lang/Object;IZLjava/lang/Object;IZJ)J+0
j  com.jogamp.opencl.llb.impl.CLAbstractImpl.clCreateBuffer(JJJLjava/nio/Buffer;[II)J+150
j  com.jogamp.opencl.CLBuffer.create(Lcom/jogamp/opencl/CLContext;Ljava/nio/Buffer;I)Lcom/jogamp/opencl/CLBuffer;+68
j  com.jogamp.opencl.CLContext.createBuffer(Ljava/nio/Buffer;I)Lcom/jogamp/opencl/CLBuffer;+3
j  com.jogamp.opencl.CLContext.createBuffer(Ljava/nio/Buffer;[Lcom/jogamp/opencl/CLMemory$Mem;)Lcom/jogamp/opencl/CLBuffer;+6
j  com.jogamp.opencl.CLContext.createFloatBuffer(I[Lcom/jogamp/opencl/CLMemory$Mem;)Lcom/jogamp/opencl/CLBuffer;+6
j  jvcl.GPUFFT.fft_simple([F[F)V+226
j  jvcl.GPUFFT.fft_simple([F[F)V+198
j  jvcl.GPUFFT.fft_simple([F[F)V+198
j  jvcl.GPUFFT.fft_simple([F[F)V+198
j  jvcl.GPUFFT.fft_simple([F[F)V+198
j  jvcl.GPUFFT.fft_simple([F[F)V+198
j  jvcl.GPUFFT.main([Ljava/lang/String;)V+77
v  ~StubRoutines::call_stub
V  [libjvm.so+0x5e80c9]  JavaCalls::call_helper(JavaValue*, methodHandle*, JavaCallArguments*, Thread*)+0x339
V  [libjvm.so+0x5e7b68]  JavaCalls::call(JavaValue*, methodHandle, JavaCallArguments*, Thread*)+0x28
V  [libjvm.so+0x5f6c9b]  jni_invoke_static(JNIEnv_*, JavaValue*, _jobject*, JNICallType, _jmethodID*, JNI_ArgumentPusher*, Thread*) [clone .isra.124] [clone .constprop.156]+0x28b
V  [libjvm.so+0x607f08]  jni_CallStaticVoidMethod+0x118
C  [libjli.so+0x31f9]

Java frames: (J=compiled Java code, j=interpreted, Vv=VM code)
j  com.jogamp.opencl.llb.impl.CLAbstractImpl.dispatch_clCreateBuffer1(JJJLjava/lang/Object;IZLjava/lang/Object;IZJ)J+0
j  com.jogamp.opencl.llb.impl.CLAbstractImpl.clCreateBuffer(JJJLjava/nio/Buffer;[II)J+150
j  com.jogamp.opencl.CLBuffer.create(Lcom/jogamp/opencl/CLContext;Ljava/nio/Buffer;I)Lcom/jogamp/opencl/CLBuffer;+68
j  com.jogamp.opencl.CLContext.createBuffer(Ljava/nio/Buffer;I)Lcom/jogamp/opencl/CLBuffer;+3
j  com.jogamp.opencl.CLContext.createBuffer(Ljava/nio/Buffer;[Lcom/jogamp/opencl/CLMemory$Mem;)Lcom/jogamp/opencl/CLBuffer;+6
j  com.jogamp.opencl.CLContext.createFloatBuffer(I[Lcom/jogamp/opencl/CLMemory$Mem;)Lcom/jogamp/opencl/CLBuffer;+6
j  jvcl.GPUFFT.fft_simple([F[F)V+226
j  jvcl.GPUFFT.fft_simple([F[F)V+198
j  jvcl.GPUFFT.fft_simple([F[F)V+198
j  jvcl.GPUFFT.fft_simple([F[F)V+198
j  jvcl.GPUFFT.fft_simple([F[F)V+198
j  jvcl.GPUFFT.fft_simple([F[F)V+198
j  jvcl.GPUFFT.main([Ljava/lang/String;)V+77
v  ~StubRoutines::call_stub

---------------  P R O C E S S  ---------------

Java Threads: ( => current thread )
  0x00007f916c18e800 JavaThread "process reaper" daemon [_thread_blocked, id=27885, stack(0x00007f9170114000,0x00007f917014d000)]
  0x00007f916c0ae800 JavaThread "Service Thread" daemon [_thread_blocked, id=27880, stack(0x00007f9170276000,0x00007f9170377000)]
  0x00007f916c0ac000 JavaThread "C2 CompilerThread1" daemon [_thread_blocked, id=27879, stack(0x00007f9170377000,0x00007f9170478000)]
  0x00007f916c0a9800 JavaThread "C2 CompilerThread0" daemon [_thread_blocked, id=27878, stack(0x00007f9170478000,0x00007f9170579000)]
  0x00007f916c0a7000 JavaThread "Signal Dispatcher" daemon [_thread_blocked, id=27877, stack(0x00007f9170579000,0x00007f917067a000)]
  0x00007f916c07c000 JavaThread "Finalizer" daemon [_thread_blocked, id=27875, stack(0x00007f917067a000,0x00007f917077b000)]
  0x00007f916c07a000 JavaThread "Reference Handler" daemon [_thread_blocked, id=27874, stack(0x00007f917077b000,0x00007f917087c000)]
=>0x00007f916c00a000 JavaThread "main" [_thread_in_native, id=27868, stack(0x00007f9175f1b000,0x00007f917601c000)]

Other Threads:
  0x00007f916c075800 VMThread [stack: 0x00007f917087c000,0x00007f917097d000] [id=27873]
  0x00007f916c0b9800 WatcherThread [stack: 0x00007f9170175000,0x00007f9170276000] [id=27881]

VM state:not at safepoint (normal execution)

VM Mutex/Monitor currently owned by a thread: None

Heap
 PSYoungGen      total 37376K, used 7883K [0x00000007d6e00000, 0x00000007d9780000, 0x0000000800000000)
  eden space 32256K, 24% used [0x00000007d6e00000,0x00000007d75b2ee8,0x00000007d8d80000)
  from space 5120K, 0% used [0x00000007d9280000,0x00000007d9280000,0x00000007d9780000)
  to   space 5120K, 0% used [0x00000007d8d80000,0x00000007d8d80000,0x00000007d9280000)
 ParOldGen       total 83968K, used 0K [0x0000000784a00000, 0x0000000789c00000, 0x00000007d6e00000)
  object space 83968K, 0% used [0x0000000784a00000,0x0000000784a00000,0x0000000789c00000)
 PSPermGen       total 21504K, used 5985K [0x000000077a400000, 0x000000077b900000, 0x0000000784a00000)
  object space 21504K, 27% used [0x000000077a400000,0x000000077a9d85c8,0x000000077b900000)

Card table byte_map: [0x00007f9172744000,0x00007f9172b73000] byte_map_base: 0x00007f916eb72000

Polling page: 0x00007f9176050000

Code Cache  [0x00007f9169000000, 0x00007f9169270000, 0x00007f916c000000)
 total_blobs=392 nmethods=18 adapters=328 free_code_cache=48619Kb largest_free_block=49766656

Compilation events (10 events):
Event: 0.171 Thread 0x00007f916c0ac000 nmethod 14 0x00007f9169078c50 code [0x00007f9169078da0, 0x00007f9169078f58]
Event: 0.171 Thread 0x00007f916c0a9800 nmethod 13 0x00007f916907e650 code [0x00007f916907e8a0, 0x00007f916907f918]
Event: 0.176 Thread 0x00007f916c0ac000   15             java.lang.String::length (6 bytes)
Event: 0.176 Thread 0x00007f916c0ac000 nmethod 15 0x00007f916907b790 code [0x00007f916907b8c0, 0x00007f916907b938]
Event: 0.178 Thread 0x00007f916c0a9800   16             java.lang.Math::min (11 bytes)
Event: 0.179 Thread 0x00007f916c0a9800 nmethod 16 0x00007f916905fcd0 code [0x00007f916905fe00, 0x00007f916905fe38]
Event: 0.311 Thread 0x00007f916c0ac000   17   !         java.io.BufferedReader::readLine (304 bytes)
Event: 0.312 Thread 0x00007f916c0a9800   18             sun.nio.cs.UTF_8$Decoder::decodeArrayLoop (543 bytes)
Event: 0.324 Thread 0x00007f916c0a9800 nmethod 18 0x00007f9169085f10 code [0x00007f91690861a0, 0x00007f9169086d30]
Event: 0.329 Thread 0x00007f916c0ac000 nmethod 17 0x00007f9169083450 code [0x00007f9169083600, 0x00007f9169084430]

GC Heap History (0 events):
No events

Deoptimization events (0 events):
No events

Internal exceptions (10 events):
Event: 0.207 Thread 0x00007f916c00a000 Threw 0x00000007d74dec48 at /build/openjdk-7-FO0dNI/openjdk-7-7u79-2.5.6/build/openjdk/hotspot/src/share/vm/prims/jvm.cpp:1284
Event: 0.207 Thread 0x00007f916c00a000 Threw 0x00000007d74e2be0 at /build/openjdk-7-FO0dNI/openjdk-7-7u79-2.5.6/build/openjdk/hotspot/src/share/vm/prims/jvm.cpp:1284
Event: 0.208 Thread 0x00007f916c00a000 Threw 0x00000007d74ebf90 at /build/openjdk-7-FO0dNI/openjdk-7-7u79-2.5.6/build/openjdk/hotspot/src/share/vm/prims/jvm.cpp:1284
Event: 0.208 Thread 0x00007f916c00a000 Threw 0x00000007d74efeb8 at /build/openjdk-7-FO0dNI/openjdk-7-7u79-2.5.6/build/openjdk/hotspot/src/share/vm/prims/jvm.cpp:1284
Event: 0.209 Thread 0x00007f916c00a000 Threw 0x00000007d7517b98 at /build/openjdk-7-FO0dNI/openjdk-7-7u79-2.5.6/build/openjdk/hotspot/src/share/vm/prims/jvm.cpp:1284
Event: 0.210 Thread 0x00007f916c00a000 Threw 0x00000007d751d838 at /build/openjdk-7-FO0dNI/openjdk-7-7u79-2.5.6/build/openjdk/hotspot/src/share/vm/prims/jvm.cpp:1284
Event: 0.210 Thread 0x00007f916c00a000 Threw 0x00000007d7525588 at /build/openjdk-7-FO0dNI/openjdk-7-7u79-2.5.6/build/openjdk/hotspot/src/share/vm/prims/jvm.cpp:1284
Event: 0.214 Thread 0x00007f916c00a000 Threw 0x00000007d7536470 at /build/openjdk-7-FO0dNI/openjdk-7-7u79-2.5.6/build/openjdk/hotspot/src/share/vm/prims/jvm.cpp:1284
Event: 0.375 Thread 0x00007f916c00a000 Threw 0x00000007d7594bf0 at /build/openjdk-7-FO0dNI/openjdk-7-7u79-2.5.6/build/openjdk/hotspot/src/share/vm/prims/jvm.cpp:1284
Event: 0.376 Thread 0x00007f916c00a000 Threw 0x00000007d75990b8 at /build/openjdk-7-FO0dNI/openjdk-7-7u79-2.5.6/build/openjdk/hotspot/src/share/vm/prims/jvm.cpp:1284

Events (10 events):
Event: 0.335 loading class 0x00007f9171bbb9b0
Event: 0.335 loading class 0x00007f9171bbb9b0 done
Event: 0.336 loading class 0x00007f9171bbb9e0
Event: 0.336 loading class 0x00007f9171bbb9e0 done
Event: 0.375 loading class 0x00007f916c0fd500
Event: 0.375 loading class 0x00007f916c0fd500 done
Event: 0.376 loading class 0x00007f916c011ae0
Event: 0.376 loading class 0x00007f916c011ae0 done
Event: 0.376 loading class 0x00007f916c0fd5d0
Event: 0.376 loading class 0x00007f916c0fd5d0 done


Dynamic libraries:
00400000-00401000 r-xp 00000000 08:01 5389623                            /usr/lib/jvm/java-7-openjdk-amd64/jre/bin/java
00600000-00601000 r--p 00000000 08:01 5389623                            /usr/lib/jvm/java-7-openjdk-amd64/jre/bin/java
00601000-00602000 rw-p 00001000 08:01 5389623                            /usr/lib/jvm/java-7-openjdk-amd64/jre/bin/java
01bc4000-01be5000 rw-p 00000000 00:00 0                                  [heap]
200000000-700000000 ---p 00000000 00:00 0 
77a400000-77b900000 rw-p 00000000 00:00 0 
77b900000-784a00000 rw-p 00000000 00:00 0 
784a00000-789c00000 rw-p 00000000 00:00 0 
789c00000-7d6e00000 rw-p 00000000 00:00 0 
7d6e00000-7d9780000 rw-p 00000000 00:00 0 
7d9780000-800000000 rw-p 00000000 00:00 0 
7f90f4000000-7f90f4021000 rw-p 00000000 00:00 0 
7f90f4021000-7f90f8000000 ---p 00000000 00:00 0 
7f90f80f9000-7f90f80fa000 ---p 00000000 00:00 0 
7f90f80fa000-7f90f88fa000 rw-p 00000000 00:00 0 
7f90f88fa000-7f90f88fb000 ---p 00000000 00:00 0 
7f90f88fb000-7f90f90fb000 rw-p 00000000 00:00 0 
7f90f91fb000-7f90f91fc000 ---p 00000000 00:00 0 
7f90f91fc000-7f90f99fc000 rw-p 00000000 00:00 0 
7f90f9ffc000-7f90f9ffd000 ---p 00000000 00:00 0 
7f90f9ffd000-7f90fa7fd000 rw-p 00000000 00:00 0 
7f90fa7fd000-7f90fa7fe000 ---p 00000000 00:00 0 
7f90fa7fe000-7f90faffe000 rw-p 00000000 00:00 0                          [stack:27925]
7f90faffe000-7f90fafff000 ---p 00000000 00:00 0 
7f90fafff000-7f90fb7ff000 rw-p 00000000 00:00 0                          [stack:27924]
7f90fb7ff000-7f90fb800000 ---p 00000000 00:00 0 
7f90fb800000-7f90fc000000 rw-p 00000000 00:00 0                          [stack:27923]
7f90fc000000-7f90fc021000 rw-p 00000000 00:00 0 
7f90fc021000-7f9100000000 ---p 00000000 00:00 0 
7f9100699000-7f91007fa000 rw-p 00000000 00:00 0 
7f91007fa000-7f91007fb000 ---p 00000000 00:00 0 
7f91007fb000-7f9100ffb000 rw-p 00000000 00:00 0                          [stack:27922]
7f9100ffb000-7f9100ffc000 ---p 00000000 00:00 0 
7f9100ffc000-7f91017fc000 rw-p 00000000 00:00 0                          [stack:27921]
7f91017fc000-7f91018fc000 rw-s 199bd1000 00:05 13212                     /dev/nvidiactl
7f91018fc000-7f91019fc000 rw-s 1b904c000 00:05 13212                     /dev/nvidiactl
7f91019fc000-7f9101afc000 rw-s 16dfbf000 00:05 13212                     /dev/nvidiactl
7f9101afc000-7f9101bfc000 rw-s 19c7fa000 00:05 13212                     /dev/nvidiactl
7f9101bfc000-7f9101ffc000 rw-s 525b6000 00:05 13212                      /dev/nvidiactl
7f9101ffc000-7f9101ffd000 ---p 00000000 00:00 0 
7f9101ffd000-7f91027fd000 rw-p 00000000 00:00 0                          [stack:27920]
7f91027fd000-7f91027fe000 ---p 00000000 00:00 0 
7f91027fe000-7f9102ffe000 rw-p 00000000 00:00 0                          [stack:27919]
7f9102ffe000-7f9102fff000 ---p 00000000 00:00 0 
7f9102fff000-7f91037ff000 rw-p 00000000 00:00 0                          [stack:27918]
7f91037ff000-7f9103800000 ---p 00000000 00:00 0 
7f9103800000-7f9104000000 rw-p 00000000 00:00 0                          [stack:27917]
7f9104000000-7f9104021000 rw-p 00000000 00:00 0 
7f9104021000-7f9108000000 ---p 00000000 00:00 0 
7f91080fa000-7f91081fa000 rw-s 199a22000 00:05 13212                     /dev/nvidiactl
7f91081fa000-7f91085fa000 rw-s 6c960000 00:05 13212                      /dev/nvidiactl
7f91085fa000-7f91086fa000 rw-s 46baa000 00:05 13212                      /dev/nvidiactl
7f91086fa000-7f91086fb000 ---p 00000000 00:00 0 
7f91086fb000-7f9108efb000 rw-p 00000000 00:00 0                          [stack:27916]
7f9108efb000-7f9108efc000 ---p 00000000 00:00 0 
7f9108efc000-7f91096fc000 rw-p 00000000 00:00 0                          [stack:27915]
7f91096fc000-7f91097fc000 rw-s 1738ba000 00:05 13212                     /dev/nvidiactl
7f91097fc000-7f91098fc000 rw-s 16ddb4000 00:05 13212                     /dev/nvidiactl
7f91098fc000-7f91099fc000 rw-s 15b0a7000 00:05 13212                     /dev/nvidiactl
7f91099fc000-7f9109afc000 rw-s 15b1a2000 00:05 13212                     /dev/nvidiactl
7f9109afc000-7f9109bfc000 rw-s 1fc749000 00:05 13212                     /dev/nvidiactl
7f9109bfc000-7f9109ffc000 rw-s 6e4e4000 00:05 13212                      /dev/nvidiactl
7f9109ffc000-7f9109ffd000 ---p 00000000 00:00 0 
7f9109ffd000-7f910a7fd000 rw-p 00000000 00:00 0                          [stack:27914]
7f910a7fd000-7f910a7fe000 ---p 00000000 00:00 0 
7f910a7fe000-7f910affe000 rw-p 00000000 00:00 0                          [stack:27913]
7f910affe000-7f910afff000 ---p 00000000 00:00 0 
7f910afff000-7f910b7ff000 rw-p 00000000 00:00 0                          [stack:27912]
7f910b7ff000-7f910b800000 ---p 00000000 00:00 0 
7f910b800000-7f910c000000 rw-p 00000000 00:00 0                          [stack:27911]
7f910c000000-7f910c021000 rw-p 00000000 00:00 0 
7f910c021000-7f9110000000 ---p 00000000 00:00 0 
7f911008e000-7f91100da000 rw-s 15b2dc000 00:05 13212                     /dev/nvidiactl
7f91100da000-7f91100fa000 rw-s e0280000 00:05 13214                      /dev/nvidia0
7f91100fa000-7f91104fa000 rw-s 1b2704000 00:05 13212                     /dev/nvidiactl
7f91104fa000-7f91105fa000 rw-s 19dae8000 00:05 13212                     /dev/nvidiactl
7f91105fa000-7f91105fb000 ---p 00000000 00:00 0 
7f91105fb000-7f9110dfb000 rw-p 00000000 00:00 0                          [stack:27910]
7f9110dfb000-7f9110dfc000 ---p 00000000 00:00 0 
7f9110dfc000-7f91115fc000 rw-p 00000000 00:00 0                          [stack:27909]
7f91115fc000-7f91116fc000 rw-s 20e8f0000 00:05 13212                     /dev/nvidiactl
7f91116fc000-7f91117fc000 rw-s 15b04c000 00:05 13212                     /dev/nvidiactl
7f91117fc000-7f9111bfc000 rw-s 6fcaf000 00:05 13212                      /dev/nvidiactl
7f9111bfc000-7f9111ffc000 rw-s 19f778000 00:05 13212                     /dev/nvidiactl
7f9111ffc000-7f9111ffd000 ---p 00000000 00:00 0 
7f9111ffd000-7f91127fd000 rw-p 00000000 00:00 0                          [stack:27908]
7f91127fd000-7f91127fe000 ---p 00000000 00:00 0 
7f91127fe000-7f9112ffe000 rw-p 00000000 00:00 0                          [stack:27907]
7f9112ffe000-7f9112fff000 ---p 00000000 00:00 0 
7f9112fff000-7f91137ff000 rw-p 00000000 00:00 0                          [stack:27906]
7f91137ff000-7f9113800000 ---p 00000000 00:00 0 
7f9113800000-7f9114000000 rw-p 00000000 00:00 0                          [stack:27905]
7f9114000000-7f9114021000 rw-p 00000000 00:00 0 
7f9114021000-7f9118000000 ---p 00000000 00:00 0 
7f9118000000-7f9118021000 rw-p 00000000 00:00 0 
7f9118021000-7f911c000000 ---p 00000000 00:00 0 
7f911c002000-7f911c022000 rw-s e0260000 00:05 13214                      /dev/nvidia0
7f911c022000-7f911c06e000 rw-s 1739bc000 00:05 13212                     /dev/nvidiactl
7f911c06e000-7f911c08e000 rw-s e0240000 00:05 13214                      /dev/nvidia0
7f911c08e000-7f911c0ae000 rw-s e0220000 00:05 13214                      /dev/nvidia0
7f911c0ae000-7f911c0fa000 rw-s 1ae6f4000 00:05 13212                     /dev/nvidiactl
7f911c0fa000-7f911c1fa000 rw-s 19a8e7000 00:05 13212                     /dev/nvidiactl
7f911c1fa000-7f911c2fa000 rw-s 5248b000 00:05 13212                      /dev/nvidiactl
7f911c2fa000-7f911c3fa000 rw-s ad113000 00:05 13212                      /dev/nvidiactl
7f911c3fa000-7f911c4fa000 rw-s 1ae4c7000 00:05 13212                     /dev/nvidiactl
7f911c4fa000-7f911c4fb000 ---p 00000000 00:00 0 
7f911c4fb000-7f911ccfb000 rw-p 00000000 00:00 0                          [stack:27904]
7f911ccfb000-7f911ccfc000 ---p 00000000 00:00 0 
7f911ccfc000-7f911d4fc000 rw-p 00000000 00:00 0                          [stack:27903]
7f911d4fc000-7f911d5fc000 rw-s 1b92cc000 00:05 13212                     /dev/nvidiactl
7f911d5fc000-7f911d6fc000 rw-s 63899000 00:05 13212                      /dev/nvidiactl
7f911d6fc000-7f911d7fc000 rw-s 52505000 00:05 13212                      /dev/nvidiactl
7f911d7fc000-7f911dbfc000 rw-s 1f0f77000 00:05 13212                     /dev/nvidiactl
7f911dbfc000-7f911dffc000 rw-s 199960000 00:05 13212                     /dev/nvidiactl
7f911dffc000-7f911dffd000 ---p 00000000 00:00 0 
7f911dffd000-7f911e7fd000 rw-p 00000000 00:00 0                          [stack:27902]
7f911e7fd000-7f911e7fe000 ---p 00000000 00:00 0 
7f911e7fe000-7f911effe000 rw-p 00000000 00:00 0                          [stack:27901]
7f911effe000-7f911efff000 ---p 00000000 00:00 0 
7f911efff000-7f911f7ff000 rw-p 00000000 00:00 0                          [stack:27900]
7f911f7ff000-7f911f800000 ---p 00000000 00:00 0 
7f911f800000-7f9120000000 rw-p 00000000 00:00 0                          [stack:27899]
7f9120000000-7f9120021000 rw-p 00000000 00:00 0 
7f9120021000-7f9124000000 ---p 00000000 00:00 0 
7f9124000000-7f9124021000 rw-p 00000000 00:00 0 
7f9124021000-7f9128000000 ---p 00000000 00:00 0 
7f9128000000-7f9128021000 rw-p 00000000 00:00 0 
7f9128021000-7f912c000000 ---p 00000000 00:00 0 
7f912c000000-7f912c021000 rw-p 00000000 00:00 0 
7f912c021000-7f9130000000 ---p 00000000 00:00 0 
7f9130000000-7f91301f6000 rw-p 00000000 00:00 0 
7f91301f6000-7f9134000000 ---p 00000000 00:00 0 
7f9134000000-7f913415b000 rw-p 00000000 00:00 0 
7f913415b000-7f9138000000 ---p 00000000 00:00 0 
7f9138000000-7f9138021000 rw-p 00000000 00:00 0 
7f9138021000-7f913c000000 ---p 00000000 00:00 0 
7f913c000000-7f913c021000 rw-p 00000000 00:00 0 
7f913c021000-7f9140000000 ---p 00000000 00:00 0 
7f9140000000-7f9140021000 rw-p 00000000 00:00 0 
7f9140021000-7f9144000000 ---p 00000000 00:00 0 
7f9144009000-7f9144029000 rw-s e0200000 00:05 13214                      /dev/nvidia0
7f9144029000-7f9144129000 rw-s 83700000 00:05 13212                      /dev/nvidiactl
7f9144129000-7f9144229000 rw-s 6c8de000 00:05 13212                      /dev/nvidiactl
7f9144229000-7f9144329000 rw-s 199a67000 00:05 13212                     /dev/nvidiactl
7f9144329000-7f914432a000 ---p 00000000 00:00 0 
7f914432a000-7f9144b2a000 rw-p 00000000 00:00 0                          [stack:27898]
7f9144b2a000-7f9144b2b000 ---p 00000000 00:00 0 
7f9144b2b000-7f914532b000 rw-p 00000000 00:00 0                          [stack:27897]
7f914532b000-7f914542b000 rw-s b9794000 00:05 13212                      /dev/nvidiactl
7f914542b000-7f914552b000 rw-s 837d0000 00:05 13212                      /dev/nvidiactl
7f914552b000-7f914562b000 rw-s b1ed6000 00:05 13212                      /dev/nvidiactl
7f914562b000-7f914572b000 rw-s b1f32000 00:05 13212                      /dev/nvidiactl
7f914572b000-7f9145b2b000 rw-s 1fc597000 00:05 13212                     /dev/nvidiactl
7f9145b2b000-7f914726e000 r-xp 00000000 08:01 3811727                    /usr/lib/nvidia-346-updates/libnvidia-compiler.so.346.82
7f914726e000-7f914746e000 ---p 01743000 08:01 3811727                    /usr/lib/nvidia-346-updates/libnvidia-compiler.so.346.82
7f914746e000-7f9147cf6000 rw-p 01743000 08:01 3811727                    /usr/lib/nvidia-346-updates/libnvidia-compiler.so.346.82
7f9147cf6000-7f914c000000 rw-p 00000000 00:00 0 
7f914c000000-7f914c021000 rw-p 00000000 00:00 0 
7f914c021000-7f9150000000 ---p 00000000 00:00 0 
7f9150000000-7f9150021000 rw-p 00000000 00:00 0 
7f9150021000-7f9154000000 ---p 00000000 00:00 0 
7f9154000000-7f9154021000 rw-p 00000000 00:00 0 
7f9154021000-7f9158000000 ---p 00000000 00:00 0 
7f9158002000-7f9158022000 rw-s e01e0000 00:05 13214                      /dev/nvidia0
7f9158022000-7f915806e000 rw-s 19c43d000 00:05 13212                     /dev/nvidiactl
7f915806e000-7f915808e000 rw-s e01c0000 00:05 13214                      /dev/nvidia0
7f915808e000-7f91580ae000 rw-s e01a0000 00:05 13214                      /dev/nvidia0
7f91580ae000-7f91580fa000 rw-s ad15f000 00:05 13212                      /dev/nvidiactl
7f91580fa000-7f91581fa000 rw-s 94d51000 00:05 13212                      /dev/nvidiactl
7f91581fa000-7f91585fa000 rw-s 1aeb1c000 00:05 13212                     /dev/nvidiactl
7f91585fa000-7f91585fb000 ---p 00000000 00:00 0 
7f91585fb000-7f9158dfb000 rw-p 00000000 00:00 0                          [stack:27896]
7f9158dfb000-7f9158efb000 rw-s 19f584000 00:05 13212                     /dev/nvidiactl
7f9158efb000-7f9158efc000 ---p 00000000 00:00 0 
7f9158efc000-7f91596fc000 rw-p 00000000 00:00 0                          [stack:27895]
7f91596fc000-7f91596fd000 ---p 00000000 00:00 0 
7f91596fd000-7f9159efd000 rw-p 00000000 00:00 0                          [stack:27894]
7f9159efd000-7f9159efe000 ---p 00000000 00:00 0 
7f9159efe000-7f915a6fe000 rw-p 00000000 00:00 0                          [stack:27893]
7f915a6fe000-7f915a6ff000 ---p 00000000 00:00 0 
7f915a6ff000-7f915aeff000 rw-p 00000000 00:00 0                          [stack:27892]
7f915aeff000-7f915af00000 ---p 00000000 00:00 0 
7f915af00000-7f915b700000 rw-p 00000000 00:00 0                          [stack:27891]
7f915b700000-7f915b800000 rw-s 9dbe6000 00:05 13212                      /dev/nvidiactl
7f915b800000-7f915b900000 rw-s 94f69000 00:05 13212                      /dev/nvidiactl
7f915b900000-7f915ba00000 rw-s 36bb0000 00:05 13212                      /dev/nvidiactl
7f915ba00000-7f915bb00000 rw-s 1ae7f2000 00:05 13212                     /dev/nvidiactl
7f915bb00000-7f915bc00000 rw-s 1fd651000 00:05 13212                     /dev/nvidiactl
7f915bc00000-7f915c000000 rw-s 15b231000 00:05 13212                     /dev/nvidiactl
7f915c000000-7f915c021000 rw-p 00000000 00:00 0 
7f915c021000-7f9160000000 ---p 00000000 00:00 0 
7f9160009000-7f916000a000 rw-s eff6e000 00:05 13214                      /dev/nvidia0
7f916000a000-7f916000b000 rw-s 199a1c000 00:05 13212                     /dev/nvidiactl
7f916000b000-7f916000c000 rw-s eff6d000 00:05 13214                      /dev/nvidia0
7f916000c000-7f916000d000 rw-s 525a2000 00:05 13212                      /dev/nvidiactl
7f916000d000-7f916000e000 rw-s eff6c000 00:05 13214                      /dev/nvidia0
7f916000e000-7f916000f000 rw-s 1fc744000 00:05 13212                     /dev/nvidiactl
7f916000f000-7f9160010000 rw-s eff6b000 00:05 13214                      /dev/nvidia0
7f9160010000-7f9160011000 rw-s 63b7b000 00:05 13212                      /dev/nvidiactl
7f9160011000-7f9160012000 rw-s eff6a000 00:05 13214                      /dev/nvidia0
7f9160012000-7f9160013000 rw-s ad10d000 00:05 13212                      /dev/nvidiactl
7f9160013000-7f9160014000 rw-s eff69000 00:05 13214                      /dev/nvidia0
7f9160014000-7f9160015000 rw-s 46beb000 00:05 13212                      /dev/nvidiactl
7f9160015000-7f9160016000 rw-s eff68000 00:05 13214                      /dev/nvidia0
7f9160016000-7f9160416000 rw-s b1a36000 00:05 13212                      /dev/nvidiactl
7f9160416000-7f9160417000 ---p 00000000 00:00 0 
7f9160417000-7f9160c17000 rw-p 00000000 00:00 0                          [stack:27890]
7f9160c17000-7f9160d17000 rw-s 6c8b5000 00:05 13212                      /dev/nvidiactl
7f9160d17000-7f9160d22000 r-xp 00000000 08:01 4982176                    /tmp/jogamp_0000/file_cache/jln936715678122009410/jln3133086260176203277/natives/linux-amd64/libjocl.so
7f9160d22000-7f9160f21000 ---p 0000b000 08:01 4982176                    /tmp/jogamp_0000/file_cache/jln936715678122009410/jln3133086260176203277/natives/linux-amd64/libjocl.so
7f9160f21000-7f9160f22000 r--p 0000a000 08:01 4982176                    /tmp/jogamp_0000/file_cache/jln936715678122009410/jln3133086260176203277/natives/linux-amd64/libjocl.so
7f9160f22000-7f9160f23000 rw-p 0000b000 08:01 4982176                    /tmp/jogamp_0000/file_cache/jln936715678122009410/jln3133086260176203277/natives/linux-amd64/libjocl.so
7f9160f23000-7f91619e6000 r-xp 00000000 08:01 3672125                    /usr/lib/x86_64-linux-gnu/libcuda.so.346.82
7f91619e6000-7f9161be6000 ---p 00ac3000 08:01 3672125                    /usr/lib/x86_64-linux-gnu/libcuda.so.346.82
7f9161be6000-7f9161d98000 rw-p 00ac3000 08:01 3672125                    /usr/lib/x86_64-linux-gnu/libcuda.so.346.82
7f9161d98000-7f9161dad000 rw-p 00000000 00:00 0 
7f9161dad000-7f9162888000 r-xp 00000000 08:01 3674886                    /usr/lib/x86_64-linux-gnu/libnvidia-opencl.so.346.82
7f9162888000-7f9162a87000 ---p 00adb000 08:01 3674886                    /usr/lib/x86_64-linux-gnu/libnvidia-opencl.so.346.82
7f9162a87000-7f9162c3d000 rw-p 00ada000 08:01 3674886                    /usr/lib/x86_64-linux-gnu/libnvidia-opencl.so.346.82
7f9162c3d000-7f9162c52000 rw-p 00000000 00:00 0 
7f9162c52000-7f9162c5a000 r-xp 00000000 08:01 3670455                    /usr/lib/x86_64-linux-gnu/libOpenCL.so.1.0.0
7f9162c5a000-7f9162e59000 ---p 00008000 08:01 3670455                    /usr/lib/x86_64-linux-gnu/libOpenCL.so.1.0.0
7f9162e59000-7f9162e5a000 r--p 00007000 08:01 3670455                    /usr/lib/x86_64-linux-gnu/libOpenCL.so.1.0.0
7f9162e5a000-7f9162e5b000 rw-p 00008000 08:01 3670455                    /usr/lib/x86_64-linux-gnu/libOpenCL.so.1.0.0
7f9162e5b000-7f9162e5d000 r-xp 00000000 08:01 4982175                    /tmp/jogamp_0000/file_cache/jln936715678122009410/jln3133086260176203277/natives/linux-amd64/libgluegen-rt.so
7f9162e5d000-7f916305c000 ---p 00002000 08:01 4982175                    /tmp/jogamp_0000/file_cache/jln936715678122009410/jln3133086260176203277/natives/linux-amd64/libgluegen-rt.so
7f916305c000-7f916305d000 r--p 00001000 08:01 4982175                    /tmp/jogamp_0000/file_cache/jln936715678122009410/jln3133086260176203277/natives/linux-amd64/libgluegen-rt.so
7f916305d000-7f916305e000 rw-p 00002000 08:01 4982175                    /tmp/jogamp_0000/file_cache/jln936715678122009410/jln3133086260176203277/natives/linux-amd64/libgluegen-rt.so
7f916305e000-7f916306e000 r-xp 00000000 08:01 4853686                    /usr/lib/jvm/java-7-openjdk-amd64/jre/lib/amd64/libnio.so
7f916306e000-7f916326e000 ---p 00010000 08:01 4853686                    /usr/lib/jvm/java-7-openjdk-amd64/jre/lib/amd64/libnio.so
7f916326e000-7f916326f000 r--p 00010000 08:01 4853686                    /usr/lib/jvm/java-7-openjdk-amd64/jre/lib/amd64/libnio.so
7f916326f000-7f9163270000 rw-p 00011000 08:01 4853686                    /usr/lib/jvm/java-7-openjdk-amd64/jre/lib/amd64/libnio.so
7f9163270000-7f91632ad000 r-xp 00000000 08:01 2114819                    /lib/x86_64-linux-gnu/libpcre.so.3.13.1
7f91632ad000-7f91634ac000 ---p 0003d000 08:01 2114819                    /lib/x86_64-linux-gnu/libpcre.so.3.13.1
7f91634ac000-7f91634ad000 r--p 0003c000 08:01 2114819                    /lib/x86_64-linux-gnu/libpcre.so.3.13.1
7f91634ad000-7f91634ae000 rw-p 0003d000 08:01 2114819                    /lib/x86_64-linux-gnu/libpcre.so.3.13.1
7f91634ae000-7f91634b5000 r-xp 00000000 08:01 3675991                    /usr/lib/x86_64-linux-gnu/libffi.so.6.0.1
7f91634b5000-7f91636b4000 ---p 00007000 08:01 3675991                    /usr/lib/x86_64-linux-gnu/libffi.so.6.0.1
7f91636b4000-7f91636b5000 r--p 00006000 08:01 3675991                    /usr/lib/x86_64-linux-gnu/libffi.so.6.0.1
7f91636b5000-7f91636b6000 rw-p 00007000 08:01 3675991                    /usr/lib/x86_64-linux-gnu/libffi.so.6.0.1
7f91636b6000-7f91636cd000 r-xp 00000000 08:01 2104446                    /lib/x86_64-linux-gnu/libresolv-2.19.so
7f91636cd000-7f91638cd000 ---p 00017000 08:01 2104446                    /lib/x86_64-linux-gnu/libresolv-2.19.so
7f91638cd000-7f91638ce000 r--p 00017000 08:01 2104446                    /lib/x86_64-linux-gnu/libresolv-2.19.so
7f91638ce000-7f91638cf000 rw-p 00018000 08:01 2104446                    /lib/x86_64-linux-gnu/libresolv-2.19.so
7f91638cf000-7f91638d1000 rw-p 00000000 00:00 0 
7f91638d1000-7f91638f1000 r-xp 00000000 08:01 2103373                    /lib/x86_64-linux-gnu/libselinux.so.1
7f91638f1000-7f9163af0000 ---p 00020000 08:01 2103373                    /lib/x86_64-linux-gnu/libselinux.so.1
7f9163af0000-7f9163af1000 r--p 0001f000 08:01 2103373                    /lib/x86_64-linux-gnu/libselinux.so.1
7f9163af1000-7f9163af2000 rw-p 00020000 08:01 2103373                    /lib/x86_64-linux-gnu/libselinux.so.1
7f9163af2000-7f9163af4000 rw-p 00000000 00:00 0 
7f9163af4000-7f9163af7000 r-xp 00000000 08:01 3676104                    /usr/lib/x86_64-linux-gnu/libgmodule-2.0.so.0.4002.0
7f9163af7000-7f9163cf6000 ---p 00003000 08:01 3676104                    /usr/lib/x86_64-linux-gnu/libgmodule-2.0.so.0.4002.0
7f9163cf6000-7f9163cf7000 r--p 00002000 08:01 3676104                    /usr/lib/x86_64-linux-gnu/libgmodule-2.0.so.0.4002.0
7f9163cf7000-7f9163cf8000 rw-p 00003000 08:01 3676104                    /usr/lib/x86_64-linux-gnu/libgmodule-2.0.so.0.4002.0
7f9163cf8000-7f9163dfe000 r-xp 00000000 08:01 2103274                    /lib/x86_64-linux-gnu/libglib-2.0.so.0.4002.0
7f9163dfe000-7f9163ffd000 ---p 00106000 08:01 2103274                    /lib/x86_64-linux-gnu/libglib-2.0.so.0.4002.0
7f9163ffd000-7f9163ffe000 r--p 00105000 08:01 2103274                    /lib/x86_64-linux-gnu/libglib-2.0.so.0.4002.0
7f9163ffe000-7f9163fff000 rw-p 00106000 08:01 2103274                    /lib/x86_64-linux-gnu/libglib-2.0.so.0.4002.0
7f9163fff000-7f9164000000 rw-p 00000000 00:00 0 
7f9164000000-7f9164021000 rw-p 00000000 00:00 0 
7f9164021000-7f9168000000 ---p 00000000 00:00 0 
7f9168000000-7f9168001000 rw-s 6c8d9000 00:05 13212                      /dev/nvidiactl
7f9168001000-7f9168021000 rw-s e0180000 00:05 13214                      /dev/nvidia0
7f9168021000-7f9168041000 rw-s e0160000 00:05 13214                      /dev/nvidia0
7f9168140000-7f9168142000 rw-p 00000000 00:00 0 
7f9168142000-7f9168191000 r-xp 00000000 08:01 3676120                    /usr/lib/x86_64-linux-gnu/libgobject-2.0.so.0.4002.0
7f9168191000-7f9168391000 ---p 0004f000 08:01 3676120                    /usr/lib/x86_64-linux-gnu/libgobject-2.0.so.0.4002.0
7f9168391000-7f9168392000 r--p 0004f000 08:01 3676120                    /usr/lib/x86_64-linux-gnu/libgobject-2.0.so.0.4002.0
7f9168392000-7f9168393000 rw-p 00050000 08:01 3676120                    /usr/lib/x86_64-linux-gnu/libgobject-2.0.so.0.4002.0
7f9168393000-7f91684ff000 r-xp 00000000 08:01 3676092                    /usr/lib/x86_64-linux-gnu/libgio-2.0.so.0.4002.0
7f91684ff000-7f91686fe000 ---p 0016c000 08:01 3676092                    /usr/lib/x86_64-linux-gnu/libgio-2.0.so.0.4002.0
7f91686fe000-7f9168702000 r--p 0016b000 08:01 3676092                    /usr/lib/x86_64-linux-gnu/libgio-2.0.so.0.4002.0
7f9168702000-7f9168704000 rw-p 0016f000 08:01 3676092                    /usr/lib/x86_64-linux-gnu/libgio-2.0.so.0.4002.0
7f9168704000-7f9168706000 rw-p 00000000 00:00 0 
7f9168706000-7f916871d000 r-xp 00000000 08:01 4853681                    /usr/lib/jvm/java-7-openjdk-amd64/jre/lib/amd64/libnet.so
7f916871d000-7f916891c000 ---p 00017000 08:01 4853681                    /usr/lib/jvm/java-7-openjdk-amd64/jre/lib/amd64/libnet.so
7f916891c000-7f916891d000 r--p 00016000 08:01 4853681                    /usr/lib/jvm/java-7-openjdk-amd64/jre/lib/amd64/libnet.so
7f916891d000-7f916891e000 rw-p 00017000 08:01 4853681                    /usr/lib/jvm/java-7-openjdk-amd64/jre/lib/amd64/libnet.so
7f916891e000-7f9169000000 r--p 00000000 08:01 3674563                    /usr/lib/locale/locale-archive
7f9169000000-7f9169270000 rwxp 00000000 00:00 0 
7f9169270000-7f916d1f3000 rw-p 00000000 00:00 0 
7f916d1f3000-7f9170000000 ---p 00000000 00:00 0 
7f9170000000-7f9170001000 rw-s eff67000 00:05 13214                      /dev/nvidia0
7f9170001000-7f9170002000 rw-s 1f16c3000 00:05 13212                     /dev/nvidiactl
7f9170002000-7f9170003000 rw-s eff66000 00:05 13214                      /dev/nvidia0
7f9170003000-7f9170004000 rw-s 15b0fe000 00:05 13212                     /dev/nvidiactl
7f9170004000-7f9170005000 rw-s eff65000 00:05 13214                      /dev/nvidia0
7f9170005000-7f9170006000 rw-s 1b24bb000 00:05 13212                     /dev/nvidiactl
7f9170006000-7f9170052000 rw-s 9d800000 00:05 13212                      /dev/nvidiactl
7f9170052000-7f9170072000 rw-s e0140000 00:05 13214                      /dev/nvidia0
7f9170072000-7f9170092000 rw-s e0120000 00:05 13214                      /dev/nvidia0
7f9170092000-7f91700e4000 rw-p 00000000 00:00 0 
7f91700e4000-7f91700eb000 r--s 00000000 08:01 4203242                    /usr/lib/x86_64-linux-gnu/gconv/gconv-modules.cache
7f91700eb000-7f91700ec000 r--p 00000000 08:01 4461979                    /usr/share/locale-langpack/en_GB/LC_MESSAGES/libc.mo
7f91700ec000-7f91700ed000 rw-s eff64000 00:05 13214                      /dev/nvidia0
7f91700ed000-7f91700ee000 rw-s 1f166b000 00:05 13212                     /dev/nvidiactl
7f91700ee000-7f91700ef000 rw-s eff63000 00:05 13214                      /dev/nvidia0
7f91700ef000-7f91700f0000 rw-s 199935000 00:05 13212                     /dev/nvidiactl
7f91700f0000-7f9170111000 rw-p 00000000 00:00 0 
7f9170111000-7f9170112000 r--s 00002000 08:06 68771                      /home/ericbarnhill/Documents/code/jogamp/jocl/build/jar/jocl-natives-linux-amd64.jar
7f9170112000-7f9170114000 r--s 00000000 08:06 63540                      /home/ericbarnhill/Documents/code/jogamp/gluegen/build/gluegen-rt-natives-linux-amd64.jar
7f9170114000-7f9170117000 ---p 00000000 00:00 0 
7f9170117000-7f917014d000 rw-p 00000000 00:00 0                          [stack:27885]
7f917014d000-7f917014e000 r--p 00000000 00:00 0 
7f917014e000-7f9170153000 r--s 0004d000 08:01 4080643                    /usr/lib/jvm/java-7-openjdk-amd64/jre/lib/jsse.jar
7f9170153000-7f917015e000 r--s 0006f000 08:06 23467237                   /home/ericbarnhill/Documents/code/jtransforms-2.4.jar
7f917015e000-7f9170164000 r--s 0004f000 08:06 63508                      /home/ericbarnhill/Documents/code/jogamp/gluegen/build/gluegen-rt.jar
7f9170164000-7f917016a000 r--s 00030000 08:06 68770                      /home/ericbarnhill/Documents/code/jogamp/jocl/build/jar/jocl.jar
7f917016a000-7f917016d000 r--s 000bd000 08:06 70280                      /home/ericbarnhill/Documents/code/jogamp/jocl-demos/build/jar/jocl-demos.jar
7f917016d000-7f9170171000 r--s 00034000 08:01 4458065                    /usr/lib/jvm/java-7-openjdk-amd64/jre/lib/ext/sunjce_provider.jar
7f9170171000-7f9170175000 r--s 0003c000 08:01 4458066                    /usr/lib/jvm/java-7-openjdk-amd64/jre/lib/ext/sunpkcs11.jar
7f9170175000-7f9170176000 ---p 00000000 00:00 0 
7f9170176000-7f9170276000 rw-p 00000000 00:00 0                          [stack:27881]
7f9170276000-7f9170279000 ---p 00000000 00:00 0 
7f9170279000-7f9170377000 rw-p 00000000 00:00 0                          [stack:27880]
7f9170377000-7f917037a000 ---p 00000000 00:00 0 
7f917037a000-7f9170478000 rw-p 00000000 00:00 0                          [stack:27879]
7f9170478000-7f917047b000 ---p 00000000 00:00 0 
7f917047b000-7f9170579000 rw-p 00000000 00:00 0                          [stack:27878]
7f9170579000-7f917057c000 ---p 00000000 00:00 0 
7f917057c000-7f917067a000 rw-p 00000000 00:00 0                          [stack:27877]
7f917067a000-7f917067d000 ---p 00000000 00:00 0 
7f917067d000-7f917077b000 rw-p 00000000 00:00 0                          [stack:27875]
7f917077b000-7f917077e000 ---p 00000000 00:00 0 
7f917077e000-7f917087c000 rw-p 00000000 00:00 0                          [stack:27874]
7f917087c000-7f917087d000 ---p 00000000 00:00 0 
7f917087d000-7f9171959000 rw-p 00000000 00:00 0                          [stack:27873]
7f9171959000-7f9171b0a000 r--s 01d29000 08:01 4080636                    /usr/lib/jvm/java-7-openjdk-amd64/jre/lib/rt.jar
7f9171b0a000-7f917205b000 rw-p 00000000 00:00 0 
7f917205b000-7f917205c000 ---p 00000000 00:00 0 
7f917205c000-7f917215c000 rw-p 00000000 00:00 0                          [stack:27872]
7f917215c000-7f917215d000 ---p 00000000 00:00 0 
7f917215d000-7f917225d000 rw-p 00000000 00:00 0                          [stack:27871]
7f917225d000-7f917225e000 ---p 00000000 00:00 0 
7f917225e000-7f917235e000 rw-p 00000000 00:00 0                          [stack:27870]
7f917235e000-7f917235f000 ---p 00000000 00:00 0 
7f917235f000-7f917246a000 rw-p 00000000 00:00 0                          [stack:27869]
7f917246a000-7f91724b2000 rw-p 00000000 00:00 0 
7f91724b2000-7f91724db000 rw-p 00000000 00:00 0 
7f91724db000-7f9172744000 rw-p 00000000 00:00 0 
7f9172744000-7f917274f000 rw-p 00000000 00:00 0 
7f917274f000-7f9172797000 rw-p 00000000 00:00 0 
7f9172797000-7f91727c0000 rw-p 00000000 00:00 0 
7f91727c0000-7f9172a29000 rw-p 00000000 00:00 0 
7f9172a29000-7f9172a3e000 rw-p 00000000 00:00 0 
7f9172a3e000-7f9172b72000 rw-p 00000000 00:00 0 
7f9172b72000-7f9172b73000 rw-p 00000000 00:00 0 
7f9172b73000-7f9172b7b000 r-xp 00000000 08:01 4851601                    /usr/lib/jvm/java-7-openjdk-amd64/jre/lib/amd64/libzip.so
7f9172b7b000-7f9172d7a000 ---p 00008000 08:01 4851601                    /usr/lib/jvm/java-7-openjdk-amd64/jre/lib/amd64/libzip.so
7f9172d7a000-7f9172d7b000 r--p 00007000 08:01 4851601                    /usr/lib/jvm/java-7-openjdk-amd64/jre/lib/amd64/libzip.so
7f9172d7b000-7f9172d7c000 rw-p 00008000 08:01 4851601                    /usr/lib/jvm/java-7-openjdk-amd64/jre/lib/amd64/libzip.so
7f9172d7c000-7f9172d87000 r-xp 00000000 08:01 2104454                    /lib/x86_64-linux-gnu/libnss_files-2.19.so
7f9172d87000-7f9172f86000 ---p 0000b000 08:01 2104454                    /lib/x86_64-linux-gnu/libnss_files-2.19.so
7f9172f86000-7f9172f87000 r--p 0000a000 08:01 2104454                    /lib/x86_64-linux-gnu/libnss_files-2.19.so
7f9172f87000-7f9172f88000 rw-p 0000b000 08:01 2104454                    /lib/x86_64-linux-gnu/libnss_files-2.19.so
7f9172f88000-7f9172f93000 r-xp 00000000 08:01 2104474                    /lib/x86_64-linux-gnu/libnss_nis-2.19.so
7f9172f93000-7f9173192000 ---p 0000b000 08:01 2104474                    /lib/x86_64-linux-gnu/libnss_nis-2.19.so
7f9173192000-7f9173193000 r--p 0000a000 08:01 2104474                    /lib/x86_64-linux-gnu/libnss_nis-2.19.so
7f9173193000-7f9173194000 rw-p 0000b000 08:01 2104474                    /lib/x86_64-linux-gnu/libnss_nis-2.19.so
7f9173194000-7f91731ab000 r-xp 00000000 08:01 2104463                    /lib/x86_64-linux-gnu/libnsl-2.19.so
7f91731ab000-7f91733aa000 ---p 00017000 08:01 2104463                    /lib/x86_64-linux-gnu/libnsl-2.19.so
7f91733aa000-7f91733ab000 r--p 00016000 08:01 2104463                    /lib/x86_64-linux-gnu/libnsl-2.19.so
7f91733ab000-7f91733ac000 rw-p 00017000 08:01 2104463                    /lib/x86_64-linux-gnu/libnsl-2.19.so
7f91733ac000-7f91733ae000 rw-p 00000000 00:00 0 
7f91733ae000-7f91733b7000 r-xp 00000000 08:01 2104462                    /lib/x86_64-linux-gnu/libnss_compat-2.19.so
7f91733b7000-7f91735b6000 ---p 00009000 08:01 2104462                    /lib/x86_64-linux-gnu/libnss_compat-2.19.so
7f91735b6000-7f91735b7000 r--p 00008000 08:01 2104462                    /lib/x86_64-linux-gnu/libnss_compat-2.19.so
7f91735b7000-7f91735b8000 rw-p 00009000 08:01 2104462                    /lib/x86_64-linux-gnu/libnss_compat-2.19.so
7f91735b8000-7f91735e3000 r-xp 00000000 08:01 4853689                    /usr/lib/jvm/java-7-openjdk-amd64/jre/lib/amd64/libjava.so
7f91735e3000-7f91737e2000 ---p 0002b000 08:01 4853689                    /usr/lib/jvm/java-7-openjdk-amd64/jre/lib/amd64/libjava.so
7f91737e2000-7f91737e3000 r--p 0002a000 08:01 4853689                    /usr/lib/jvm/java-7-openjdk-amd64/jre/lib/amd64/libjava.so
7f91737e3000-7f91737e5000 rw-p 0002b000 08:01 4853689                    /usr/lib/jvm/java-7-openjdk-amd64/jre/lib/amd64/libjava.so
7f91737e5000-7f91737f5000 r-xp 00000000 08:01 4853672                    /usr/lib/jvm/java-7-openjdk-amd64/jre/lib/amd64/libverify.so
7f91737f5000-7f91739f4000 ---p 00010000 08:01 4853672                    /usr/lib/jvm/java-7-openjdk-amd64/jre/lib/amd64/libverify.so
7f91739f4000-7f91739f6000 r--p 0000f000 08:01 4853672                    /usr/lib/jvm/java-7-openjdk-amd64/jre/lib/amd64/libverify.so
7f91739f6000-7f91739f7000 rw-p 00011000 08:01 4853672                    /usr/lib/jvm/java-7-openjdk-amd64/jre/lib/amd64/libverify.so
7f91739f7000-7f91739fe000 r-xp 00000000 08:01 2104471                    /lib/x86_64-linux-gnu/librt-2.19.so
7f91739fe000-7f9173bfd000 ---p 00007000 08:01 2104471                    /lib/x86_64-linux-gnu/librt-2.19.so
7f9173bfd000-7f9173bfe000 r--p 00006000 08:01 2104471                    /lib/x86_64-linux-gnu/librt-2.19.so
7f9173bfe000-7f9173bff000 rw-p 00007000 08:01 2104471                    /lib/x86_64-linux-gnu/librt-2.19.so
7f9173bff000-7f9173c15000 r-xp 00000000 08:01 2103270                    /lib/x86_64-linux-gnu/libgcc_s.so.1
7f9173c15000-7f9173e14000 ---p 00016000 08:01 2103270                    /lib/x86_64-linux-gnu/libgcc_s.so.1
7f9173e14000-7f9173e15000 rw-p 00015000 08:01 2103270                    /lib/x86_64-linux-gnu/libgcc_s.so.1
7f9173e15000-7f9173f1a000 r-xp 00000000 08:01 2104453                    /lib/x86_64-linux-gnu/libm-2.19.so
7f9173f1a000-7f9174119000 ---p 00105000 08:01 2104453                    /lib/x86_64-linux-gnu/libm-2.19.so
7f9174119000-7f917411a000 r--p 00104000 08:01 2104453                    /lib/x86_64-linux-gnu/libm-2.19.so
7f917411a000-7f917411b000 rw-p 00105000 08:01 2104453                    /lib/x86_64-linux-gnu/libm-2.19.so
7f917411b000-7f9174201000 r-xp 00000000 08:01 3670377                    /usr/lib/x86_64-linux-gnu/libstdc++.so.6.0.19
7f9174201000-7f9174400000 ---p 000e6000 08:01 3670377                    /usr/lib/x86_64-linux-gnu/libstdc++.so.6.0.19
7f9174400000-7f9174408000 r--p 000e5000 08:01 3670377                    /usr/lib/x86_64-linux-gnu/libstdc++.so.6.0.19
7f9174408000-7f917440a000 rw-p 000ed000 08:01 3670377                    /usr/lib/x86_64-linux-gnu/libstdc++.so.6.0.19
7f917440a000-7f917441f000 rw-p 00000000 00:00 0 
7f917441f000-7f9174f38000 r-xp 00000000 08:01 5274730                    /usr/lib/jvm/java-7-openjdk-amd64/jre/lib/amd64/server/libjvm.so
7f9174f38000-7f9175138000 ---p 00b19000 08:01 5274730                    /usr/lib/jvm/java-7-openjdk-amd64/jre/lib/amd64/server/libjvm.so
7f9175138000-7f91751d2000 r--p 00b19000 08:01 5274730                    /usr/lib/jvm/java-7-openjdk-amd64/jre/lib/amd64/server/libjvm.so
7f91751d2000-7f91751f5000 rw-p 00bb3000 08:01 5274730                    /usr/lib/jvm/java-7-openjdk-amd64/jre/lib/amd64/server/libjvm.so
7f91751f5000-7f9175223000 rw-p 00000000 00:00 0 
7f9175223000-7f917523b000 r-xp 00000000 08:01 2103406                    /lib/x86_64-linux-gnu/libz.so.1.2.8
7f917523b000-7f917543a000 ---p 00018000 08:01 2103406                    /lib/x86_64-linux-gnu/libz.so.1.2.8
7f917543a000-7f917543b000 r--p 00017000 08:01 2103406                    /lib/x86_64-linux-gnu/libz.so.1.2.8
7f917543b000-7f917543c000 rw-p 00018000 08:01 2103406                    /lib/x86_64-linux-gnu/libz.so.1.2.8
7f917543c000-7f9175455000 r-xp 00000000 08:01 2104469                    /lib/x86_64-linux-gnu/libpthread-2.19.so
7f9175455000-7f9175654000 ---p 00019000 08:01 2104469                    /lib/x86_64-linux-gnu/libpthread-2.19.so
7f9175654000-7f9175655000 r--p 00018000 08:01 2104469                    /lib/x86_64-linux-gnu/libpthread-2.19.so
7f9175655000-7f9175656000 rw-p 00019000 08:01 2104469                    /lib/x86_64-linux-gnu/libpthread-2.19.so
7f9175656000-7f917565a000 rw-p 00000000 00:00 0 
7f917565a000-7f917565d000 r-xp 00000000 08:01 2104457                    /lib/x86_64-linux-gnu/libdl-2.19.so
7f917565d000-7f917585c000 ---p 00003000 08:01 2104457                    /lib/x86_64-linux-gnu/libdl-2.19.so
7f917585c000-7f917585d000 r--p 00002000 08:01 2104457                    /lib/x86_64-linux-gnu/libdl-2.19.so
7f917585d000-7f917585e000 rw-p 00003000 08:01 2104457                    /lib/x86_64-linux-gnu/libdl-2.19.so
7f917585e000-7f9175a19000 r-xp 00000000 08:01 2104468                    /lib/x86_64-linux-gnu/libc-2.19.so
7f9175a19000-7f9175c18000 ---p 001bb000 08:01 2104468                    /lib/x86_64-linux-gnu/libc-2.19.so
7f9175c18000-7f9175c1c000 r--p 001ba000 08:01 2104468                    /lib/x86_64-linux-gnu/libc-2.19.so
7f9175c1c000-7f9175c1e000 rw-p 001be000 08:01 2104468                    /lib/x86_64-linux-gnu/libc-2.19.so
7f9175c1e000-7f9175c23000 rw-p 00000000 00:00 0 
7f9175c23000-7f9175c30000 r-xp 00000000 08:01 4997030                    /usr/lib/jvm/java-7-openjdk-amd64/jre/lib/amd64/jli/libjli.so
7f9175c30000-7f9175e2f000 ---p 0000d000 08:01 4997030                    /usr/lib/jvm/java-7-openjdk-amd64/jre/lib/amd64/jli/libjli.so
7f9175e2f000-7f9175e30000 r--p 0000c000 08:01 4997030                    /usr/lib/jvm/java-7-openjdk-amd64/jre/lib/amd64/jli/libjli.so
7f9175e30000-7f9175e31000 rw-p 0000d000 08:01 4997030                    /usr/lib/jvm/java-7-openjdk-amd64/jre/lib/amd64/jli/libjli.so
7f9175e31000-7f9175e54000 r-xp 00000000 08:01 2104465                    /lib/x86_64-linux-gnu/ld-2.19.so
7f9175e54000-7f9175e55000 r--s 00002000 08:01 4457732                    /usr/lib/jvm/java-7-openjdk-amd64/jre/lib/ext/dnsns.jar
7f9175e55000-7f9175e57000 r--s 00012000 08:01 4458090                    /usr/lib/jvm/java-7-openjdk-amd64/jre/lib/ext/zipfs.jar
7f9175e57000-7f9175e5b000 r--s 00085000 08:01 4457243                    /usr/lib/jvm/java-7-openjdk-amd64/jre/lib/ext/localedata.jar
7f9175e5b000-7f9175e65000 rw-p 00000000 00:00 0 
7f9175e65000-7f9175f1b000 rw-p 00000000 00:00 0 
7f9175f1b000-7f9175f1e000 ---p 00000000 00:00 0 
7f9175f1e000-7f9176021000 rw-p 00000000 00:00 0                          [stack:27868]
7f9176021000-7f9176024000 r--s 0000f000 08:01 4458072                    /usr/lib/jvm/java-7-openjdk-amd64/jre/lib/ext/icedtea-sound.jar
7f9176024000-7f9176026000 r--s 00006000 08:01 4210395                    /usr/share/java/java-atk-wrapper.jar
7f9176026000-7f9176047000 rw-p 00000000 00:00 0 
7f9176047000-7f917604f000 rw-s 00000000 08:01 4982138                    /tmp/hsperfdata_root/27863
7f917604f000-7f9176050000 rw-p 00000000 00:00 0 
7f9176050000-7f9176051000 r--p 00000000 00:00 0 
7f9176051000-7f9176053000 rw-p 00000000 00:00 0 
7f9176053000-7f9176054000 r--p 00022000 08:01 2104465                    /lib/x86_64-linux-gnu/ld-2.19.so
7f9176054000-7f9176055000 rw-p 00023000 08:01 2104465                    /lib/x86_64-linux-gnu/ld-2.19.so
7f9176055000-7f9176056000 rw-p 00000000 00:00 0 
7ffd7f7bb000-7ffd7f7dc000 rw-p 00000000 00:00 0                          [stack]
7ffd7f7df000-7ffd7f7e1000 r-xp 00000000 00:00 0                          [vdso]
7ffd7f7e1000-7ffd7f7e3000 r--p 00000000 00:00 0                          [vvar]
ffffffffff600000-ffffffffff601000 r-xp 00000000 00:00 0                  [vsyscall]

VM Arguments:
jvm_args: -Dfile.encoding=UTF-8 
java_command: jvcl.GPUFFT
Launcher Type: SUN_STANDARD

Environment Variables:
PATH=/usr/local/sbin:/usr/local/bin:/usr/sbin:/usr/bin:/sbin:/bin
USERNAME=root
SHELL=/bin/bash
DISPLAY=:0

Signal Handlers:
SIGSEGV: [libjvm.so+0x94bab0], sa_mask[0]=0x7ffbfeff, sa_flags=0x10000004
SIGBUS: [libjvm.so+0x94bab0], sa_mask[0]=0x7ffbfeff, sa_flags=0x10000004
SIGFPE: [libjvm.so+0x7c38b0], sa_mask[0]=0x7ffbfeff, sa_flags=0x10000004
SIGPIPE: [libjvm.so+0x7c38b0], sa_mask[0]=0x7ffbfeff, sa_flags=0x10000004
SIGXFSZ: [libjvm.so+0x7c38b0], sa_mask[0]=0x7ffbfeff, sa_flags=0x10000004
SIGILL: [libjvm.so+0x7c38b0], sa_mask[0]=0x7ffbfeff, sa_flags=0x10000004
SIGUSR1: SIG_DFL, sa_mask[0]=0x00000000, sa_flags=0x00000000
SIGUSR2: [libjvm.so+0x7c3750], sa_mask[0]=0x00000004, sa_flags=0x10000004
SIGHUP: [libjvm.so+0x7c3930], sa_mask[0]=0x7ffbfeff, sa_flags=0x10000004
SIGINT: [libjvm.so+0x7c3930], sa_mask[0]=0x7ffbfeff, sa_flags=0x10000004
SIGTERM: [libjvm.so+0x7c3930], sa_mask[0]=0x7ffbfeff, sa_flags=0x10000004
SIGQUIT: [libjvm.so+0x7c3930], sa_mask[0]=0x7ffbfeff, sa_flags=0x10000004
SIGTRAP: SIG_DFL, sa_mask[0]=0x00000000, sa_flags=0x00000000


---------------  S Y S T E M  ---------------

OS:Ubuntu 14.04 (trusty)
uname:Linux 3.16.0-49-generic #65~14.04.1-Ubuntu SMP Wed Sep 9 10:03:23 UTC 2015 x86_64
libc:glibc 2.19 NPTL 2.19 
rlimit: STACK 8192k, CORE 0k, NPROC 31478, NOFILE 4096, AS infinity
load average:0.27 0.62 0.48

/proc/meminfo:
MemTotal:        8079900 kB
MemFree:         4047936 kB
MemAvailable:    6327752 kB
Buffers:          719888 kB
Cached:          1511600 kB
SwapCached:            0 kB
Active:          2534220 kB
Inactive:         882880 kB
Active(anon):    1186868 kB
Inactive(anon):    32212 kB
Active(file):    1347352 kB
Inactive(file):   850668 kB
Unevictable:         104 kB
Mlocked:             104 kB
SwapTotal:       9999356 kB
SwapFree:        9999356 kB
Dirty:               204 kB
Writeback:             0 kB
AnonPages:       1185716 kB
Mapped:           345800 kB
Shmem:             33476 kB
Slab:             375996 kB
SReclaimable:     335200 kB
SUnreclaim:        40796 kB
KernelStack:       12000 kB
PageTables:        33480 kB
NFS_Unstable:          0 kB
Bounce:                0 kB
WritebackTmp:          0 kB
CommitLimit:    14039304 kB
Committed_AS:    4852396 kB
VmallocTotal:   34359738367 kB
VmallocUsed:      394184 kB
VmallocChunk:   34359275188 kB
HardwareCorrupted:     0 kB
AnonHugePages:    729088 kB
HugePages_Total:       0
HugePages_Free:        0
HugePages_Rsvd:        0
HugePages_Surp:        0
Hugepagesize:       2048 kB
DirectMap4k:      298656 kB
DirectMap2M:     7993344 kB


CPU:total 4 (2 cores per cpu, 2 threads per core) family 6 model 58 stepping 9, cmov, cx8, fxsr, mmx, sse, sse2, sse3, ssse3, sse4.1, sse4.2, popcnt, avx, aes, erms, ht, tsc, tscinvbit, tscinv

/proc/cpuinfo:
processor	: 0
vendor_id	: GenuineIntel
cpu family	: 6
model		: 58
model name	: Intel(R) Core(TM) i7-3520M CPU @ 2.90GHz
stepping	: 9
microcode	: 0x19
cpu MHz		: 3200.308
cache size	: 4096 KB
physical id	: 0
siblings	: 4
core id		: 0
cpu cores	: 2
apicid		: 0
initial apicid	: 0
fpu		: yes
fpu_exception	: yes
cpuid level	: 13
wp		: yes
flags		: fpu vme de pse tsc msr pae mce cx8 apic sep mtrr pge mca cmov pat pse36 clflush dts acpi mmx fxsr sse sse2 ss ht tm pbe syscall nx rdtscp lm constant_tsc arch_perfmon pebs bts rep_good nopl xtopology nonstop_tsc aperfmperf eagerfpu pni pclmulqdq dtes64 monitor ds_cpl vmx smx est tm2 ssse3 cx16 xtpr pdcm pcid sse4_1 sse4_2 x2apic popcnt tsc_deadline_timer aes xsave avx f16c rdrand lahf_lm ida arat epb xsaveopt pln pts dtherm tpr_shadow vnmi flexpriority ept vpid fsgsbase smep erms
bogomips	: 5781.00
clflush size	: 64
cache_alignment	: 64
address sizes	: 36 bits physical, 48 bits virtual
power management:

processor	: 1
vendor_id	: GenuineIntel
cpu family	: 6
model		: 58
model name	: Intel(R) Core(TM) i7-3520M CPU @ 2.90GHz
stepping	: 9
microcode	: 0x19
cpu MHz		: 3576.742
cache size	: 4096 KB
physical id	: 0
siblings	: 4
core id		: 1
cpu cores	: 2
apicid		: 2
initial apicid	: 2
fpu		: yes
fpu_exception	: yes
cpuid level	: 13
wp		: yes
flags		: fpu vme de pse tsc msr pae mce cx8 apic sep mtrr pge mca cmov pat pse36 clflush dts acpi mmx fxsr sse sse2 ss ht tm pbe syscall nx rdtscp lm constant_tsc arch_perfmon pebs bts rep_good nopl xtopology nonstop_tsc aperfmperf eagerfpu pni pclmulqdq dtes64 monitor ds_cpl vmx smx est tm2 ssse3 cx16 xtpr pdcm pcid sse4_1 sse4_2 x2apic popcnt tsc_deadline_timer aes xsave avx f16c rdrand lahf_lm ida arat epb xsaveopt pln pts dtherm tpr_shadow vnmi flexpriority ept vpid fsgsbase smep erms
bogomips	: 5781.00
clflush size	: 64
cache_alignment	: 64
address sizes	: 36 bits physical, 48 bits virtual
power management:

processor	: 2
vendor_id	: GenuineIntel
cpu family	: 6
model		: 58
model name	: Intel(R) Core(TM) i7-3520M CPU @ 2.90GHz
stepping	: 9
microcode	: 0x19
cpu MHz		: 3400.023
cache size	: 4096 KB
physical id	: 0
siblings	: 4
core id		: 0
cpu cores	: 2
apicid		: 1
initial apicid	: 1
fpu		: yes
fpu_exception	: yes
cpuid level	: 13
wp		: yes
flags		: fpu vme de pse tsc msr pae mce cx8 apic sep mtrr pge mca cmov pat pse36 clflush dts acpi mmx fxsr sse sse2 ss ht tm pbe syscall nx rdtscp lm constant_tsc arch_perfmon pebs bts rep_good nopl xtopology nonstop_tsc aperfmperf eagerfpu pni pclmulqdq dtes64 monitor ds_cpl vmx smx est tm2 ssse3 cx16 xtpr pdcm pcid sse4_1 sse4_2 x2apic popcnt tsc_deadline_timer aes xsave avx f16c rdrand lahf_lm ida arat epb xsaveopt pln pts dtherm tpr_shadow vnmi flexpriority ept vpid fsgsbase smep erms
bogomips	: 5781.00
clflush size	: 64
cache_alignment	: 64
address sizes	: 36 bits physical, 48 bits virtual
power management:

processor	: 3
vendor_id	: GenuineIntel
cpu family	: 6
model		: 58
model name	: Intel(R) Core(TM) i7-3520M CPU @ 2.90GHz
stepping	: 9
microcode	: 0x19
cpu MHz		: 3554.878
cache size	: 4096 KB
physical id	: 0
siblings	: 4
core id		: 1
cpu cores	: 2
apicid		: 3
initial apicid	: 3
fpu		: yes
fpu_exception	: yes
cpuid level	: 13
wp		: yes
flags		: fpu vme de pse tsc msr pae mce cx8 apic sep mtrr pge mca cmov pat pse36 clflush dts acpi mmx fxsr sse sse2 ss ht tm pbe syscall nx rdtscp lm constant_tsc arch_perfmon pebs bts rep_good nopl xtopology nonstop_tsc aperfmperf eagerfpu pni pclmulqdq dtes64 monitor ds_cpl vmx smx est tm2 ssse3 cx16 xtpr pdcm pcid sse4_1 sse4_2 x2apic popcnt tsc_deadline_timer aes xsave avx f16c rdrand lahf_lm ida arat epb xsaveopt pln pts dtherm tpr_shadow vnmi flexpriority ept vpid fsgsbase smep erms
bogomips	: 5781.00
clflush size	: 64
cache_alignment	: 64
address sizes	: 36 bits physical, 48 bits virtual
power management:



Memory: 4k page, physical 8079900k(4047936k free), swap 9999356k(9999356k free)

vm_info: OpenJDK 64-Bit Server VM (24.79-b02) for linux-amd64 JRE (1.7.0_79-b14), built on Jul 24 2015 08:15:54 by "buildd" with gcc 4.8.2

time: Sun Oct  4 10:52:35 2015
elapsed time: 0 seconds

