#
# A fatal error has been detected by the Java Runtime Environment:
#
#  SIGSEGV (0xb) at pc=0x00007ffac74a04ac, pid=27181, tid=140715384067840
#
# JRE version: OpenJDK Runtime Environment (7.0_79-b14) (build 1.7.0_79-b14)
# Java VM: OpenJDK 64-Bit Server VM (24.79-b02 mixed mode linux-amd64 compressed oops)
# Derivative: IcedTea 2.5.6
# Distribution: Ubuntu 14.04 LTS, package 7u79-2.5.6-0ubuntu1.14.04.1
# Problematic frame:
# C  [libOpenCL.so.1+0x54ac]  clCreateBuffer+0xc
#
# Failed to write core dump. Core dumps have been disabled. To enable core dumping, try "ulimit -c unlimited" before starting Java again
#
# If you would like to submit a bug report, please include
# instructions on how to reproduce the bug and visit:
#   http://icedtea.classpath.org/bugzilla
# The crash happened outside the Java Virtual Machine in native code.
# See problematic frame for where to report the bug.
#

---------------  T H R E A D  ---------------

Current thread (0x00007ffad400a000):  JavaThread "main" [_thread_in_native, id=27186, stack(0x00007ffada6b5000,0x00007ffada7b6000)]

siginfo:si_signo=SIGSEGV: si_errno=0, si_code=128 (), si_addr=0x0000000000000000

Registers:
RAX=0x5f6176616a4c5a49, RBX=0x000000077a6f7148, RCX=0x0000000000000000, RDX=0x0000000000000004
RSP=0x00007ffada7b3fd8, RBP=0x00007ffada7b4040, RSI=0x0000000000000001, RDI=0x00007ffad4f9f5e0
R8 =0x00000007d759e380, R9 =0x0000000000000000, R10=0x00007ffad018ed6c, R11=0x00007ffad94162f0
R12=0x0000000000000000, R13=0x000000077a6f7148, R14=0x00007ffada7b4198, R15=0x00007ffad400a000
RIP=0x00007ffac74a04ac, EFLAGS=0x0000000000010202, CSGSFS=0x0000000000000033, ERR=0x0000000000000000
  TRAPNO=0x000000000000000d

Top of Stack: (sp=0x00007ffada7b3fd8)
0x00007ffada7b3fd8:   00007ffac55653c2 00007ffad4f9f5e0
0x00007ffada7b3fe8:   0000000100000000 0000000000000000
0x00007ffada7b3ff8:   0000000000000004 0000000000000001
0x00007ffada7b4008:   00007ffad4f9f5e0 00007ffada7b4198
0x00007ffada7b4018:   00007ffad400a1d8 0000000000000000
0x00007ffada7b4028:   00000007d759e380 00007ffac74a04a0
0x00007ffada7b4038:   00007ffad018ec2d 00007ffada7b4108
0x00007ffada7b4048:   00007ffad018ed98 0000000000000000
0x00007ffada7b4058:   0000000000000001 00007ffada7b4148
0x00007ffada7b4068:   0000000000000000 0000000000000000
0x00007ffada7b4078:   00007ffac74a04a0 00007ffad0181310
0x00007ffada7b4088:   0000000000000000 00007ffada7b41e0
0x00007ffada7b4098:   00007ffada7b4128 00007ffad400ace8
0x00007ffada7b40a8:   00007ffad400ace8 00007ffad400ad18
0x00007ffada7b40b8:   00007ffad400ad18 00000000fffffffe
0x00007ffada7b40c8:   00007ffada7b40c8 000000077a6f7148
0x00007ffada7b40d8:   00007ffada7b4198 000000077a7064d8
0x00007ffada7b40e8:   0000000000000000 000000077a6f7148
0x00007ffada7b40f8:   0000000000000000 00007ffada7b4128
0x00007ffada7b4108:   00007ffada7b41e0 00007ffad0182175
0x00007ffada7b4118:   0000000000000000 00007ffad018acd7
0x00007ffada7b4128:   00007ffac74a04a0 0000000000000000
0x00007ffada7b4138:   0000000000000000 0000000000000000
0x00007ffada7b4148:   00000007d759e370 0000000000000001
0x00007ffada7b4158:   0000000000000000 0000000000000000
0x00007ffada7b4168:   0000000000000004 00007ffada7b4250
0x00007ffada7b4178:   0000000000000001 00007ffada7b41e0
0x00007ffada7b4188:   00007ffad4f9f5e0 00007ffac74a04a0
0x00007ffada7b4198:   00000007d73cd558 00007ffada7b41a0
0x00007ffada7b41a8:   000000077a6f7346 00007ffada7b4250
0x00007ffada7b41b8:   000000077a7064d8 0000000000000000
0x00007ffada7b41c8:   000000077a6f7358 00007ffada7b4128 

Instructions: (pc=0x00007ffac74a04ac)
0x00007ffac74a048c:   ff e0 66 90 48 85 c9 74 06 c7 01 de ff ff ff 31
0x00007ffac74a049c:   c0 c3 66 90 48 85 ff 74 0b 48 8b 07 48 8b 40 70
0x00007ffac74a04ac:   ff e0 66 90 4d 85 c0 74 07 41 c7 00 de ff ff ff
0x00007ffac74a04bc:   31 c0 c3 90 48 85 ff 4c 8b 54 24 08 48 8b 44 24 

Register to memory mapping:

RAX=0x5f6176616a4c5a49 is an unknown value
RBX=0x000000077a6f7148 is an oop
{method} 
 - klass: {other class}
RCX=0x0000000000000000 is an unknown value
RDX=0x0000000000000004 is an unknown value
RSP=0x00007ffada7b3fd8 is pointing into the stack for thread: 0x00007ffad400a000
RBP=0x00007ffada7b4040 is pointing into the stack for thread: 0x00007ffad400a000
RSI=0x0000000000000001 is an unknown value
RDI=0x00007ffad4f9f5e0 is an unknown value
R8 =0x00000007d759e380 is an unknown value
R9 =0x0000000000000000 is an unknown value
R10=0x00007ffad018ed6c is at code_begin+620 in an Interpreter codelet
method entry point (kind = native)  [0x00007ffad018eb00, 0x00007ffad018f360]  2144 bytes
R11=0x00007ffad94162f0: <offset 0x85d2f0> in /usr/lib/jvm/java-7-openjdk-amd64/jre/lib/amd64/server/libjvm.so at 0x00007ffad8bb9000
R12=0x0000000000000000 is an unknown value
R13=0x000000077a6f7148 is an oop
{method} 
 - klass: {other class}
R14=0x00007ffada7b4198 is pointing into the stack for thread: 0x00007ffad400a000
R15=0x00007ffad400a000 is a thread


Stack: [0x00007ffada6b5000,0x00007ffada7b6000],  sp=0x00007ffada7b3fd8,  free space=1019k
Native frames: (J=compiled Java code, j=interpreted, Vv=VM code, C=native code)
C  [libOpenCL.so.1+0x54ac]  clCreateBuffer+0xc
j  com.jogamp.opencl.llb.impl.CLAbstractImpl.dispatch_clCreateBuffer1(JJJLjava/lang/Object;IZLjava/lang/Object;IZJ)J+0
j  com.jogamp.opencl.llb.impl.CLAbstractImpl.clCreateBuffer(JJJLjava/nio/Buffer;[II)J+150
j  com.jogamp.opencl.CLBuffer.create(Lcom/jogamp/opencl/CLContext;Ljava/nio/Buffer;I)Lcom/jogamp/opencl/CLBuffer;+68
j  com.jogamp.opencl.CLContext.createBuffer(Ljava/nio/Buffer;I)Lcom/jogamp/opencl/CLBuffer;+3
j  com.jogamp.opencl.CLContext.createBuffer(Ljava/nio/Buffer;[Lcom/jogamp/opencl/CLMemory$Mem;)Lcom/jogamp/opencl/CLBuffer;+6
j  com.jogamp.opencl.CLContext.createFloatBuffer(I[Lcom/jogamp/opencl/CLMemory$Mem;)Lcom/jogamp/opencl/CLBuffer;+6
j  jvcl.GPUFFT.fft_simple([F[F)V+221
j  jvcl.GPUFFT.fft_simple([F[F)V+198
j  jvcl.GPUFFT.fft_simple([F[F)V+198
j  jvcl.GPUFFT.fft_simple([F[F)V+198
j  jvcl.GPUFFT.fft_simple([F[F)V+198
j  jvcl.GPUFFT.fft_simple([F[F)V+198
j  jvcl.GPUFFT.main([Ljava/lang/String;)V+77
v  ~StubRoutines::call_stub
V  [libjvm.so+0x5e80c9]  JavaCalls::call_helper(JavaValue*, methodHandle*, JavaCallArguments*, Thread*)+0x339
V  [libjvm.so+0x5e7b68]  JavaCalls::call(JavaValue*, methodHandle, JavaCallArguments*, Thread*)+0x28
V  [libjvm.so+0x5f6c9b]  jni_invoke_static(JNIEnv_*, JavaValue*, _jobject*, JNICallType, _jmethodID*, JNI_ArgumentPusher*, Thread*) [clone .isra.124] [clone .constprop.156]+0x28b
V  [libjvm.so+0x607f08]  jni_CallStaticVoidMethod+0x118
C  [libjli.so+0x31f9]

Java frames: (J=compiled Java code, j=interpreted, Vv=VM code)
j  com.jogamp.opencl.llb.impl.CLAbstractImpl.dispatch_clCreateBuffer1(JJJLjava/lang/Object;IZLjava/lang/Object;IZJ)J+0
j  com.jogamp.opencl.llb.impl.CLAbstractImpl.clCreateBuffer(JJJLjava/nio/Buffer;[II)J+150
j  com.jogamp.opencl.CLBuffer.create(Lcom/jogamp/opencl/CLContext;Ljava/nio/Buffer;I)Lcom/jogamp/opencl/CLBuffer;+68
j  com.jogamp.opencl.CLContext.createBuffer(Ljava/nio/Buffer;I)Lcom/jogamp/opencl/CLBuffer;+3
j  com.jogamp.opencl.CLContext.createBuffer(Ljava/nio/Buffer;[Lcom/jogamp/opencl/CLMemory$Mem;)Lcom/jogamp/opencl/CLBuffer;+6
j  com.jogamp.opencl.CLContext.createFloatBuffer(I[Lcom/jogamp/opencl/CLMemory$Mem;)Lcom/jogamp/opencl/CLBuffer;+6
j  jvcl.GPUFFT.fft_simple([F[F)V+221
j  jvcl.GPUFFT.fft_simple([F[F)V+198
j  jvcl.GPUFFT.fft_simple([F[F)V+198
j  jvcl.GPUFFT.fft_simple([F[F)V+198
j  jvcl.GPUFFT.fft_simple([F[F)V+198
j  jvcl.GPUFFT.fft_simple([F[F)V+198
j  jvcl.GPUFFT.main([Ljava/lang/String;)V+77
v  ~StubRoutines::call_stub

---------------  P R O C E S S  ---------------

Java Threads: ( => current thread )
  0x00007ffad41a6800 JavaThread "process reaper" daemon [_thread_blocked, id=27203, stack(0x00007ffacd1cb000,0x00007ffacd204000)]
  0x00007ffad40ae800 JavaThread "Service Thread" daemon [_thread_blocked, id=27198, stack(0x00007ffacd31b000,0x00007ffacd41c000)]
  0x00007ffad40ac000 JavaThread "C2 CompilerThread1" daemon [_thread_blocked, id=27197, stack(0x00007ffacd41c000,0x00007ffacd51d000)]
  0x00007ffad40a9800 JavaThread "C2 CompilerThread0" daemon [_thread_blocked, id=27196, stack(0x00007ffacd51d000,0x00007ffacd61e000)]
  0x00007ffad40a7000 JavaThread "Signal Dispatcher" daemon [_thread_blocked, id=27195, stack(0x00007ffacd61e000,0x00007ffacd71f000)]
  0x00007ffad407c000 JavaThread "Finalizer" daemon [_thread_blocked, id=27193, stack(0x00007ffacde01000,0x00007ffacdf02000)]
  0x00007ffad407a000 JavaThread "Reference Handler" daemon [_thread_blocked, id=27192, stack(0x00007ffacdf02000,0x00007fface003000)]
=>0x00007ffad400a000 JavaThread "main" [_thread_in_native, id=27186, stack(0x00007ffada6b5000,0x00007ffada7b6000)]

Other Threads:
  0x00007ffad4075800 VMThread [stack: 0x00007fface003000,0x00007fface104000] [id=27191]
  0x00007ffad40b9800 WatcherThread [stack: 0x00007ffacd21a000,0x00007ffacd31b000] [id=27199]

VM state:not at safepoint (normal execution)

VM Mutex/Monitor currently owned by a thread: None

Heap
 PSYoungGen      total 37376K, used 7884K [0x00000007d6e00000, 0x00000007d9780000, 0x0000000800000000)
  eden space 32256K, 24% used [0x00000007d6e00000,0x00000007d75b3038,0x00000007d8d80000)
  from space 5120K, 0% used [0x00000007d9280000,0x00000007d9280000,0x00000007d9780000)
  to   space 5120K, 0% used [0x00000007d8d80000,0x00000007d8d80000,0x00000007d9280000)
 ParOldGen       total 83968K, used 0K [0x0000000784a00000, 0x0000000789c00000, 0x00000007d6e00000)
  object space 83968K, 0% used [0x0000000784a00000,0x0000000784a00000,0x0000000789c00000)
 PSPermGen       total 21504K, used 5985K [0x000000077a400000, 0x000000077b900000, 0x0000000784a00000)
  object space 21504K, 27% used [0x000000077a400000,0x000000077a9d84c0,0x000000077b900000)

Card table byte_map: [0x00007ffacfd4d000,0x00007ffad017c000] byte_map_base: 0x00007ffacc17b000

Polling page: 0x00007ffada7ea000

Code Cache  [0x00007ffad017c000, 0x00007ffad03ec000, 0x00007ffad317c000)
 total_blobs=392 nmethods=18 adapters=328 free_code_cache=48619Kb largest_free_block=49769728

Compilation events (10 events):
Event: 0.204 Thread 0x00007ffad40ac000 nmethod 14 0x00007ffad01f6650 code [0x00007ffad01f67a0, 0x00007ffad01f6958]
Event: 0.207 Thread 0x00007ffad40a9800 nmethod 13 0x00007ffad01f9250 code [0x00007ffad01f94a0, 0x00007ffad01fa518]
Event: 0.211 Thread 0x00007ffad40ac000   15             java.lang.String::length (6 bytes)
Event: 0.211 Thread 0x00007ffad40ac000 nmethod 15 0x00007ffad01f4f10 code [0x00007ffad01f5040, 0x00007ffad01f50b8]
Event: 0.214 Thread 0x00007ffad40a9800   16             java.lang.Math::min (11 bytes)
Event: 0.214 Thread 0x00007ffad40a9800 nmethod 16 0x00007ffad01dbcd0 code [0x00007ffad01dbe00, 0x00007ffad01dbe38]
Event: 0.347 Thread 0x00007ffad40ac000   17   !         java.io.BufferedReader::readLine (304 bytes)
Event: 0.347 Thread 0x00007ffad40a9800   18             sun.nio.cs.UTF_8$Decoder::decodeArrayLoop (543 bytes)
Event: 0.360 Thread 0x00007ffad40ac000 nmethod 17 0x00007ffad0202290 code [0x00007ffad0202440, 0x00007ffad0203270]
Event: 0.366 Thread 0x00007ffad40a9800 nmethod 18 0x00007ffad0203850 code [0x00007ffad0203ae0, 0x00007ffad0204670]

GC Heap History (0 events):
No events

Deoptimization events (0 events):
No events

Internal exceptions (10 events):
Event: 0.242 Thread 0x00007ffad400a000 Threw 0x00000007d74dee20 at /build/openjdk-7-FO0dNI/openjdk-7-7u79-2.5.6/build/openjdk/hotspot/src/share/vm/prims/jvm.cpp:1284
Event: 0.243 Thread 0x00007ffad400a000 Threw 0x00000007d74e2db8 at /build/openjdk-7-FO0dNI/openjdk-7-7u79-2.5.6/build/openjdk/hotspot/src/share/vm/prims/jvm.cpp:1284
Event: 0.244 Thread 0x00007ffad400a000 Threw 0x00000007d74ec168 at /build/openjdk-7-FO0dNI/openjdk-7-7u79-2.5.6/build/openjdk/hotspot/src/share/vm/prims/jvm.cpp:1284
Event: 0.244 Thread 0x00007ffad400a000 Threw 0x00000007d74f0090 at /build/openjdk-7-FO0dNI/openjdk-7-7u79-2.5.6/build/openjdk/hotspot/src/share/vm/prims/jvm.cpp:1284
Event: 0.244 Thread 0x00007ffad400a000 Threw 0x00000007d7517da8 at /build/openjdk-7-FO0dNI/openjdk-7-7u79-2.5.6/build/openjdk/hotspot/src/share/vm/prims/jvm.cpp:1284
Event: 0.246 Thread 0x00007ffad400a000 Threw 0x00000007d751da48 at /build/openjdk-7-FO0dNI/openjdk-7-7u79-2.5.6/build/openjdk/hotspot/src/share/vm/prims/jvm.cpp:1284
Event: 0.246 Thread 0x00007ffad400a000 Threw 0x00000007d7525798 at /build/openjdk-7-FO0dNI/openjdk-7-7u79-2.5.6/build/openjdk/hotspot/src/share/vm/prims/jvm.cpp:1284
Event: 0.250 Thread 0x00007ffad400a000 Threw 0x00000007d7536680 at /build/openjdk-7-FO0dNI/openjdk-7-7u79-2.5.6/build/openjdk/hotspot/src/share/vm/prims/jvm.cpp:1284
Event: 0.411 Thread 0x00007ffad400a000 Threw 0x00000007d7594bd0 at /build/openjdk-7-FO0dNI/openjdk-7-7u79-2.5.6/build/openjdk/hotspot/src/share/vm/prims/jvm.cpp:1284
Event: 0.412 Thread 0x00007ffad400a000 Threw 0x00000007d7599098 at /build/openjdk-7-FO0dNI/openjdk-7-7u79-2.5.6/build/openjdk/hotspot/src/share/vm/prims/jvm.cpp:1284

Events (10 events):
Event: 0.371 loading class 0x00007ffacf3429b0
Event: 0.371 loading class 0x00007ffacf3429b0 done
Event: 0.372 loading class 0x00007ffacf3429e0
Event: 0.372 loading class 0x00007ffacf3429e0 done
Event: 0.411 loading class 0x00007ffad40fd420
Event: 0.411 loading class 0x00007ffad40fd420 done
Event: 0.412 loading class 0x00007ffad40637a0
Event: 0.412 loading class 0x00007ffad40637a0 done
Event: 0.412 loading class 0x00007ffad40fc0b0
Event: 0.412 loading class 0x00007ffad40fc0b0 done


Dynamic libraries:
00400000-00401000 r-xp 00000000 08:01 5389623                            /usr/lib/jvm/java-7-openjdk-amd64/jre/bin/java
00600000-00601000 r--p 00000000 08:01 5389623                            /usr/lib/jvm/java-7-openjdk-amd64/jre/bin/java
00601000-00602000 rw-p 00001000 08:01 5389623                            /usr/lib/jvm/java-7-openjdk-amd64/jre/bin/java
01ffc000-0201d000 rw-p 00000000 00:00 0                                  [heap]
200000000-700000000 ---p 00000000 00:00 0 
77a400000-77b900000 rw-p 00000000 00:00 0 
77b900000-784a00000 rw-p 00000000 00:00 0 
784a00000-789c00000 rw-p 00000000 00:00 0 
789c00000-7d6e00000 rw-p 00000000 00:00 0 
7d6e00000-7d9780000 rw-p 00000000 00:00 0 
7d9780000-800000000 rw-p 00000000 00:00 0 
7ffa58000000-7ffa58021000 rw-p 00000000 00:00 0 
7ffa58021000-7ffa5c000000 ---p 00000000 00:00 0 
7ffa5c8fa000-7ffa5c8fb000 ---p 00000000 00:00 0 
7ffa5c8fb000-7ffa5d0fb000 rw-p 00000000 00:00 0 
7ffa5d0fb000-7ffa5d0fc000 ---p 00000000 00:00 0 
7ffa5d0fc000-7ffa5d8fc000 rw-p 00000000 00:00 0 
7ffa5d9fc000-7ffa5d9fd000 ---p 00000000 00:00 0 
7ffa5d9fd000-7ffa5e1fd000 rw-p 00000000 00:00 0 
7ffa5e7fd000-7ffa5e7fe000 ---p 00000000 00:00 0 
7ffa5e7fe000-7ffa5effe000 rw-p 00000000 00:00 0 
7ffa5effe000-7ffa5efff000 ---p 00000000 00:00 0 
7ffa5efff000-7ffa5f7ff000 rw-p 00000000 00:00 0                          [stack:27243]
7ffa5f7ff000-7ffa5f800000 ---p 00000000 00:00 0 
7ffa5f800000-7ffa60000000 rw-p 00000000 00:00 0                          [stack:27242]
7ffa60000000-7ffa60021000 rw-p 00000000 00:00 0 
7ffa60021000-7ffa64000000 ---p 00000000 00:00 0 
7ffa64699000-7ffa647fa000 rw-p 00000000 00:00 0 
7ffa647fa000-7ffa647fb000 ---p 00000000 00:00 0 
7ffa647fb000-7ffa64ffb000 rw-p 00000000 00:00 0                          [stack:27241]
7ffa64ffb000-7ffa64ffc000 ---p 00000000 00:00 0 
7ffa64ffc000-7ffa657fc000 rw-p 00000000 00:00 0                          [stack:27240]
7ffa657fc000-7ffa657fd000 ---p 00000000 00:00 0 
7ffa657fd000-7ffa65ffd000 rw-p 00000000 00:00 0                          [stack:27239]
7ffa65ffd000-7ffa660fd000 rw-s 19f5fe000 00:05 13212                     /dev/nvidiactl
7ffa660fd000-7ffa661fd000 rw-s 19f6fa000 00:05 13212                     /dev/nvidiactl
7ffa661fd000-7ffa662fd000 rw-s 1b9174000 00:05 13212                     /dev/nvidiactl
7ffa662fd000-7ffa663fd000 rw-s 19c1e8000 00:05 13212                     /dev/nvidiactl
7ffa663fd000-7ffa667fd000 rw-s 6c84f000 00:05 13212                      /dev/nvidiactl
7ffa667fd000-7ffa667fe000 ---p 00000000 00:00 0 
7ffa667fe000-7ffa66ffe000 rw-p 00000000 00:00 0                          [stack:27238]
7ffa66ffe000-7ffa66fff000 ---p 00000000 00:00 0 
7ffa66fff000-7ffa677ff000 rw-p 00000000 00:00 0                          [stack:27237]
7ffa677ff000-7ffa67800000 ---p 00000000 00:00 0 
7ffa67800000-7ffa68000000 rw-p 00000000 00:00 0                          [stack:27236]
7ffa68000000-7ffa68021000 rw-p 00000000 00:00 0 
7ffa68021000-7ffa6c000000 ---p 00000000 00:00 0 
7ffa6c0fa000-7ffa6c1fa000 rw-s 199acf000 00:05 13212                     /dev/nvidiactl
7ffa6c1fa000-7ffa6c5fa000 rw-s 63a5a000 00:05 13212                      /dev/nvidiactl
7ffa6c5fa000-7ffa6c6fa000 rw-s 837ed000 00:05 13212                      /dev/nvidiactl
7ffa6c6fa000-7ffa6c6fb000 ---p 00000000 00:00 0 
7ffa6c6fb000-7ffa6cefb000 rw-p 00000000 00:00 0                          [stack:27235]
7ffa6cefb000-7ffa6cefc000 ---p 00000000 00:00 0 
7ffa6cefc000-7ffa6d6fc000 rw-p 00000000 00:00 0                          [stack:27234]
7ffa6d6fc000-7ffa6d6fd000 ---p 00000000 00:00 0 
7ffa6d6fd000-7ffa6defd000 rw-p 00000000 00:00 0                          [stack:27233]
7ffa6defd000-7ffa6dffd000 rw-s 19daa8000 00:05 13212                     /dev/nvidiactl
7ffa6dffd000-7ffa6e0fd000 rw-s 15b323000 00:05 13212                     /dev/nvidiactl
7ffa6e0fd000-7ffa6e1fd000 rw-s 19f416000 00:05 13212                     /dev/nvidiactl
7ffa6e1fd000-7ffa6e2fd000 rw-s 19c390000 00:05 13212                     /dev/nvidiactl
7ffa6e2fd000-7ffa6e3fd000 rw-s 1eeb38000 00:05 13212                     /dev/nvidiactl
7ffa6e3fd000-7ffa6e7fd000 rw-s 6fec1000 00:05 13212                      /dev/nvidiactl
7ffa6e7fd000-7ffa6e7fe000 ---p 00000000 00:00 0 
7ffa6e7fe000-7ffa6effe000 rw-p 00000000 00:00 0                          [stack:27232]
7ffa6effe000-7ffa6efff000 ---p 00000000 00:00 0 
7ffa6efff000-7ffa6f7ff000 rw-p 00000000 00:00 0                          [stack:27231]
7ffa6f7ff000-7ffa6f800000 ---p 00000000 00:00 0 
7ffa6f800000-7ffa70000000 rw-p 00000000 00:00 0                          [stack:27230]
7ffa70000000-7ffa70021000 rw-p 00000000 00:00 0 
7ffa70021000-7ffa74000000 ---p 00000000 00:00 0 
7ffa74022000-7ffa7406e000 rw-s 19db8a000 00:05 13212                     /dev/nvidiactl
7ffa7406e000-7ffa7408e000 rw-s e0280000 00:05 13214                      /dev/nvidia0
7ffa7408e000-7ffa740ae000 rw-s e0260000 00:05 13214                      /dev/nvidia0
7ffa740ae000-7ffa740fa000 rw-s 1b93aa000 00:05 13212                     /dev/nvidiactl
7ffa740fa000-7ffa744fa000 rw-s 15b384000 00:05 13212                     /dev/nvidiactl
7ffa744fa000-7ffa745fa000 rw-s 1eea1c000 00:05 13212                     /dev/nvidiactl
7ffa745fa000-7ffa745fb000 ---p 00000000 00:00 0 
7ffa745fb000-7ffa74dfb000 rw-p 00000000 00:00 0                          [stack:27229]
7ffa74dfb000-7ffa74dfc000 ---p 00000000 00:00 0 
7ffa74dfc000-7ffa755fc000 rw-p 00000000 00:00 0                          [stack:27228]
7ffa755fc000-7ffa755fd000 ---p 00000000 00:00 0 
7ffa755fd000-7ffa75dfd000 rw-p 00000000 00:00 0                          [stack:27227]
7ffa75dfd000-7ffa75efd000 rw-s 20e8e4000 00:05 13212                     /dev/nvidiactl
7ffa75efd000-7ffa75ffd000 rw-s 19c2ff000 00:05 13212                     /dev/nvidiactl
7ffa75ffd000-7ffa763fd000 rw-s bcafd000 00:05 13212                      /dev/nvidiactl
7ffa763fd000-7ffa767fd000 rw-s 19c06a000 00:05 13212                     /dev/nvidiactl
7ffa767fd000-7ffa767fe000 ---p 00000000 00:00 0 
7ffa767fe000-7ffa76ffe000 rw-p 00000000 00:00 0                          [stack:27226]
7ffa76ffe000-7ffa76fff000 ---p 00000000 00:00 0 
7ffa76fff000-7ffa777ff000 rw-p 00000000 00:00 0                          [stack:27225]
7ffa777ff000-7ffa77800000 ---p 00000000 00:00 0 
7ffa77800000-7ffa78000000 rw-p 00000000 00:00 0                          [stack:27224]
7ffa78000000-7ffa78021000 rw-p 00000000 00:00 0 
7ffa78021000-7ffa7c000000 ---p 00000000 00:00 0 
7ffa7c002000-7ffa7c022000 rw-s e0240000 00:05 13214                      /dev/nvidia0
7ffa7c022000-7ffa7c042000 rw-s e0220000 00:05 13214                      /dev/nvidia0
7ffa7c042000-7ffa7c08e000 rw-s 19c587000 00:05 13212                     /dev/nvidiactl
7ffa7c08e000-7ffa7c18e000 rw-s 17393b000 00:05 13212                     /dev/nvidiactl
7ffa7c18e000-7ffa7c28e000 rw-s 638c9000 00:05 13212                      /dev/nvidiactl
7ffa7c28e000-7ffa7c38e000 rw-s 7aef4000 00:05 13212                      /dev/nvidiactl
7ffa7c38e000-7ffa7c3ae000 rw-s e0200000 00:05 13214                      /dev/nvidia0
7ffa7c3ae000-7ffa7c4ae000 rw-s 19b654000 00:05 13212                     /dev/nvidiactl
7ffa7c4ae000-7ffa7c4af000 ---p 00000000 00:00 0 
7ffa7c4af000-7ffa7ccaf000 rw-p 00000000 00:00 0                          [stack:27223]
7ffa7ccaf000-7ffa7ccb0000 ---p 00000000 00:00 0 
7ffa7ccb0000-7ffa7d4b0000 rw-p 00000000 00:00 0                          [stack:27222]
7ffa7d4b0000-7ffa7d4b1000 ---p 00000000 00:00 0 
7ffa7d4b1000-7ffa7dcb1000 rw-p 00000000 00:00 0                          [stack:27221]
7ffa7dcb1000-7ffa7dcfd000 rw-s 1b937f000 00:05 13212                     /dev/nvidiactl
7ffa7dcfd000-7ffa7ddfd000 rw-s 19f56d000 00:05 13212                     /dev/nvidiactl
7ffa7ddfd000-7ffa7defd000 rw-s 7b3c0000 00:05 13212                      /dev/nvidiactl
7ffa7defd000-7ffa7dffd000 rw-s 7ae8b000 00:05 13212                      /dev/nvidiactl
7ffa7dffd000-7ffa7e3fd000 rw-s 1ee8c4000 00:05 13212                     /dev/nvidiactl
7ffa7e3fd000-7ffa7e7fd000 rw-s 1e11c1000 00:05 13212                     /dev/nvidiactl
7ffa7e7fd000-7ffa7e7fe000 ---p 00000000 00:00 0 
7ffa7e7fe000-7ffa7effe000 rw-p 00000000 00:00 0                          [stack:27220]
7ffa7effe000-7ffa7efff000 ---p 00000000 00:00 0 
7ffa7efff000-7ffa7f7ff000 rw-p 00000000 00:00 0                          [stack:27219]
7ffa7f7ff000-7ffa7f800000 ---p 00000000 00:00 0 
7ffa7f800000-7ffa80000000 rw-p 00000000 00:00 0                          [stack:27218]
7ffa80000000-7ffa80021000 rw-p 00000000 00:00 0 
7ffa80021000-7ffa84000000 ---p 00000000 00:00 0 
7ffa84000000-7ffa84021000 rw-p 00000000 00:00 0 
7ffa84021000-7ffa88000000 ---p 00000000 00:00 0 
7ffa88008000-7ffa88108000 rw-s 6e417000 00:05 13212                      /dev/nvidiactl
7ffa88108000-7ffa88208000 rw-s 63a9d000 00:05 13212                      /dev/nvidiactl
7ffa88208000-7ffa88308000 rw-s 19c5e5000 00:05 13212                     /dev/nvidiactl
7ffa88308000-7ffa88309000 ---p 00000000 00:00 0 
7ffa88309000-7ffa88b09000 rw-p 00000000 00:00 0                          [stack:27217]
7ffa88b09000-7ffa88b0a000 ---p 00000000 00:00 0 
7ffa88b0a000-7ffa8930a000 rw-p 00000000 00:00 0                          [stack:27216]
7ffa8930a000-7ffa8930b000 ---p 00000000 00:00 0 
7ffa8930b000-7ffa89b0b000 rw-p 00000000 00:00 0                          [stack:27215]
7ffa89b0b000-7ffa89c0b000 rw-s bcdab000 00:05 13212                      /dev/nvidiactl
7ffa89c0b000-7ffa89d0b000 rw-s 94ea6000 00:05 13212                      /dev/nvidiactl
7ffa89d0b000-7ffa89e0b000 rw-s 639bd000 00:05 13212                      /dev/nvidiactl
7ffa89e0b000-7ffa8b54e000 r-xp 00000000 08:01 3811727                    /usr/lib/nvidia-346-updates/libnvidia-compiler.so.346.82
7ffa8b54e000-7ffa8b74e000 ---p 01743000 08:01 3811727                    /usr/lib/nvidia-346-updates/libnvidia-compiler.so.346.82
7ffa8b74e000-7ffa8bfd6000 rw-p 01743000 08:01 3811727                    /usr/lib/nvidia-346-updates/libnvidia-compiler.so.346.82
7ffa8bfd6000-7ffa8c000000 rw-p 00000000 00:00 0 
7ffa8c000000-7ffa8c021000 rw-p 00000000 00:00 0 
7ffa8c021000-7ffa90000000 ---p 00000000 00:00 0 
7ffa90000000-7ffa90021000 rw-p 00000000 00:00 0 
7ffa90021000-7ffa94000000 ---p 00000000 00:00 0 
7ffa94000000-7ffa94137000 rw-p 00000000 00:00 0 
7ffa94137000-7ffa98000000 ---p 00000000 00:00 0 
7ffa98000000-7ffa98021000 rw-p 00000000 00:00 0 
7ffa98021000-7ffa9c000000 ---p 00000000 00:00 0 
7ffa9c000000-7ffa9c021000 rw-p 00000000 00:00 0 
7ffa9c021000-7ffaa0000000 ---p 00000000 00:00 0 
7ffaa0000000-7ffaa01ef000 rw-p 00000000 00:00 0 
7ffaa01ef000-7ffaa4000000 ---p 00000000 00:00 0 
7ffaa4000000-7ffaa4021000 rw-p 00000000 00:00 0 
7ffaa4021000-7ffaa8000000 ---p 00000000 00:00 0 
7ffaa8000000-7ffaa8021000 rw-p 00000000 00:00 0 
7ffaa8021000-7ffaac000000 ---p 00000000 00:00 0 
7ffaac000000-7ffaac021000 rw-p 00000000 00:00 0 
7ffaac021000-7ffab0000000 ---p 00000000 00:00 0 
7ffab0002000-7ffab0022000 rw-s e01e0000 00:05 13214                      /dev/nvidia0
7ffab0022000-7ffab0042000 rw-s e01c0000 00:05 13214                      /dev/nvidia0
7ffab0042000-7ffab0062000 rw-s e01a0000 00:05 13214                      /dev/nvidia0
7ffab0062000-7ffab00ae000 rw-s 834e5000 00:05 13212                      /dev/nvidiactl
7ffab00ae000-7ffab01ae000 rw-s 7b30c000 00:05 13212                      /dev/nvidiactl
7ffab01ae000-7ffab02ae000 rw-s 6e457000 00:05 13212                      /dev/nvidiactl
7ffab02ae000-7ffab06ae000 rw-s 1ae7a0000 00:05 13212                     /dev/nvidiactl
7ffab06ae000-7ffab06ce000 rw-s e0180000 00:05 13214                      /dev/nvidia0
7ffab06ce000-7ffab0ace000 rw-s 1ae65d000 00:05 13212                     /dev/nvidiactl
7ffab0ace000-7ffab0acf000 ---p 00000000 00:00 0 
7ffab0acf000-7ffab12cf000 rw-p 00000000 00:00 0                          [stack:27214]
7ffab12cf000-7ffab13cf000 rw-s 16df35000 00:05 13212                     /dev/nvidiactl
7ffab13cf000-7ffab13d0000 ---p 00000000 00:00 0 
7ffab13d0000-7ffab1bd0000 rw-p 00000000 00:00 0                          [stack:27213]
7ffab1bd0000-7ffab1bd1000 ---p 00000000 00:00 0 
7ffab1bd1000-7ffab23d1000 rw-p 00000000 00:00 0                          [stack:27212]
7ffab23d1000-7ffab23d2000 ---p 00000000 00:00 0 
7ffab23d2000-7ffab2bd2000 rw-p 00000000 00:00 0                          [stack:27211]
7ffab2bd2000-7ffab2bd3000 ---p 00000000 00:00 0 
7ffab2bd3000-7ffab33d3000 rw-p 00000000 00:00 0                          [stack:27210]
7ffab33d3000-7ffab33d4000 ---p 00000000 00:00 0 
7ffab33d4000-7ffab3bd4000 rw-p 00000000 00:00 0                          [stack:27209]
7ffab3bd4000-7ffab3c20000 rw-s 9da8f000 00:05 13212                      /dev/nvidiactl
7ffab3c20000-7ffab3d20000 rw-s b95cd000 00:05 13212                      /dev/nvidiactl
7ffab3d20000-7ffab8000000 rw-p 00000000 00:00 0 
7ffab8000000-7ffab8021000 rw-p 00000000 00:00 0 
7ffab8021000-7ffabc000000 ---p 00000000 00:00 0 
7ffabc000000-7ffabc021000 rw-p 00000000 00:00 0 
7ffabc021000-7ffac0000000 ---p 00000000 00:00 0 
7ffac0000000-7ffac0021000 rw-p 00000000 00:00 0 
7ffac0021000-7ffac4000000 ---p 00000000 00:00 0 
7ffac400f000-7ffac4010000 rw-s eff6e000 00:05 13214                      /dev/nvidia0
7ffac4010000-7ffac4011000 rw-s 199aca000 00:05 13212                     /dev/nvidiactl
7ffac4011000-7ffac4012000 rw-s eff6d000 00:05 13214                      /dev/nvidia0
7ffac4012000-7ffac4013000 rw-s 5275c000 00:05 13212                      /dev/nvidiactl
7ffac4013000-7ffac4014000 rw-s eff6c000 00:05 13214                      /dev/nvidia0
7ffac4014000-7ffac4015000 rw-s 1eeb32000 00:05 13212                     /dev/nvidiactl
7ffac4015000-7ffac4016000 rw-s eff6b000 00:05 13214                      /dev/nvidia0
7ffac4016000-7ffac4017000 rw-s 468ef000 00:05 13212                      /dev/nvidiactl
7ffac4017000-7ffac4018000 rw-s eff6a000 00:05 13214                      /dev/nvidia0
7ffac4018000-7ffac4019000 rw-s 7aeeb000 00:05 13212                      /dev/nvidiactl
7ffac4019000-7ffac401a000 rw-s eff69000 00:05 13214                      /dev/nvidia0
7ffac401a000-7ffac401b000 rw-s 7b179000 00:05 13212                      /dev/nvidiactl
7ffac401b000-7ffac401c000 rw-s eff68000 00:05 13214                      /dev/nvidia0
7ffac401c000-7ffac401d000 rw-s 6c95f000 00:05 13212                      /dev/nvidiactl
7ffac401d000-7ffac401e000 rw-s eff67000 00:05 13214                      /dev/nvidia0
7ffac401e000-7ffac401f000 rw-s 19c2c4000 00:05 13212                     /dev/nvidiactl
7ffac401f000-7ffac403f000 rw-s e0160000 00:05 13214                      /dev/nvidia0
7ffac403f000-7ffac413f000 rw-s ad1f8000 00:05 13212                      /dev/nvidiactl
7ffac413f000-7ffac423f000 rw-s ad096000 00:05 13212                      /dev/nvidiactl
7ffac423f000-7ffac433f000 rw-s 1cd3a5000 00:05 13212                     /dev/nvidiactl
7ffac433f000-7ffac443f000 rw-s 19c0e7000 00:05 13212                     /dev/nvidiactl
7ffac443f000-7ffac483f000 rw-s 173858000 00:05 13212                     /dev/nvidiactl
7ffac483f000-7ffac485f000 rw-s e0140000 00:05 13214                      /dev/nvidia0
7ffac485f000-7ffac4c5f000 rw-s be756000 00:05 13212                      /dev/nvidiactl
7ffac4c5f000-7ffac4c60000 ---p 00000000 00:00 0 
7ffac4c60000-7ffac5460000 rw-p 00000000 00:00 0                          [stack:27208]
7ffac5460000-7ffac5560000 rw-s b972b000 00:05 13212                      /dev/nvidiactl
7ffac5560000-7ffac556b000 r-xp 00000000 08:01 4982176                    /tmp/jogamp_0000/file_cache/jln8770207907356035520/jln4671350972060691736/natives/linux-amd64/libjocl.so
7ffac556b000-7ffac576a000 ---p 0000b000 08:01 4982176                    /tmp/jogamp_0000/file_cache/jln8770207907356035520/jln4671350972060691736/natives/linux-amd64/libjocl.so
7ffac576a000-7ffac576b000 r--p 0000a000 08:01 4982176                    /tmp/jogamp_0000/file_cache/jln8770207907356035520/jln4671350972060691736/natives/linux-amd64/libjocl.so
7ffac576b000-7ffac576c000 rw-p 0000b000 08:01 4982176                    /tmp/jogamp_0000/file_cache/jln8770207907356035520/jln4671350972060691736/natives/linux-amd64/libjocl.so
7ffac576c000-7ffac622f000 r-xp 00000000 08:01 3672125                    /usr/lib/x86_64-linux-gnu/libcuda.so.346.82
7ffac622f000-7ffac642f000 ---p 00ac3000 08:01 3672125                    /usr/lib/x86_64-linux-gnu/libcuda.so.346.82
7ffac642f000-7ffac65e1000 rw-p 00ac3000 08:01 3672125                    /usr/lib/x86_64-linux-gnu/libcuda.so.346.82
7ffac65e1000-7ffac65f6000 rw-p 00000000 00:00 0 
7ffac65f6000-7ffac70d1000 r-xp 00000000 08:01 3674886                    /usr/lib/x86_64-linux-gnu/libnvidia-opencl.so.346.82
7ffac70d1000-7ffac72d0000 ---p 00adb000 08:01 3674886                    /usr/lib/x86_64-linux-gnu/libnvidia-opencl.so.346.82
7ffac72d0000-7ffac7486000 rw-p 00ada000 08:01 3674886                    /usr/lib/x86_64-linux-gnu/libnvidia-opencl.so.346.82
7ffac7486000-7ffac749b000 rw-p 00000000 00:00 0 
7ffac749b000-7ffac74a3000 r-xp 00000000 08:01 3670455                    /usr/lib/x86_64-linux-gnu/libOpenCL.so.1.0.0
7ffac74a3000-7ffac76a2000 ---p 00008000 08:01 3670455                    /usr/lib/x86_64-linux-gnu/libOpenCL.so.1.0.0
7ffac76a2000-7ffac76a3000 r--p 00007000 08:01 3670455                    /usr/lib/x86_64-linux-gnu/libOpenCL.so.1.0.0
7ffac76a3000-7ffac76a4000 rw-p 00008000 08:01 3670455                    /usr/lib/x86_64-linux-gnu/libOpenCL.so.1.0.0
7ffac76a4000-7ffac76a6000 r-xp 00000000 08:01 4982175                    /tmp/jogamp_0000/file_cache/jln8770207907356035520/jln4671350972060691736/natives/linux-amd64/libgluegen-rt.so
7ffac76a6000-7ffac78a5000 ---p 00002000 08:01 4982175                    /tmp/jogamp_0000/file_cache/jln8770207907356035520/jln4671350972060691736/natives/linux-amd64/libgluegen-rt.so
7ffac78a5000-7ffac78a6000 r--p 00001000 08:01 4982175                    /tmp/jogamp_0000/file_cache/jln8770207907356035520/jln4671350972060691736/natives/linux-amd64/libgluegen-rt.so
7ffac78a6000-7ffac78a7000 rw-p 00002000 08:01 4982175                    /tmp/jogamp_0000/file_cache/jln8770207907356035520/jln4671350972060691736/natives/linux-amd64/libgluegen-rt.so
7ffac79a6000-7ffac79a8000 rw-p 00000000 00:00 0 
7ffac79a8000-7ffac79b8000 r-xp 00000000 08:01 4853686                    /usr/lib/jvm/java-7-openjdk-amd64/jre/lib/amd64/libnio.so
7ffac79b8000-7ffac7bb8000 ---p 00010000 08:01 4853686                    /usr/lib/jvm/java-7-openjdk-amd64/jre/lib/amd64/libnio.so
7ffac7bb8000-7ffac7bb9000 r--p 00010000 08:01 4853686                    /usr/lib/jvm/java-7-openjdk-amd64/jre/lib/amd64/libnio.so
7ffac7bb9000-7ffac7bba000 rw-p 00011000 08:01 4853686                    /usr/lib/jvm/java-7-openjdk-amd64/jre/lib/amd64/libnio.so
7ffac7bba000-7ffac7bf7000 r-xp 00000000 08:01 2114819                    /lib/x86_64-linux-gnu/libpcre.so.3.13.1
7ffac7bf7000-7ffac7df6000 ---p 0003d000 08:01 2114819                    /lib/x86_64-linux-gnu/libpcre.so.3.13.1
7ffac7df6000-7ffac7df7000 r--p 0003c000 08:01 2114819                    /lib/x86_64-linux-gnu/libpcre.so.3.13.1
7ffac7df7000-7ffac7df8000 rw-p 0003d000 08:01 2114819                    /lib/x86_64-linux-gnu/libpcre.so.3.13.1
7ffac7df8000-7ffac7dff000 r-xp 00000000 08:01 3675991                    /usr/lib/x86_64-linux-gnu/libffi.so.6.0.1
7ffac7dff000-7ffac7ffe000 ---p 00007000 08:01 3675991                    /usr/lib/x86_64-linux-gnu/libffi.so.6.0.1
7ffac7ffe000-7ffac7fff000 r--p 00006000 08:01 3675991                    /usr/lib/x86_64-linux-gnu/libffi.so.6.0.1
7ffac7fff000-7ffac8000000 rw-p 00007000 08:01 3675991                    /usr/lib/x86_64-linux-gnu/libffi.so.6.0.1
7ffac8000000-7ffac8021000 rw-p 00000000 00:00 0 
7ffac8021000-7ffacc000000 ---p 00000000 00:00 0 
7ffacc000000-7ffacc001000 rw-s eff66000 00:05 13214                      /dev/nvidia0
7ffacc001000-7ffacc002000 rw-s 19c43a000 00:05 13212                     /dev/nvidiactl
7ffacc002000-7ffacc003000 rw-s eff65000 00:05 13214                      /dev/nvidia0
7ffacc003000-7ffacc023000 rw-s e0120000 00:05 13214                      /dev/nvidia0
7ffacc023000-7ffacc075000 rw-p 00000000 00:00 0 
7ffacc075000-7ffacc08c000 r-xp 00000000 08:01 2104446                    /lib/x86_64-linux-gnu/libresolv-2.19.so
7ffacc08c000-7ffacc28c000 ---p 00017000 08:01 2104446                    /lib/x86_64-linux-gnu/libresolv-2.19.so
7ffacc28c000-7ffacc28d000 r--p 00017000 08:01 2104446                    /lib/x86_64-linux-gnu/libresolv-2.19.so
7ffacc28d000-7ffacc28e000 rw-p 00018000 08:01 2104446                    /lib/x86_64-linux-gnu/libresolv-2.19.so
7ffacc28e000-7ffacc290000 rw-p 00000000 00:00 0 
7ffacc290000-7ffacc2b0000 r-xp 00000000 08:01 2103373                    /lib/x86_64-linux-gnu/libselinux.so.1
7ffacc2b0000-7ffacc4af000 ---p 00020000 08:01 2103373                    /lib/x86_64-linux-gnu/libselinux.so.1
7ffacc4af000-7ffacc4b0000 r--p 0001f000 08:01 2103373                    /lib/x86_64-linux-gnu/libselinux.so.1
7ffacc4b0000-7ffacc4b1000 rw-p 00020000 08:01 2103373                    /lib/x86_64-linux-gnu/libselinux.so.1
7ffacc4b1000-7ffacc4b3000 rw-p 00000000 00:00 0 
7ffacc4b3000-7ffacc4b6000 r-xp 00000000 08:01 3676104                    /usr/lib/x86_64-linux-gnu/libgmodule-2.0.so.0.4002.0
7ffacc4b6000-7ffacc6b5000 ---p 00003000 08:01 3676104                    /usr/lib/x86_64-linux-gnu/libgmodule-2.0.so.0.4002.0
7ffacc6b5000-7ffacc6b6000 r--p 00002000 08:01 3676104                    /usr/lib/x86_64-linux-gnu/libgmodule-2.0.so.0.4002.0
7ffacc6b6000-7ffacc6b7000 rw-p 00003000 08:01 3676104                    /usr/lib/x86_64-linux-gnu/libgmodule-2.0.so.0.4002.0
7ffacc6b7000-7ffacc7bd000 r-xp 00000000 08:01 2103274                    /lib/x86_64-linux-gnu/libglib-2.0.so.0.4002.0
7ffacc7bd000-7ffacc9bc000 ---p 00106000 08:01 2103274                    /lib/x86_64-linux-gnu/libglib-2.0.so.0.4002.0
7ffacc9bc000-7ffacc9bd000 r--p 00105000 08:01 2103274                    /lib/x86_64-linux-gnu/libglib-2.0.so.0.4002.0
7ffacc9bd000-7ffacc9be000 rw-p 00106000 08:01 2103274                    /lib/x86_64-linux-gnu/libglib-2.0.so.0.4002.0
7ffacc9be000-7ffacc9bf000 rw-p 00000000 00:00 0 
7ffacc9bf000-7ffacca0e000 r-xp 00000000 08:01 3676120                    /usr/lib/x86_64-linux-gnu/libgobject-2.0.so.0.4002.0
7ffacca0e000-7ffaccc0e000 ---p 0004f000 08:01 3676120                    /usr/lib/x86_64-linux-gnu/libgobject-2.0.so.0.4002.0
7ffaccc0e000-7ffaccc0f000 r--p 0004f000 08:01 3676120                    /usr/lib/x86_64-linux-gnu/libgobject-2.0.so.0.4002.0
7ffaccc0f000-7ffaccc10000 rw-p 00050000 08:01 3676120                    /usr/lib/x86_64-linux-gnu/libgobject-2.0.so.0.4002.0
7ffaccc10000-7ffaccd7c000 r-xp 00000000 08:01 3676092                    /usr/lib/x86_64-linux-gnu/libgio-2.0.so.0.4002.0
7ffaccd7c000-7ffaccf7b000 ---p 0016c000 08:01 3676092                    /usr/lib/x86_64-linux-gnu/libgio-2.0.so.0.4002.0
7ffaccf7b000-7ffaccf7f000 r--p 0016b000 08:01 3676092                    /usr/lib/x86_64-linux-gnu/libgio-2.0.so.0.4002.0
7ffaccf7f000-7ffaccf81000 rw-p 0016f000 08:01 3676092                    /usr/lib/x86_64-linux-gnu/libgio-2.0.so.0.4002.0
7ffaccf81000-7ffaccf83000 rw-p 00000000 00:00 0 
7ffaccf83000-7ffaccf84000 rw-s 20e9a8000 00:05 13212                     /dev/nvidiactl
7ffaccf84000-7ffaccf8b000 r--s 00000000 08:01 4203242                    /usr/lib/x86_64-linux-gnu/gconv/gconv-modules.cache
7ffaccf8b000-7ffaccf8c000 r--p 00000000 08:01 4461979                    /usr/share/locale-langpack/en_GB/LC_MESSAGES/libc.mo
7ffaccf8c000-7ffaccf8d000 rw-s eff64000 00:05 13214                      /dev/nvidia0
7ffaccf8d000-7ffaccf8e000 rw-s 19c2de000 00:05 13212                     /dev/nvidiactl
7ffaccf8e000-7ffaccf8f000 rw-s eff63000 00:05 13214                      /dev/nvidia0
7ffaccf8f000-7ffaccf90000 rw-s 1ae4a0000 00:05 13212                     /dev/nvidiactl
7ffaccf90000-7ffaccfb1000 rw-p 00000000 00:00 0 
7ffaccfb1000-7ffaccfb3000 r--s 00000000 08:06 63540                      /home/ericbarnhill/Documents/code/jogamp/gluegen/build/gluegen-rt-natives-linux-amd64.jar
7ffaccfb3000-7ffaccfca000 r-xp 00000000 08:01 4853681                    /usr/lib/jvm/java-7-openjdk-amd64/jre/lib/amd64/libnet.so
7ffaccfca000-7ffacd1c9000 ---p 00017000 08:01 4853681                    /usr/lib/jvm/java-7-openjdk-amd64/jre/lib/amd64/libnet.so
7ffacd1c9000-7ffacd1ca000 r--p 00016000 08:01 4853681                    /usr/lib/jvm/java-7-openjdk-amd64/jre/lib/amd64/libnet.so
7ffacd1ca000-7ffacd1cb000 rw-p 00017000 08:01 4853681                    /usr/lib/jvm/java-7-openjdk-amd64/jre/lib/amd64/libnet.so
7ffacd1cb000-7ffacd1ce000 ---p 00000000 00:00 0 
7ffacd1ce000-7ffacd204000 rw-p 00000000 00:00 0                          [stack:27203]
7ffacd204000-7ffacd209000 r--s 0004d000 08:01 4080643                    /usr/lib/jvm/java-7-openjdk-amd64/jre/lib/jsse.jar
7ffacd209000-7ffacd214000 r--s 0006f000 08:06 23467237                   /home/ericbarnhill/Documents/code/jtransforms-2.4.jar
7ffacd214000-7ffacd21a000 r--s 0004f000 08:06 63508                      /home/ericbarnhill/Documents/code/jogamp/gluegen/build/gluegen-rt.jar
7ffacd21a000-7ffacd21b000 ---p 00000000 00:00 0 
7ffacd21b000-7ffacd31b000 rw-p 00000000 00:00 0                          [stack:27199]
7ffacd31b000-7ffacd31e000 ---p 00000000 00:00 0 
7ffacd31e000-7ffacd41c000 rw-p 00000000 00:00 0                          [stack:27198]
7ffacd41c000-7ffacd41f000 ---p 00000000 00:00 0 
7ffacd41f000-7ffacd51d000 rw-p 00000000 00:00 0                          [stack:27197]
7ffacd51d000-7ffacd520000 ---p 00000000 00:00 0 
7ffacd520000-7ffacd61e000 rw-p 00000000 00:00 0                          [stack:27196]
7ffacd61e000-7ffacd621000 ---p 00000000 00:00 0 
7ffacd621000-7ffacd71f000 rw-p 00000000 00:00 0                          [stack:27195]
7ffacd71f000-7ffacde01000 r--p 00000000 08:01 3674563                    /usr/lib/locale/locale-archive
7ffacde01000-7ffacde04000 ---p 00000000 00:00 0 
7ffacde04000-7ffacdf02000 rw-p 00000000 00:00 0                          [stack:27193]
7ffacdf02000-7ffacdf05000 ---p 00000000 00:00 0 
7ffacdf05000-7fface003000 rw-p 00000000 00:00 0                          [stack:27192]
7fface003000-7fface004000 ---p 00000000 00:00 0 
7fface004000-7ffacf0e0000 rw-p 00000000 00:00 0                          [stack:27191]
7ffacf0e0000-7ffacf291000 r--s 01d29000 08:01 4080636                    /usr/lib/jvm/java-7-openjdk-amd64/jre/lib/rt.jar
7ffacf291000-7ffacf7b8000 rw-p 00000000 00:00 0 
7ffacf7b8000-7ffacf7b9000 ---p 00000000 00:00 0 
7ffacf7b9000-7ffacf8b9000 rw-p 00000000 00:00 0                          [stack:27190]
7ffacf8b9000-7ffacf8ba000 ---p 00000000 00:00 0 
7ffacf8ba000-7ffacf9ba000 rw-p 00000000 00:00 0                          [stack:27189]
7ffacf9ba000-7ffacf9bb000 ---p 00000000 00:00 0 
7ffacf9bb000-7ffacfae4000 rw-p 00000000 00:00 0                          [stack:27188]
7ffacfae4000-7ffacfd4d000 rw-p 00000000 00:00 0 
7ffacfd4d000-7ffacfd58000 rw-p 00000000 00:00 0 
7ffacfd58000-7ffacfda0000 rw-p 00000000 00:00 0 
7ffacfda0000-7ffacfdc9000 rw-p 00000000 00:00 0 
7ffacfdc9000-7ffad0032000 rw-p 00000000 00:00 0 
7ffad0032000-7ffad0047000 rw-p 00000000 00:00 0 
7ffad0047000-7ffad017b000 rw-p 00000000 00:00 0 
7ffad017b000-7ffad017c000 rw-p 00000000 00:00 0 
7ffad017c000-7ffad03ec000 rwxp 00000000 00:00 0 
7ffad03ec000-7ffad317c000 rw-p 00000000 00:00 0 
7ffad317c000-7ffad3184000 r-xp 00000000 08:01 4851601                    /usr/lib/jvm/java-7-openjdk-amd64/jre/lib/amd64/libzip.so
7ffad3184000-7ffad3383000 ---p 00008000 08:01 4851601                    /usr/lib/jvm/java-7-openjdk-amd64/jre/lib/amd64/libzip.so
7ffad3383000-7ffad3384000 r--p 00007000 08:01 4851601                    /usr/lib/jvm/java-7-openjdk-amd64/jre/lib/amd64/libzip.so
7ffad3384000-7ffad3385000 rw-p 00008000 08:01 4851601                    /usr/lib/jvm/java-7-openjdk-amd64/jre/lib/amd64/libzip.so
7ffad3385000-7ffad3390000 r-xp 00000000 08:01 2104454                    /lib/x86_64-linux-gnu/libnss_files-2.19.so
7ffad3390000-7ffad358f000 ---p 0000b000 08:01 2104454                    /lib/x86_64-linux-gnu/libnss_files-2.19.so
7ffad358f000-7ffad3590000 r--p 0000a000 08:01 2104454                    /lib/x86_64-linux-gnu/libnss_files-2.19.so
7ffad3590000-7ffad3591000 rw-p 0000b000 08:01 2104454                    /lib/x86_64-linux-gnu/libnss_files-2.19.so
7ffad3591000-7ffad359c000 r-xp 00000000 08:01 2104474                    /lib/x86_64-linux-gnu/libnss_nis-2.19.so
7ffad359c000-7ffad379b000 ---p 0000b000 08:01 2104474                    /lib/x86_64-linux-gnu/libnss_nis-2.19.so
7ffad379b000-7ffad379c000 r--p 0000a000 08:01 2104474                    /lib/x86_64-linux-gnu/libnss_nis-2.19.so
7ffad379c000-7ffad379d000 rw-p 0000b000 08:01 2104474                    /lib/x86_64-linux-gnu/libnss_nis-2.19.so
7ffad379d000-7ffad37b4000 r-xp 00000000 08:01 2104463                    /lib/x86_64-linux-gnu/libnsl-2.19.so
7ffad37b4000-7ffad39b3000 ---p 00017000 08:01 2104463                    /lib/x86_64-linux-gnu/libnsl-2.19.so
7ffad39b3000-7ffad39b4000 r--p 00016000 08:01 2104463                    /lib/x86_64-linux-gnu/libnsl-2.19.so
7ffad39b4000-7ffad39b5000 rw-p 00017000 08:01 2104463                    /lib/x86_64-linux-gnu/libnsl-2.19.so
7ffad39b5000-7ffad39b7000 rw-p 00000000 00:00 0 
7ffad39b7000-7ffad39c0000 r-xp 00000000 08:01 2104462                    /lib/x86_64-linux-gnu/libnss_compat-2.19.so
7ffad39c0000-7ffad3bbf000 ---p 00009000 08:01 2104462                    /lib/x86_64-linux-gnu/libnss_compat-2.19.so
7ffad3bbf000-7ffad3bc0000 r--p 00008000 08:01 2104462                    /lib/x86_64-linux-gnu/libnss_compat-2.19.so
7ffad3bc0000-7ffad3bc1000 rw-p 00009000 08:01 2104462                    /lib/x86_64-linux-gnu/libnss_compat-2.19.so
7ffad3bc1000-7ffad3bec000 r-xp 00000000 08:01 4853689                    /usr/lib/jvm/java-7-openjdk-amd64/jre/lib/amd64/libjava.so
7ffad3bec000-7ffad3deb000 ---p 0002b000 08:01 4853689                    /usr/lib/jvm/java-7-openjdk-amd64/jre/lib/amd64/libjava.so
7ffad3deb000-7ffad3dec000 r--p 0002a000 08:01 4853689                    /usr/lib/jvm/java-7-openjdk-amd64/jre/lib/amd64/libjava.so
7ffad3dec000-7ffad3dee000 rw-p 0002b000 08:01 4853689                    /usr/lib/jvm/java-7-openjdk-amd64/jre/lib/amd64/libjava.so
7ffad3dee000-7ffad3dfe000 r-xp 00000000 08:01 4853672                    /usr/lib/jvm/java-7-openjdk-amd64/jre/lib/amd64/libverify.so
7ffad3dfe000-7ffad3ffd000 ---p 00010000 08:01 4853672                    /usr/lib/jvm/java-7-openjdk-amd64/jre/lib/amd64/libverify.so
7ffad3ffd000-7ffad3fff000 r--p 0000f000 08:01 4853672                    /usr/lib/jvm/java-7-openjdk-amd64/jre/lib/amd64/libverify.so
7ffad3fff000-7ffad4000000 rw-p 00011000 08:01 4853672                    /usr/lib/jvm/java-7-openjdk-amd64/jre/lib/amd64/libverify.so
7ffad4000000-7ffad51fb000 rw-p 00000000 00:00 0 
7ffad51fb000-7ffad8000000 ---p 00000000 00:00 0 
7ffad8000000-7ffad8001000 r--s 00002000 08:06 68771                      /home/ericbarnhill/Documents/code/jogamp/jocl/build/jar/jocl-natives-linux-amd64.jar
7ffad8001000-7ffad8002000 r--p 00000000 00:00 0 
7ffad8002000-7ffad8008000 r--s 00030000 08:06 68770                      /home/ericbarnhill/Documents/code/jogamp/jocl/build/jar/jocl.jar
7ffad8008000-7ffad800b000 r--s 000bd000 08:06 70280                      /home/ericbarnhill/Documents/code/jogamp/jocl-demos/build/jar/jocl-demos.jar
7ffad800b000-7ffad800f000 r--s 00034000 08:01 4458065                    /usr/lib/jvm/java-7-openjdk-amd64/jre/lib/ext/sunjce_provider.jar
7ffad800f000-7ffad8013000 r--s 0003c000 08:01 4458066                    /usr/lib/jvm/java-7-openjdk-amd64/jre/lib/ext/sunpkcs11.jar
7ffad8013000-7ffad803d000 rw-p 00000000 00:00 0 
7ffad803d000-7ffad803e000 ---p 00000000 00:00 0 
7ffad803e000-7ffad8149000 rw-p 00000000 00:00 0                          [stack:27187]
7ffad8149000-7ffad8191000 rw-p 00000000 00:00 0 
7ffad8191000-7ffad8198000 r-xp 00000000 08:01 2104471                    /lib/x86_64-linux-gnu/librt-2.19.so
7ffad8198000-7ffad8397000 ---p 00007000 08:01 2104471                    /lib/x86_64-linux-gnu/librt-2.19.so
7ffad8397000-7ffad8398000 r--p 00006000 08:01 2104471                    /lib/x86_64-linux-gnu/librt-2.19.so
7ffad8398000-7ffad8399000 rw-p 00007000 08:01 2104471                    /lib/x86_64-linux-gnu/librt-2.19.so
7ffad8399000-7ffad83af000 r-xp 00000000 08:01 2103270                    /lib/x86_64-linux-gnu/libgcc_s.so.1
7ffad83af000-7ffad85ae000 ---p 00016000 08:01 2103270                    /lib/x86_64-linux-gnu/libgcc_s.so.1
7ffad85ae000-7ffad85af000 rw-p 00015000 08:01 2103270                    /lib/x86_64-linux-gnu/libgcc_s.so.1
7ffad85af000-7ffad86b4000 r-xp 00000000 08:01 2104453                    /lib/x86_64-linux-gnu/libm-2.19.so
7ffad86b4000-7ffad88b3000 ---p 00105000 08:01 2104453                    /lib/x86_64-linux-gnu/libm-2.19.so
7ffad88b3000-7ffad88b4000 r--p 00104000 08:01 2104453                    /lib/x86_64-linux-gnu/libm-2.19.so
7ffad88b4000-7ffad88b5000 rw-p 00105000 08:01 2104453                    /lib/x86_64-linux-gnu/libm-2.19.so
7ffad88b5000-7ffad899b000 r-xp 00000000 08:01 3670377                    /usr/lib/x86_64-linux-gnu/libstdc++.so.6.0.19
7ffad899b000-7ffad8b9a000 ---p 000e6000 08:01 3670377                    /usr/lib/x86_64-linux-gnu/libstdc++.so.6.0.19
7ffad8b9a000-7ffad8ba2000 r--p 000e5000 08:01 3670377                    /usr/lib/x86_64-linux-gnu/libstdc++.so.6.0.19
7ffad8ba2000-7ffad8ba4000 rw-p 000ed000 08:01 3670377                    /usr/lib/x86_64-linux-gnu/libstdc++.so.6.0.19
7ffad8ba4000-7ffad8bb9000 rw-p 00000000 00:00 0 
7ffad8bb9000-7ffad96d2000 r-xp 00000000 08:01 5274730                    /usr/lib/jvm/java-7-openjdk-amd64/jre/lib/amd64/server/libjvm.so
7ffad96d2000-7ffad98d2000 ---p 00b19000 08:01 5274730                    /usr/lib/jvm/java-7-openjdk-amd64/jre/lib/amd64/server/libjvm.so
7ffad98d2000-7ffad996c000 r--p 00b19000 08:01 5274730                    /usr/lib/jvm/java-7-openjdk-amd64/jre/lib/amd64/server/libjvm.so
7ffad996c000-7ffad998f000 rw-p 00bb3000 08:01 5274730                    /usr/lib/jvm/java-7-openjdk-amd64/jre/lib/amd64/server/libjvm.so
7ffad998f000-7ffad99bd000 rw-p 00000000 00:00 0 
7ffad99bd000-7ffad99d5000 r-xp 00000000 08:01 2103406                    /lib/x86_64-linux-gnu/libz.so.1.2.8
7ffad99d5000-7ffad9bd4000 ---p 00018000 08:01 2103406                    /lib/x86_64-linux-gnu/libz.so.1.2.8
7ffad9bd4000-7ffad9bd5000 r--p 00017000 08:01 2103406                    /lib/x86_64-linux-gnu/libz.so.1.2.8
7ffad9bd5000-7ffad9bd6000 rw-p 00018000 08:01 2103406                    /lib/x86_64-linux-gnu/libz.so.1.2.8
7ffad9bd6000-7ffad9bef000 r-xp 00000000 08:01 2104469                    /lib/x86_64-linux-gnu/libpthread-2.19.so
7ffad9bef000-7ffad9dee000 ---p 00019000 08:01 2104469                    /lib/x86_64-linux-gnu/libpthread-2.19.so
7ffad9dee000-7ffad9def000 r--p 00018000 08:01 2104469                    /lib/x86_64-linux-gnu/libpthread-2.19.so
7ffad9def000-7ffad9df0000 rw-p 00019000 08:01 2104469                    /lib/x86_64-linux-gnu/libpthread-2.19.so
7ffad9df0000-7ffad9df4000 rw-p 00000000 00:00 0 
7ffad9df4000-7ffad9df7000 r-xp 00000000 08:01 2104457                    /lib/x86_64-linux-gnu/libdl-2.19.so
7ffad9df7000-7ffad9ff6000 ---p 00003000 08:01 2104457                    /lib/x86_64-linux-gnu/libdl-2.19.so
7ffad9ff6000-7ffad9ff7000 r--p 00002000 08:01 2104457                    /lib/x86_64-linux-gnu/libdl-2.19.so
7ffad9ff7000-7ffad9ff8000 rw-p 00003000 08:01 2104457                    /lib/x86_64-linux-gnu/libdl-2.19.so
7ffad9ff8000-7ffada1b3000 r-xp 00000000 08:01 2104468                    /lib/x86_64-linux-gnu/libc-2.19.so
7ffada1b3000-7ffada3b2000 ---p 001bb000 08:01 2104468                    /lib/x86_64-linux-gnu/libc-2.19.so
7ffada3b2000-7ffada3b6000 r--p 001ba000 08:01 2104468                    /lib/x86_64-linux-gnu/libc-2.19.so
7ffada3b6000-7ffada3b8000 rw-p 001be000 08:01 2104468                    /lib/x86_64-linux-gnu/libc-2.19.so
7ffada3b8000-7ffada3bd000 rw-p 00000000 00:00 0 
7ffada3bd000-7ffada3ca000 r-xp 00000000 08:01 4997030                    /usr/lib/jvm/java-7-openjdk-amd64/jre/lib/amd64/jli/libjli.so
7ffada3ca000-7ffada5c9000 ---p 0000d000 08:01 4997030                    /usr/lib/jvm/java-7-openjdk-amd64/jre/lib/amd64/jli/libjli.so
7ffada5c9000-7ffada5ca000 r--p 0000c000 08:01 4997030                    /usr/lib/jvm/java-7-openjdk-amd64/jre/lib/amd64/jli/libjli.so
7ffada5ca000-7ffada5cb000 rw-p 0000d000 08:01 4997030                    /usr/lib/jvm/java-7-openjdk-amd64/jre/lib/amd64/jli/libjli.so
7ffada5cb000-7ffada5ee000 r-xp 00000000 08:01 2104465                    /lib/x86_64-linux-gnu/ld-2.19.so
7ffada5ee000-7ffada5ef000 r--s 00002000 08:01 4457732                    /usr/lib/jvm/java-7-openjdk-amd64/jre/lib/ext/dnsns.jar
7ffada5ef000-7ffada5f1000 r--s 00012000 08:01 4458090                    /usr/lib/jvm/java-7-openjdk-amd64/jre/lib/ext/zipfs.jar
7ffada5f1000-7ffada5f5000 r--s 00085000 08:01 4457243                    /usr/lib/jvm/java-7-openjdk-amd64/jre/lib/ext/localedata.jar
7ffada5f5000-7ffada5ff000 rw-p 00000000 00:00 0 
7ffada5ff000-7ffada6b5000 rw-p 00000000 00:00 0 
7ffada6b5000-7ffada6b8000 ---p 00000000 00:00 0 
7ffada6b8000-7ffada7bb000 rw-p 00000000 00:00 0                          [stack:27186]
7ffada7bb000-7ffada7be000 r--s 0000f000 08:01 4458072                    /usr/lib/jvm/java-7-openjdk-amd64/jre/lib/ext/icedtea-sound.jar
7ffada7be000-7ffada7c0000 r--s 00006000 08:01 4210395                    /usr/share/java/java-atk-wrapper.jar
7ffada7c0000-7ffada7e1000 rw-p 00000000 00:00 0 
7ffada7e1000-7ffada7e9000 rw-s 00000000 08:01 4982138                    /tmp/hsperfdata_root/27181
7ffada7e9000-7ffada7ea000 rw-p 00000000 00:00 0 
7ffada7ea000-7ffada7eb000 r--p 00000000 00:00 0 
7ffada7eb000-7ffada7ed000 rw-p 00000000 00:00 0 
7ffada7ed000-7ffada7ee000 r--p 00022000 08:01 2104465                    /lib/x86_64-linux-gnu/ld-2.19.so
7ffada7ee000-7ffada7ef000 rw-p 00023000 08:01 2104465                    /lib/x86_64-linux-gnu/ld-2.19.so
7ffada7ef000-7ffada7f0000 rw-p 00000000 00:00 0 
7ffc69c7c000-7ffc69c9d000 rw-p 00000000 00:00 0                          [stack]
7ffc69d37000-7ffc69d39000 r-xp 00000000 00:00 0                          [vdso]
7ffc69d39000-7ffc69d3b000 r--p 00000000 00:00 0                          [vvar]
ffffffffff600000-ffffffffff601000 r-xp 00000000 00:00 0                  [vsyscall]

VM Arguments:
jvm_args: -Dfile.encoding=UTF-8 
java_command: jvcl.GPUFFT
Launcher Type: SUN_STANDARD

Environment Variables:
PATH=/usr/local/sbin:/usr/local/bin:/usr/sbin:/usr/bin:/sbin:/bin
USERNAME=root
SHELL=/bin/bash
DISPLAY=:0

Signal Handlers:
SIGSEGV: [libjvm.so+0x94bab0], sa_mask[0]=0x7ffbfeff, sa_flags=0x10000004
SIGBUS: [libjvm.so+0x94bab0], sa_mask[0]=0x7ffbfeff, sa_flags=0x10000004
SIGFPE: [libjvm.so+0x7c38b0], sa_mask[0]=0x7ffbfeff, sa_flags=0x10000004
SIGPIPE: [libjvm.so+0x7c38b0], sa_mask[0]=0x7ffbfeff, sa_flags=0x10000004
SIGXFSZ: [libjvm.so+0x7c38b0], sa_mask[0]=0x7ffbfeff, sa_flags=0x10000004
SIGILL: [libjvm.so+0x7c38b0], sa_mask[0]=0x7ffbfeff, sa_flags=0x10000004
SIGUSR1: SIG_DFL, sa_mask[0]=0x00000000, sa_flags=0x00000000
SIGUSR2: [libjvm.so+0x7c3750], sa_mask[0]=0x00000004, sa_flags=0x10000004
SIGHUP: [libjvm.so+0x7c3930], sa_mask[0]=0x7ffbfeff, sa_flags=0x10000004
SIGINT: [libjvm.so+0x7c3930], sa_mask[0]=0x7ffbfeff, sa_flags=0x10000004
SIGTERM: [libjvm.so+0x7c3930], sa_mask[0]=0x7ffbfeff, sa_flags=0x10000004
SIGQUIT: [libjvm.so+0x7c3930], sa_mask[0]=0x7ffbfeff, sa_flags=0x10000004
SIGTRAP: SIG_DFL, sa_mask[0]=0x00000000, sa_flags=0x00000000


---------------  S Y S T E M  ---------------

OS:Ubuntu 14.04 (trusty)
uname:Linux 3.16.0-49-generic #65~14.04.1-Ubuntu SMP Wed Sep 9 10:03:23 UTC 2015 x86_64
libc:glibc 2.19 NPTL 2.19 
rlimit: STACK 8192k, CORE 0k, NPROC 31478, NOFILE 4096, AS infinity
load average:0.89 0.88 0.51

/proc/meminfo:
MemTotal:        8079900 kB
MemFree:         4052884 kB
MemAvailable:    6331876 kB
Buffers:          719544 kB
Cached:          1511136 kB
SwapCached:            0 kB
Active:          2529052 kB
Inactive:         882828 kB
Active(anon):    1182456 kB
Inactive(anon):    32188 kB
Active(file):    1346596 kB
Inactive(file):   850640 kB
Unevictable:         104 kB
Mlocked:             104 kB
SwapTotal:       9999356 kB
SwapFree:        9999356 kB
Dirty:               140 kB
Writeback:             0 kB
AnonPages:       1181132 kB
Mapped:           345784 kB
Shmem:             33452 kB
Slab:             375800 kB
SReclaimable:     335160 kB
SUnreclaim:        40640 kB
KernelStack:       11936 kB
PageTables:        33400 kB
NFS_Unstable:          0 kB
Bounce:                0 kB
WritebackTmp:          0 kB
CommitLimit:    14039304 kB
Committed_AS:    4851596 kB
VmallocTotal:   34359738367 kB
VmallocUsed:      394184 kB
VmallocChunk:   34359275188 kB
HardwareCorrupted:     0 kB
AnonHugePages:    720896 kB
HugePages_Total:       0
HugePages_Free:        0
HugePages_Rsvd:        0
HugePages_Surp:        0
Hugepagesize:       2048 kB
DirectMap4k:      298656 kB
DirectMap2M:     7993344 kB


CPU:total 4 (2 cores per cpu, 2 threads per core) family 6 model 58 stepping 9, cmov, cx8, fxsr, mmx, sse, sse2, sse3, ssse3, sse4.1, sse4.2, popcnt, avx, aes, erms, ht, tsc, tscinvbit, tscinv

/proc/cpuinfo:
processor	: 0
vendor_id	: GenuineIntel
cpu family	: 6
model		: 58
model name	: Intel(R) Core(TM) i7-3520M CPU @ 2.90GHz
stepping	: 9
microcode	: 0x19
cpu MHz		: 3500.957
cache size	: 4096 KB
physical id	: 0
siblings	: 4
core id		: 0
cpu cores	: 2
apicid		: 0
initial apicid	: 0
fpu		: yes
fpu_exception	: yes
cpuid level	: 13
wp		: yes
flags		: fpu vme de pse tsc msr pae mce cx8 apic sep mtrr pge mca cmov pat pse36 clflush dts acpi mmx fxsr sse sse2 ss ht tm pbe syscall nx rdtscp lm constant_tsc arch_perfmon pebs bts rep_good nopl xtopology nonstop_tsc aperfmperf eagerfpu pni pclmulqdq dtes64 monitor ds_cpl vmx smx est tm2 ssse3 cx16 xtpr pdcm pcid sse4_1 sse4_2 x2apic popcnt tsc_deadline_timer aes xsave avx f16c rdrand lahf_lm ida arat epb xsaveopt pln pts dtherm tpr_shadow vnmi flexpriority ept vpid fsgsbase smep erms
bogomips	: 5781.00
clflush size	: 64
cache_alignment	: 64
address sizes	: 36 bits physical, 48 bits virtual
power management:

processor	: 1
vendor_id	: GenuineIntel
cpu family	: 6
model		: 58
model name	: Intel(R) Core(TM) i7-3520M CPU @ 2.90GHz
stepping	: 9
microcode	: 0x19
cpu MHz		: 3355.957
cache size	: 4096 KB
physical id	: 0
siblings	: 4
core id		: 1
cpu cores	: 2
apicid		: 2
initial apicid	: 2
fpu		: yes
fpu_exception	: yes
cpuid level	: 13
wp		: yes
flags		: fpu vme de pse tsc msr pae mce cx8 apic sep mtrr pge mca cmov pat pse36 clflush dts acpi mmx fxsr sse sse2 ss ht tm pbe syscall nx rdtscp lm constant_tsc arch_perfmon pebs bts rep_good nopl xtopology nonstop_tsc aperfmperf eagerfpu pni pclmulqdq dtes64 monitor ds_cpl vmx smx est tm2 ssse3 cx16 xtpr pdcm pcid sse4_1 sse4_2 x2apic popcnt tsc_deadline_timer aes xsave avx f16c rdrand lahf_lm ida arat epb xsaveopt pln pts dtherm tpr_shadow vnmi flexpriority ept vpid fsgsbase smep erms
bogomips	: 5781.00
clflush size	: 64
cache_alignment	: 64
address sizes	: 36 bits physical, 48 bits virtual
power management:

processor	: 2
vendor_id	: GenuineIntel
cpu family	: 6
model		: 58
model name	: Intel(R) Core(TM) i7-3520M CPU @ 2.90GHz
stepping	: 9
microcode	: 0x19
cpu MHz		: 3406.933
cache size	: 4096 KB
physical id	: 0
siblings	: 4
core id		: 0
cpu cores	: 2
apicid		: 1
initial apicid	: 1
fpu		: yes
fpu_exception	: yes
cpuid level	: 13
wp		: yes
flags		: fpu vme de pse tsc msr pae mce cx8 apic sep mtrr pge mca cmov pat pse36 clflush dts acpi mmx fxsr sse sse2 ss ht tm pbe syscall nx rdtscp lm constant_tsc arch_perfmon pebs bts rep_good nopl xtopology nonstop_tsc aperfmperf eagerfpu pni pclmulqdq dtes64 monitor ds_cpl vmx smx est tm2 ssse3 cx16 xtpr pdcm pcid sse4_1 sse4_2 x2apic popcnt tsc_deadline_timer aes xsave avx f16c rdrand lahf_lm ida arat epb xsaveopt pln pts dtherm tpr_shadow vnmi flexpriority ept vpid fsgsbase smep erms
bogomips	: 5781.00
clflush size	: 64
cache_alignment	: 64
address sizes	: 36 bits physical, 48 bits virtual
power management:

processor	: 3
vendor_id	: GenuineIntel
cpu family	: 6
model		: 58
model name	: Intel(R) Core(TM) i7-3520M CPU @ 2.90GHz
stepping	: 9
microcode	: 0x19
cpu MHz		: 3398.550
cache size	: 4096 KB
physical id	: 0
siblings	: 4
core id		: 1
cpu cores	: 2
apicid		: 3
initial apicid	: 3
fpu		: yes
fpu_exception	: yes
cpuid level	: 13
wp		: yes
flags		: fpu vme de pse tsc msr pae mce cx8 apic sep mtrr pge mca cmov pat pse36 clflush dts acpi mmx fxsr sse sse2 ss ht tm pbe syscall nx rdtscp lm constant_tsc arch_perfmon pebs bts rep_good nopl xtopology nonstop_tsc aperfmperf eagerfpu pni pclmulqdq dtes64 monitor ds_cpl vmx smx est tm2 ssse3 cx16 xtpr pdcm pcid sse4_1 sse4_2 x2apic popcnt tsc_deadline_timer aes xsave avx f16c rdrand lahf_lm ida arat epb xsaveopt pln pts dtherm tpr_shadow vnmi flexpriority ept vpid fsgsbase smep erms
bogomips	: 5781.00
clflush size	: 64
cache_alignment	: 64
address sizes	: 36 bits physical, 48 bits virtual
power management:



Memory: 4k page, physical 8079900k(4052884k free), swap 9999356k(9999356k free)

vm_info: OpenJDK 64-Bit Server VM (24.79-b02) for linux-amd64 JRE (1.7.0_79-b14), built on Jul 24 2015 08:15:54 by "buildd" with gcc 4.8.2

time: Sun Oct  4 10:49:42 2015
elapsed time: 0 seconds

