#
# A fatal error has been detected by the Java Runtime Environment:
#
#  SIGSEGV (0xb) at pc=0x0000000000000000, pid=29643, tid=139718496270080
#
# JRE version: OpenJDK Runtime Environment (7.0_79-b14) (build 1.7.0_79-b14)
# Java VM: OpenJDK 64-Bit Server VM (24.79-b02 mixed mode linux-amd64 compressed oops)
# Derivative: IcedTea 2.5.6
# Distribution: Ubuntu 14.04 LTS, package 7u79-2.5.6-0ubuntu1.14.04.1
# Problematic frame:
# C  0x0000000000000000
#
# Failed to write core dump. Core dumps have been disabled. To enable core dumping, try "ulimit -c unlimited" before starting Java again
#
# If you would like to submit a bug report, please include
# instructions on how to reproduce the bug and visit:
#   http://icedtea.classpath.org/bugzilla
# The crash happened outside the Java Virtual Machine in native code.
# See problematic frame for where to report the bug.
#

---------------  T H R E A D  ---------------

Current thread (0x00007f12b800a000):  JavaThread "main" [_thread_in_native, id=29648, stack(0x00007f12bf46b000,0x00007f12bf56c000)]

siginfo:si_signo=SIGSEGV: si_errno=0, si_code=1 (SEGV_MAPERR), si_addr=0x0000000000000000

Registers:
RAX=0x0000000000000000, RBX=0x000000077a6fb4a8, RCX=0x0000000000000000, RDX=0x0000000000000004
RSP=0x00007f12bf569f18, RBP=0x00007f12bf569f80, RSI=0x0000000000000001, RDI=0x00007f12b82325b0
R8 =0x00000007d75521b8, R9 =0x0000000000000000, R10=0x00007f12b5012d6c, R11=0x00007f12be1cc2f0
R12=0x0000000000000000, R13=0x000000077a6fb4a8, R14=0x00007f12bf56a0e0, R15=0x00007f12b800a000
RIP=0x0000000000000000, EFLAGS=0x0000000000010202, CSGSFS=0x0000000000000033, ERR=0x0000000000000014
  TRAPNO=0x000000000000000e

Top of Stack: (sp=0x00007f12bf569f18)
0x00007f12bf569f18:   00007f12ac07e3c2 00007f12b82325b0
0x00007f12bf569f28:   0000000100000000 0000000000000000
0x00007f12bf569f38:   0000000000000004 0000000000000001
0x00007f12bf569f48:   00007f12b82325b0 00007f12bf56a0e0
0x00007f12bf569f58:   00007f12b800a1d8 0000000000000000
0x00007f12bf569f68:   00000007d75521b8 00007f12ac28a4a0
0x00007f12bf569f78:   000000077a49e89d 00007f12bf56a050
0x00007f12bf569f88:   00007f12b5012d98 0000000000000000
0x00007f12bf569f98:   0000000000000001 00007f12bf56a090
0x00007f12bf569fa8:   0000000000000000 0000000000000000
0x00007f12bf569fb8:   00007f12ac28a4a0 000000077a432c39
0x00007f12bf569fc8:   00000000ffffffff 00007f12bf569fd0
0x00007f12bf569fd8:   000000077a49eba0 00007f12bf56a028
0x00007f12bf569fe8:   000000077a5b0b80 0000000000000000
0x00007f12bf569ff8:   000000077a49ebf0 0000000000000000
0x00007f12bf56a008:   00007f12bf56a020 00007f12bf56a010
0x00007f12bf56a018:   000000077a6fb4a8 00007f12bf56a0e0
0x00007f12bf56a028:   000000077a70a838 0000000000000000
0x00007f12bf56a038:   000000077a6fb4a8 0000000000000000
0x00007f12bf56a048:   00007f12bf56a070 00007f12bf56a128
0x00007f12bf56a058:   00007f12b5006175 0000000000000000
0x00007f12bf56a068:   00007f12b500ecd7 00007f12ac28a4a0
0x00007f12bf56a078:   0000000000000000 0000000000000000
0x00007f12bf56a088:   0000000000000000 00000007d75521a8
0x00007f12bf56a098:   0000000000000001 0000000000000000
0x00007f12bf56a0a8:   0000000000000000 0000000000000004
0x00007f12bf56a0b8:   000000077a79c858 0000000000000001
0x00007f12bf56a0c8:   00007f12bf56a0e0 00007f12b82325b0
0x00007f12bf56a0d8:   00007f12ac28a4a0 00000007d73d9a88
0x00007f12bf56a0e8:   00007f12bf56a0e8 000000077a6fb6a6
0x00007f12bf56a0f8:   00007f12bf56a198 000000077a70a838
0x00007f12bf56a108:   0000000000000000 000000077a6fb6b8 

Instructions: (pc=0x0000000000000000)
0xffffffffffffffe0:   

Register to memory mapping:

RAX=0x0000000000000000 is an unknown value
RBX=0x000000077a6fb4a8 is an oop
{method} 
 - klass: {other class}
RCX=0x0000000000000000 is an unknown value
RDX=0x0000000000000004 is an unknown value
RSP=0x00007f12bf569f18 is pointing into the stack for thread: 0x00007f12b800a000
RBP=0x00007f12bf569f80 is pointing into the stack for thread: 0x00007f12b800a000
RSI=0x0000000000000001 is an unknown value
RDI=0x00007f12b82325b0 is an unknown value
R8 =0x00000007d75521b8 is an unknown value
R9 =0x0000000000000000 is an unknown value
R10=0x00007f12b5012d6c is at code_begin+620 in an Interpreter codelet
method entry point (kind = native)  [0x00007f12b5012b00, 0x00007f12b5013360]  2144 bytes
R11=0x00007f12be1cc2f0: <offset 0x85d2f0> in /usr/lib/jvm/java-7-openjdk-amd64/jre/lib/amd64/server/libjvm.so at 0x00007f12bd96f000
R12=0x0000000000000000 is an unknown value
R13=0x000000077a6fb4a8 is an oop
{method} 
 - klass: {other class}
R14=0x00007f12bf56a0e0 is pointing into the stack for thread: 0x00007f12b800a000
R15=0x00007f12b800a000 is a thread


Stack: [0x00007f12bf46b000,0x00007f12bf56c000],  sp=0x00007f12bf569f18,  free space=1019k
Java frames: (J=compiled Java code, j=interpreted, Vv=VM code)
j  com.jogamp.opencl.llb.impl.CLAbstractImpl.dispatch_clCreateBuffer1(JJJLjava/lang/Object;IZLjava/lang/Object;IZJ)J+0
j  com.jogamp.opencl.llb.impl.CLAbstractImpl.clCreateBuffer(JJJLjava/nio/Buffer;[II)J+150
j  com.jogamp.opencl.CLBuffer.create(Lcom/jogamp/opencl/CLContext;Ljava/nio/Buffer;I)Lcom/jogamp/opencl/CLBuffer;+68
j  com.jogamp.opencl.CLContext.createBuffer(Ljava/nio/Buffer;I)Lcom/jogamp/opencl/CLBuffer;+3
j  com.jogamp.opencl.CLContext.createBuffer(Ljava/nio/Buffer;[Lcom/jogamp/opencl/CLMemory$Mem;)Lcom/jogamp/opencl/CLBuffer;+6
j  com.jogamp.opencl.CLContext.createFloatBuffer(I[Lcom/jogamp/opencl/CLMemory$Mem;)Lcom/jogamp/opencl/CLBuffer;+6
j  jvcl.GPUFFT.fft_simple([F[F)V+12
j  jvcl.GPUFFT.fft_simple([F[F)V+216
j  jvcl.GPUFFT.fft_simple([F[F)V+208
j  jvcl.GPUFFT.fft_simple([F[F)V+208
j  jvcl.GPUFFT.fft_simple([F[F)V+208
j  jvcl.GPUFFT.fft_simple([F[F)V+208
j  jvcl.GPUFFT.fft_simple([F[F)V+208
j  jvcl.GPUFFT.main([Ljava/lang/String;)V+79
v  ~StubRoutines::call_stub

---------------  P R O C E S S  ---------------

Java Threads: ( => current thread )
  0x00007f12b81a7800 JavaThread "process reaper" daemon [_thread_blocked, id=29665, stack(0x00007f12adf71000,0x00007f12adfaa000)]
  0x00007f12b80ae800 JavaThread "Service Thread" daemon [_thread_blocked, id=29660, stack(0x00007f12ae0ab000,0x00007f12ae1ac000)]
  0x00007f12b80ac000 JavaThread "C2 CompilerThread1" daemon [_thread_blocked, id=29659, stack(0x00007f12ae1ac000,0x00007f12ae2ad000)]
  0x00007f12b80a9000 JavaThread "C2 CompilerThread0" daemon [_thread_blocked, id=29658, stack(0x00007f12ae2ad000,0x00007f12ae3ae000)]
  0x00007f12b80a7000 JavaThread "Signal Dispatcher" daemon [_thread_blocked, id=29657, stack(0x00007f12ae3ae000,0x00007f12ae4af000)]
  0x00007f12b807c000 JavaThread "Finalizer" daemon [_thread_blocked, id=29655, stack(0x00007f12aeb91000,0x00007f12aec92000)]
  0x00007f12b807a000 JavaThread "Reference Handler" daemon [_thread_blocked, id=29654, stack(0x00007f12aec92000,0x00007f12aed93000)]
=>0x00007f12b800a000 JavaThread "main" [_thread_in_native, id=29648, stack(0x00007f12bf46b000,0x00007f12bf56c000)]

Other Threads:
  0x00007f12b8075800 VMThread [stack: 0x00007f12aed93000,0x00007f12aee94000] [id=29653]
  0x00007f12b80b9800 WatcherThread [stack: 0x00007f12adfaa000,0x00007f12ae0ab000] [id=29661]

VM state:not at safepoint (normal execution)

VM Mutex/Monitor currently owned by a thread: None

Heap
 PSYoungGen      total 37376K, used 7743K [0x00000007d6e00000, 0x00000007d9780000, 0x0000000800000000)
  eden space 32256K, 24% used [0x00000007d6e00000,0x00000007d758ff38,0x00000007d8d80000)
  from space 5120K, 0% used [0x00000007d9280000,0x00000007d9280000,0x00000007d9780000)
  to   space 5120K, 0% used [0x00000007d8d80000,0x00000007d8d80000,0x00000007d9280000)
 ParOldGen       total 83968K, used 0K [0x0000000784a00000, 0x0000000789c00000, 0x00000007d6e00000)
  object space 83968K, 0% used [0x0000000784a00000,0x0000000784a00000,0x0000000789c00000)
 PSPermGen       total 21504K, used 5986K [0x000000077a400000, 0x000000077b900000, 0x0000000784a00000)
  object space 21504K, 27% used [0x000000077a400000,0x000000077a9d8b50,0x000000077b900000)

Card table byte_map: [0x00007f12b4bd1000,0x00007f12b5000000] byte_map_base: 0x00007f12b0fff000

Polling page: 0x00007f12bf5a0000

Code Cache  [0x00007f12b5000000, 0x00007f12b5270000, 0x00007f12b8000000)
 total_blobs=390 nmethods=16 adapters=328 free_code_cache=48632Kb largest_free_block=49796736

Compilation events (10 events):
Event: 0.148 Thread 0x00007f12b80a9000   12             java.io.UnixFileSystem::normalize (75 bytes)
Event: 0.151 Thread 0x00007f12b80a9000 nmethod 12 0x00007f12b5075a50 code [0x00007f12b5075bc0, 0x00007f12b5075e18]
Event: 0.157 Thread 0x00007f12b80ac000   13             sun.net.www.ParseUtil::encodePath (336 bytes)
Event: 0.169 Thread 0x00007f12b80a9000   14             java.lang.String::startsWith (72 bytes)
Event: 0.171 Thread 0x00007f12b80a9000 nmethod 14 0x00007f12b5077bd0 code [0x00007f12b5077d20, 0x00007f12b5077ed8]
Event: 0.174 Thread 0x00007f12b80ac000 nmethod 13 0x00007f12b507dc10 code [0x00007f12b507de60, 0x00007f12b507eed8]
Event: 0.177 Thread 0x00007f12b80a9000   15             java.lang.String::length (6 bytes)
Event: 0.177 Thread 0x00007f12b80a9000 nmethod 15 0x00007f12b5078750 code [0x00007f12b5078880, 0x00007f12b50788f8]
Event: 0.179 Thread 0x00007f12b80ac000   16             java.lang.Math::min (11 bytes)
Event: 0.180 Thread 0x00007f12b80ac000 nmethod 16 0x00007f12b5062550 code [0x00007f12b5062680, 0x00007f12b50626b8]

GC Heap History (0 events):
No events

Deoptimization events (0 events):
No events

Internal exceptions (10 events):
Event: 0.188 Thread 0x00007f12b800a000 Threw 0x00000007d74da338 at /build/openjdk-7-FO0dNI/openjdk-7-7u79-2.5.6/build/openjdk/hotspot/src/share/vm/prims/jvm.cpp:1284
Event: 0.207 Thread 0x00007f12b800a000 Threw 0x00000007d74deb58 at /build/openjdk-7-FO0dNI/openjdk-7-7u79-2.5.6/build/openjdk/hotspot/src/share/vm/prims/jvm.cpp:1284
Event: 0.207 Thread 0x00007f12b800a000 Threw 0x00000007d74eb418 at /build/openjdk-7-FO0dNI/openjdk-7-7u79-2.5.6/build/openjdk/hotspot/src/share/vm/prims/jvm.cpp:1284
Event: 0.208 Thread 0x00007f12b800a000 Threw 0x00000007d74ef3e0 at /build/openjdk-7-FO0dNI/openjdk-7-7u79-2.5.6/build/openjdk/hotspot/src/share/vm/prims/jvm.cpp:1284
Event: 0.209 Thread 0x00007f12b800a000 Threw 0x00000007d7519a48 at /build/openjdk-7-FO0dNI/openjdk-7-7u79-2.5.6/build/openjdk/hotspot/src/share/vm/prims/jvm.cpp:1284
Event: 0.209 Thread 0x00007f12b800a000 Threw 0x00000007d751da78 at /build/openjdk-7-FO0dNI/openjdk-7-7u79-2.5.6/build/openjdk/hotspot/src/share/vm/prims/jvm.cpp:1284
Event: 0.210 Thread 0x00007f12b800a000 Threw 0x00000007d7523718 at /build/openjdk-7-FO0dNI/openjdk-7-7u79-2.5.6/build/openjdk/hotspot/src/share/vm/prims/jvm.cpp:1284
Event: 0.211 Thread 0x00007f12b800a000 Threw 0x00000007d752b468 at /build/openjdk-7-FO0dNI/openjdk-7-7u79-2.5.6/build/openjdk/hotspot/src/share/vm/prims/jvm.cpp:1284
Event: 0.214 Thread 0x00007f12b800a000 Threw 0x00000007d753c350 at /build/openjdk-7-FO0dNI/openjdk-7-7u79-2.5.6/build/openjdk/hotspot/src/share/vm/prims/jvm.cpp:1284
Event: 0.217 Thread 0x00007f12b800a000 Threw 0x00000007d7549a70 at /build/openjdk-7-FO0dNI/openjdk-7-7u79-2.5.6/build/openjdk/hotspot/src/share/vm/prims/jvm.cpp:1284

Events (10 events):
Event: 0.214 loading class 0x00007f12b80fd8d0
Event: 0.214 loading class 0x00007f12b80fd8d0 done
Event: 0.217 loading class 0x00007f12b80fd9f0
Event: 0.217 loading class 0x00007f12b80fd9f0 done
Event: 0.217 loading class 0x00007f12b8011ae0
Event: 0.217 loading class 0x00007f12b8011ae0 done
Event: 0.218 loading class 0x00007f12b40ed9b0
Event: 0.218 loading class 0x00007f12b40ed9b0 done
Event: 0.219 loading class 0x00007f12b40ed9e0
Event: 0.219 loading class 0x00007f12b40ed9e0 done


Dynamic libraries:
00400000-00401000 r-xp 00000000 08:01 5389623                            /usr/lib/jvm/java-7-openjdk-amd64/jre/bin/java
00600000-00601000 r--p 00000000 08:01 5389623                            /usr/lib/jvm/java-7-openjdk-amd64/jre/bin/java
00601000-00602000 rw-p 00001000 08:01 5389623                            /usr/lib/jvm/java-7-openjdk-amd64/jre/bin/java
02044000-02065000 rw-p 00000000 00:00 0                                  [heap]
200000000-700000000 ---p 00000000 00:00 0 
77a400000-77b900000 rw-p 00000000 00:00 0 
77b900000-784a00000 rw-p 00000000 00:00 0 
784a00000-789c00000 rw-p 00000000 00:00 0 
789c00000-7d6e00000 rw-p 00000000 00:00 0 
7d6e00000-7d9780000 rw-p 00000000 00:00 0 
7d9780000-800000000 rw-p 00000000 00:00 0 
7f1269e0b000-7f126b54e000 r-xp 00000000 08:01 3811727                    /usr/lib/nvidia-346-updates/libnvidia-compiler.so.346.82
7f126b54e000-7f126b74e000 ---p 01743000 08:01 3811727                    /usr/lib/nvidia-346-updates/libnvidia-compiler.so.346.82
7f126b74e000-7f126bfd6000 rw-p 01743000 08:01 3811727                    /usr/lib/nvidia-346-updates/libnvidia-compiler.so.346.82
7f126bfd6000-7f126c000000 rw-p 00000000 00:00 0 
7f126c000000-7f126c021000 rw-p 00000000 00:00 0 
7f126c021000-7f1270000000 ---p 00000000 00:00 0 
7f1270000000-7f1270021000 rw-p 00000000 00:00 0 
7f1270021000-7f1274000000 ---p 00000000 00:00 0 
7f1274000000-7f1274021000 rw-p 00000000 00:00 0 
7f1274021000-7f1278000000 ---p 00000000 00:00 0 
7f1278000000-7f1278021000 rw-p 00000000 00:00 0 
7f1278021000-7f127c000000 ---p 00000000 00:00 0 
7f127c000000-7f127c0d7000 rw-p 00000000 00:00 0 
7f127c0d7000-7f1280000000 ---p 00000000 00:00 0 
7f1280000000-7f1280188000 rw-p 00000000 00:00 0 
7f1280188000-7f1284000000 ---p 00000000 00:00 0 
7f1284000000-7f1284021000 rw-p 00000000 00:00 0 
7f1284021000-7f1288000000 ---p 00000000 00:00 0 
7f1288000000-7f1288021000 rw-p 00000000 00:00 0 
7f1288021000-7f128c000000 ---p 00000000 00:00 0 
7f128c000000-7f128c021000 rw-p 00000000 00:00 0 
7f128c021000-7f1290000000 ---p 00000000 00:00 0 
7f129251d000-7f129251e000 ---p 00000000 00:00 0 
7f129251e000-7f1292d1e000 rw-p 00000000 00:00 0 
7f1292d1e000-7f1292d1f000 ---p 00000000 00:00 0 
7f1292d1f000-7f129351f000 rw-p 00000000 00:00 0 
7f129351f000-7f1293520000 ---p 00000000 00:00 0 
7f1293520000-7f1298000000 rw-p 00000000 00:00 0 
7f1298000000-7f1298021000 rw-p 00000000 00:00 0 
7f1298021000-7f129c000000 ---p 00000000 00:00 0 
7f129c000000-7f129c021000 rw-p 00000000 00:00 0 
7f129c021000-7f12a0000000 ---p 00000000 00:00 0 
7f12a0000000-7f12a0021000 rw-p 00000000 00:00 0 
7f12a0021000-7f12a4000000 ---p 00000000 00:00 0 
7f12a59d0000-7f12a59d1000 ---p 00000000 00:00 0 
7f12a59d1000-7f12a61d1000 rw-p 00000000 00:00 0 
7f12a62d1000-7f12a6d94000 r-xp 00000000 08:01 3672125                    /usr/lib/x86_64-linux-gnu/libcuda.so.346.82
7f12a6d94000-7f12a6f94000 ---p 00ac3000 08:01 3672125                    /usr/lib/x86_64-linux-gnu/libcuda.so.346.82
7f12a6f94000-7f12a7146000 rw-p 00ac3000 08:01 3672125                    /usr/lib/x86_64-linux-gnu/libcuda.so.346.82
7f12a7146000-7f12a715b000 rw-p 00000000 00:00 0 
7f12a715b000-7f12a7c36000 r-xp 00000000 08:01 3674886                    /usr/lib/x86_64-linux-gnu/libnvidia-opencl.so.346.82
7f12a7c36000-7f12a7e35000 ---p 00adb000 08:01 3674886                    /usr/lib/x86_64-linux-gnu/libnvidia-opencl.so.346.82
7f12a7e35000-7f12a7feb000 rw-p 00ada000 08:01 3674886                    /usr/lib/x86_64-linux-gnu/libnvidia-opencl.so.346.82
7f12a7feb000-7f12a8000000 rw-p 00000000 00:00 0 
7f12a8000000-7f12a8021000 rw-p 00000000 00:00 0 
7f12a8021000-7f12ac000000 ---p 00000000 00:00 0 
7f12ac079000-7f12ac084000 r-xp 00000000 08:01 4982176                    /tmp/jogamp_0000/file_cache/jln3794934878656496984/jln4722459641370983118/natives/linux-amd64/libjocl.so
7f12ac084000-7f12ac283000 ---p 0000b000 08:01 4982176                    /tmp/jogamp_0000/file_cache/jln3794934878656496984/jln4722459641370983118/natives/linux-amd64/libjocl.so
7f12ac283000-7f12ac284000 r--p 0000a000 08:01 4982176                    /tmp/jogamp_0000/file_cache/jln3794934878656496984/jln4722459641370983118/natives/linux-amd64/libjocl.so
7f12ac284000-7f12ac285000 rw-p 0000b000 08:01 4982176                    /tmp/jogamp_0000/file_cache/jln3794934878656496984/jln4722459641370983118/natives/linux-amd64/libjocl.so
7f12ac285000-7f12ac28d000 r-xp 00000000 08:01 3670455                    /usr/lib/x86_64-linux-gnu/libOpenCL.so.1.0.0
7f12ac28d000-7f12ac48c000 ---p 00008000 08:01 3670455                    /usr/lib/x86_64-linux-gnu/libOpenCL.so.1.0.0
7f12ac48c000-7f12ac48d000 r--p 00007000 08:01 3670455                    /usr/lib/x86_64-linux-gnu/libOpenCL.so.1.0.0
7f12ac48d000-7f12ac48e000 rw-p 00008000 08:01 3670455                    /usr/lib/x86_64-linux-gnu/libOpenCL.so.1.0.0
7f12ac48e000-7f12ac490000 r-xp 00000000 08:01 4982175                    /tmp/jogamp_0000/file_cache/jln3794934878656496984/jln4722459641370983118/natives/linux-amd64/libgluegen-rt.so
7f12ac490000-7f12ac68f000 ---p 00002000 08:01 4982175                    /tmp/jogamp_0000/file_cache/jln3794934878656496984/jln4722459641370983118/natives/linux-amd64/libgluegen-rt.so
7f12ac68f000-7f12ac690000 r--p 00001000 08:01 4982175                    /tmp/jogamp_0000/file_cache/jln3794934878656496984/jln4722459641370983118/natives/linux-amd64/libgluegen-rt.so
7f12ac690000-7f12ac691000 rw-p 00002000 08:01 4982175                    /tmp/jogamp_0000/file_cache/jln3794934878656496984/jln4722459641370983118/natives/linux-amd64/libgluegen-rt.so
7f12ac792000-7f12ac7a2000 r-xp 00000000 08:01 4853686                    /usr/lib/jvm/java-7-openjdk-amd64/jre/lib/amd64/libnio.so
7f12ac7a2000-7f12ac9a2000 ---p 00010000 08:01 4853686                    /usr/lib/jvm/java-7-openjdk-amd64/jre/lib/amd64/libnio.so
7f12ac9a2000-7f12ac9a3000 r--p 00010000 08:01 4853686                    /usr/lib/jvm/java-7-openjdk-amd64/jre/lib/amd64/libnio.so
7f12ac9a3000-7f12ac9a4000 rw-p 00011000 08:01 4853686                    /usr/lib/jvm/java-7-openjdk-amd64/jre/lib/amd64/libnio.so
7f12ac9a4000-7f12ac9d5000 rw-p 00000000 00:00 0 
7f12ac9d5000-7f12aca12000 r-xp 00000000 08:01 2114819                    /lib/x86_64-linux-gnu/libpcre.so.3.13.1
7f12aca12000-7f12acc11000 ---p 0003d000 08:01 2114819                    /lib/x86_64-linux-gnu/libpcre.so.3.13.1
7f12acc11000-7f12acc12000 r--p 0003c000 08:01 2114819                    /lib/x86_64-linux-gnu/libpcre.so.3.13.1
7f12acc12000-7f12acc13000 rw-p 0003d000 08:01 2114819                    /lib/x86_64-linux-gnu/libpcre.so.3.13.1
7f12acc13000-7f12acc1a000 r-xp 00000000 08:01 3675991                    /usr/lib/x86_64-linux-gnu/libffi.so.6.0.1
7f12acc1a000-7f12ace19000 ---p 00007000 08:01 3675991                    /usr/lib/x86_64-linux-gnu/libffi.so.6.0.1
7f12ace19000-7f12ace1a000 r--p 00006000 08:01 3675991                    /usr/lib/x86_64-linux-gnu/libffi.so.6.0.1
7f12ace1a000-7f12ace1b000 rw-p 00007000 08:01 3675991                    /usr/lib/x86_64-linux-gnu/libffi.so.6.0.1
7f12ace1b000-7f12ace32000 r-xp 00000000 08:01 2104446                    /lib/x86_64-linux-gnu/libresolv-2.19.so
7f12ace32000-7f12ad032000 ---p 00017000 08:01 2104446                    /lib/x86_64-linux-gnu/libresolv-2.19.so
7f12ad032000-7f12ad033000 r--p 00017000 08:01 2104446                    /lib/x86_64-linux-gnu/libresolv-2.19.so
7f12ad033000-7f12ad034000 rw-p 00018000 08:01 2104446                    /lib/x86_64-linux-gnu/libresolv-2.19.so
7f12ad034000-7f12ad036000 rw-p 00000000 00:00 0 
7f12ad036000-7f12ad056000 r-xp 00000000 08:01 2103373                    /lib/x86_64-linux-gnu/libselinux.so.1
7f12ad056000-7f12ad255000 ---p 00020000 08:01 2103373                    /lib/x86_64-linux-gnu/libselinux.so.1
7f12ad255000-7f12ad256000 r--p 0001f000 08:01 2103373                    /lib/x86_64-linux-gnu/libselinux.so.1
7f12ad256000-7f12ad257000 rw-p 00020000 08:01 2103373                    /lib/x86_64-linux-gnu/libselinux.so.1
7f12ad257000-7f12ad259000 rw-p 00000000 00:00 0 
7f12ad259000-7f12ad25c000 r-xp 00000000 08:01 3676104                    /usr/lib/x86_64-linux-gnu/libgmodule-2.0.so.0.4002.0
7f12ad25c000-7f12ad45b000 ---p 00003000 08:01 3676104                    /usr/lib/x86_64-linux-gnu/libgmodule-2.0.so.0.4002.0
7f12ad45b000-7f12ad45c000 r--p 00002000 08:01 3676104                    /usr/lib/x86_64-linux-gnu/libgmodule-2.0.so.0.4002.0
7f12ad45c000-7f12ad45d000 rw-p 00003000 08:01 3676104                    /usr/lib/x86_64-linux-gnu/libgmodule-2.0.so.0.4002.0
7f12ad45d000-7f12ad563000 r-xp 00000000 08:01 2103274                    /lib/x86_64-linux-gnu/libglib-2.0.so.0.4002.0
7f12ad563000-7f12ad762000 ---p 00106000 08:01 2103274                    /lib/x86_64-linux-gnu/libglib-2.0.so.0.4002.0
7f12ad762000-7f12ad763000 r--p 00105000 08:01 2103274                    /lib/x86_64-linux-gnu/libglib-2.0.so.0.4002.0
7f12ad763000-7f12ad764000 rw-p 00106000 08:01 2103274                    /lib/x86_64-linux-gnu/libglib-2.0.so.0.4002.0
7f12ad764000-7f12ad765000 rw-p 00000000 00:00 0 
7f12ad765000-7f12ad7b4000 r-xp 00000000 08:01 3676120                    /usr/lib/x86_64-linux-gnu/libgobject-2.0.so.0.4002.0
7f12ad7b4000-7f12ad9b4000 ---p 0004f000 08:01 3676120                    /usr/lib/x86_64-linux-gnu/libgobject-2.0.so.0.4002.0
7f12ad9b4000-7f12ad9b5000 r--p 0004f000 08:01 3676120                    /usr/lib/x86_64-linux-gnu/libgobject-2.0.so.0.4002.0
7f12ad9b5000-7f12ad9b6000 rw-p 00050000 08:01 3676120                    /usr/lib/x86_64-linux-gnu/libgobject-2.0.so.0.4002.0
7f12ad9b6000-7f12adb22000 r-xp 00000000 08:01 3676092                    /usr/lib/x86_64-linux-gnu/libgio-2.0.so.0.4002.0
7f12adb22000-7f12add21000 ---p 0016c000 08:01 3676092                    /usr/lib/x86_64-linux-gnu/libgio-2.0.so.0.4002.0
7f12add21000-7f12add25000 r--p 0016b000 08:01 3676092                    /usr/lib/x86_64-linux-gnu/libgio-2.0.so.0.4002.0
7f12add25000-7f12add27000 rw-p 0016f000 08:01 3676092                    /usr/lib/x86_64-linux-gnu/libgio-2.0.so.0.4002.0
7f12add27000-7f12add29000 rw-p 00000000 00:00 0 
7f12add38000-7f12add59000 rw-p 00000000 00:00 0 
7f12add59000-7f12add70000 r-xp 00000000 08:01 4853681                    /usr/lib/jvm/java-7-openjdk-amd64/jre/lib/amd64/libnet.so
7f12add70000-7f12adf6f000 ---p 00017000 08:01 4853681                    /usr/lib/jvm/java-7-openjdk-amd64/jre/lib/amd64/libnet.so
7f12adf6f000-7f12adf70000 r--p 00016000 08:01 4853681                    /usr/lib/jvm/java-7-openjdk-amd64/jre/lib/amd64/libnet.so
7f12adf70000-7f12adf71000 rw-p 00017000 08:01 4853681                    /usr/lib/jvm/java-7-openjdk-amd64/jre/lib/amd64/libnet.so
7f12adf71000-7f12adf74000 ---p 00000000 00:00 0 
7f12adf74000-7f12adfaa000 rw-p 00000000 00:00 0                          [stack:29665]
7f12adfaa000-7f12adfab000 ---p 00000000 00:00 0 
7f12adfab000-7f12ae0ab000 rw-p 00000000 00:00 0                          [stack:29661]
7f12ae0ab000-7f12ae0ae000 ---p 00000000 00:00 0 
7f12ae0ae000-7f12ae1ac000 rw-p 00000000 00:00 0                          [stack:29660]
7f12ae1ac000-7f12ae1af000 ---p 00000000 00:00 0 
7f12ae1af000-7f12ae2ad000 rw-p 00000000 00:00 0                          [stack:29659]
7f12ae2ad000-7f12ae2b0000 ---p 00000000 00:00 0 
7f12ae2b0000-7f12ae3ae000 rw-p 00000000 00:00 0                          [stack:29658]
7f12ae3ae000-7f12ae3b1000 ---p 00000000 00:00 0 
7f12ae3b1000-7f12ae4af000 rw-p 00000000 00:00 0                          [stack:29657]
7f12ae4af000-7f12aeb91000 r--p 00000000 08:01 3674563                    /usr/lib/locale/locale-archive
7f12aeb91000-7f12aeb94000 ---p 00000000 00:00 0 
7f12aeb94000-7f12aec92000 rw-p 00000000 00:00 0                          [stack:29655]
7f12aec92000-7f12aec95000 ---p 00000000 00:00 0 
7f12aec95000-7f12aed93000 rw-p 00000000 00:00 0                          [stack:29654]
7f12aed93000-7f12aed94000 ---p 00000000 00:00 0 
7f12aed94000-7f12afe4f000 rw-p 00000000 00:00 0                          [stack:29653]
7f12afe4f000-7f12b0000000 r--s 01d29000 08:01 4080636                    /usr/lib/jvm/java-7-openjdk-amd64/jre/lib/rt.jar
7f12b0000000-7f12b0021000 rw-p 00000000 00:00 0 
7f12b0021000-7f12b4000000 ---p 00000000 00:00 0 
7f12b4002000-7f12b4009000 r--s 00000000 08:01 4203242                    /usr/lib/x86_64-linux-gnu/gconv/gconv-modules.cache
7f12b4009000-7f12b400a000 r--p 00000000 08:01 4461979                    /usr/share/locale-langpack/en_GB/LC_MESSAGES/libc.mo
7f12b400e000-7f12b4010000 r--s 00000000 08:06 63540                      /home/ericbarnhill/Documents/code/jogamp/gluegen/build/gluegen-rt-natives-linux-amd64.jar
7f12b4010000-7f12b401b000 r--s 0006f000 08:06 23467237                   /home/ericbarnhill/Documents/code/jtransforms-2.4.jar
7f12b401b000-7f12b453b000 rw-p 00000000 00:00 0 
7f12b453b000-7f12b453c000 ---p 00000000 00:00 0 
7f12b453c000-7f12b463c000 rw-p 00000000 00:00 0                          [stack:29652]
7f12b463c000-7f12b463d000 ---p 00000000 00:00 0 
7f12b463d000-7f12b473d000 rw-p 00000000 00:00 0                          [stack:29651]
7f12b473d000-7f12b473e000 ---p 00000000 00:00 0 
7f12b473e000-7f12b483e000 rw-p 00000000 00:00 0                          [stack:29650]
7f12b483e000-7f12b483f000 ---p 00000000 00:00 0 
7f12b483f000-7f12b4968000 rw-p 00000000 00:00 0                          [stack:29649]
7f12b4968000-7f12b4bd1000 rw-p 00000000 00:00 0 
7f12b4bd1000-7f12b4bdc000 rw-p 00000000 00:00 0 
7f12b4bdc000-7f12b4c24000 rw-p 00000000 00:00 0 
7f12b4c24000-7f12b4c4d000 rw-p 00000000 00:00 0 
7f12b4c4d000-7f12b4eb6000 rw-p 00000000 00:00 0 
7f12b4eb6000-7f12b4ecb000 rw-p 00000000 00:00 0 
7f12b4ecb000-7f12b4fff000 rw-p 00000000 00:00 0 
7f12b4fff000-7f12b5000000 rw-p 00000000 00:00 0 
7f12b5000000-7f12b5270000 rwxp 00000000 00:00 0 
7f12b5270000-7f12b848a000 rw-p 00000000 00:00 0 
7f12b848a000-7f12bc000000 ---p 00000000 00:00 0 
7f12bc000000-7f12bc001000 r--s 00002000 08:06 68771                      /home/ericbarnhill/Documents/code/jogamp/jocl/build/jar/jocl-natives-linux-amd64.jar
7f12bc001000-7f12bc002000 r--p 00000000 00:00 0 
7f12bc002000-7f12bc007000 r--s 0004d000 08:01 4080643                    /usr/lib/jvm/java-7-openjdk-amd64/jre/lib/jsse.jar
7f12bc007000-7f12bc00d000 r--s 0004f000 08:06 63508                      /home/ericbarnhill/Documents/code/jogamp/gluegen/build/gluegen-rt.jar
7f12bc00d000-7f12bc013000 r--s 00030000 08:06 68770                      /home/ericbarnhill/Documents/code/jogamp/jocl/build/jar/jocl.jar
7f12bc013000-7f12bc016000 r--s 000bd000 08:06 70280                      /home/ericbarnhill/Documents/code/jogamp/jocl-demos/build/jar/jocl-demos.jar
7f12bc016000-7f12bc01a000 r--s 00034000 08:01 4458065                    /usr/lib/jvm/java-7-openjdk-amd64/jre/lib/ext/sunjce_provider.jar
7f12bc01a000-7f12bc01e000 r--s 0003c000 08:01 4458066                    /usr/lib/jvm/java-7-openjdk-amd64/jre/lib/ext/sunpkcs11.jar
7f12bc01e000-7f12bc07b000 rw-p 00000000 00:00 0 
7f12bc07b000-7f12bc0c3000 rw-p 00000000 00:00 0 
7f12bc0c3000-7f12bc0cb000 r-xp 00000000 08:01 4851601                    /usr/lib/jvm/java-7-openjdk-amd64/jre/lib/amd64/libzip.so
7f12bc0cb000-7f12bc2ca000 ---p 00008000 08:01 4851601                    /usr/lib/jvm/java-7-openjdk-amd64/jre/lib/amd64/libzip.so
7f12bc2ca000-7f12bc2cb000 r--p 00007000 08:01 4851601                    /usr/lib/jvm/java-7-openjdk-amd64/jre/lib/amd64/libzip.so
7f12bc2cb000-7f12bc2cc000 rw-p 00008000 08:01 4851601                    /usr/lib/jvm/java-7-openjdk-amd64/jre/lib/amd64/libzip.so
7f12bc2cc000-7f12bc2d7000 r-xp 00000000 08:01 2104454                    /lib/x86_64-linux-gnu/libnss_files-2.19.so
7f12bc2d7000-7f12bc4d6000 ---p 0000b000 08:01 2104454                    /lib/x86_64-linux-gnu/libnss_files-2.19.so
7f12bc4d6000-7f12bc4d7000 r--p 0000a000 08:01 2104454                    /lib/x86_64-linux-gnu/libnss_files-2.19.so
7f12bc4d7000-7f12bc4d8000 rw-p 0000b000 08:01 2104454                    /lib/x86_64-linux-gnu/libnss_files-2.19.so
7f12bc4d8000-7f12bc4e3000 r-xp 00000000 08:01 2104474                    /lib/x86_64-linux-gnu/libnss_nis-2.19.so
7f12bc4e3000-7f12bc6e2000 ---p 0000b000 08:01 2104474                    /lib/x86_64-linux-gnu/libnss_nis-2.19.so
7f12bc6e2000-7f12bc6e3000 r--p 0000a000 08:01 2104474                    /lib/x86_64-linux-gnu/libnss_nis-2.19.so
7f12bc6e3000-7f12bc6e4000 rw-p 0000b000 08:01 2104474                    /lib/x86_64-linux-gnu/libnss_nis-2.19.so
7f12bc6e4000-7f12bc6fb000 r-xp 00000000 08:01 2104463                    /lib/x86_64-linux-gnu/libnsl-2.19.so
7f12bc6fb000-7f12bc8fa000 ---p 00017000 08:01 2104463                    /lib/x86_64-linux-gnu/libnsl-2.19.so
7f12bc8fa000-7f12bc8fb000 r--p 00016000 08:01 2104463                    /lib/x86_64-linux-gnu/libnsl-2.19.so
7f12bc8fb000-7f12bc8fc000 rw-p 00017000 08:01 2104463                    /lib/x86_64-linux-gnu/libnsl-2.19.so
7f12bc8fc000-7f12bc8fe000 rw-p 00000000 00:00 0 
7f12bc8fe000-7f12bc907000 r-xp 00000000 08:01 2104462                    /lib/x86_64-linux-gnu/libnss_compat-2.19.so
7f12bc907000-7f12bcb06000 ---p 00009000 08:01 2104462                    /lib/x86_64-linux-gnu/libnss_compat-2.19.so
7f12bcb06000-7f12bcb07000 r--p 00008000 08:01 2104462                    /lib/x86_64-linux-gnu/libnss_compat-2.19.so
7f12bcb07000-7f12bcb08000 rw-p 00009000 08:01 2104462                    /lib/x86_64-linux-gnu/libnss_compat-2.19.so
7f12bcb08000-7f12bcb33000 r-xp 00000000 08:01 4853689                    /usr/lib/jvm/java-7-openjdk-amd64/jre/lib/amd64/libjava.so
7f12bcb33000-7f12bcd32000 ---p 0002b000 08:01 4853689                    /usr/lib/jvm/java-7-openjdk-amd64/jre/lib/amd64/libjava.so
7f12bcd32000-7f12bcd33000 r--p 0002a000 08:01 4853689                    /usr/lib/jvm/java-7-openjdk-amd64/jre/lib/amd64/libjava.so
7f12bcd33000-7f12bcd35000 rw-p 0002b000 08:01 4853689                    /usr/lib/jvm/java-7-openjdk-amd64/jre/lib/amd64/libjava.so
7f12bcd35000-7f12bcd45000 r-xp 00000000 08:01 4853672                    /usr/lib/jvm/java-7-openjdk-amd64/jre/lib/amd64/libverify.so
7f12bcd45000-7f12bcf44000 ---p 00010000 08:01 4853672                    /usr/lib/jvm/java-7-openjdk-amd64/jre/lib/amd64/libverify.so
7f12bcf44000-7f12bcf46000 r--p 0000f000 08:01 4853672                    /usr/lib/jvm/java-7-openjdk-amd64/jre/lib/amd64/libverify.so
7f12bcf46000-7f12bcf47000 rw-p 00011000 08:01 4853672                    /usr/lib/jvm/java-7-openjdk-amd64/jre/lib/amd64/libverify.so
7f12bcf47000-7f12bcf4e000 r-xp 00000000 08:01 2104471                    /lib/x86_64-linux-gnu/librt-2.19.so
7f12bcf4e000-7f12bd14d000 ---p 00007000 08:01 2104471                    /lib/x86_64-linux-gnu/librt-2.19.so
7f12bd14d000-7f12bd14e000 r--p 00006000 08:01 2104471                    /lib/x86_64-linux-gnu/librt-2.19.so
7f12bd14e000-7f12bd14f000 rw-p 00007000 08:01 2104471                    /lib/x86_64-linux-gnu/librt-2.19.so
7f12bd14f000-7f12bd165000 r-xp 00000000 08:01 2103270                    /lib/x86_64-linux-gnu/libgcc_s.so.1
7f12bd165000-7f12bd364000 ---p 00016000 08:01 2103270                    /lib/x86_64-linux-gnu/libgcc_s.so.1
7f12bd364000-7f12bd365000 rw-p 00015000 08:01 2103270                    /lib/x86_64-linux-gnu/libgcc_s.so.1
7f12bd365000-7f12bd46a000 r-xp 00000000 08:01 2104453                    /lib/x86_64-linux-gnu/libm-2.19.so
7f12bd46a000-7f12bd669000 ---p 00105000 08:01 2104453                    /lib/x86_64-linux-gnu/libm-2.19.so
7f12bd669000-7f12bd66a000 r--p 00104000 08:01 2104453                    /lib/x86_64-linux-gnu/libm-2.19.so
7f12bd66a000-7f12bd66b000 rw-p 00105000 08:01 2104453                    /lib/x86_64-linux-gnu/libm-2.19.so
7f12bd66b000-7f12bd751000 r-xp 00000000 08:01 3670377                    /usr/lib/x86_64-linux-gnu/libstdc++.so.6.0.19
7f12bd751000-7f12bd950000 ---p 000e6000 08:01 3670377                    /usr/lib/x86_64-linux-gnu/libstdc++.so.6.0.19
7f12bd950000-7f12bd958000 r--p 000e5000 08:01 3670377                    /usr/lib/x86_64-linux-gnu/libstdc++.so.6.0.19
7f12bd958000-7f12bd95a000 rw-p 000ed000 08:01 3670377                    /usr/lib/x86_64-linux-gnu/libstdc++.so.6.0.19
7f12bd95a000-7f12bd96f000 rw-p 00000000 00:00 0 
7f12bd96f000-7f12be488000 r-xp 00000000 08:01 5274730                    /usr/lib/jvm/java-7-openjdk-amd64/jre/lib/amd64/server/libjvm.so
7f12be488000-7f12be688000 ---p 00b19000 08:01 5274730                    /usr/lib/jvm/java-7-openjdk-amd64/jre/lib/amd64/server/libjvm.so
7f12be688000-7f12be722000 r--p 00b19000 08:01 5274730                    /usr/lib/jvm/java-7-openjdk-amd64/jre/lib/amd64/server/libjvm.so
7f12be722000-7f12be745000 rw-p 00bb3000 08:01 5274730                    /usr/lib/jvm/java-7-openjdk-amd64/jre/lib/amd64/server/libjvm.so
7f12be745000-7f12be773000 rw-p 00000000 00:00 0 
7f12be773000-7f12be78b000 r-xp 00000000 08:01 2103406                    /lib/x86_64-linux-gnu/libz.so.1.2.8
7f12be78b000-7f12be98a000 ---p 00018000 08:01 2103406                    /lib/x86_64-linux-gnu/libz.so.1.2.8
7f12be98a000-7f12be98b000 r--p 00017000 08:01 2103406                    /lib/x86_64-linux-gnu/libz.so.1.2.8
7f12be98b000-7f12be98c000 rw-p 00018000 08:01 2103406                    /lib/x86_64-linux-gnu/libz.so.1.2.8
7f12be98c000-7f12be9a5000 r-xp 00000000 08:01 2104469                    /lib/x86_64-linux-gnu/libpthread-2.19.so
7f12be9a5000-7f12beba4000 ---p 00019000 08:01 2104469                    /lib/x86_64-linux-gnu/libpthread-2.19.so
7f12beba4000-7f12beba5000 r--p 00018000 08:01 2104469                    /lib/x86_64-linux-gnu/libpthread-2.19.so
7f12beba5000-7f12beba6000 rw-p 00019000 08:01 2104469                    /lib/x86_64-linux-gnu/libpthread-2.19.so
7f12beba6000-7f12bebaa000 rw-p 00000000 00:00 0 
7f12bebaa000-7f12bebad000 r-xp 00000000 08:01 2104457                    /lib/x86_64-linux-gnu/libdl-2.19.so
7f12bebad000-7f12bedac000 ---p 00003000 08:01 2104457                    /lib/x86_64-linux-gnu/libdl-2.19.so
7f12bedac000-7f12bedad000 r--p 00002000 08:01 2104457                    /lib/x86_64-linux-gnu/libdl-2.19.so
7f12bedad000-7f12bedae000 rw-p 00003000 08:01 2104457                    /lib/x86_64-linux-gnu/libdl-2.19.so
7f12bedae000-7f12bef69000 r-xp 00000000 08:01 2104468                    /lib/x86_64-linux-gnu/libc-2.19.so
7f12bef69000-7f12bf168000 ---p 001bb000 08:01 2104468                    /lib/x86_64-linux-gnu/libc-2.19.so
7f12bf168000-7f12bf16c000 r--p 001ba000 08:01 2104468                    /lib/x86_64-linux-gnu/libc-2.19.so
7f12bf16c000-7f12bf16e000 rw-p 001be000 08:01 2104468                    /lib/x86_64-linux-gnu/libc-2.19.so
7f12bf16e000-7f12bf173000 rw-p 00000000 00:00 0 
7f12bf173000-7f12bf180000 r-xp 00000000 08:01 4997030                    /usr/lib/jvm/java-7-openjdk-amd64/jre/lib/amd64/jli/libjli.so
7f12bf180000-7f12bf37f000 ---p 0000d000 08:01 4997030                    /usr/lib/jvm/java-7-openjdk-amd64/jre/lib/amd64/jli/libjli.so
7f12bf37f000-7f12bf380000 r--p 0000c000 08:01 4997030                    /usr/lib/jvm/java-7-openjdk-amd64/jre/lib/amd64/jli/libjli.so
7f12bf380000-7f12bf381000 rw-p 0000d000 08:01 4997030                    /usr/lib/jvm/java-7-openjdk-amd64/jre/lib/amd64/jli/libjli.so
7f12bf381000-7f12bf3a4000 r-xp 00000000 08:01 2104465                    /lib/x86_64-linux-gnu/ld-2.19.so
7f12bf3a4000-7f12bf3a5000 r--s 00002000 08:01 4457732                    /usr/lib/jvm/java-7-openjdk-amd64/jre/lib/ext/dnsns.jar
7f12bf3a5000-7f12bf3a7000 r--s 00012000 08:01 4458090                    /usr/lib/jvm/java-7-openjdk-amd64/jre/lib/ext/zipfs.jar
7f12bf3a7000-7f12bf3ab000 r--s 00085000 08:01 4457243                    /usr/lib/jvm/java-7-openjdk-amd64/jre/lib/ext/localedata.jar
7f12bf3ab000-7f12bf3b5000 rw-p 00000000 00:00 0 
7f12bf3b5000-7f12bf46b000 rw-p 00000000 00:00 0 
7f12bf46b000-7f12bf46e000 ---p 00000000 00:00 0 
7f12bf46e000-7f12bf571000 rw-p 00000000 00:00 0                          [stack:29648]
7f12bf571000-7f12bf574000 r--s 0000f000 08:01 4458072                    /usr/lib/jvm/java-7-openjdk-amd64/jre/lib/ext/icedtea-sound.jar
7f12bf574000-7f12bf576000 r--s 00006000 08:01 4210395                    /usr/share/java/java-atk-wrapper.jar
7f12bf576000-7f12bf597000 rw-p 00000000 00:00 0 
7f12bf597000-7f12bf59f000 rw-s 00000000 08:01 4982138                    /tmp/hsperfdata_root/29643
7f12bf59f000-7f12bf5a0000 rw-p 00000000 00:00 0 
7f12bf5a0000-7f12bf5a1000 r--p 00000000 00:00 0 
7f12bf5a1000-7f12bf5a3000 rw-p 00000000 00:00 0 
7f12bf5a3000-7f12bf5a4000 r--p 00022000 08:01 2104465                    /lib/x86_64-linux-gnu/ld-2.19.so
7f12bf5a4000-7f12bf5a5000 rw-p 00023000 08:01 2104465                    /lib/x86_64-linux-gnu/ld-2.19.so
7f12bf5a5000-7f12bf5a6000 rw-p 00000000 00:00 0 
7ffc6b686000-7ffc6b6a7000 rw-p 00000000 00:00 0                          [stack]
7ffc6b6f6000-7ffc6b6f8000 r-xp 00000000 00:00 0                          [vdso]
7ffc6b6f8000-7ffc6b6fa000 r--p 00000000 00:00 0                          [vvar]
ffffffffff600000-ffffffffff601000 r-xp 00000000 00:00 0                  [vsyscall]

VM Arguments:
jvm_args: -Dfile.encoding=UTF-8 
java_command: jvcl.GPUFFT
Launcher Type: SUN_STANDARD

Environment Variables:
PATH=/usr/local/sbin:/usr/local/bin:/usr/sbin:/usr/bin:/sbin:/bin
USERNAME=root
SHELL=/bin/bash
DISPLAY=:0

Signal Handlers:
SIGSEGV: [libjvm.so+0x94bab0], sa_mask[0]=0x7ffbfeff, sa_flags=0x10000004
SIGBUS: [libjvm.so+0x94bab0], sa_mask[0]=0x7ffbfeff, sa_flags=0x10000004
SIGFPE: [libjvm.so+0x7c38b0], sa_mask[0]=0x7ffbfeff, sa_flags=0x10000004
SIGPIPE: [libjvm.so+0x7c38b0], sa_mask[0]=0x7ffbfeff, sa_flags=0x10000004
SIGXFSZ: [libjvm.so+0x7c38b0], sa_mask[0]=0x7ffbfeff, sa_flags=0x10000004
SIGILL: [libjvm.so+0x7c38b0], sa_mask[0]=0x7ffbfeff, sa_flags=0x10000004
SIGUSR1: SIG_DFL, sa_mask[0]=0x00000000, sa_flags=0x00000000
SIGUSR2: [libjvm.so+0x7c3750], sa_mask[0]=0x00000004, sa_flags=0x10000004
SIGHUP: [libjvm.so+0x7c3930], sa_mask[0]=0x7ffbfeff, sa_flags=0x10000004
SIGINT: [libjvm.so+0x7c3930], sa_mask[0]=0x7ffbfeff, sa_flags=0x10000004
SIGTERM: [libjvm.so+0x7c3930], sa_mask[0]=0x7ffbfeff, sa_flags=0x10000004
SIGQUIT: [libjvm.so+0x7c3930], sa_mask[0]=0x7ffbfeff, sa_flags=0x10000004
SIGTRAP: SIG_DFL, sa_mask[0]=0x00000000, sa_flags=0x00000000


---------------  S Y S T E M  ---------------

OS:Ubuntu 14.04 (trusty)
uname:Linux 3.16.0-49-generic #65~14.04.1-Ubuntu SMP Wed Sep 9 10:03:23 UTC 2015 x86_64
libc:glibc 2.19 NPTL 2.19 
rlimit: STACK 8192k, CORE 0k, NPROC 31478, NOFILE 4096, AS infinity
load average:0.19 0.27 0.35

/proc/meminfo:
MemTotal:        8079900 kB
MemFree:         4162312 kB
MemAvailable:    6444396 kB
Buffers:          721200 kB
Cached:          1512076 kB
SwapCached:            0 kB
Active:          2512808 kB
Inactive:         882836 kB
Active(anon):    1163624 kB
Inactive(anon):    31928 kB
Active(file):    1349184 kB
Inactive(file):   850908 kB
Unevictable:         104 kB
Mlocked:             104 kB
SwapTotal:       9999356 kB
SwapFree:        9999356 kB
Dirty:               116 kB
Writeback:             0 kB
AnonPages:       1162468 kB
Mapped:           257488 kB
Shmem:             33192 kB
Slab:             373768 kB
SReclaimable:     335396 kB
SUnreclaim:        38372 kB
KernelStack:       10272 kB
PageTables:        32900 kB
NFS_Unstable:          0 kB
Bounce:                0 kB
WritebackTmp:          0 kB
CommitLimit:    14039304 kB
Committed_AS:    4557732 kB
VmallocTotal:   34359738367 kB
VmallocUsed:      394184 kB
VmallocChunk:   34359275188 kB
HardwareCorrupted:     0 kB
AnonHugePages:    727040 kB
HugePages_Total:       0
HugePages_Free:        0
HugePages_Rsvd:        0
HugePages_Surp:        0
Hugepagesize:       2048 kB
DirectMap4k:      298656 kB
DirectMap2M:     7993344 kB


CPU:total 4 (2 cores per cpu, 2 threads per core) family 6 model 58 stepping 9, cmov, cx8, fxsr, mmx, sse, sse2, sse3, ssse3, sse4.1, sse4.2, popcnt, avx, aes, erms, ht, tsc, tscinvbit, tscinv

/proc/cpuinfo:
processor	: 0
vendor_id	: GenuineIntel
cpu family	: 6
model		: 58
model name	: Intel(R) Core(TM) i7-3520M CPU @ 2.90GHz
stepping	: 9
microcode	: 0x19
cpu MHz		: 3498.011
cache size	: 4096 KB
physical id	: 0
siblings	: 4
core id		: 0
cpu cores	: 2
apicid		: 0
initial apicid	: 0
fpu		: yes
fpu_exception	: yes
cpuid level	: 13
wp		: yes
flags		: fpu vme de pse tsc msr pae mce cx8 apic sep mtrr pge mca cmov pat pse36 clflush dts acpi mmx fxsr sse sse2 ss ht tm pbe syscall nx rdtscp lm constant_tsc arch_perfmon pebs bts rep_good nopl xtopology nonstop_tsc aperfmperf eagerfpu pni pclmulqdq dtes64 monitor ds_cpl vmx smx est tm2 ssse3 cx16 xtpr pdcm pcid sse4_1 sse4_2 x2apic popcnt tsc_deadline_timer aes xsave avx f16c rdrand lahf_lm ida arat epb xsaveopt pln pts dtherm tpr_shadow vnmi flexpriority ept vpid fsgsbase smep erms
bogomips	: 5781.00
clflush size	: 64
cache_alignment	: 64
address sizes	: 36 bits physical, 48 bits virtual
power management:

processor	: 1
vendor_id	: GenuineIntel
cpu family	: 6
model		: 58
model name	: Intel(R) Core(TM) i7-3520M CPU @ 2.90GHz
stepping	: 9
microcode	: 0x19
cpu MHz		: 2982.468
cache size	: 4096 KB
physical id	: 0
siblings	: 4
core id		: 1
cpu cores	: 2
apicid		: 2
initial apicid	: 2
fpu		: yes
fpu_exception	: yes
cpuid level	: 13
wp		: yes
flags		: fpu vme de pse tsc msr pae mce cx8 apic sep mtrr pge mca cmov pat pse36 clflush dts acpi mmx fxsr sse sse2 ss ht tm pbe syscall nx rdtscp lm constant_tsc arch_perfmon pebs bts rep_good nopl xtopology nonstop_tsc aperfmperf eagerfpu pni pclmulqdq dtes64 monitor ds_cpl vmx smx est tm2 ssse3 cx16 xtpr pdcm pcid sse4_1 sse4_2 x2apic popcnt tsc_deadline_timer aes xsave avx f16c rdrand lahf_lm ida arat epb xsaveopt pln pts dtherm tpr_shadow vnmi flexpriority ept vpid fsgsbase smep erms
bogomips	: 5781.00
clflush size	: 64
cache_alignment	: 64
address sizes	: 36 bits physical, 48 bits virtual
power management:

processor	: 2
vendor_id	: GenuineIntel
cpu family	: 6
model		: 58
model name	: Intel(R) Core(TM) i7-3520M CPU @ 2.90GHz
stepping	: 9
microcode	: 0x19
cpu MHz		: 3565.074
cache size	: 4096 KB
physical id	: 0
siblings	: 4
core id		: 0
cpu cores	: 2
apicid		: 1
initial apicid	: 1
fpu		: yes
fpu_exception	: yes
cpuid level	: 13
wp		: yes
flags		: fpu vme de pse tsc msr pae mce cx8 apic sep mtrr pge mca cmov pat pse36 clflush dts acpi mmx fxsr sse sse2 ss ht tm pbe syscall nx rdtscp lm constant_tsc arch_perfmon pebs bts rep_good nopl xtopology nonstop_tsc aperfmperf eagerfpu pni pclmulqdq dtes64 monitor ds_cpl vmx smx est tm2 ssse3 cx16 xtpr pdcm pcid sse4_1 sse4_2 x2apic popcnt tsc_deadline_timer aes xsave avx f16c rdrand lahf_lm ida arat epb xsaveopt pln pts dtherm tpr_shadow vnmi flexpriority ept vpid fsgsbase smep erms
bogomips	: 5781.00
clflush size	: 64
cache_alignment	: 64
address sizes	: 36 bits physical, 48 bits virtual
power management:

processor	: 3
vendor_id	: GenuineIntel
cpu family	: 6
model		: 58
model name	: Intel(R) Core(TM) i7-3520M CPU @ 2.90GHz
stepping	: 9
microcode	: 0x19
cpu MHz		: 3400.023
cache size	: 4096 KB
physical id	: 0
siblings	: 4
core id		: 1
cpu cores	: 2
apicid		: 3
initial apicid	: 3
fpu		: yes
fpu_exception	: yes
cpuid level	: 13
wp		: yes
flags		: fpu vme de pse tsc msr pae mce cx8 apic sep mtrr pge mca cmov pat pse36 clflush dts acpi mmx fxsr sse sse2 ss ht tm pbe syscall nx rdtscp lm constant_tsc arch_perfmon pebs bts rep_good nopl xtopology nonstop_tsc aperfmperf eagerfpu pni pclmulqdq dtes64 monitor ds_cpl vmx smx est tm2 ssse3 cx16 xtpr pdcm pcid sse4_1 sse4_2 x2apic popcnt tsc_deadline_timer aes xsave avx f16c rdrand lahf_lm ida arat epb xsaveopt pln pts dtherm tpr_shadow vnmi flexpriority ept vpid fsgsbase smep erms
bogomips	: 5781.00
clflush size	: 64
cache_alignment	: 64
address sizes	: 36 bits physical, 48 bits virtual
power management:



Memory: 4k page, physical 8079900k(4162312k free), swap 9999356k(9999356k free)

vm_info: OpenJDK 64-Bit Server VM (24.79-b02) for linux-amd64 JRE (1.7.0_79-b14), built on Jul 24 2015 08:15:54 by "buildd" with gcc 4.8.2

time: Sun Oct  4 11:04:29 2015
elapsed time: 0 seconds

