#
# A fatal error has been detected by the Java Runtime Environment:
#
#  SIGSEGV (0xb) at pc=0x00007f06dedfd4ac, pid=27437, tid=139667807749888
#
# JRE version: OpenJDK Runtime Environment (7.0_79-b14) (build 1.7.0_79-b14)
# Java VM: OpenJDK 64-Bit Server VM (24.79-b02 mixed mode linux-amd64 compressed oops)
# Derivative: IcedTea 2.5.6
# Distribution: Ubuntu 14.04 LTS, package 7u79-2.5.6-0ubuntu1.14.04.1
# Problematic frame:
# C  [libOpenCL.so.1+0x54ac]  clCreateBuffer+0xc
#
# Failed to write core dump. Core dumps have been disabled. To enable core dumping, try "ulimit -c unlimited" before starting Java again
#
# If you would like to submit a bug report, please include
# instructions on how to reproduce the bug and visit:
#   http://icedtea.classpath.org/bugzilla
# The crash happened outside the Java Virtual Machine in native code.
# See problematic frame for where to report the bug.
#

---------------  T H R E A D  ---------------

Current thread (0x00007f06e800a000):  JavaThread "main" [_thread_in_native, id=27442, stack(0x00007f06f2014000,0x00007f06f2115000)]

siginfo:si_signo=SIGSEGV: si_errno=0, si_code=128 (), si_addr=0x0000000000000000

Registers:
RAX=0x5f6176616a4c5a49, RBX=0x000000077a6f7218, RCX=0x0000000000000000, RDX=0x0000000000000004
RSP=0x00007f06f2112fd8, RBP=0x00007f06f2113040, RSI=0x0000000000000001, RDI=0x00007f06e8fa1220
R8 =0x00000007d759e208, R9 =0x0000000000000000, R10=0x00007f06e5012d6c, R11=0x00007f06f0d752f0
R12=0x0000000000000000, R13=0x000000077a6f7218, R14=0x00007f06f2113198, R15=0x00007f06e800a000
RIP=0x00007f06dedfd4ac, EFLAGS=0x0000000000010202, CSGSFS=0x0000000000000033, ERR=0x0000000000000000
  TRAPNO=0x000000000000000d

Top of Stack: (sp=0x00007f06f2112fd8)
0x00007f06f2112fd8:   00007f06dcec23c2 00007f06e8fa1220
0x00007f06f2112fe8:   0000000100000000 0000000000000000
0x00007f06f2112ff8:   0000000000000004 0000000000000001
0x00007f06f2113008:   00007f06e8fa1220 00007f06f2113198
0x00007f06f2113018:   00007f06e800a1d8 0000000000000000
0x00007f06f2113028:   00000007d759e208 00007f06dedfd4a0
0x00007f06f2113038:   00007f06e5012c2d 00007f06f2113108
0x00007f06f2113048:   00007f06e5012d98 0000000000000000
0x00007f06f2113058:   0000000000000001 00007f06f2113148
0x00007f06f2113068:   0000000000000000 0000000000000000
0x00007f06f2113078:   00007f06dedfd4a0 00007f06e5005310
0x00007f06f2113088:   0000000000000000 00007f06f21131e0
0x00007f06f2113098:   00007f06f2113128 00007f06e800ace8
0x00007f06f21130a8:   00007f06e800ace8 00007f06e800ad18
0x00007f06f21130b8:   00007f06e800ad18 00000000fffffffe
0x00007f06f21130c8:   00007f06f21130c8 000000077a6f7218
0x00007f06f21130d8:   00007f06f2113198 000000077a7065a8
0x00007f06f21130e8:   0000000000000000 000000077a6f7218
0x00007f06f21130f8:   0000000000000000 00007f06f2113128
0x00007f06f2113108:   00007f06f21131e0 00007f06e5006175
0x00007f06f2113118:   0000000000000000 00007f06e500ecd7
0x00007f06f2113128:   00007f06dedfd4a0 0000000000000000
0x00007f06f2113138:   0000000000000000 0000000000000000
0x00007f06f2113148:   00000007d759e1f8 0000000000000001
0x00007f06f2113158:   0000000000000000 0000000000000000
0x00007f06f2113168:   0000000000000004 00007f06f2113250
0x00007f06f2113178:   0000000000000001 00007f06f21131e0
0x00007f06f2113188:   00007f06e8fa1220 00007f06dedfd4a0
0x00007f06f2113198:   00000007d73cd3e0 00007f06f21131a0
0x00007f06f21131a8:   000000077a6f7416 00007f06f2113250
0x00007f06f21131b8:   000000077a7065a8 0000000000000000
0x00007f06f21131c8:   000000077a6f7428 00007f06f2113128 

Instructions: (pc=0x00007f06dedfd4ac)
0x00007f06dedfd48c:   ff e0 66 90 48 85 c9 74 06 c7 01 de ff ff ff 31
0x00007f06dedfd49c:   c0 c3 66 90 48 85 ff 74 0b 48 8b 07 48 8b 40 70
0x00007f06dedfd4ac:   ff e0 66 90 4d 85 c0 74 07 41 c7 00 de ff ff ff
0x00007f06dedfd4bc:   31 c0 c3 90 48 85 ff 4c 8b 54 24 08 48 8b 44 24 

Register to memory mapping:

RAX=0x5f6176616a4c5a49 is an unknown value
RBX=0x000000077a6f7218 is an oop
{method} 
 - klass: {other class}
RCX=0x0000000000000000 is an unknown value
RDX=0x0000000000000004 is an unknown value
RSP=0x00007f06f2112fd8 is pointing into the stack for thread: 0x00007f06e800a000
RBP=0x00007f06f2113040 is pointing into the stack for thread: 0x00007f06e800a000
RSI=0x0000000000000001 is an unknown value
RDI=0x00007f06e8fa1220 is an unknown value
R8 =0x00000007d759e208 is an unknown value
R9 =0x0000000000000000 is an unknown value
R10=0x00007f06e5012d6c is at code_begin+620 in an Interpreter codelet
method entry point (kind = native)  [0x00007f06e5012b00, 0x00007f06e5013360]  2144 bytes
R11=0x00007f06f0d752f0: <offset 0x85d2f0> in /usr/lib/jvm/java-7-openjdk-amd64/jre/lib/amd64/server/libjvm.so at 0x00007f06f0518000
R12=0x0000000000000000 is an unknown value
R13=0x000000077a6f7218 is an oop
{method} 
 - klass: {other class}
R14=0x00007f06f2113198 is pointing into the stack for thread: 0x00007f06e800a000
R15=0x00007f06e800a000 is a thread


Stack: [0x00007f06f2014000,0x00007f06f2115000],  sp=0x00007f06f2112fd8,  free space=1019k
Native frames: (J=compiled Java code, j=interpreted, Vv=VM code, C=native code)
C  [libOpenCL.so.1+0x54ac]  clCreateBuffer+0xc
j  com.jogamp.opencl.llb.impl.CLAbstractImpl.dispatch_clCreateBuffer1(JJJLjava/lang/Object;IZLjava/lang/Object;IZJ)J+0
j  com.jogamp.opencl.llb.impl.CLAbstractImpl.clCreateBuffer(JJJLjava/nio/Buffer;[II)J+150
j  com.jogamp.opencl.CLBuffer.create(Lcom/jogamp/opencl/CLContext;Ljava/nio/Buffer;I)Lcom/jogamp/opencl/CLBuffer;+68
j  com.jogamp.opencl.CLContext.createBuffer(Ljava/nio/Buffer;I)Lcom/jogamp/opencl/CLBuffer;+3
j  com.jogamp.opencl.CLContext.createBuffer(Ljava/nio/Buffer;[Lcom/jogamp/opencl/CLMemory$Mem;)Lcom/jogamp/opencl/CLBuffer;+6
j  com.jogamp.opencl.CLContext.createFloatBuffer(I[Lcom/jogamp/opencl/CLMemory$Mem;)Lcom/jogamp/opencl/CLBuffer;+6
j  jvcl.GPUFFT.fft_simple([F[F)V+221
j  jvcl.GPUFFT.fft_simple([F[F)V+198
j  jvcl.GPUFFT.fft_simple([F[F)V+198
j  jvcl.GPUFFT.fft_simple([F[F)V+198
j  jvcl.GPUFFT.fft_simple([F[F)V+198
j  jvcl.GPUFFT.fft_simple([F[F)V+198
j  jvcl.GPUFFT.main([Ljava/lang/String;)V+77
v  ~StubRoutines::call_stub
V  [libjvm.so+0x5e80c9]  JavaCalls::call_helper(JavaValue*, methodHandle*, JavaCallArguments*, Thread*)+0x339
V  [libjvm.so+0x5e7b68]  JavaCalls::call(JavaValue*, methodHandle, JavaCallArguments*, Thread*)+0x28
V  [libjvm.so+0x5f6c9b]  jni_invoke_static(JNIEnv_*, JavaValue*, _jobject*, JNICallType, _jmethodID*, JNI_ArgumentPusher*, Thread*) [clone .isra.124] [clone .constprop.156]+0x28b
V  [libjvm.so+0x607f08]  jni_CallStaticVoidMethod+0x118
C  [libjli.so+0x31f9]

Java frames: (J=compiled Java code, j=interpreted, Vv=VM code)
j  com.jogamp.opencl.llb.impl.CLAbstractImpl.dispatch_clCreateBuffer1(JJJLjava/lang/Object;IZLjava/lang/Object;IZJ)J+0
j  com.jogamp.opencl.llb.impl.CLAbstractImpl.clCreateBuffer(JJJLjava/nio/Buffer;[II)J+150
j  com.jogamp.opencl.CLBuffer.create(Lcom/jogamp/opencl/CLContext;Ljava/nio/Buffer;I)Lcom/jogamp/opencl/CLBuffer;+68
j  com.jogamp.opencl.CLContext.createBuffer(Ljava/nio/Buffer;I)Lcom/jogamp/opencl/CLBuffer;+3
j  com.jogamp.opencl.CLContext.createBuffer(Ljava/nio/Buffer;[Lcom/jogamp/opencl/CLMemory$Mem;)Lcom/jogamp/opencl/CLBuffer;+6
j  com.jogamp.opencl.CLContext.createFloatBuffer(I[Lcom/jogamp/opencl/CLMemory$Mem;)Lcom/jogamp/opencl/CLBuffer;+6
j  jvcl.GPUFFT.fft_simple([F[F)V+221
j  jvcl.GPUFFT.fft_simple([F[F)V+198
j  jvcl.GPUFFT.fft_simple([F[F)V+198
j  jvcl.GPUFFT.fft_simple([F[F)V+198
j  jvcl.GPUFFT.fft_simple([F[F)V+198
j  jvcl.GPUFFT.fft_simple([F[F)V+198
j  jvcl.GPUFFT.main([Ljava/lang/String;)V+77
v  ~StubRoutines::call_stub

---------------  P R O C E S S  ---------------

Java Threads: ( => current thread )
  0x00007f06e818e800 JavaThread "process reaper" daemon [_thread_blocked, id=27459, stack(0x00007f06ec030000,0x00007f06ec069000)]
  0x00007f06e80ae800 JavaThread "Service Thread" daemon [_thread_blocked, id=27454, stack(0x00007f06e4bfc000,0x00007f06e4cfd000)]
  0x00007f06e80ac000 JavaThread "C2 CompilerThread1" daemon [_thread_blocked, id=27453, stack(0x00007f06e4cfd000,0x00007f06e4dfe000)]
  0x00007f06e80a9000 JavaThread "C2 CompilerThread0" daemon [_thread_blocked, id=27452, stack(0x00007f06e4dfe000,0x00007f06e4eff000)]
  0x00007f06e80a7000 JavaThread "Signal Dispatcher" daemon [_thread_blocked, id=27451, stack(0x00007f06e4eff000,0x00007f06e5000000)]
  0x00007f06e807c000 JavaThread "Finalizer" daemon [_thread_blocked, id=27449, stack(0x00007f06ec773000,0x00007f06ec874000)]
  0x00007f06e807a000 JavaThread "Reference Handler" daemon [_thread_blocked, id=27448, stack(0x00007f06ec874000,0x00007f06ec975000)]
=>0x00007f06e800a000 JavaThread "main" [_thread_in_native, id=27442, stack(0x00007f06f2014000,0x00007f06f2115000)]

Other Threads:
  0x00007f06e8075800 VMThread [stack: 0x00007f06ec975000,0x00007f06eca76000] [id=27447]
  0x00007f06e80b9800 WatcherThread [stack: 0x00007f06e4afb000,0x00007f06e4bfc000] [id=27455]

VM state:not at safepoint (normal execution)

VM Mutex/Monitor currently owned by a thread: None

Heap
 PSYoungGen      total 37376K, used 7883K [0x00000007d6e00000, 0x00000007d9780000, 0x0000000800000000)
  eden space 32256K, 24% used [0x00000007d6e00000,0x00000007d75b2ec0,0x00000007d8d80000)
  from space 5120K, 0% used [0x00000007d9280000,0x00000007d9280000,0x00000007d9780000)
  to   space 5120K, 0% used [0x00000007d8d80000,0x00000007d8d80000,0x00000007d9280000)
 ParOldGen       total 83968K, used 0K [0x0000000784a00000, 0x0000000789c00000, 0x00000007d6e00000)
  object space 83968K, 0% used [0x0000000784a00000,0x0000000784a00000,0x0000000789c00000)
 PSPermGen       total 21504K, used 5985K [0x000000077a400000, 0x000000077b900000, 0x0000000784a00000)
  object space 21504K, 27% used [0x000000077a400000,0x000000077a9d8590,0x000000077b900000)

Card table byte_map: [0x00007f06ee83d000,0x00007f06eec6c000] byte_map_base: 0x00007f06eac6b000

Polling page: 0x00007f06f2149000

Code Cache  [0x00007f06e5000000, 0x00007f06e5270000, 0x00007f06e8000000)
 total_blobs=392 nmethods=18 adapters=328 free_code_cache=48619Kb largest_free_block=49769984

Compilation events (10 events):
Event: 0.165 Thread 0x00007f06e80ac000 nmethod 14 0x00007f06e5078c50 code [0x00007f06e5078da0, 0x00007f06e5078f58]
Event: 0.166 Thread 0x00007f06e80a9000 nmethod 13 0x00007f06e507e650 code [0x00007f06e507e8a0, 0x00007f06e507f918]
Event: 0.169 Thread 0x00007f06e80ac000   15             java.lang.String::length (6 bytes)
Event: 0.170 Thread 0x00007f06e80ac000 nmethod 15 0x00007f06e507b790 code [0x00007f06e507b8c0, 0x00007f06e507b938]
Event: 0.172 Thread 0x00007f06e80a9000   16             java.lang.Math::min (11 bytes)
Event: 0.172 Thread 0x00007f06e80a9000 nmethod 16 0x00007f06e505fcd0 code [0x00007f06e505fe00, 0x00007f06e505fe38]
Event: 0.306 Thread 0x00007f06e80ac000   17   !         java.io.BufferedReader::readLine (304 bytes)
Event: 0.306 Thread 0x00007f06e80a9000   18             sun.nio.cs.UTF_8$Decoder::decodeArrayLoop (543 bytes)
Event: 0.325 Thread 0x00007f06e80ac000 nmethod 17 0x00007f06e5086190 code [0x00007f06e5086340, 0x00007f06e5087170]
Event: 0.325 Thread 0x00007f06e80a9000 nmethod 18 0x00007f06e5087750 code [0x00007f06e50879e0, 0x00007f06e5088570]

GC Heap History (0 events):
No events

Deoptimization events (0 events):
No events

Internal exceptions (10 events):
Event: 0.200 Thread 0x00007f06e800a000 Threw 0x00000007d74deca8 at /build/openjdk-7-FO0dNI/openjdk-7-7u79-2.5.6/build/openjdk/hotspot/src/share/vm/prims/jvm.cpp:1284
Event: 0.200 Thread 0x00007f06e800a000 Threw 0x00000007d74e2c40 at /build/openjdk-7-FO0dNI/openjdk-7-7u79-2.5.6/build/openjdk/hotspot/src/share/vm/prims/jvm.cpp:1284
Event: 0.201 Thread 0x00007f06e800a000 Threw 0x00000007d74ebff0 at /build/openjdk-7-FO0dNI/openjdk-7-7u79-2.5.6/build/openjdk/hotspot/src/share/vm/prims/jvm.cpp:1284
Event: 0.201 Thread 0x00007f06e800a000 Threw 0x00000007d74eff18 at /build/openjdk-7-FO0dNI/openjdk-7-7u79-2.5.6/build/openjdk/hotspot/src/share/vm/prims/jvm.cpp:1284
Event: 0.202 Thread 0x00007f06e800a000 Threw 0x00000007d7517c30 at /build/openjdk-7-FO0dNI/openjdk-7-7u79-2.5.6/build/openjdk/hotspot/src/share/vm/prims/jvm.cpp:1284
Event: 0.203 Thread 0x00007f06e800a000 Threw 0x00000007d751d8d0 at /build/openjdk-7-FO0dNI/openjdk-7-7u79-2.5.6/build/openjdk/hotspot/src/share/vm/prims/jvm.cpp:1284
Event: 0.204 Thread 0x00007f06e800a000 Threw 0x00000007d7525620 at /build/openjdk-7-FO0dNI/openjdk-7-7u79-2.5.6/build/openjdk/hotspot/src/share/vm/prims/jvm.cpp:1284
Event: 0.207 Thread 0x00007f06e800a000 Threw 0x00000007d7536508 at /build/openjdk-7-FO0dNI/openjdk-7-7u79-2.5.6/build/openjdk/hotspot/src/share/vm/prims/jvm.cpp:1284
Event: 0.365 Thread 0x00007f06e800a000 Threw 0x00000007d7594a58 at /build/openjdk-7-FO0dNI/openjdk-7-7u79-2.5.6/build/openjdk/hotspot/src/share/vm/prims/jvm.cpp:1284
Event: 0.365 Thread 0x00007f06e800a000 Threw 0x00000007d7598f20 at /build/openjdk-7-FO0dNI/openjdk-7-7u79-2.5.6/build/openjdk/hotspot/src/share/vm/prims/jvm.cpp:1284

Events (10 events):
Event: 0.326 loading class 0x00007f06edcb49b0
Event: 0.326 loading class 0x00007f06edcb49b0 done
Event: 0.326 loading class 0x00007f06edcb49e0
Event: 0.326 loading class 0x00007f06edcb49e0 done
Event: 0.364 loading class 0x00007f06e80fd430
Event: 0.365 loading class 0x00007f06e80fd430 done
Event: 0.365 loading class 0x00007f06e80b5cc0
Event: 0.365 loading class 0x00007f06e80b5cc0 done
Event: 0.365 loading class 0x00007f06e80fd500
Event: 0.365 loading class 0x00007f06e80fd500 done


Dynamic libraries:
00400000-00401000 r-xp 00000000 08:01 5389623                            /usr/lib/jvm/java-7-openjdk-amd64/jre/bin/java
00600000-00601000 r--p 00000000 08:01 5389623                            /usr/lib/jvm/java-7-openjdk-amd64/jre/bin/java
00601000-00602000 rw-p 00001000 08:01 5389623                            /usr/lib/jvm/java-7-openjdk-amd64/jre/bin/java
01d74000-01d95000 rw-p 00000000 00:00 0                                  [heap]
200000000-700000000 ---p 00000000 00:00 0 
77a400000-77b900000 rw-p 00000000 00:00 0 
77b900000-784a00000 rw-p 00000000 00:00 0 
784a00000-789c00000 rw-p 00000000 00:00 0 
789c00000-7d6e00000 rw-p 00000000 00:00 0 
7d6e00000-7d9780000 rw-p 00000000 00:00 0 
7d9780000-800000000 rw-p 00000000 00:00 0 
7f0670000000-7f0670021000 rw-p 00000000 00:00 0 
7f0670021000-7f0674000000 ---p 00000000 00:00 0 
7f06741fa000-7f06741fb000 ---p 00000000 00:00 0 
7f06741fb000-7f06749fb000 rw-p 00000000 00:00 0 
7f06749fb000-7f06749fc000 ---p 00000000 00:00 0 
7f06749fc000-7f06751fc000 rw-p 00000000 00:00 0 
7f06752fc000-7f06752fd000 ---p 00000000 00:00 0 
7f06752fd000-7f0675afd000 rw-p 00000000 00:00 0 
7f067659c000-7f06766fd000 rw-p 00000000 00:00 0 
7f06766fd000-7f06766fe000 ---p 00000000 00:00 0 
7f06766fe000-7f0676efe000 rw-p 00000000 00:00 0 
7f0676ffe000-7f0676fff000 ---p 00000000 00:00 0 
7f0676fff000-7f06777ff000 rw-p 00000000 00:00 0                          [stack:27499]
7f06777ff000-7f0677800000 ---p 00000000 00:00 0 
7f0677800000-7f0678000000 rw-p 00000000 00:00 0                          [stack:27498]
7f0678000000-7f0678021000 rw-p 00000000 00:00 0 
7f0678021000-7f067c000000 ---p 00000000 00:00 0 
7f067c0f9000-7f067c0fa000 ---p 00000000 00:00 0 
7f067c0fa000-7f067c8fa000 rw-p 00000000 00:00 0                          [stack:27497]
7f067c8fa000-7f067c8fb000 ---p 00000000 00:00 0 
7f067c8fb000-7f067d0fb000 rw-p 00000000 00:00 0                          [stack:27496]
7f067d0fb000-7f067d0fc000 ---p 00000000 00:00 0 
7f067d0fc000-7f067d8fc000 rw-p 00000000 00:00 0                          [stack:27495]
7f067d8fc000-7f067d9fc000 rw-s 16dd27000 00:05 13212                     /dev/nvidiactl
7f067d9fc000-7f067dafc000 rw-s 1b9319000 00:05 13212                     /dev/nvidiactl
7f067dafc000-7f067dbfc000 rw-s 15b2d5000 00:05 13212                     /dev/nvidiactl
7f067dbfc000-7f067dffc000 rw-s 63927000 00:05 13212                      /dev/nvidiactl
7f067dffc000-7f067dffd000 ---p 00000000 00:00 0 
7f067dffd000-7f067e7fd000 rw-p 00000000 00:00 0                          [stack:27494]
7f067e7fd000-7f067e7fe000 ---p 00000000 00:00 0 
7f067e7fe000-7f067effe000 rw-p 00000000 00:00 0                          [stack:27493]
7f067effe000-7f067efff000 ---p 00000000 00:00 0 
7f067efff000-7f067f7ff000 rw-p 00000000 00:00 0                          [stack:27492]
7f067f7ff000-7f067f800000 ---p 00000000 00:00 0 
7f067f800000-7f0680000000 rw-p 00000000 00:00 0                          [stack:27491]
7f0680000000-7f0680021000 rw-p 00000000 00:00 0 
7f0680021000-7f0684000000 ---p 00000000 00:00 0 
7f06840fa000-7f06841fa000 rw-s 8360b000 00:05 13212                      /dev/nvidiactl
7f06841fa000-7f06842fa000 rw-s 7b0b0000 00:05 13212                      /dev/nvidiactl
7f06842fa000-7f06846fa000 rw-s 19c3bd000 00:05 13212                     /dev/nvidiactl
7f06846fa000-7f06847fa000 rw-s 20e248000 00:05 13212                     /dev/nvidiactl
7f06847fa000-7f06847fb000 ---p 00000000 00:00 0 
7f06847fb000-7f0684ffb000 rw-p 00000000 00:00 0                          [stack:27490]
7f0684ffb000-7f0684ffc000 ---p 00000000 00:00 0 
7f0684ffc000-7f06857fc000 rw-p 00000000 00:00 0                          [stack:27489]
7f06857fc000-7f06858fc000 rw-s 19daa8000 00:05 13212                     /dev/nvidiactl
7f06858fc000-7f06859fc000 rw-s 837f6000 00:05 13212                      /dev/nvidiactl
7f06859fc000-7f0685afc000 rw-s 7b0d0000 00:05 13212                      /dev/nvidiactl
7f0685afc000-7f0685bfc000 rw-s 7b2c4000 00:05 13212                      /dev/nvidiactl
7f0685bfc000-7f0685ffc000 rw-s 1eebea000 00:05 13212                     /dev/nvidiactl
7f0685ffc000-7f0685ffd000 ---p 00000000 00:00 0 
7f0685ffd000-7f06867fd000 rw-p 00000000 00:00 0                          [stack:27488]
7f06867fd000-7f06867fe000 ---p 00000000 00:00 0 
7f06867fe000-7f0686ffe000 rw-p 00000000 00:00 0                          [stack:27487]
7f0686ffe000-7f0686fff000 ---p 00000000 00:00 0 
7f0686fff000-7f06877ff000 rw-p 00000000 00:00 0                          [stack:27486]
7f06877ff000-7f0687800000 ---p 00000000 00:00 0 
7f0687800000-7f0688000000 rw-p 00000000 00:00 0                          [stack:27485]
7f0688000000-7f0688021000 rw-p 00000000 00:00 0 
7f0688021000-7f068c000000 ---p 00000000 00:00 0 
7f068c06e000-7f068c0ba000 rw-s 1b90a9000 00:05 13212                     /dev/nvidiactl
7f068c0ba000-7f068c0da000 rw-s e0280000 00:05 13214                      /dev/nvidia0
7f068c0da000-7f068c0fa000 rw-s e0260000 00:05 13214                      /dev/nvidia0
7f068c0fa000-7f068c1fa000 rw-s 8378b000 00:05 13212                      /dev/nvidiactl
7f068c1fa000-7f068c5fa000 rw-s 19b793000 00:05 13212                     /dev/nvidiactl
7f068c5fa000-7f068c6fa000 rw-s 19c5de000 00:05 13212                     /dev/nvidiactl
7f068c6fa000-7f068c6fb000 ---p 00000000 00:00 0 
7f068c6fb000-7f068cefb000 rw-p 00000000 00:00 0                          [stack:27484]
7f068cefb000-7f068cefc000 ---p 00000000 00:00 0 
7f068cefc000-7f068d6fc000 rw-p 00000000 00:00 0                          [stack:27483]
7f068d6fc000-7f068d7fc000 rw-s 52492000 00:05 13212                      /dev/nvidiactl
7f068d7fc000-7f068d8fc000 rw-s 527cd000 00:05 13212                      /dev/nvidiactl
7f068d8fc000-7f068d9fc000 rw-s 7ad68000 00:05 13212                      /dev/nvidiactl
7f068d9fc000-7f068dafc000 rw-s 52412000 00:05 13212                      /dev/nvidiactl
7f068dafc000-7f068dbfc000 rw-s 199b3d000 00:05 13212                     /dev/nvidiactl
7f068dbfc000-7f068dffc000 rw-s 1ae874000 00:05 13212                     /dev/nvidiactl
7f068dffc000-7f068dffd000 ---p 00000000 00:00 0 
7f068dffd000-7f068e7fd000 rw-p 00000000 00:00 0                          [stack:27482]
7f068e7fd000-7f068e7fe000 ---p 00000000 00:00 0 
7f068e7fe000-7f068effe000 rw-p 00000000 00:00 0                          [stack:27481]
7f068effe000-7f068efff000 ---p 00000000 00:00 0 
7f068efff000-7f068f7ff000 rw-p 00000000 00:00 0                          [stack:27480]
7f068f7ff000-7f068f800000 ---p 00000000 00:00 0 
7f068f800000-7f0690000000 rw-p 00000000 00:00 0                          [stack:27479]
7f0690000000-7f0690021000 rw-p 00000000 00:00 0 
7f0690021000-7f0694000000 ---p 00000000 00:00 0 
7f0694000000-7f0694021000 rw-p 00000000 00:00 0 
7f0694021000-7f0698000000 ---p 00000000 00:00 0 
7f0698002000-7f069804e000 rw-s 19f633000 00:05 13212                     /dev/nvidiactl
7f069804e000-7f069806e000 rw-s e0240000 00:05 13214                      /dev/nvidia0
7f069806e000-7f069808e000 rw-s e0220000 00:05 13214                      /dev/nvidia0
7f069808e000-7f06980da000 rw-s 7afd5000 00:05 13212                      /dev/nvidiactl
7f06980da000-7f06980fa000 rw-s e0200000 00:05 13214                      /dev/nvidia0
7f06980fa000-7f06984fa000 rw-s 19c176000 00:05 13212                     /dev/nvidiactl
7f06984fa000-7f06985fa000 rw-s 7af95000 00:05 13212                      /dev/nvidiactl
7f06985fa000-7f06985fb000 ---p 00000000 00:00 0 
7f06985fb000-7f0698dfb000 rw-p 00000000 00:00 0                          [stack:27478]
7f0698dfb000-7f0698dfc000 ---p 00000000 00:00 0 
7f0698dfc000-7f06995fc000 rw-p 00000000 00:00 0                          [stack:27477]
7f06995fc000-7f06996fc000 rw-s 7ae5d000 00:05 13212                      /dev/nvidiactl
7f06996fc000-7f06997fc000 rw-s 7afe8000 00:05 13212                      /dev/nvidiactl
7f06997fc000-7f0699bfc000 rw-s 1f0c7b000 00:05 13212                     /dev/nvidiactl
7f0699bfc000-7f0699ffc000 rw-s 46afa000 00:05 13212                      /dev/nvidiactl
7f0699ffc000-7f0699ffd000 ---p 00000000 00:00 0 
7f0699ffd000-7f069a7fd000 rw-p 00000000 00:00 0                          [stack:27476]
7f069a7fd000-7f069a7fe000 ---p 00000000 00:00 0 
7f069a7fe000-7f069affe000 rw-p 00000000 00:00 0                          [stack:27475]
7f069affe000-7f069afff000 ---p 00000000 00:00 0 
7f069afff000-7f069b7ff000 rw-p 00000000 00:00 0                          [stack:27474]
7f069b7ff000-7f069b800000 ---p 00000000 00:00 0 
7f069b800000-7f069c000000 rw-p 00000000 00:00 0                          [stack:27473]
7f069c000000-7f069c021000 rw-p 00000000 00:00 0 
7f069c021000-7f06a0000000 ---p 00000000 00:00 0 
7f06a0000000-7f06a0021000 rw-p 00000000 00:00 0 
7f06a0021000-7f06a4000000 ---p 00000000 00:00 0 
7f06a4000000-7f06a4021000 rw-p 00000000 00:00 0 
7f06a4021000-7f06a8000000 ---p 00000000 00:00 0 
7f06a8000000-7f06a8021000 rw-p 00000000 00:00 0 
7f06a8021000-7f06ac000000 ---p 00000000 00:00 0 
7f06ac000000-7f06ac1d7000 rw-p 00000000 00:00 0 
7f06ac1d7000-7f06b0000000 ---p 00000000 00:00 0 
7f06b0000000-7f06b014c000 rw-p 00000000 00:00 0 
7f06b014c000-7f06b4000000 ---p 00000000 00:00 0 
7f06b4000000-7f06b4021000 rw-p 00000000 00:00 0 
7f06b4021000-7f06b8000000 ---p 00000000 00:00 0 
7f06b8000000-7f06b8021000 rw-p 00000000 00:00 0 
7f06b8021000-7f06bc000000 ---p 00000000 00:00 0 
7f06bc000000-7f06bc021000 rw-p 00000000 00:00 0 
7f06bc021000-7f06c0000000 ---p 00000000 00:00 0 
7f06c0009000-7f06c0029000 rw-s e01e0000 00:05 13214                      /dev/nvidia0
7f06c0029000-7f06c0129000 rw-s 19db91000 00:05 13212                     /dev/nvidiactl
7f06c0129000-7f06c0229000 rw-s 19f7db000 00:05 13212                     /dev/nvidiactl
7f06c0229000-7f06c0329000 rw-s 19c5e6000 00:05 13212                     /dev/nvidiactl
7f06c0329000-7f06c0429000 rw-s b9624000 00:05 13212                      /dev/nvidiactl
7f06c0429000-7f06c042a000 ---p 00000000 00:00 0 
7f06c042a000-7f06c0c2a000 rw-p 00000000 00:00 0                          [stack:27472]
7f06c0c2a000-7f06c0c2b000 ---p 00000000 00:00 0 
7f06c0c2b000-7f06c142b000 rw-p 00000000 00:00 0                          [stack:27471]
7f06c142b000-7f06c152b000 rw-s 1ae8d5000 00:05 13212                     /dev/nvidiactl
7f06c152b000-7f06c162b000 rw-s 1b27c8000 00:05 13212                     /dev/nvidiactl
7f06c162b000-7f06c172b000 rw-s 1ae6db000 00:05 13212                     /dev/nvidiactl
7f06c172b000-7f06c1b2b000 rw-s 1ee915000 00:05 13212                     /dev/nvidiactl
7f06c1b2b000-7f06c326e000 r-xp 00000000 08:01 3811727                    /usr/lib/nvidia-346-updates/libnvidia-compiler.so.346.82
7f06c326e000-7f06c346e000 ---p 01743000 08:01 3811727                    /usr/lib/nvidia-346-updates/libnvidia-compiler.so.346.82
7f06c346e000-7f06c3cf6000 rw-p 01743000 08:01 3811727                    /usr/lib/nvidia-346-updates/libnvidia-compiler.so.346.82
7f06c3cf6000-7f06c8000000 rw-p 00000000 00:00 0 
7f06c8000000-7f06c8021000 rw-p 00000000 00:00 0 
7f06c8021000-7f06cc000000 ---p 00000000 00:00 0 
7f06cc000000-7f06cc021000 rw-p 00000000 00:00 0 
7f06cc021000-7f06d0000000 ---p 00000000 00:00 0 
7f06d0000000-7f06d0021000 rw-p 00000000 00:00 0 
7f06d0021000-7f06d4000000 ---p 00000000 00:00 0 
7f06d4002000-7f06d404e000 rw-s 7aebf000 00:05 13212                      /dev/nvidiactl
7f06d404e000-7f06d406e000 rw-s e01c0000 00:05 13214                      /dev/nvidia0
7f06d406e000-7f06d408e000 rw-s e01a0000 00:05 13214                      /dev/nvidia0
7f06d408e000-7f06d40da000 rw-s 7b3ef000 00:05 13212                      /dev/nvidiactl
7f06d40da000-7f06d41da000 rw-s 1e1007000 00:05 13212                     /dev/nvidiactl
7f06d41da000-7f06d42da000 rw-s 1fc5dd000 00:05 13212                     /dev/nvidiactl
7f06d42da000-7f06d42fa000 rw-s e0180000 00:05 13214                      /dev/nvidia0
7f06d42fa000-7f06d46fa000 rw-s 834e5000 00:05 13212                      /dev/nvidiactl
7f06d46fa000-7f06d46fb000 ---p 00000000 00:00 0 
7f06d46fb000-7f06d4efb000 rw-p 00000000 00:00 0                          [stack:27470]
7f06d4efb000-7f06d4ffb000 rw-s 9d8ea000 00:05 13212                      /dev/nvidiactl
7f06d4ffb000-7f06d4ffc000 ---p 00000000 00:00 0 
7f06d4ffc000-7f06d57fc000 rw-p 00000000 00:00 0                          [stack:27469]
7f06d57fc000-7f06d57fd000 ---p 00000000 00:00 0 
7f06d57fd000-7f06d5ffd000 rw-p 00000000 00:00 0                          [stack:27468]
7f06d5ffd000-7f06d5ffe000 ---p 00000000 00:00 0 
7f06d5ffe000-7f06d67fe000 rw-p 00000000 00:00 0                          [stack:27467]
7f06d67fe000-7f06d67ff000 ---p 00000000 00:00 0 
7f06d67ff000-7f06d6fff000 rw-p 00000000 00:00 0                          [stack:27466]
7f06d6fff000-7f06d7000000 ---p 00000000 00:00 0 
7f06d7000000-7f06d7800000 rw-p 00000000 00:00 0                          [stack:27465]
7f06d7800000-7f06d7900000 rw-s 1ee82c000 00:05 13212                     /dev/nvidiactl
7f06d7900000-7f06d7a00000 rw-s 1b259e000 00:05 13212                     /dev/nvidiactl
7f06d7a00000-7f06d7b00000 rw-s 1fc77a000 00:05 13212                     /dev/nvidiactl
7f06d7b00000-7f06d7c00000 rw-s 1e123c000 00:05 13212                     /dev/nvidiactl
7f06d7c00000-7f06d8000000 rw-s 36405000 00:05 13212                      /dev/nvidiactl
7f06d8000000-7f06d8021000 rw-p 00000000 00:00 0 
7f06d8021000-7f06dc000000 ---p 00000000 00:00 0 
7f06dc010000-7f06dc030000 rw-s e0160000 00:05 13214                      /dev/nvidia0
7f06dc030000-7f06dc07c000 rw-s 1ae64d000 00:05 13212                     /dev/nvidiactl
7f06dc07c000-7f06dc17c000 rw-s 1b27a4000 00:05 13212                     /dev/nvidiactl
7f06dc17c000-7f06dc19c000 rw-s e0140000 00:05 13214                      /dev/nvidia0
7f06dc19c000-7f06dc59c000 rw-s 1ae4e9000 00:05 13212                     /dev/nvidiactl
7f06dc59c000-7f06dc5bc000 rw-s e0120000 00:05 13214                      /dev/nvidia0
7f06dc5bc000-7f06dc5bd000 ---p 00000000 00:00 0 
7f06dc5bd000-7f06dcdbd000 rw-p 00000000 00:00 0                          [stack:27464]
7f06dcdbd000-7f06dcebd000 rw-s 1ae92b000 00:05 13212                     /dev/nvidiactl
7f06dcebd000-7f06dcec8000 r-xp 00000000 08:01 4982176                    /tmp/jogamp_0000/file_cache/jln4419872980375573947/jln6226631128955691474/natives/linux-amd64/libjocl.so
7f06dcec8000-7f06dd0c7000 ---p 0000b000 08:01 4982176                    /tmp/jogamp_0000/file_cache/jln4419872980375573947/jln6226631128955691474/natives/linux-amd64/libjocl.so
7f06dd0c7000-7f06dd0c8000 r--p 0000a000 08:01 4982176                    /tmp/jogamp_0000/file_cache/jln4419872980375573947/jln6226631128955691474/natives/linux-amd64/libjocl.so
7f06dd0c8000-7f06dd0c9000 rw-p 0000b000 08:01 4982176                    /tmp/jogamp_0000/file_cache/jln4419872980375573947/jln6226631128955691474/natives/linux-amd64/libjocl.so
7f06dd0c9000-7f06ddb8c000 r-xp 00000000 08:01 3672125                    /usr/lib/x86_64-linux-gnu/libcuda.so.346.82
7f06ddb8c000-7f06ddd8c000 ---p 00ac3000 08:01 3672125                    /usr/lib/x86_64-linux-gnu/libcuda.so.346.82
7f06ddd8c000-7f06ddf3e000 rw-p 00ac3000 08:01 3672125                    /usr/lib/x86_64-linux-gnu/libcuda.so.346.82
7f06ddf3e000-7f06ddf53000 rw-p 00000000 00:00 0 
7f06ddf53000-7f06dea2e000 r-xp 00000000 08:01 3674886                    /usr/lib/x86_64-linux-gnu/libnvidia-opencl.so.346.82
7f06dea2e000-7f06dec2d000 ---p 00adb000 08:01 3674886                    /usr/lib/x86_64-linux-gnu/libnvidia-opencl.so.346.82
7f06dec2d000-7f06dede3000 rw-p 00ada000 08:01 3674886                    /usr/lib/x86_64-linux-gnu/libnvidia-opencl.so.346.82
7f06dede3000-7f06dedf8000 rw-p 00000000 00:00 0 
7f06dedf8000-7f06dee00000 r-xp 00000000 08:01 3670455                    /usr/lib/x86_64-linux-gnu/libOpenCL.so.1.0.0
7f06dee00000-7f06defff000 ---p 00008000 08:01 3670455                    /usr/lib/x86_64-linux-gnu/libOpenCL.so.1.0.0
7f06defff000-7f06df000000 r--p 00007000 08:01 3670455                    /usr/lib/x86_64-linux-gnu/libOpenCL.so.1.0.0
7f06df000000-7f06df001000 rw-p 00008000 08:01 3670455                    /usr/lib/x86_64-linux-gnu/libOpenCL.so.1.0.0
7f06df010000-7f06df031000 rw-p 00000000 00:00 0 
7f06df031000-7f06df033000 r-xp 00000000 08:01 4982175                    /tmp/jogamp_0000/file_cache/jln4419872980375573947/jln6226631128955691474/natives/linux-amd64/libgluegen-rt.so
7f06df033000-7f06df232000 ---p 00002000 08:01 4982175                    /tmp/jogamp_0000/file_cache/jln4419872980375573947/jln6226631128955691474/natives/linux-amd64/libgluegen-rt.so
7f06df232000-7f06df233000 r--p 00001000 08:01 4982175                    /tmp/jogamp_0000/file_cache/jln4419872980375573947/jln6226631128955691474/natives/linux-amd64/libgluegen-rt.so
7f06df233000-7f06df234000 rw-p 00002000 08:01 4982175                    /tmp/jogamp_0000/file_cache/jln4419872980375573947/jln6226631128955691474/natives/linux-amd64/libgluegen-rt.so
7f06df335000-7f06df345000 r-xp 00000000 08:01 4853686                    /usr/lib/jvm/java-7-openjdk-amd64/jre/lib/amd64/libnio.so
7f06df345000-7f06df545000 ---p 00010000 08:01 4853686                    /usr/lib/jvm/java-7-openjdk-amd64/jre/lib/amd64/libnio.so
7f06df545000-7f06df546000 r--p 00010000 08:01 4853686                    /usr/lib/jvm/java-7-openjdk-amd64/jre/lib/amd64/libnio.so
7f06df546000-7f06df547000 rw-p 00011000 08:01 4853686                    /usr/lib/jvm/java-7-openjdk-amd64/jre/lib/amd64/libnio.so
7f06df547000-7f06df578000 rw-p 00000000 00:00 0 
7f06df578000-7f06df5b5000 r-xp 00000000 08:01 2114819                    /lib/x86_64-linux-gnu/libpcre.so.3.13.1
7f06df5b5000-7f06df7b4000 ---p 0003d000 08:01 2114819                    /lib/x86_64-linux-gnu/libpcre.so.3.13.1
7f06df7b4000-7f06df7b5000 r--p 0003c000 08:01 2114819                    /lib/x86_64-linux-gnu/libpcre.so.3.13.1
7f06df7b5000-7f06df7b6000 rw-p 0003d000 08:01 2114819                    /lib/x86_64-linux-gnu/libpcre.so.3.13.1
7f06df7b6000-7f06df7bd000 r-xp 00000000 08:01 3675991                    /usr/lib/x86_64-linux-gnu/libffi.so.6.0.1
7f06df7bd000-7f06df9bc000 ---p 00007000 08:01 3675991                    /usr/lib/x86_64-linux-gnu/libffi.so.6.0.1
7f06df9bc000-7f06df9bd000 r--p 00006000 08:01 3675991                    /usr/lib/x86_64-linux-gnu/libffi.so.6.0.1
7f06df9bd000-7f06df9be000 rw-p 00007000 08:01 3675991                    /usr/lib/x86_64-linux-gnu/libffi.so.6.0.1
7f06df9be000-7f06df9d5000 r-xp 00000000 08:01 2104446                    /lib/x86_64-linux-gnu/libresolv-2.19.so
7f06df9d5000-7f06dfbd5000 ---p 00017000 08:01 2104446                    /lib/x86_64-linux-gnu/libresolv-2.19.so
7f06dfbd5000-7f06dfbd6000 r--p 00017000 08:01 2104446                    /lib/x86_64-linux-gnu/libresolv-2.19.so
7f06dfbd6000-7f06dfbd7000 rw-p 00018000 08:01 2104446                    /lib/x86_64-linux-gnu/libresolv-2.19.so
7f06dfbd7000-7f06dfbd9000 rw-p 00000000 00:00 0 
7f06dfbd9000-7f06dfbf9000 r-xp 00000000 08:01 2103373                    /lib/x86_64-linux-gnu/libselinux.so.1
7f06dfbf9000-7f06dfdf8000 ---p 00020000 08:01 2103373                    /lib/x86_64-linux-gnu/libselinux.so.1
7f06dfdf8000-7f06dfdf9000 r--p 0001f000 08:01 2103373                    /lib/x86_64-linux-gnu/libselinux.so.1
7f06dfdf9000-7f06dfdfa000 rw-p 00020000 08:01 2103373                    /lib/x86_64-linux-gnu/libselinux.so.1
7f06dfdfa000-7f06dfdfc000 rw-p 00000000 00:00 0 
7f06dfdfc000-7f06dfdff000 r-xp 00000000 08:01 3676104                    /usr/lib/x86_64-linux-gnu/libgmodule-2.0.so.0.4002.0
7f06dfdff000-7f06dfffe000 ---p 00003000 08:01 3676104                    /usr/lib/x86_64-linux-gnu/libgmodule-2.0.so.0.4002.0
7f06dfffe000-7f06dffff000 r--p 00002000 08:01 3676104                    /usr/lib/x86_64-linux-gnu/libgmodule-2.0.so.0.4002.0
7f06dffff000-7f06e0000000 rw-p 00003000 08:01 3676104                    /usr/lib/x86_64-linux-gnu/libgmodule-2.0.so.0.4002.0
7f06e0000000-7f06e0021000 rw-p 00000000 00:00 0 
7f06e0021000-7f06e4000000 ---p 00000000 00:00 0 
7f06e4001000-7f06e4003000 rw-p 00000000 00:00 0 
7f06e4003000-7f06e4004000 rw-s eff6e000 00:05 13214                      /dev/nvidia0
7f06e4004000-7f06e4005000 rw-s 7b0aa000 00:05 13212                      /dev/nvidiactl
7f06e4005000-7f06e4006000 rw-s eff6d000 00:05 13214                      /dev/nvidia0
7f06e4006000-7f06e4007000 rw-s bc577000 00:05 13212                      /dev/nvidiactl
7f06e4007000-7f06e4008000 rw-s eff6c000 00:05 13214                      /dev/nvidia0
7f06e4008000-7f06e4009000 rw-s 83786000 00:05 13212                      /dev/nvidiactl
7f06e4009000-7f06e400a000 rw-s eff6b000 00:05 13214                      /dev/nvidia0
7f06e400a000-7f06e400b000 rw-s 1eebd5000 00:05 13212                     /dev/nvidiactl
7f06e400b000-7f06e400c000 rw-s eff6a000 00:05 13214                      /dev/nvidia0
7f06e400c000-7f06e400d000 rw-s 199b37000 00:05 13212                     /dev/nvidiactl
7f06e400d000-7f06e400e000 rw-s eff69000 00:05 13214                      /dev/nvidia0
7f06e400e000-7f06e400f000 rw-s 1eea64000 00:05 13212                     /dev/nvidiactl
7f06e400f000-7f06e4010000 rw-s eff68000 00:05 13214                      /dev/nvidia0
7f06e4010000-7f06e4011000 rw-s 19c5e1000 00:05 13212                     /dev/nvidiactl
7f06e4011000-7f06e4012000 rw-s eff67000 00:05 13214                      /dev/nvidia0
7f06e4012000-7f06e4013000 rw-s 1fc76b000 00:05 13212                     /dev/nvidiactl
7f06e4013000-7f06e4014000 rw-s eff66000 00:05 13214                      /dev/nvidia0
7f06e4014000-7f06e4015000 rw-s 1fc5d8000 00:05 13212                     /dev/nvidiactl
7f06e4015000-7f06e4016000 rw-s eff65000 00:05 13214                      /dev/nvidia0
7f06e4016000-7f06e4017000 rw-s 1f0c29000 00:05 13212                     /dev/nvidiactl
7f06e4017000-7f06e411d000 r-xp 00000000 08:01 2103274                    /lib/x86_64-linux-gnu/libglib-2.0.so.0.4002.0
7f06e411d000-7f06e431c000 ---p 00106000 08:01 2103274                    /lib/x86_64-linux-gnu/libglib-2.0.so.0.4002.0
7f06e431c000-7f06e431d000 r--p 00105000 08:01 2103274                    /lib/x86_64-linux-gnu/libglib-2.0.so.0.4002.0
7f06e431d000-7f06e431e000 rw-p 00106000 08:01 2103274                    /lib/x86_64-linux-gnu/libglib-2.0.so.0.4002.0
7f06e431e000-7f06e431f000 rw-p 00000000 00:00 0 
7f06e431f000-7f06e436e000 r-xp 00000000 08:01 3676120                    /usr/lib/x86_64-linux-gnu/libgobject-2.0.so.0.4002.0
7f06e436e000-7f06e456e000 ---p 0004f000 08:01 3676120                    /usr/lib/x86_64-linux-gnu/libgobject-2.0.so.0.4002.0
7f06e456e000-7f06e456f000 r--p 0004f000 08:01 3676120                    /usr/lib/x86_64-linux-gnu/libgobject-2.0.so.0.4002.0
7f06e456f000-7f06e4570000 rw-p 00050000 08:01 3676120                    /usr/lib/x86_64-linux-gnu/libgobject-2.0.so.0.4002.0
7f06e4570000-7f06e46dc000 r-xp 00000000 08:01 3676092                    /usr/lib/x86_64-linux-gnu/libgio-2.0.so.0.4002.0
7f06e46dc000-7f06e48db000 ---p 0016c000 08:01 3676092                    /usr/lib/x86_64-linux-gnu/libgio-2.0.so.0.4002.0
7f06e48db000-7f06e48df000 r--p 0016b000 08:01 3676092                    /usr/lib/x86_64-linux-gnu/libgio-2.0.so.0.4002.0
7f06e48df000-7f06e48e1000 rw-p 0016f000 08:01 3676092                    /usr/lib/x86_64-linux-gnu/libgio-2.0.so.0.4002.0
7f06e48e1000-7f06e48e3000 rw-p 00000000 00:00 0 
7f06e48e3000-7f06e48fa000 r-xp 00000000 08:01 4853681                    /usr/lib/jvm/java-7-openjdk-amd64/jre/lib/amd64/libnet.so
7f06e48fa000-7f06e4af9000 ---p 00017000 08:01 4853681                    /usr/lib/jvm/java-7-openjdk-amd64/jre/lib/amd64/libnet.so
7f06e4af9000-7f06e4afa000 r--p 00016000 08:01 4853681                    /usr/lib/jvm/java-7-openjdk-amd64/jre/lib/amd64/libnet.so
7f06e4afa000-7f06e4afb000 rw-p 00017000 08:01 4853681                    /usr/lib/jvm/java-7-openjdk-amd64/jre/lib/amd64/libnet.so
7f06e4afb000-7f06e4afc000 ---p 00000000 00:00 0 
7f06e4afc000-7f06e4bfc000 rw-p 00000000 00:00 0                          [stack:27455]
7f06e4bfc000-7f06e4bff000 ---p 00000000 00:00 0 
7f06e4bff000-7f06e4cfd000 rw-p 00000000 00:00 0                          [stack:27454]
7f06e4cfd000-7f06e4d00000 ---p 00000000 00:00 0 
7f06e4d00000-7f06e4dfe000 rw-p 00000000 00:00 0                          [stack:27453]
7f06e4dfe000-7f06e4e01000 ---p 00000000 00:00 0 
7f06e4e01000-7f06e4eff000 rw-p 00000000 00:00 0                          [stack:27452]
7f06e4eff000-7f06e4f02000 ---p 00000000 00:00 0 
7f06e4f02000-7f06e5000000 rw-p 00000000 00:00 0                          [stack:27451]
7f06e5000000-7f06e5270000 rwxp 00000000 00:00 0 
7f06e5270000-7f06e91fd000 rw-p 00000000 00:00 0 
7f06e91fd000-7f06ec000000 ---p 00000000 00:00 0 
7f06ec000000-7f06ec007000 r--s 00000000 08:01 4203242                    /usr/lib/x86_64-linux-gnu/gconv/gconv-modules.cache
7f06ec007000-7f06ec008000 r--p 00000000 08:01 4461979                    /usr/share/locale-langpack/en_GB/LC_MESSAGES/libc.mo
7f06ec008000-7f06ec009000 rw-s eff64000 00:05 13214                      /dev/nvidia0
7f06ec009000-7f06ec00a000 rw-s 20ea14000 00:05 13212                     /dev/nvidiactl
7f06ec00a000-7f06ec00b000 rw-s eff63000 00:05 13214                      /dev/nvidia0
7f06ec00b000-7f06ec00c000 rw-s 7b013000 00:05 13212                      /dev/nvidiactl
7f06ec00c000-7f06ec02d000 rw-p 00000000 00:00 0 
7f06ec02d000-7f06ec02e000 r--s 00002000 08:06 68771                      /home/ericbarnhill/Documents/code/jogamp/jocl/build/jar/jocl-natives-linux-amd64.jar
7f06ec02e000-7f06ec030000 r--s 00000000 08:06 63540                      /home/ericbarnhill/Documents/code/jogamp/gluegen/build/gluegen-rt-natives-linux-amd64.jar
7f06ec030000-7f06ec033000 ---p 00000000 00:00 0 
7f06ec033000-7f06ec069000 rw-p 00000000 00:00 0                          [stack:27459]
7f06ec069000-7f06ec06a000 r--p 00000000 00:00 0 
7f06ec06a000-7f06ec06f000 r--s 0004d000 08:01 4080643                    /usr/lib/jvm/java-7-openjdk-amd64/jre/lib/jsse.jar
7f06ec06f000-7f06ec07a000 r--s 0006f000 08:06 23467237                   /home/ericbarnhill/Documents/code/jtransforms-2.4.jar
7f06ec07a000-7f06ec080000 r--s 0004f000 08:06 63508                      /home/ericbarnhill/Documents/code/jogamp/gluegen/build/gluegen-rt.jar
7f06ec080000-7f06ec086000 r--s 00030000 08:06 68770                      /home/ericbarnhill/Documents/code/jogamp/jocl/build/jar/jocl.jar
7f06ec086000-7f06ec089000 r--s 000bd000 08:06 70280                      /home/ericbarnhill/Documents/code/jogamp/jocl-demos/build/jar/jocl-demos.jar
7f06ec089000-7f06ec08d000 r--s 00034000 08:01 4458065                    /usr/lib/jvm/java-7-openjdk-amd64/jre/lib/ext/sunjce_provider.jar
7f06ec08d000-7f06ec091000 r--s 0003c000 08:01 4458066                    /usr/lib/jvm/java-7-openjdk-amd64/jre/lib/ext/sunpkcs11.jar
7f06ec091000-7f06ec773000 r--p 00000000 08:01 3674563                    /usr/lib/locale/locale-archive
7f06ec773000-7f06ec776000 ---p 00000000 00:00 0 
7f06ec776000-7f06ec874000 rw-p 00000000 00:00 0                          [stack:27449]
7f06ec874000-7f06ec877000 ---p 00000000 00:00 0 
7f06ec877000-7f06ec975000 rw-p 00000000 00:00 0                          [stack:27448]
7f06ec975000-7f06ec976000 ---p 00000000 00:00 0 
7f06ec976000-7f06eda52000 rw-p 00000000 00:00 0                          [stack:27447]
7f06eda52000-7f06edc03000 r--s 01d29000 08:01 4080636                    /usr/lib/jvm/java-7-openjdk-amd64/jre/lib/rt.jar
7f06edc03000-7f06ee154000 rw-p 00000000 00:00 0 
7f06ee154000-7f06ee155000 ---p 00000000 00:00 0 
7f06ee155000-7f06ee255000 rw-p 00000000 00:00 0                          [stack:27446]
7f06ee255000-7f06ee256000 ---p 00000000 00:00 0 
7f06ee256000-7f06ee356000 rw-p 00000000 00:00 0                          [stack:27445]
7f06ee356000-7f06ee357000 ---p 00000000 00:00 0 
7f06ee357000-7f06ee457000 rw-p 00000000 00:00 0                          [stack:27444]
7f06ee457000-7f06ee458000 ---p 00000000 00:00 0 
7f06ee458000-7f06ee563000 rw-p 00000000 00:00 0                          [stack:27443]
7f06ee563000-7f06ee5ab000 rw-p 00000000 00:00 0 
7f06ee5ab000-7f06ee5d4000 rw-p 00000000 00:00 0 
7f06ee5d4000-7f06ee83d000 rw-p 00000000 00:00 0 
7f06ee83d000-7f06ee848000 rw-p 00000000 00:00 0 
7f06ee848000-7f06ee890000 rw-p 00000000 00:00 0 
7f06ee890000-7f06ee8b9000 rw-p 00000000 00:00 0 
7f06ee8b9000-7f06eeb22000 rw-p 00000000 00:00 0 
7f06eeb22000-7f06eeb37000 rw-p 00000000 00:00 0 
7f06eeb37000-7f06eec6b000 rw-p 00000000 00:00 0 
7f06eec6b000-7f06eec6c000 rw-p 00000000 00:00 0 
7f06eec6c000-7f06eec74000 r-xp 00000000 08:01 4851601                    /usr/lib/jvm/java-7-openjdk-amd64/jre/lib/amd64/libzip.so
7f06eec74000-7f06eee73000 ---p 00008000 08:01 4851601                    /usr/lib/jvm/java-7-openjdk-amd64/jre/lib/amd64/libzip.so
7f06eee73000-7f06eee74000 r--p 00007000 08:01 4851601                    /usr/lib/jvm/java-7-openjdk-amd64/jre/lib/amd64/libzip.so
7f06eee74000-7f06eee75000 rw-p 00008000 08:01 4851601                    /usr/lib/jvm/java-7-openjdk-amd64/jre/lib/amd64/libzip.so
7f06eee75000-7f06eee80000 r-xp 00000000 08:01 2104454                    /lib/x86_64-linux-gnu/libnss_files-2.19.so
7f06eee80000-7f06ef07f000 ---p 0000b000 08:01 2104454                    /lib/x86_64-linux-gnu/libnss_files-2.19.so
7f06ef07f000-7f06ef080000 r--p 0000a000 08:01 2104454                    /lib/x86_64-linux-gnu/libnss_files-2.19.so
7f06ef080000-7f06ef081000 rw-p 0000b000 08:01 2104454                    /lib/x86_64-linux-gnu/libnss_files-2.19.so
7f06ef081000-7f06ef08c000 r-xp 00000000 08:01 2104474                    /lib/x86_64-linux-gnu/libnss_nis-2.19.so
7f06ef08c000-7f06ef28b000 ---p 0000b000 08:01 2104474                    /lib/x86_64-linux-gnu/libnss_nis-2.19.so
7f06ef28b000-7f06ef28c000 r--p 0000a000 08:01 2104474                    /lib/x86_64-linux-gnu/libnss_nis-2.19.so
7f06ef28c000-7f06ef28d000 rw-p 0000b000 08:01 2104474                    /lib/x86_64-linux-gnu/libnss_nis-2.19.so
7f06ef28d000-7f06ef2a4000 r-xp 00000000 08:01 2104463                    /lib/x86_64-linux-gnu/libnsl-2.19.so
7f06ef2a4000-7f06ef4a3000 ---p 00017000 08:01 2104463                    /lib/x86_64-linux-gnu/libnsl-2.19.so
7f06ef4a3000-7f06ef4a4000 r--p 00016000 08:01 2104463                    /lib/x86_64-linux-gnu/libnsl-2.19.so
7f06ef4a4000-7f06ef4a5000 rw-p 00017000 08:01 2104463                    /lib/x86_64-linux-gnu/libnsl-2.19.so
7f06ef4a5000-7f06ef4a7000 rw-p 00000000 00:00 0 
7f06ef4a7000-7f06ef4b0000 r-xp 00000000 08:01 2104462                    /lib/x86_64-linux-gnu/libnss_compat-2.19.so
7f06ef4b0000-7f06ef6af000 ---p 00009000 08:01 2104462                    /lib/x86_64-linux-gnu/libnss_compat-2.19.so
7f06ef6af000-7f06ef6b0000 r--p 00008000 08:01 2104462                    /lib/x86_64-linux-gnu/libnss_compat-2.19.so
7f06ef6b0000-7f06ef6b1000 rw-p 00009000 08:01 2104462                    /lib/x86_64-linux-gnu/libnss_compat-2.19.so
7f06ef6b1000-7f06ef6dc000 r-xp 00000000 08:01 4853689                    /usr/lib/jvm/java-7-openjdk-amd64/jre/lib/amd64/libjava.so
7f06ef6dc000-7f06ef8db000 ---p 0002b000 08:01 4853689                    /usr/lib/jvm/java-7-openjdk-amd64/jre/lib/amd64/libjava.so
7f06ef8db000-7f06ef8dc000 r--p 0002a000 08:01 4853689                    /usr/lib/jvm/java-7-openjdk-amd64/jre/lib/amd64/libjava.so
7f06ef8dc000-7f06ef8de000 rw-p 0002b000 08:01 4853689                    /usr/lib/jvm/java-7-openjdk-amd64/jre/lib/amd64/libjava.so
7f06ef8de000-7f06ef8ee000 r-xp 00000000 08:01 4853672                    /usr/lib/jvm/java-7-openjdk-amd64/jre/lib/amd64/libverify.so
7f06ef8ee000-7f06efaed000 ---p 00010000 08:01 4853672                    /usr/lib/jvm/java-7-openjdk-amd64/jre/lib/amd64/libverify.so
7f06efaed000-7f06efaef000 r--p 0000f000 08:01 4853672                    /usr/lib/jvm/java-7-openjdk-amd64/jre/lib/amd64/libverify.so
7f06efaef000-7f06efaf0000 rw-p 00011000 08:01 4853672                    /usr/lib/jvm/java-7-openjdk-amd64/jre/lib/amd64/libverify.so
7f06efaf0000-7f06efaf7000 r-xp 00000000 08:01 2104471                    /lib/x86_64-linux-gnu/librt-2.19.so
7f06efaf7000-7f06efcf6000 ---p 00007000 08:01 2104471                    /lib/x86_64-linux-gnu/librt-2.19.so
7f06efcf6000-7f06efcf7000 r--p 00006000 08:01 2104471                    /lib/x86_64-linux-gnu/librt-2.19.so
7f06efcf7000-7f06efcf8000 rw-p 00007000 08:01 2104471                    /lib/x86_64-linux-gnu/librt-2.19.so
7f06efcf8000-7f06efd0e000 r-xp 00000000 08:01 2103270                    /lib/x86_64-linux-gnu/libgcc_s.so.1
7f06efd0e000-7f06eff0d000 ---p 00016000 08:01 2103270                    /lib/x86_64-linux-gnu/libgcc_s.so.1
7f06eff0d000-7f06eff0e000 rw-p 00015000 08:01 2103270                    /lib/x86_64-linux-gnu/libgcc_s.so.1
7f06eff0e000-7f06f0013000 r-xp 00000000 08:01 2104453                    /lib/x86_64-linux-gnu/libm-2.19.so
7f06f0013000-7f06f0212000 ---p 00105000 08:01 2104453                    /lib/x86_64-linux-gnu/libm-2.19.so
7f06f0212000-7f06f0213000 r--p 00104000 08:01 2104453                    /lib/x86_64-linux-gnu/libm-2.19.so
7f06f0213000-7f06f0214000 rw-p 00105000 08:01 2104453                    /lib/x86_64-linux-gnu/libm-2.19.so
7f06f0214000-7f06f02fa000 r-xp 00000000 08:01 3670377                    /usr/lib/x86_64-linux-gnu/libstdc++.so.6.0.19
7f06f02fa000-7f06f04f9000 ---p 000e6000 08:01 3670377                    /usr/lib/x86_64-linux-gnu/libstdc++.so.6.0.19
7f06f04f9000-7f06f0501000 r--p 000e5000 08:01 3670377                    /usr/lib/x86_64-linux-gnu/libstdc++.so.6.0.19
7f06f0501000-7f06f0503000 rw-p 000ed000 08:01 3670377                    /usr/lib/x86_64-linux-gnu/libstdc++.so.6.0.19
7f06f0503000-7f06f0518000 rw-p 00000000 00:00 0 
7f06f0518000-7f06f1031000 r-xp 00000000 08:01 5274730                    /usr/lib/jvm/java-7-openjdk-amd64/jre/lib/amd64/server/libjvm.so
7f06f1031000-7f06f1231000 ---p 00b19000 08:01 5274730                    /usr/lib/jvm/java-7-openjdk-amd64/jre/lib/amd64/server/libjvm.so
7f06f1231000-7f06f12cb000 r--p 00b19000 08:01 5274730                    /usr/lib/jvm/java-7-openjdk-amd64/jre/lib/amd64/server/libjvm.so
7f06f12cb000-7f06f12ee000 rw-p 00bb3000 08:01 5274730                    /usr/lib/jvm/java-7-openjdk-amd64/jre/lib/amd64/server/libjvm.so
7f06f12ee000-7f06f131c000 rw-p 00000000 00:00 0 
7f06f131c000-7f06f1334000 r-xp 00000000 08:01 2103406                    /lib/x86_64-linux-gnu/libz.so.1.2.8
7f06f1334000-7f06f1533000 ---p 00018000 08:01 2103406                    /lib/x86_64-linux-gnu/libz.so.1.2.8
7f06f1533000-7f06f1534000 r--p 00017000 08:01 2103406                    /lib/x86_64-linux-gnu/libz.so.1.2.8
7f06f1534000-7f06f1535000 rw-p 00018000 08:01 2103406                    /lib/x86_64-linux-gnu/libz.so.1.2.8
7f06f1535000-7f06f154e000 r-xp 00000000 08:01 2104469                    /lib/x86_64-linux-gnu/libpthread-2.19.so
7f06f154e000-7f06f174d000 ---p 00019000 08:01 2104469                    /lib/x86_64-linux-gnu/libpthread-2.19.so
7f06f174d000-7f06f174e000 r--p 00018000 08:01 2104469                    /lib/x86_64-linux-gnu/libpthread-2.19.so
7f06f174e000-7f06f174f000 rw-p 00019000 08:01 2104469                    /lib/x86_64-linux-gnu/libpthread-2.19.so
7f06f174f000-7f06f1753000 rw-p 00000000 00:00 0 
7f06f1753000-7f06f1756000 r-xp 00000000 08:01 2104457                    /lib/x86_64-linux-gnu/libdl-2.19.so
7f06f1756000-7f06f1955000 ---p 00003000 08:01 2104457                    /lib/x86_64-linux-gnu/libdl-2.19.so
7f06f1955000-7f06f1956000 r--p 00002000 08:01 2104457                    /lib/x86_64-linux-gnu/libdl-2.19.so
7f06f1956000-7f06f1957000 rw-p 00003000 08:01 2104457                    /lib/x86_64-linux-gnu/libdl-2.19.so
7f06f1957000-7f06f1b12000 r-xp 00000000 08:01 2104468                    /lib/x86_64-linux-gnu/libc-2.19.so
7f06f1b12000-7f06f1d11000 ---p 001bb000 08:01 2104468                    /lib/x86_64-linux-gnu/libc-2.19.so
7f06f1d11000-7f06f1d15000 r--p 001ba000 08:01 2104468                    /lib/x86_64-linux-gnu/libc-2.19.so
7f06f1d15000-7f06f1d17000 rw-p 001be000 08:01 2104468                    /lib/x86_64-linux-gnu/libc-2.19.so
7f06f1d17000-7f06f1d1c000 rw-p 00000000 00:00 0 
7f06f1d1c000-7f06f1d29000 r-xp 00000000 08:01 4997030                    /usr/lib/jvm/java-7-openjdk-amd64/jre/lib/amd64/jli/libjli.so
7f06f1d29000-7f06f1f28000 ---p 0000d000 08:01 4997030                    /usr/lib/jvm/java-7-openjdk-amd64/jre/lib/amd64/jli/libjli.so
7f06f1f28000-7f06f1f29000 r--p 0000c000 08:01 4997030                    /usr/lib/jvm/java-7-openjdk-amd64/jre/lib/amd64/jli/libjli.so
7f06f1f29000-7f06f1f2a000 rw-p 0000d000 08:01 4997030                    /usr/lib/jvm/java-7-openjdk-amd64/jre/lib/amd64/jli/libjli.so
7f06f1f2a000-7f06f1f4d000 r-xp 00000000 08:01 2104465                    /lib/x86_64-linux-gnu/ld-2.19.so
7f06f1f4d000-7f06f1f4e000 r--s 00002000 08:01 4457732                    /usr/lib/jvm/java-7-openjdk-amd64/jre/lib/ext/dnsns.jar
7f06f1f4e000-7f06f1f50000 r--s 00012000 08:01 4458090                    /usr/lib/jvm/java-7-openjdk-amd64/jre/lib/ext/zipfs.jar
7f06f1f50000-7f06f1f54000 r--s 00085000 08:01 4457243                    /usr/lib/jvm/java-7-openjdk-amd64/jre/lib/ext/localedata.jar
7f06f1f54000-7f06f1f5e000 rw-p 00000000 00:00 0 
7f06f1f5e000-7f06f2014000 rw-p 00000000 00:00 0 
7f06f2014000-7f06f2017000 ---p 00000000 00:00 0 
7f06f2017000-7f06f211a000 rw-p 00000000 00:00 0                          [stack:27442]
7f06f211a000-7f06f211d000 r--s 0000f000 08:01 4458072                    /usr/lib/jvm/java-7-openjdk-amd64/jre/lib/ext/icedtea-sound.jar
7f06f211d000-7f06f211f000 r--s 00006000 08:01 4210395                    /usr/share/java/java-atk-wrapper.jar
7f06f211f000-7f06f2140000 rw-p 00000000 00:00 0 
7f06f2140000-7f06f2148000 rw-s 00000000 08:01 4982138                    /tmp/hsperfdata_root/27437
7f06f2148000-7f06f2149000 rw-p 00000000 00:00 0 
7f06f2149000-7f06f214a000 r--p 00000000 00:00 0 
7f06f214a000-7f06f214c000 rw-p 00000000 00:00 0 
7f06f214c000-7f06f214d000 r--p 00022000 08:01 2104465                    /lib/x86_64-linux-gnu/ld-2.19.so
7f06f214d000-7f06f214e000 rw-p 00023000 08:01 2104465                    /lib/x86_64-linux-gnu/ld-2.19.so
7f06f214e000-7f06f214f000 rw-p 00000000 00:00 0 
7ffd4fcfc000-7ffd4fd1d000 rw-p 00000000 00:00 0                          [stack]
7ffd4fdd2000-7ffd4fdd4000 r-xp 00000000 00:00 0                          [vdso]
7ffd4fdd4000-7ffd4fdd6000 r--p 00000000 00:00 0                          [vvar]
ffffffffff600000-ffffffffff601000 r-xp 00000000 00:00 0                  [vsyscall]

VM Arguments:
jvm_args: -Dfile.encoding=UTF-8 
java_command: jvcl.GPUFFT
Launcher Type: SUN_STANDARD

Environment Variables:
PATH=/usr/local/sbin:/usr/local/bin:/usr/sbin:/usr/bin:/sbin:/bin
USERNAME=root
SHELL=/bin/bash
DISPLAY=:0

Signal Handlers:
SIGSEGV: [libjvm.so+0x94bab0], sa_mask[0]=0x7ffbfeff, sa_flags=0x10000004
SIGBUS: [libjvm.so+0x94bab0], sa_mask[0]=0x7ffbfeff, sa_flags=0x10000004
SIGFPE: [libjvm.so+0x7c38b0], sa_mask[0]=0x7ffbfeff, sa_flags=0x10000004
SIGPIPE: [libjvm.so+0x7c38b0], sa_mask[0]=0x7ffbfeff, sa_flags=0x10000004
SIGXFSZ: [libjvm.so+0x7c38b0], sa_mask[0]=0x7ffbfeff, sa_flags=0x10000004
SIGILL: [libjvm.so+0x7c38b0], sa_mask[0]=0x7ffbfeff, sa_flags=0x10000004
SIGUSR1: SIG_DFL, sa_mask[0]=0x00000000, sa_flags=0x00000000
SIGUSR2: [libjvm.so+0x7c3750], sa_mask[0]=0x00000004, sa_flags=0x10000004
SIGHUP: [libjvm.so+0x7c3930], sa_mask[0]=0x7ffbfeff, sa_flags=0x10000004
SIGINT: [libjvm.so+0x7c3930], sa_mask[0]=0x7ffbfeff, sa_flags=0x10000004
SIGTERM: [libjvm.so+0x7c3930], sa_mask[0]=0x7ffbfeff, sa_flags=0x10000004
SIGQUIT: [libjvm.so+0x7c3930], sa_mask[0]=0x7ffbfeff, sa_flags=0x10000004
SIGTRAP: SIG_DFL, sa_mask[0]=0x00000000, sa_flags=0x00000000


---------------  S Y S T E M  ---------------

OS:Ubuntu 14.04 (trusty)
uname:Linux 3.16.0-49-generic #65~14.04.1-Ubuntu SMP Wed Sep 9 10:03:23 UTC 2015 x86_64
libc:glibc 2.19 NPTL 2.19 
rlimit: STACK 8192k, CORE 0k, NPROC 31478, NOFILE 4096, AS infinity
load average:0.51 0.77 0.50

/proc/meminfo:
MemTotal:        8079900 kB
MemFree:         4048588 kB
MemAvailable:    6327892 kB
Buffers:          719680 kB
Cached:          1511316 kB
SwapCached:            0 kB
Active:          2533552 kB
Inactive:         882872 kB
Active(anon):    1186688 kB
Inactive(anon):    32200 kB
Active(file):    1346864 kB
Inactive(file):   850672 kB
Unevictable:         104 kB
Mlocked:             104 kB
SwapTotal:       9999356 kB
SwapFree:        9999356 kB
Dirty:               172 kB
Writeback:             0 kB
AnonPages:       1185444 kB
Mapped:           345760 kB
Shmem:             33464 kB
Slab:             376224 kB
SReclaimable:     335172 kB
SUnreclaim:        41052 kB
KernelStack:       12000 kB
PageTables:        33440 kB
NFS_Unstable:          0 kB
Bounce:                0 kB
WritebackTmp:          0 kB
CommitLimit:    14039304 kB
Committed_AS:    4854096 kB
VmallocTotal:   34359738367 kB
VmallocUsed:      394184 kB
VmallocChunk:   34359275188 kB
HardwareCorrupted:     0 kB
AnonHugePages:    724992 kB
HugePages_Total:       0
HugePages_Free:        0
HugePages_Rsvd:        0
HugePages_Surp:        0
Hugepagesize:       2048 kB
DirectMap4k:      298656 kB
DirectMap2M:     7993344 kB


CPU:total 4 (2 cores per cpu, 2 threads per core) family 6 model 58 stepping 9, cmov, cx8, fxsr, mmx, sse, sse2, sse3, ssse3, sse4.1, sse4.2, popcnt, avx, aes, erms, ht, tsc, tscinvbit, tscinv

/proc/cpuinfo:
processor	: 0
vendor_id	: GenuineIntel
cpu family	: 6
model		: 58
model name	: Intel(R) Core(TM) i7-3520M CPU @ 2.90GHz
stepping	: 9
microcode	: 0x19
cpu MHz		: 3400.023
cache size	: 4096 KB
physical id	: 0
siblings	: 4
core id		: 0
cpu cores	: 2
apicid		: 0
initial apicid	: 0
fpu		: yes
fpu_exception	: yes
cpuid level	: 13
wp		: yes
flags		: fpu vme de pse tsc msr pae mce cx8 apic sep mtrr pge mca cmov pat pse36 clflush dts acpi mmx fxsr sse sse2 ss ht tm pbe syscall nx rdtscp lm constant_tsc arch_perfmon pebs bts rep_good nopl xtopology nonstop_tsc aperfmperf eagerfpu pni pclmulqdq dtes64 monitor ds_cpl vmx smx est tm2 ssse3 cx16 xtpr pdcm pcid sse4_1 sse4_2 x2apic popcnt tsc_deadline_timer aes xsave avx f16c rdrand lahf_lm ida arat epb xsaveopt pln pts dtherm tpr_shadow vnmi flexpriority ept vpid fsgsbase smep erms
bogomips	: 5781.00
clflush size	: 64
cache_alignment	: 64
address sizes	: 36 bits physical, 48 bits virtual
power management:

processor	: 1
vendor_id	: GenuineIntel
cpu family	: 6
model		: 58
model name	: Intel(R) Core(TM) i7-3520M CPU @ 2.90GHz
stepping	: 9
microcode	: 0x19
cpu MHz		: 3470.257
cache size	: 4096 KB
physical id	: 0
siblings	: 4
core id		: 1
cpu cores	: 2
apicid		: 2
initial apicid	: 2
fpu		: yes
fpu_exception	: yes
cpuid level	: 13
wp		: yes
flags		: fpu vme de pse tsc msr pae mce cx8 apic sep mtrr pge mca cmov pat pse36 clflush dts acpi mmx fxsr sse sse2 ss ht tm pbe syscall nx rdtscp lm constant_tsc arch_perfmon pebs bts rep_good nopl xtopology nonstop_tsc aperfmperf eagerfpu pni pclmulqdq dtes64 monitor ds_cpl vmx smx est tm2 ssse3 cx16 xtpr pdcm pcid sse4_1 sse4_2 x2apic popcnt tsc_deadline_timer aes xsave avx f16c rdrand lahf_lm ida arat epb xsaveopt pln pts dtherm tpr_shadow vnmi flexpriority ept vpid fsgsbase smep erms
bogomips	: 5781.00
clflush size	: 64
cache_alignment	: 64
address sizes	: 36 bits physical, 48 bits virtual
power management:

processor	: 2
vendor_id	: GenuineIntel
cpu family	: 6
model		: 58
model name	: Intel(R) Core(TM) i7-3520M CPU @ 2.90GHz
stepping	: 9
microcode	: 0x19
cpu MHz		: 3400.023
cache size	: 4096 KB
physical id	: 0
siblings	: 4
core id		: 0
cpu cores	: 2
apicid		: 1
initial apicid	: 1
fpu		: yes
fpu_exception	: yes
cpuid level	: 13
wp		: yes
flags		: fpu vme de pse tsc msr pae mce cx8 apic sep mtrr pge mca cmov pat pse36 clflush dts acpi mmx fxsr sse sse2 ss ht tm pbe syscall nx rdtscp lm constant_tsc arch_perfmon pebs bts rep_good nopl xtopology nonstop_tsc aperfmperf eagerfpu pni pclmulqdq dtes64 monitor ds_cpl vmx smx est tm2 ssse3 cx16 xtpr pdcm pcid sse4_1 sse4_2 x2apic popcnt tsc_deadline_timer aes xsave avx f16c rdrand lahf_lm ida arat epb xsaveopt pln pts dtherm tpr_shadow vnmi flexpriority ept vpid fsgsbase smep erms
bogomips	: 5781.00
clflush size	: 64
cache_alignment	: 64
address sizes	: 36 bits physical, 48 bits virtual
power management:

processor	: 3
vendor_id	: GenuineIntel
cpu family	: 6
model		: 58
model name	: Intel(R) Core(TM) i7-3520M CPU @ 2.90GHz
stepping	: 9
microcode	: 0x19
cpu MHz		: 3101.300
cache size	: 4096 KB
physical id	: 0
siblings	: 4
core id		: 1
cpu cores	: 2
apicid		: 3
initial apicid	: 3
fpu		: yes
fpu_exception	: yes
cpuid level	: 13
wp		: yes
flags		: fpu vme de pse tsc msr pae mce cx8 apic sep mtrr pge mca cmov pat pse36 clflush dts acpi mmx fxsr sse sse2 ss ht tm pbe syscall nx rdtscp lm constant_tsc arch_perfmon pebs bts rep_good nopl xtopology nonstop_tsc aperfmperf eagerfpu pni pclmulqdq dtes64 monitor ds_cpl vmx smx est tm2 ssse3 cx16 xtpr pdcm pcid sse4_1 sse4_2 x2apic popcnt tsc_deadline_timer aes xsave avx f16c rdrand lahf_lm ida arat epb xsaveopt pln pts dtherm tpr_shadow vnmi flexpriority ept vpid fsgsbase smep erms
bogomips	: 5781.00
clflush size	: 64
cache_alignment	: 64
address sizes	: 36 bits physical, 48 bits virtual
power management:



Memory: 4k page, physical 8079900k(4048588k free), swap 9999356k(9999356k free)

vm_info: OpenJDK 64-Bit Server VM (24.79-b02) for linux-amd64 JRE (1.7.0_79-b14), built on Jul 24 2015 08:15:54 by "buildd" with gcc 4.8.2

time: Sun Oct  4 10:50:53 2015
elapsed time: 0 seconds

