#
# A fatal error has been detected by the Java Runtime Environment:
#
#  SIGSEGV (0xb) at pc=0x00007faae0d57af8, pid=1094, tid=140372349363968
#
# JRE version: OpenJDK Runtime Environment (7.0_79-b14) (build 1.7.0_79-b14)
# Java VM: OpenJDK 64-Bit Server VM (24.79-b02 mixed mode linux-amd64 compressed oops)
# Derivative: IcedTea 2.5.6
# Distribution: Ubuntu 14.04 LTS, package 7u79-2.5.6-0ubuntu1.14.04.1
# Problematic frame:
# C  [libOpenCL.so.1+0x4af8]  clReleaseMemObject+0x8
#
# Failed to write core dump. Core dumps have been disabled. To enable core dumping, try "ulimit -c unlimited" before starting Java again
#
# If you would like to submit a bug report, please include
# instructions on how to reproduce the bug and visit:
#   http://icedtea.classpath.org/bugzilla
# The crash happened outside the Java Virtual Machine in native code.
# See problematic frame for where to report the bug.
#

---------------  T H R E A D  ---------------

Current thread (0x00007faaf400a000):  JavaThread "main" [_thread_in_native, id=1099, stack(0x00007faafbf52000,0x00007faafc053000)]

siginfo:si_signo=SIGSEGV: si_errno=0, si_code=128 (), si_addr=0x0000000000000000

Registers:
RAX=0x410508ff410d1b7f, RBX=0x000000077a6fd280, RCX=0x00007faae0d57af0, RDX=0x00007faaf4477860
RSP=0x00007faafc051598, RBP=0x00007faafc0515d0, RSI=0x00007faafc051688, RDI=0x00007faaf4477860
R8 =0x0000000040000000, R9 =0x00007faaf4222550, R10=0x00007faaf1012d6c, R11=0x00007faafacb32f0
R12=0x0000000000000000, R13=0x000000077a6fd280, R14=0x00007faafc051688, R15=0x00007faaf400a000
RIP=0x00007faae0d57af8, EFLAGS=0x0000000000010206, CSGSFS=0x0000000000000033, ERR=0x0000000000000000
  TRAPNO=0x000000000000000d

Top of Stack: (sp=0x00007faafc051598)
0x00007faafc051598:   00007faae0b4c9a3 00007faae0d57af0
0x00007faafc0515a8:   00007faaf4477860 00007faafc051688
0x00007faafc0515b8:   00007faaf400a1d8 0000000000000000
0x00007faafc0515c8:   00007faae0d57af0 00007faafc051648
0x00007faafc0515d8:   00007faaf1012d98 00000007d74e07f8
0x00007faafc0515e8:   00000007d7562548 00007faafc0515f0
0x00007faafc0515f8:   000000077a9dccfa 00007faafc051650
0x00007faafc051608:   00007faafc051608 0000000000000000
0x00007faafc051618:   00007faafc051688 000000077a70ae00
0x00007faafc051628:   0000000000000000 000000077a6fd280
0x00007faafc051638:   0000000000000000 00007faafc051668
0x00007faafc051648:   00007faafc0516d0 00007faaf10061d4
0x00007faafc051658:   0000000000000000 00007faaf100ecd6
0x00007faafc051668:   00007faae0d57af0 00007faafc0516b0
0x00007faafc051678:   00007faaf4477860 00007faae0d57af0
0x00007faafc051688:   00000007d73dc668 00007faafc051690
0x00007faafc051698:   000000077a6fd1ae 00007faafc051700
0x00007faafc0516a8:   000000077a70ae00 0000000000000000
0x00007faafc0516b8:   000000077a6fd1c0 00007faafc051668
0x00007faafc0516c8:   00007faafc0516f0 00007faafc051748
0x00007faafc0516d8:   00007faaf1006882 00007faae0d57af0
0x00007faafc0516e8:   0000000000000000 00007faaf4477860
0x00007faafc0516f8:   00007faaf1006058 00000007d73dc668
0x00007faafc051708:   00007faafc051708 000000077a6c92ac
0x00007faafc051718:   00007faafc051760 000000077a9d6a70
0x00007faafc051728:   0000000000000000 000000077a6c92e8
0x00007faafc051738:   00007faafc0516f0 00007faafc051760
0x00007faafc051748:   00007faafc0517a8 00007faaf1006058
0x00007faafc051758:   0000000000000000 00000007d754eb28
0x00007faafc051768:   00007faafc051768 000000077a6cc60f
0x00007faafc051778:   00007faafc0517b8 000000077a9d7090
0x00007faafc051788:   0000000000000000 000000077a6cc620 

Instructions: (pc=0x00007faae0d57af8)
0x00007faae0d57ad8:   48 8b 80 88 00 00 00 ff e0 0f 1f 80 00 00 00 00
0x00007faae0d57ae8:   b8 da ff ff ff c3 66 90 48 85 ff 74 13 48 8b 07
0x00007faae0d57af8:   48 8b 80 90 00 00 00 ff e0 0f 1f 80 00 00 00 00
0x00007faae0d57b08:   b8 da ff ff ff c3 66 90 48 85 ff 74 13 48 8b 07 

Register to memory mapping:

RAX=0x410508ff410d1b7f is an unknown value
RBX=0x000000077a6fd280 is an oop
{method} 
 - klass: {other class}
RCX=0x00007faae0d57af0: clReleaseMemObject+0 in /usr/lib/x86_64-linux-gnu/libOpenCL.so.1 at 0x00007faae0d53000
RDX=0x00007faaf4477860 is an unknown value
RSP=0x00007faafc051598 is pointing into the stack for thread: 0x00007faaf400a000
RBP=0x00007faafc0515d0 is pointing into the stack for thread: 0x00007faaf400a000
RSI=0x00007faafc051688 is pointing into the stack for thread: 0x00007faaf400a000
RDI=0x00007faaf4477860 is an unknown value
R8 =0x0000000040000000 is an unknown value
R9 =0x00007faaf4222550 is an unknown value
R10=0x00007faaf1012d6c is at code_begin+620 in an Interpreter codelet
method entry point (kind = native)  [0x00007faaf1012b00, 0x00007faaf1013360]  2144 bytes
R11=0x00007faafacb32f0: <offset 0x85d2f0> in /usr/lib/jvm/java-7-openjdk-amd64/jre/lib/amd64/server/libjvm.so at 0x00007faafa456000
R12=0x0000000000000000 is an unknown value
R13=0x000000077a6fd280 is an oop
{method} 
 - klass: {other class}
R14=0x00007faafc051688 is pointing into the stack for thread: 0x00007faaf400a000
R15=0x00007faaf400a000 is a thread


Stack: [0x00007faafbf52000,0x00007faafc053000],  sp=0x00007faafc051598,  free space=1021k
Native frames: (J=compiled Java code, j=interpreted, Vv=VM code, C=native code)
C  [libOpenCL.so.1+0x4af8]  clReleaseMemObject+0x8
j  com.jogamp.opencl.llb.impl.CLAbstractImpl.dispatch_clReleaseMemObject1(JJ)I+0
j  com.jogamp.opencl.llb.impl.CLAbstractImpl.clReleaseMemObject(J)I+38
j  com.jogamp.opencl.CLMemory.release()V+12
j  com.jogamp.opencl.CLBuffer.release()V+39
j  com.jogamp.opencl.CLContext.release(Ljava/util/Collection;)V+23
j  com.jogamp.opencl.CLContext.release()V+17
j  jvcl.GPUFFT.fft_simple([F[F)V+572
j  jvcl.GPUFFT.main([Ljava/lang/String;)V+77
v  ~StubRoutines::call_stub
V  [libjvm.so+0x5e80c9]  JavaCalls::call_helper(JavaValue*, methodHandle*, JavaCallArguments*, Thread*)+0x339
V  [libjvm.so+0x5e7b68]  JavaCalls::call(JavaValue*, methodHandle, JavaCallArguments*, Thread*)+0x28
V  [libjvm.so+0x5f6c9b]  jni_invoke_static(JNIEnv_*, JavaValue*, _jobject*, JNICallType, _jmethodID*, JNI_ArgumentPusher*, Thread*) [clone .isra.124] [clone .constprop.156]+0x28b
V  [libjvm.so+0x607f08]  jni_CallStaticVoidMethod+0x118
C  [libjli.so+0x31f9]

Java frames: (J=compiled Java code, j=interpreted, Vv=VM code)
j  com.jogamp.opencl.llb.impl.CLAbstractImpl.dispatch_clReleaseMemObject1(JJ)I+0
j  com.jogamp.opencl.llb.impl.CLAbstractImpl.clReleaseMemObject(J)I+38
j  com.jogamp.opencl.CLMemory.release()V+12
j  com.jogamp.opencl.CLBuffer.release()V+39
j  com.jogamp.opencl.CLContext.release(Ljava/util/Collection;)V+23
j  com.jogamp.opencl.CLContext.release()V+17
j  jvcl.GPUFFT.fft_simple([F[F)V+572
j  jvcl.GPUFFT.main([Ljava/lang/String;)V+77
v  ~StubRoutines::call_stub

---------------  P R O C E S S  ---------------

Java Threads: ( => current thread )
  0x00007faaf4198000 JavaThread "process reaper" daemon [_thread_blocked, id=1115, stack(0x00007faaf0058000,0x00007faaf0091000)]
  0x00007faaf40ae800 JavaThread "Service Thread" daemon [_thread_blocked, id=1110, stack(0x00007faae2b10000,0x00007faae2c11000)]
  0x00007faaf40ac000 JavaThread "C2 CompilerThread1" daemon [_thread_blocked, id=1109, stack(0x00007faae2c11000,0x00007faae2d12000)]
  0x00007faaf40a9800 JavaThread "C2 CompilerThread0" daemon [_thread_blocked, id=1108, stack(0x00007faae2d12000,0x00007faae2e13000)]
  0x00007faaf40a7000 JavaThread "Signal Dispatcher" daemon [_thread_blocked, id=1107, stack(0x00007faae2e13000,0x00007faae2f14000)]
  0x00007faaf407c000 JavaThread "Finalizer" daemon [_thread_blocked, id=1106, stack(0x00007faae35f6000,0x00007faae36f7000)]
  0x00007faaf407a000 JavaThread "Reference Handler" daemon [_thread_blocked, id=1105, stack(0x00007faae36f7000,0x00007faae37f8000)]
=>0x00007faaf400a000 JavaThread "main" [_thread_in_native, id=1099, stack(0x00007faafbf52000,0x00007faafc053000)]

Other Threads:
  0x00007faaf4075800 VMThread [stack: 0x00007faae37f8000,0x00007faae38f9000] [id=1104]
  0x00007faaf40b9800 WatcherThread [stack: 0x00007faae2a0f000,0x00007faae2b10000] [id=1111]

VM state:not at safepoint (normal execution)

VM Mutex/Monitor currently owned by a thread: None

Heap
 PSYoungGen      total 37376K, used 7753K [0x00000007d6e00000, 0x00000007d9780000, 0x0000000800000000)
  eden space 32256K, 24% used [0x00000007d6e00000,0x00000007d7592600,0x00000007d8d80000)
  from space 5120K, 0% used [0x00000007d9280000,0x00000007d9280000,0x00000007d9780000)
  to   space 5120K, 0% used [0x00000007d8d80000,0x00000007d8d80000,0x00000007d9280000)
 ParOldGen       total 83968K, used 0K [0x0000000784a00000, 0x0000000789c00000, 0x00000007d6e00000)
  object space 83968K, 0% used [0x0000000784a00000,0x0000000784a00000,0x0000000789c00000)
 PSPermGen       total 21504K, used 6006K [0x000000077a400000, 0x000000077b900000, 0x0000000784a00000)
  object space 21504K, 27% used [0x000000077a400000,0x000000077a9dd9b8,0x000000077b900000)

Card table byte_map: [0x00007faaf877b000,0x00007faaf8baa000] byte_map_base: 0x00007faaf4ba9000

Polling page: 0x00007faafc087000

Code Cache  [0x00007faaf1000000, 0x00007faaf1270000, 0x00007faaf4000000)
 total_blobs=390 nmethods=16 adapters=328 free_code_cache=48632Kb largest_free_block=49796736

Compilation events (10 events):
Event: 0.190 Thread 0x00007faaf40a9800   12             java.io.UnixFileSystem::normalize (75 bytes)
Event: 0.194 Thread 0x00007faaf40a9800 nmethod 12 0x00007faaf1075fd0 code [0x00007faaf1076140, 0x00007faaf1076398]
Event: 0.199 Thread 0x00007faaf40ac000   13             sun.net.www.ParseUtil::encodePath (336 bytes)
Event: 0.214 Thread 0x00007faaf40a9800   14             java.lang.String::startsWith (72 bytes)
Event: 0.216 Thread 0x00007faaf40a9800 nmethod 14 0x00007faaf1078c50 code [0x00007faaf1078da0, 0x00007faaf1078f58]
Event: 0.219 Thread 0x00007faaf40ac000 nmethod 13 0x00007faaf107e650 code [0x00007faaf107e8a0, 0x00007faaf107f918]
Event: 0.225 Thread 0x00007faaf40a9800   15             java.lang.String::length (6 bytes)
Event: 0.225 Thread 0x00007faaf40a9800 nmethod 15 0x00007faaf107b550 code [0x00007faaf107b680, 0x00007faaf107b6f8]
Event: 0.227 Thread 0x00007faaf40ac000   16             java.lang.Math::min (11 bytes)
Event: 0.227 Thread 0x00007faaf40ac000 nmethod 16 0x00007faaf1062550 code [0x00007faaf1062680, 0x00007faaf10626b8]

GC Heap History (0 events):
No events

Deoptimization events (0 events):
No events

Internal exceptions (10 events):
Event: 0.265 Thread 0x00007faaf400a000 Threw 0x00000007d74edf48 at /build/openjdk-7-FO0dNI/openjdk-7-7u79-2.5.6/build/openjdk/hotspot/src/share/vm/prims/jvm.cpp:1284
Event: 0.266 Thread 0x00007faaf400a000 Threw 0x00000007d74f1f10 at /build/openjdk-7-FO0dNI/openjdk-7-7u79-2.5.6/build/openjdk/hotspot/src/share/vm/prims/jvm.cpp:1284
Event: 0.267 Thread 0x00007faaf400a000 Threw 0x00000007d751c578 at /build/openjdk-7-FO0dNI/openjdk-7-7u79-2.5.6/build/openjdk/hotspot/src/share/vm/prims/jvm.cpp:1284
Event: 0.267 Thread 0x00007faaf400a000 Threw 0x00000007d75205a8 at /build/openjdk-7-FO0dNI/openjdk-7-7u79-2.5.6/build/openjdk/hotspot/src/share/vm/prims/jvm.cpp:1284
Event: 0.269 Thread 0x00007faaf400a000 Threw 0x00000007d7526248 at /build/openjdk-7-FO0dNI/openjdk-7-7u79-2.5.6/build/openjdk/hotspot/src/share/vm/prims/jvm.cpp:1284
Event: 0.269 Thread 0x00007faaf400a000 Threw 0x00000007d752df98 at /build/openjdk-7-FO0dNI/openjdk-7-7u79-2.5.6/build/openjdk/hotspot/src/share/vm/prims/jvm.cpp:1284
Event: 0.273 Thread 0x00007faaf400a000 Threw 0x00000007d753cfc8 at /build/openjdk-7-FO0dNI/openjdk-7-7u79-2.5.6/build/openjdk/hotspot/src/share/vm/prims/jvm.cpp:1284
Event: 0.275 Thread 0x00007faaf400a000 Threw 0x00000007d754a6e8 at /build/openjdk-7-FO0dNI/openjdk-7-7u79-2.5.6/build/openjdk/hotspot/src/share/vm/prims/jvm.cpp:1284
Event: 0.277 Thread 0x00007faaf400a000 Threw 0x00000007d7553100 at /build/openjdk-7-FO0dNI/openjdk-7-7u79-2.5.6/build/openjdk/hotspot/src/share/vm/prims/jvm.cpp:1284
Event: 0.278 Thread 0x00007faaf400a000 Threw 0x00000007d755dd78 at /build/openjdk-7-FO0dNI/openjdk-7-7u79-2.5.6/build/openjdk/hotspot/src/share/vm/prims/jvm.cpp:1284

Events (10 events):
Event: 0.275 loading class 0x00007faaf40fe040
Event: 0.275 loading class 0x00007faaf40fe040 done
Event: 0.275 loading class 0x00007faaf4011ae0
Event: 0.276 loading class 0x00007faaf4011ae0 done
Event: 0.277 loading class 0x00007faaf40fe280
Event: 0.277 loading class 0x00007faaf40fe280 done
Event: 0.278 loading class 0x00007faaf4463fb0
Event: 0.278 loading class 0x00007faaf4463fb0 done
Event: 0.279 loading class 0x00007faaf0bb29b0
Event: 0.279 loading class 0x00007faaf0bb29b0 done


Dynamic libraries:
00400000-00401000 r-xp 00000000 08:01 5389623                            /usr/lib/jvm/java-7-openjdk-amd64/jre/bin/java
00600000-00601000 r--p 00000000 08:01 5389623                            /usr/lib/jvm/java-7-openjdk-amd64/jre/bin/java
00601000-00602000 rw-p 00001000 08:01 5389623                            /usr/lib/jvm/java-7-openjdk-amd64/jre/bin/java
016fc000-0171d000 rw-p 00000000 00:00 0                                  [heap]
200000000-700000000 ---p 00000000 00:00 0 
77a400000-77b900000 rw-p 00000000 00:00 0 
77b900000-784a00000 rw-p 00000000 00:00 0 
784a00000-789c00000 rw-p 00000000 00:00 0 
789c00000-7d6e00000 rw-p 00000000 00:00 0 
7d6e00000-7d9780000 rw-p 00000000 00:00 0 
7d9780000-800000000 rw-p 00000000 00:00 0 
7faaa8000000-7faaa8021000 rw-p 00000000 00:00 0 
7faaa8021000-7faaac000000 ---p 00000000 00:00 0 
7faaac608000-7faaadd4b000 r-xp 00000000 08:01 3811727                    /usr/lib/nvidia-346-updates/libnvidia-compiler.so.346.82
7faaadd4b000-7faaadf4b000 ---p 01743000 08:01 3811727                    /usr/lib/nvidia-346-updates/libnvidia-compiler.so.346.82
7faaadf4b000-7faaae7d3000 rw-p 01743000 08:01 3811727                    /usr/lib/nvidia-346-updates/libnvidia-compiler.so.346.82
7faaae7d3000-7faaae7fd000 rw-p 00000000 00:00 0 
7faaae7fd000-7faaae7fe000 ---p 00000000 00:00 0 
7faaae7fe000-7faaaeffe000 rw-p 00000000 00:00 0                          [stack:1125]
7faaaeffe000-7faaaefff000 ---p 00000000 00:00 0 
7faaaefff000-7faaaf7ff000 rw-p 00000000 00:00 0                          [stack:1124]
7faaaf7ff000-7faaaf800000 ---p 00000000 00:00 0 
7faaaf800000-7faab0000000 rw-p 00000000 00:00 0                          [stack:1123]
7faab0000000-7faab0021000 rw-p 00000000 00:00 0 
7faab0021000-7faab4000000 ---p 00000000 00:00 0 
7faab4000000-7faab4021000 rw-p 00000000 00:00 0 
7faab4021000-7faab8000000 ---p 00000000 00:00 0 
7faab8000000-7faab814a000 rw-p 00000000 00:00 0 
7faab814a000-7faabc000000 ---p 00000000 00:00 0 
7faabc000000-7faabc021000 rw-p 00000000 00:00 0 
7faabc021000-7faac0000000 ---p 00000000 00:00 0 
7faac0000000-7faac0021000 rw-p 00000000 00:00 0 
7faac0021000-7faac4000000 ---p 00000000 00:00 0 
7faac4000000-7faac410f000 rw-p 00000000 00:00 0 
7faac410f000-7faac8000000 ---p 00000000 00:00 0 
7faac8000000-7faac8021000 rw-p 00000000 00:00 0 
7faac8021000-7faacc000000 ---p 00000000 00:00 0 
7faacc000000-7faacc021000 rw-p 00000000 00:00 0 
7faacc021000-7faad0000000 ---p 00000000 00:00 0 
7faad0000000-7faad0021000 rw-p 00000000 00:00 0 
7faad0021000-7faad4000000 ---p 00000000 00:00 0 
7faad4269000-7faad44a3000 rw-p 00000000 00:00 0 
7faad44a3000-7faad44a4000 ---p 00000000 00:00 0 
7faad44a4000-7faad4ca4000 rw-p 00000000 00:00 0                          [stack:1122]
7faad4ca4000-7faad4ca5000 ---p 00000000 00:00 0 
7faad4ca5000-7faad54a5000 rw-p 00000000 00:00 0                          [stack:1121]
7faad54a5000-7faad54f1000 rw-s 208189000 00:05 15606                     /dev/nvidiactl
7faad54f1000-7faad55f1000 rw-s 138c47000 00:05 15606                     /dev/nvidiactl
7faad55f1000-7faad56f1000 rw-s 96028000 00:05 15606                      /dev/nvidiactl
7faad56f1000-7faad57f1000 rw-s bed19000 00:05 15606                      /dev/nvidiactl
7faad57f1000-7faad5bf1000 rw-s 209bc2000 00:05 15606                     /dev/nvidiactl
7faad5bf1000-7faad5ff1000 rw-s 1e5f37000 00:05 15606                     /dev/nvidiactl
7faad5ff1000-7faad6ab4000 r-xp 00000000 08:01 3672125                    /usr/lib/x86_64-linux-gnu/libcuda.so.346.82
7faad6ab4000-7faad6cb4000 ---p 00ac3000 08:01 3672125                    /usr/lib/x86_64-linux-gnu/libcuda.so.346.82
7faad6cb4000-7faad6e66000 rw-p 00ac3000 08:01 3672125                    /usr/lib/x86_64-linux-gnu/libcuda.so.346.82
7faad6e66000-7faad6e7b000 rw-p 00000000 00:00 0 
7faad6e7b000-7faad7956000 r-xp 00000000 08:01 3674886                    /usr/lib/x86_64-linux-gnu/libnvidia-opencl.so.346.82
7faad7956000-7faad7b55000 ---p 00adb000 08:01 3674886                    /usr/lib/x86_64-linux-gnu/libnvidia-opencl.so.346.82
7faad7b55000-7faad7d0b000 rw-p 00ada000 08:01 3674886                    /usr/lib/x86_64-linux-gnu/libnvidia-opencl.so.346.82
7faad7d0b000-7faadc000000 rw-p 00000000 00:00 0 
7faadc000000-7faadc021000 rw-p 00000000 00:00 0 
7faadc021000-7faae0000000 ---p 00000000 00:00 0 
7faae0046000-7faae0146000 rw-s 365f5000 00:05 15606                      /dev/nvidiactl
7faae0146000-7faae0246000 rw-s 37216000 00:05 15606                      /dev/nvidiactl
7faae0246000-7faae0247000 ---p 00000000 00:00 0 
7faae0247000-7faae0a47000 rw-p 00000000 00:00 0                          [stack:1120]
7faae0a47000-7faae0b47000 rw-s 195cc1000 00:05 15606                     /dev/nvidiactl
7faae0b47000-7faae0b52000 r-xp 00000000 08:01 4982259                    /tmp/jogamp_0000/file_cache/jln3679387114051299061/jln1345648016635331491/natives/linux-amd64/libjocl.so
7faae0b52000-7faae0d51000 ---p 0000b000 08:01 4982259                    /tmp/jogamp_0000/file_cache/jln3679387114051299061/jln1345648016635331491/natives/linux-amd64/libjocl.so
7faae0d51000-7faae0d52000 r--p 0000a000 08:01 4982259                    /tmp/jogamp_0000/file_cache/jln3679387114051299061/jln1345648016635331491/natives/linux-amd64/libjocl.so
7faae0d52000-7faae0d53000 rw-p 0000b000 08:01 4982259                    /tmp/jogamp_0000/file_cache/jln3679387114051299061/jln1345648016635331491/natives/linux-amd64/libjocl.so
7faae0d53000-7faae0d5b000 r-xp 00000000 08:01 3670455                    /usr/lib/x86_64-linux-gnu/libOpenCL.so.1.0.0
7faae0d5b000-7faae0f5a000 ---p 00008000 08:01 3670455                    /usr/lib/x86_64-linux-gnu/libOpenCL.so.1.0.0
7faae0f5a000-7faae0f5b000 r--p 00007000 08:01 3670455                    /usr/lib/x86_64-linux-gnu/libOpenCL.so.1.0.0
7faae0f5b000-7faae0f5c000 rw-p 00008000 08:01 3670455                    /usr/lib/x86_64-linux-gnu/libOpenCL.so.1.0.0
7faae0f5c000-7faae0f5e000 r-xp 00000000 08:01 4982258                    /tmp/jogamp_0000/file_cache/jln3679387114051299061/jln1345648016635331491/natives/linux-amd64/libgluegen-rt.so
7faae0f5e000-7faae115d000 ---p 00002000 08:01 4982258                    /tmp/jogamp_0000/file_cache/jln3679387114051299061/jln1345648016635331491/natives/linux-amd64/libgluegen-rt.so
7faae115d000-7faae115e000 r--p 00001000 08:01 4982258                    /tmp/jogamp_0000/file_cache/jln3679387114051299061/jln1345648016635331491/natives/linux-amd64/libgluegen-rt.so
7faae115e000-7faae115f000 rw-p 00002000 08:01 4982258                    /tmp/jogamp_0000/file_cache/jln3679387114051299061/jln1345648016635331491/natives/linux-amd64/libgluegen-rt.so
7faae115f000-7faae1162000 ---p 00000000 00:00 0 
7faae1162000-7faae1260000 rw-p 00000000 00:00 0 
7faae1260000-7faae1270000 r-xp 00000000 08:01 4853686                    /usr/lib/jvm/java-7-openjdk-amd64/jre/lib/amd64/libnio.so
7faae1270000-7faae1470000 ---p 00010000 08:01 4853686                    /usr/lib/jvm/java-7-openjdk-amd64/jre/lib/amd64/libnio.so
7faae1470000-7faae1471000 r--p 00010000 08:01 4853686                    /usr/lib/jvm/java-7-openjdk-amd64/jre/lib/amd64/libnio.so
7faae1471000-7faae1472000 rw-p 00011000 08:01 4853686                    /usr/lib/jvm/java-7-openjdk-amd64/jre/lib/amd64/libnio.so
7faae1472000-7faae14a3000 rw-p 00000000 00:00 0 
7faae14a3000-7faae14e0000 r-xp 00000000 08:01 2114819                    /lib/x86_64-linux-gnu/libpcre.so.3.13.1
7faae14e0000-7faae16df000 ---p 0003d000 08:01 2114819                    /lib/x86_64-linux-gnu/libpcre.so.3.13.1
7faae16df000-7faae16e0000 r--p 0003c000 08:01 2114819                    /lib/x86_64-linux-gnu/libpcre.so.3.13.1
7faae16e0000-7faae16e1000 rw-p 0003d000 08:01 2114819                    /lib/x86_64-linux-gnu/libpcre.so.3.13.1
7faae16e1000-7faae16e8000 r-xp 00000000 08:01 3675991                    /usr/lib/x86_64-linux-gnu/libffi.so.6.0.1
7faae16e8000-7faae18e7000 ---p 00007000 08:01 3675991                    /usr/lib/x86_64-linux-gnu/libffi.so.6.0.1
7faae18e7000-7faae18e8000 r--p 00006000 08:01 3675991                    /usr/lib/x86_64-linux-gnu/libffi.so.6.0.1
7faae18e8000-7faae18e9000 rw-p 00007000 08:01 3675991                    /usr/lib/x86_64-linux-gnu/libffi.so.6.0.1
7faae18e9000-7faae1900000 r-xp 00000000 08:01 2104446                    /lib/x86_64-linux-gnu/libresolv-2.19.so
7faae1900000-7faae1b00000 ---p 00017000 08:01 2104446                    /lib/x86_64-linux-gnu/libresolv-2.19.so
7faae1b00000-7faae1b01000 r--p 00017000 08:01 2104446                    /lib/x86_64-linux-gnu/libresolv-2.19.so
7faae1b01000-7faae1b02000 rw-p 00018000 08:01 2104446                    /lib/x86_64-linux-gnu/libresolv-2.19.so
7faae1b02000-7faae1b04000 rw-p 00000000 00:00 0 
7faae1b04000-7faae1b24000 r-xp 00000000 08:01 2103373                    /lib/x86_64-linux-gnu/libselinux.so.1
7faae1b24000-7faae1d23000 ---p 00020000 08:01 2103373                    /lib/x86_64-linux-gnu/libselinux.so.1
7faae1d23000-7faae1d24000 r--p 0001f000 08:01 2103373                    /lib/x86_64-linux-gnu/libselinux.so.1
7faae1d24000-7faae1d25000 rw-p 00020000 08:01 2103373                    /lib/x86_64-linux-gnu/libselinux.so.1
7faae1d25000-7faae1d27000 rw-p 00000000 00:00 0 
7faae1d27000-7faae1d2a000 r-xp 00000000 08:01 3676104                    /usr/lib/x86_64-linux-gnu/libgmodule-2.0.so.0.4002.0
7faae1d2a000-7faae1f29000 ---p 00003000 08:01 3676104                    /usr/lib/x86_64-linux-gnu/libgmodule-2.0.so.0.4002.0
7faae1f29000-7faae1f2a000 r--p 00002000 08:01 3676104                    /usr/lib/x86_64-linux-gnu/libgmodule-2.0.so.0.4002.0
7faae1f2a000-7faae1f2b000 rw-p 00003000 08:01 3676104                    /usr/lib/x86_64-linux-gnu/libgmodule-2.0.so.0.4002.0
7faae1f2b000-7faae2031000 r-xp 00000000 08:01 2103274                    /lib/x86_64-linux-gnu/libglib-2.0.so.0.4002.0
7faae2031000-7faae2230000 ---p 00106000 08:01 2103274                    /lib/x86_64-linux-gnu/libglib-2.0.so.0.4002.0
7faae2230000-7faae2231000 r--p 00105000 08:01 2103274                    /lib/x86_64-linux-gnu/libglib-2.0.so.0.4002.0
7faae2231000-7faae2232000 rw-p 00106000 08:01 2103274                    /lib/x86_64-linux-gnu/libglib-2.0.so.0.4002.0
7faae2232000-7faae2233000 rw-p 00000000 00:00 0 
7faae2233000-7faae2282000 r-xp 00000000 08:01 3676120                    /usr/lib/x86_64-linux-gnu/libgobject-2.0.so.0.4002.0
7faae2282000-7faae2482000 ---p 0004f000 08:01 3676120                    /usr/lib/x86_64-linux-gnu/libgobject-2.0.so.0.4002.0
7faae2482000-7faae2483000 r--p 0004f000 08:01 3676120                    /usr/lib/x86_64-linux-gnu/libgobject-2.0.so.0.4002.0
7faae2483000-7faae2484000 rw-p 00050000 08:01 3676120                    /usr/lib/x86_64-linux-gnu/libgobject-2.0.so.0.4002.0
7faae2484000-7faae25f0000 r-xp 00000000 08:01 3676092                    /usr/lib/x86_64-linux-gnu/libgio-2.0.so.0.4002.0
7faae25f0000-7faae27ef000 ---p 0016c000 08:01 3676092                    /usr/lib/x86_64-linux-gnu/libgio-2.0.so.0.4002.0
7faae27ef000-7faae27f3000 r--p 0016b000 08:01 3676092                    /usr/lib/x86_64-linux-gnu/libgio-2.0.so.0.4002.0
7faae27f3000-7faae27f5000 rw-p 0016f000 08:01 3676092                    /usr/lib/x86_64-linux-gnu/libgio-2.0.so.0.4002.0
7faae27f5000-7faae27f7000 rw-p 00000000 00:00 0 
7faae27f7000-7faae280e000 r-xp 00000000 08:01 4853681                    /usr/lib/jvm/java-7-openjdk-amd64/jre/lib/amd64/libnet.so
7faae280e000-7faae2a0d000 ---p 00017000 08:01 4853681                    /usr/lib/jvm/java-7-openjdk-amd64/jre/lib/amd64/libnet.so
7faae2a0d000-7faae2a0e000 r--p 00016000 08:01 4853681                    /usr/lib/jvm/java-7-openjdk-amd64/jre/lib/amd64/libnet.so
7faae2a0e000-7faae2a0f000 rw-p 00017000 08:01 4853681                    /usr/lib/jvm/java-7-openjdk-amd64/jre/lib/amd64/libnet.so
7faae2a0f000-7faae2a10000 ---p 00000000 00:00 0 
7faae2a10000-7faae2b10000 rw-p 00000000 00:00 0                          [stack:1111]
7faae2b10000-7faae2b13000 ---p 00000000 00:00 0 
7faae2b13000-7faae2c11000 rw-p 00000000 00:00 0                          [stack:1110]
7faae2c11000-7faae2c14000 ---p 00000000 00:00 0 
7faae2c14000-7faae2d12000 rw-p 00000000 00:00 0                          [stack:1109]
7faae2d12000-7faae2d15000 ---p 00000000 00:00 0 
7faae2d15000-7faae2e13000 rw-p 00000000 00:00 0                          [stack:1108]
7faae2e13000-7faae2e16000 ---p 00000000 00:00 0 
7faae2e16000-7faae2f14000 rw-p 00000000 00:00 0                          [stack:1107]
7faae2f14000-7faae35f6000 r--p 00000000 08:01 3674563                    /usr/lib/locale/locale-archive
7faae35f6000-7faae35f9000 ---p 00000000 00:00 0 
7faae35f9000-7faae36f7000 rw-p 00000000 00:00 0                          [stack:1106]
7faae36f7000-7faae36fa000 ---p 00000000 00:00 0 
7faae36fa000-7faae37f8000 rw-p 00000000 00:00 0                          [stack:1105]
7faae37f8000-7faae37f9000 ---p 00000000 00:00 0 
7faae37f9000-7faae4000000 rw-p 00000000 00:00 0                          [stack:1104]
7faae4000000-7faae4021000 rw-p 00000000 00:00 0 
7faae4021000-7faae8000000 ---p 00000000 00:00 0 
7faae8000000-7faae8021000 rw-p 00000000 00:00 0 
7faae8021000-7faaec000000 ---p 00000000 00:00 0 
7faaec000000-7faaec021000 rw-p 00000000 00:00 0 
7faaec021000-7faaf0000000 ---p 00000000 00:00 0 
7faaf0009000-7faaf000b000 rw-p 00000000 00:00 0 
7faaf000b000-7faaf0012000 r--s 00000000 08:01 4203242                    /usr/lib/x86_64-linux-gnu/gconv/gconv-modules.cache
7faaf0012000-7faaf0013000 r--p 00000000 08:01 4461979                    /usr/share/locale-langpack/en_GB/LC_MESSAGES/libc.mo
7faaf0013000-7faaf0014000 rw-s eff64000 00:05 15608                      /dev/nvidia0
7faaf0014000-7faaf0015000 rw-s 97dd6000 00:05 15606                      /dev/nvidiactl
7faaf0015000-7faaf0035000 rw-s e0140000 00:05 15608                      /dev/nvidia0
7faaf0035000-7faaf0036000 rw-s eff63000 00:05 15608                      /dev/nvidia0
7faaf0036000-7faaf0037000 rw-s 195f47000 00:05 15606                     /dev/nvidiactl
7faaf0037000-7faaf0057000 rw-s e0120000 00:05 15608                      /dev/nvidia0
7faaf0057000-7faaf0058000 r--s 00002000 08:06 68771                      /home/ericbarnhill/Documents/code/jogamp/jocl/build/jar/jocl-natives-linux-amd64.jar
7faaf0058000-7faaf005b000 ---p 00000000 00:00 0 
7faaf005b000-7faaf0091000 rw-p 00000000 00:00 0                          [stack:1115]
7faaf0091000-7faaf009c000 r--s 0006f000 08:06 23467237                   /home/ericbarnhill/Documents/code/jtransforms-2.4.jar
7faaf009c000-7faaf0950000 rw-p 00000000 00:00 0 
7faaf0950000-7faaf0b01000 r--s 01d29000 08:01 4080636                    /usr/lib/jvm/java-7-openjdk-amd64/jre/lib/rt.jar
7faaf0b01000-7faaf1000000 rw-p 00000000 00:00 0 
7faaf1000000-7faaf1270000 rwxp 00000000 00:00 0 
7faaf1270000-7faaf4490000 rw-p 00000000 00:00 0 
7faaf4490000-7faaf8000000 ---p 00000000 00:00 0 
7faaf8000000-7faaf8002000 r--s 00000000 08:06 63540                      /home/ericbarnhill/Documents/code/jogamp/gluegen/build/gluegen-rt-natives-linux-amd64.jar
7faaf8002000-7faaf8003000 r--p 00000000 00:00 0 
7faaf8003000-7faaf8008000 r--s 0004d000 08:01 4080643                    /usr/lib/jvm/java-7-openjdk-amd64/jre/lib/jsse.jar
7faaf8008000-7faaf800e000 r--s 0004f000 08:06 63508                      /home/ericbarnhill/Documents/code/jogamp/gluegen/build/gluegen-rt.jar
7faaf800e000-7faaf8014000 r--s 00030000 08:06 68770                      /home/ericbarnhill/Documents/code/jogamp/jocl/build/jar/jocl.jar
7faaf8014000-7faaf8017000 r--s 000bd000 08:06 70280                      /home/ericbarnhill/Documents/code/jogamp/jocl-demos/build/jar/jocl-demos.jar
7faaf8017000-7faaf801b000 r--s 00034000 08:01 4458065                    /usr/lib/jvm/java-7-openjdk-amd64/jre/lib/ext/sunjce_provider.jar
7faaf801b000-7faaf801f000 r--s 0003c000 08:01 4458066                    /usr/lib/jvm/java-7-openjdk-amd64/jre/lib/ext/sunpkcs11.jar
7faaf801f000-7faaf8092000 rw-p 00000000 00:00 0 
7faaf8092000-7faaf8093000 ---p 00000000 00:00 0 
7faaf8093000-7faaf8193000 rw-p 00000000 00:00 0                          [stack:1103]
7faaf8193000-7faaf8194000 ---p 00000000 00:00 0 
7faaf8194000-7faaf8294000 rw-p 00000000 00:00 0                          [stack:1102]
7faaf8294000-7faaf8295000 ---p 00000000 00:00 0 
7faaf8295000-7faaf8395000 rw-p 00000000 00:00 0                          [stack:1101]
7faaf8395000-7faaf8396000 ---p 00000000 00:00 0 
7faaf8396000-7faaf84a1000 rw-p 00000000 00:00 0                          [stack:1100]
7faaf84a1000-7faaf84e9000 rw-p 00000000 00:00 0 
7faaf84e9000-7faaf8512000 rw-p 00000000 00:00 0 
7faaf8512000-7faaf877b000 rw-p 00000000 00:00 0 
7faaf877b000-7faaf8786000 rw-p 00000000 00:00 0 
7faaf8786000-7faaf87ce000 rw-p 00000000 00:00 0 
7faaf87ce000-7faaf87f7000 rw-p 00000000 00:00 0 
7faaf87f7000-7faaf8a60000 rw-p 00000000 00:00 0 
7faaf8a60000-7faaf8a75000 rw-p 00000000 00:00 0 
7faaf8a75000-7faaf8ba9000 rw-p 00000000 00:00 0 
7faaf8ba9000-7faaf8baa000 rw-p 00000000 00:00 0 
7faaf8baa000-7faaf8bb2000 r-xp 00000000 08:01 4851601                    /usr/lib/jvm/java-7-openjdk-amd64/jre/lib/amd64/libzip.so
7faaf8bb2000-7faaf8db1000 ---p 00008000 08:01 4851601                    /usr/lib/jvm/java-7-openjdk-amd64/jre/lib/amd64/libzip.so
7faaf8db1000-7faaf8db2000 r--p 00007000 08:01 4851601                    /usr/lib/jvm/java-7-openjdk-amd64/jre/lib/amd64/libzip.so
7faaf8db2000-7faaf8db3000 rw-p 00008000 08:01 4851601                    /usr/lib/jvm/java-7-openjdk-amd64/jre/lib/amd64/libzip.so
7faaf8db3000-7faaf8dbe000 r-xp 00000000 08:01 2104454                    /lib/x86_64-linux-gnu/libnss_files-2.19.so
7faaf8dbe000-7faaf8fbd000 ---p 0000b000 08:01 2104454                    /lib/x86_64-linux-gnu/libnss_files-2.19.so
7faaf8fbd000-7faaf8fbe000 r--p 0000a000 08:01 2104454                    /lib/x86_64-linux-gnu/libnss_files-2.19.so
7faaf8fbe000-7faaf8fbf000 rw-p 0000b000 08:01 2104454                    /lib/x86_64-linux-gnu/libnss_files-2.19.so
7faaf8fbf000-7faaf8fca000 r-xp 00000000 08:01 2104474                    /lib/x86_64-linux-gnu/libnss_nis-2.19.so
7faaf8fca000-7faaf91c9000 ---p 0000b000 08:01 2104474                    /lib/x86_64-linux-gnu/libnss_nis-2.19.so
7faaf91c9000-7faaf91ca000 r--p 0000a000 08:01 2104474                    /lib/x86_64-linux-gnu/libnss_nis-2.19.so
7faaf91ca000-7faaf91cb000 rw-p 0000b000 08:01 2104474                    /lib/x86_64-linux-gnu/libnss_nis-2.19.so
7faaf91cb000-7faaf91e2000 r-xp 00000000 08:01 2104463                    /lib/x86_64-linux-gnu/libnsl-2.19.so
7faaf91e2000-7faaf93e1000 ---p 00017000 08:01 2104463                    /lib/x86_64-linux-gnu/libnsl-2.19.so
7faaf93e1000-7faaf93e2000 r--p 00016000 08:01 2104463                    /lib/x86_64-linux-gnu/libnsl-2.19.so
7faaf93e2000-7faaf93e3000 rw-p 00017000 08:01 2104463                    /lib/x86_64-linux-gnu/libnsl-2.19.so
7faaf93e3000-7faaf93e5000 rw-p 00000000 00:00 0 
7faaf93e5000-7faaf93ee000 r-xp 00000000 08:01 2104462                    /lib/x86_64-linux-gnu/libnss_compat-2.19.so
7faaf93ee000-7faaf95ed000 ---p 00009000 08:01 2104462                    /lib/x86_64-linux-gnu/libnss_compat-2.19.so
7faaf95ed000-7faaf95ee000 r--p 00008000 08:01 2104462                    /lib/x86_64-linux-gnu/libnss_compat-2.19.so
7faaf95ee000-7faaf95ef000 rw-p 00009000 08:01 2104462                    /lib/x86_64-linux-gnu/libnss_compat-2.19.so
7faaf95ef000-7faaf961a000 r-xp 00000000 08:01 4853689                    /usr/lib/jvm/java-7-openjdk-amd64/jre/lib/amd64/libjava.so
7faaf961a000-7faaf9819000 ---p 0002b000 08:01 4853689                    /usr/lib/jvm/java-7-openjdk-amd64/jre/lib/amd64/libjava.so
7faaf9819000-7faaf981a000 r--p 0002a000 08:01 4853689                    /usr/lib/jvm/java-7-openjdk-amd64/jre/lib/amd64/libjava.so
7faaf981a000-7faaf981c000 rw-p 0002b000 08:01 4853689                    /usr/lib/jvm/java-7-openjdk-amd64/jre/lib/amd64/libjava.so
7faaf981c000-7faaf982c000 r-xp 00000000 08:01 4853672                    /usr/lib/jvm/java-7-openjdk-amd64/jre/lib/amd64/libverify.so
7faaf982c000-7faaf9a2b000 ---p 00010000 08:01 4853672                    /usr/lib/jvm/java-7-openjdk-amd64/jre/lib/amd64/libverify.so
7faaf9a2b000-7faaf9a2d000 r--p 0000f000 08:01 4853672                    /usr/lib/jvm/java-7-openjdk-amd64/jre/lib/amd64/libverify.so
7faaf9a2d000-7faaf9a2e000 rw-p 00011000 08:01 4853672                    /usr/lib/jvm/java-7-openjdk-amd64/jre/lib/amd64/libverify.so
7faaf9a2e000-7faaf9a35000 r-xp 00000000 08:01 2104471                    /lib/x86_64-linux-gnu/librt-2.19.so
7faaf9a35000-7faaf9c34000 ---p 00007000 08:01 2104471                    /lib/x86_64-linux-gnu/librt-2.19.so
7faaf9c34000-7faaf9c35000 r--p 00006000 08:01 2104471                    /lib/x86_64-linux-gnu/librt-2.19.so
7faaf9c35000-7faaf9c36000 rw-p 00007000 08:01 2104471                    /lib/x86_64-linux-gnu/librt-2.19.so
7faaf9c36000-7faaf9c4c000 r-xp 00000000 08:01 2103270                    /lib/x86_64-linux-gnu/libgcc_s.so.1
7faaf9c4c000-7faaf9e4b000 ---p 00016000 08:01 2103270                    /lib/x86_64-linux-gnu/libgcc_s.so.1
7faaf9e4b000-7faaf9e4c000 rw-p 00015000 08:01 2103270                    /lib/x86_64-linux-gnu/libgcc_s.so.1
7faaf9e4c000-7faaf9f51000 r-xp 00000000 08:01 2104453                    /lib/x86_64-linux-gnu/libm-2.19.so
7faaf9f51000-7faafa150000 ---p 00105000 08:01 2104453                    /lib/x86_64-linux-gnu/libm-2.19.so
7faafa150000-7faafa151000 r--p 00104000 08:01 2104453                    /lib/x86_64-linux-gnu/libm-2.19.so
7faafa151000-7faafa152000 rw-p 00105000 08:01 2104453                    /lib/x86_64-linux-gnu/libm-2.19.so
7faafa152000-7faafa238000 r-xp 00000000 08:01 3670377                    /usr/lib/x86_64-linux-gnu/libstdc++.so.6.0.19
7faafa238000-7faafa437000 ---p 000e6000 08:01 3670377                    /usr/lib/x86_64-linux-gnu/libstdc++.so.6.0.19
7faafa437000-7faafa43f000 r--p 000e5000 08:01 3670377                    /usr/lib/x86_64-linux-gnu/libstdc++.so.6.0.19
7faafa43f000-7faafa441000 rw-p 000ed000 08:01 3670377                    /usr/lib/x86_64-linux-gnu/libstdc++.so.6.0.19
7faafa441000-7faafa456000 rw-p 00000000 00:00 0 
7faafa456000-7faafaf6f000 r-xp 00000000 08:01 5274730                    /usr/lib/jvm/java-7-openjdk-amd64/jre/lib/amd64/server/libjvm.so
7faafaf6f000-7faafb16f000 ---p 00b19000 08:01 5274730                    /usr/lib/jvm/java-7-openjdk-amd64/jre/lib/amd64/server/libjvm.so
7faafb16f000-7faafb209000 r--p 00b19000 08:01 5274730                    /usr/lib/jvm/java-7-openjdk-amd64/jre/lib/amd64/server/libjvm.so
7faafb209000-7faafb22c000 rw-p 00bb3000 08:01 5274730                    /usr/lib/jvm/java-7-openjdk-amd64/jre/lib/amd64/server/libjvm.so
7faafb22c000-7faafb25a000 rw-p 00000000 00:00 0 
7faafb25a000-7faafb272000 r-xp 00000000 08:01 2103406                    /lib/x86_64-linux-gnu/libz.so.1.2.8
7faafb272000-7faafb471000 ---p 00018000 08:01 2103406                    /lib/x86_64-linux-gnu/libz.so.1.2.8
7faafb471000-7faafb472000 r--p 00017000 08:01 2103406                    /lib/x86_64-linux-gnu/libz.so.1.2.8
7faafb472000-7faafb473000 rw-p 00018000 08:01 2103406                    /lib/x86_64-linux-gnu/libz.so.1.2.8
7faafb473000-7faafb48c000 r-xp 00000000 08:01 2104469                    /lib/x86_64-linux-gnu/libpthread-2.19.so
7faafb48c000-7faafb68b000 ---p 00019000 08:01 2104469                    /lib/x86_64-linux-gnu/libpthread-2.19.so
7faafb68b000-7faafb68c000 r--p 00018000 08:01 2104469                    /lib/x86_64-linux-gnu/libpthread-2.19.so
7faafb68c000-7faafb68d000 rw-p 00019000 08:01 2104469                    /lib/x86_64-linux-gnu/libpthread-2.19.so
7faafb68d000-7faafb691000 rw-p 00000000 00:00 0 
7faafb691000-7faafb694000 r-xp 00000000 08:01 2104457                    /lib/x86_64-linux-gnu/libdl-2.19.so
7faafb694000-7faafb893000 ---p 00003000 08:01 2104457                    /lib/x86_64-linux-gnu/libdl-2.19.so
7faafb893000-7faafb894000 r--p 00002000 08:01 2104457                    /lib/x86_64-linux-gnu/libdl-2.19.so
7faafb894000-7faafb895000 rw-p 00003000 08:01 2104457                    /lib/x86_64-linux-gnu/libdl-2.19.so
7faafb895000-7faafba50000 r-xp 00000000 08:01 2104468                    /lib/x86_64-linux-gnu/libc-2.19.so
7faafba50000-7faafbc4f000 ---p 001bb000 08:01 2104468                    /lib/x86_64-linux-gnu/libc-2.19.so
7faafbc4f000-7faafbc53000 r--p 001ba000 08:01 2104468                    /lib/x86_64-linux-gnu/libc-2.19.so
7faafbc53000-7faafbc55000 rw-p 001be000 08:01 2104468                    /lib/x86_64-linux-gnu/libc-2.19.so
7faafbc55000-7faafbc5a000 rw-p 00000000 00:00 0 
7faafbc5a000-7faafbc67000 r-xp 00000000 08:01 4997030                    /usr/lib/jvm/java-7-openjdk-amd64/jre/lib/amd64/jli/libjli.so
7faafbc67000-7faafbe66000 ---p 0000d000 08:01 4997030                    /usr/lib/jvm/java-7-openjdk-amd64/jre/lib/amd64/jli/libjli.so
7faafbe66000-7faafbe67000 r--p 0000c000 08:01 4997030                    /usr/lib/jvm/java-7-openjdk-amd64/jre/lib/amd64/jli/libjli.so
7faafbe67000-7faafbe68000 rw-p 0000d000 08:01 4997030                    /usr/lib/jvm/java-7-openjdk-amd64/jre/lib/amd64/jli/libjli.so
7faafbe68000-7faafbe8b000 r-xp 00000000 08:01 2104465                    /lib/x86_64-linux-gnu/ld-2.19.so
7faafbe8b000-7faafbe8c000 r--s 00002000 08:01 4457732                    /usr/lib/jvm/java-7-openjdk-amd64/jre/lib/ext/dnsns.jar
7faafbe8c000-7faafbe8e000 r--s 00012000 08:01 4458090                    /usr/lib/jvm/java-7-openjdk-amd64/jre/lib/ext/zipfs.jar
7faafbe8e000-7faafbe92000 r--s 00085000 08:01 4457243                    /usr/lib/jvm/java-7-openjdk-amd64/jre/lib/ext/localedata.jar
7faafbe92000-7faafbe9c000 rw-p 00000000 00:00 0 
7faafbe9c000-7faafbf52000 rw-p 00000000 00:00 0 
7faafbf52000-7faafbf55000 ---p 00000000 00:00 0 
7faafbf55000-7faafc058000 rw-p 00000000 00:00 0                          [stack:1099]
7faafc058000-7faafc05b000 r--s 0000f000 08:01 4458072                    /usr/lib/jvm/java-7-openjdk-amd64/jre/lib/ext/icedtea-sound.jar
7faafc05b000-7faafc05d000 r--s 00006000 08:01 4210395                    /usr/share/java/java-atk-wrapper.jar
7faafc05d000-7faafc07e000 rw-p 00000000 00:00 0 
7faafc07e000-7faafc086000 rw-s 00000000 08:01 4982152                    /tmp/hsperfdata_root/1094
7faafc086000-7faafc087000 rw-p 00000000 00:00 0 
7faafc087000-7faafc088000 r--p 00000000 00:00 0 
7faafc088000-7faafc08a000 rw-p 00000000 00:00 0 
7faafc08a000-7faafc08b000 r--p 00022000 08:01 2104465                    /lib/x86_64-linux-gnu/ld-2.19.so
7faafc08b000-7faafc08c000 rw-p 00023000 08:01 2104465                    /lib/x86_64-linux-gnu/ld-2.19.so
7faafc08c000-7faafc08d000 rw-p 00000000 00:00 0 
7ffd86c7e000-7ffd86c9f000 rw-p 00000000 00:00 0                          [stack]
7ffd86cdc000-7ffd86cde000 r-xp 00000000 00:00 0                          [vdso]
7ffd86cde000-7ffd86ce0000 r--p 00000000 00:00 0                          [vvar]
ffffffffff600000-ffffffffff601000 r-xp 00000000 00:00 0                  [vsyscall]

VM Arguments:
jvm_args: -Dfile.encoding=UTF-8 
java_command: jvcl.GPUFFT
Launcher Type: SUN_STANDARD

Environment Variables:
PATH=/usr/local/sbin:/usr/local/bin:/usr/sbin:/usr/bin:/sbin:/bin
USERNAME=root
SHELL=/bin/bash
DISPLAY=:0

Signal Handlers:
SIGSEGV: [libjvm.so+0x94bab0], sa_mask[0]=0x7ffbfeff, sa_flags=0x10000004
SIGBUS: [libjvm.so+0x94bab0], sa_mask[0]=0x7ffbfeff, sa_flags=0x10000004
SIGFPE: [libjvm.so+0x7c38b0], sa_mask[0]=0x7ffbfeff, sa_flags=0x10000004
SIGPIPE: [libjvm.so+0x7c38b0], sa_mask[0]=0x7ffbfeff, sa_flags=0x10000004
SIGXFSZ: [libjvm.so+0x7c38b0], sa_mask[0]=0x7ffbfeff, sa_flags=0x10000004
SIGILL: [libjvm.so+0x7c38b0], sa_mask[0]=0x7ffbfeff, sa_flags=0x10000004
SIGUSR1: SIG_DFL, sa_mask[0]=0x00000000, sa_flags=0x00000000
SIGUSR2: [libjvm.so+0x7c3750], sa_mask[0]=0x00000004, sa_flags=0x10000004
SIGHUP: [libjvm.so+0x7c3930], sa_mask[0]=0x7ffbfeff, sa_flags=0x10000004
SIGINT: [libjvm.so+0x7c3930], sa_mask[0]=0x7ffbfeff, sa_flags=0x10000004
SIGTERM: [libjvm.so+0x7c3930], sa_mask[0]=0x7ffbfeff, sa_flags=0x10000004
SIGQUIT: [libjvm.so+0x7c3930], sa_mask[0]=0x7ffbfeff, sa_flags=0x10000004
SIGTRAP: SIG_DFL, sa_mask[0]=0x00000000, sa_flags=0x00000000


---------------  S Y S T E M  ---------------

OS:Ubuntu 14.04 (trusty)
uname:Linux 3.16.0-49-generic #65~14.04.1-Ubuntu SMP Wed Sep 9 10:03:23 UTC 2015 x86_64
libc:glibc 2.19 NPTL 2.19 
rlimit: STACK 8192k, CORE 0k, NPROC 31478, NOFILE 4096, AS infinity
load average:0.57 0.75 0.61

/proc/meminfo:
MemTotal:        8079900 kB
MemFree:         2054564 kB
MemAvailable:    5658540 kB
Buffers:           55416 kB
Cached:          3407292 kB
SwapCached:        39764 kB
Active:          2214468 kB
Inactive:        3089224 kB
Active(anon):    1654340 kB
Inactive(anon):   280440 kB
Active(file):     560128 kB
Inactive(file):  2808784 kB
Unevictable:         336 kB
Mlocked:             336 kB
SwapTotal:       9999356 kB
SwapFree:        9748856 kB
Dirty:                68 kB
Writeback:             0 kB
AnonPages:       1804364 kB
Mapped:           425380 kB
Shmem:             93796 kB
Slab:             541624 kB
SReclaimable:     488468 kB
SUnreclaim:        53156 kB
KernelStack:       11008 kB
PageTables:        48068 kB
NFS_Unstable:          0 kB
Bounce:                0 kB
WritebackTmp:          0 kB
CommitLimit:    14039304 kB
Committed_AS:    6798788 kB
VmallocTotal:   34359738367 kB
VmallocUsed:      394280 kB
VmallocChunk:   34359307140 kB
HardwareCorrupted:     0 kB
AnonHugePages:    798720 kB
HugePages_Total:       0
HugePages_Free:        0
HugePages_Rsvd:        0
HugePages_Surp:        0
Hugepagesize:       2048 kB
DirectMap4k:      489120 kB
DirectMap2M:     7802880 kB


CPU:total 4 (2 cores per cpu, 2 threads per core) family 6 model 58 stepping 9, cmov, cx8, fxsr, mmx, sse, sse2, sse3, ssse3, sse4.1, sse4.2, popcnt, avx, aes, erms, ht, tsc, tscinvbit, tscinv

/proc/cpuinfo:
processor	: 0
vendor_id	: GenuineIntel
cpu family	: 6
model		: 58
model name	: Intel(R) Core(TM) i7-3520M CPU @ 2.90GHz
stepping	: 9
microcode	: 0x19
cpu MHz		: 3400.023
cache size	: 4096 KB
physical id	: 0
siblings	: 4
core id		: 0
cpu cores	: 2
apicid		: 0
initial apicid	: 0
fpu		: yes
fpu_exception	: yes
cpuid level	: 13
wp		: yes
flags		: fpu vme de pse tsc msr pae mce cx8 apic sep mtrr pge mca cmov pat pse36 clflush dts acpi mmx fxsr sse sse2 ss ht tm pbe syscall nx rdtscp lm constant_tsc arch_perfmon pebs bts rep_good nopl xtopology nonstop_tsc aperfmperf eagerfpu pni pclmulqdq dtes64 monitor ds_cpl vmx smx est tm2 ssse3 cx16 xtpr pdcm pcid sse4_1 sse4_2 x2apic popcnt tsc_deadline_timer aes xsave avx f16c rdrand lahf_lm ida arat epb xsaveopt pln pts dtherm tpr_shadow vnmi flexpriority ept vpid fsgsbase smep erms
bogomips	: 5781.20
clflush size	: 64
cache_alignment	: 64
address sizes	: 36 bits physical, 48 bits virtual
power management:

processor	: 1
vendor_id	: GenuineIntel
cpu family	: 6
model		: 58
model name	: Intel(R) Core(TM) i7-3520M CPU @ 2.90GHz
stepping	: 9
microcode	: 0x19
cpu MHz		: 3474.789
cache size	: 4096 KB
physical id	: 0
siblings	: 4
core id		: 1
cpu cores	: 2
apicid		: 2
initial apicid	: 2
fpu		: yes
fpu_exception	: yes
cpuid level	: 13
wp		: yes
flags		: fpu vme de pse tsc msr pae mce cx8 apic sep mtrr pge mca cmov pat pse36 clflush dts acpi mmx fxsr sse sse2 ss ht tm pbe syscall nx rdtscp lm constant_tsc arch_perfmon pebs bts rep_good nopl xtopology nonstop_tsc aperfmperf eagerfpu pni pclmulqdq dtes64 monitor ds_cpl vmx smx est tm2 ssse3 cx16 xtpr pdcm pcid sse4_1 sse4_2 x2apic popcnt tsc_deadline_timer aes xsave avx f16c rdrand lahf_lm ida arat epb xsaveopt pln pts dtherm tpr_shadow vnmi flexpriority ept vpid fsgsbase smep erms
bogomips	: 5781.20
clflush size	: 64
cache_alignment	: 64
address sizes	: 36 bits physical, 48 bits virtual
power management:

processor	: 2
vendor_id	: GenuineIntel
cpu family	: 6
model		: 58
model name	: Intel(R) Core(TM) i7-3520M CPU @ 2.90GHz
stepping	: 9
microcode	: 0x19
cpu MHz		: 3400.023
cache size	: 4096 KB
physical id	: 0
siblings	: 4
core id		: 0
cpu cores	: 2
apicid		: 1
initial apicid	: 1
fpu		: yes
fpu_exception	: yes
cpuid level	: 13
wp		: yes
flags		: fpu vme de pse tsc msr pae mce cx8 apic sep mtrr pge mca cmov pat pse36 clflush dts acpi mmx fxsr sse sse2 ss ht tm pbe syscall nx rdtscp lm constant_tsc arch_perfmon pebs bts rep_good nopl xtopology nonstop_tsc aperfmperf eagerfpu pni pclmulqdq dtes64 monitor ds_cpl vmx smx est tm2 ssse3 cx16 xtpr pdcm pcid sse4_1 sse4_2 x2apic popcnt tsc_deadline_timer aes xsave avx f16c rdrand lahf_lm ida arat epb xsaveopt pln pts dtherm tpr_shadow vnmi flexpriority ept vpid fsgsbase smep erms
bogomips	: 5781.20
clflush size	: 64
cache_alignment	: 64
address sizes	: 36 bits physical, 48 bits virtual
power management:

processor	: 3
vendor_id	: GenuineIntel
cpu family	: 6
model		: 58
model name	: Intel(R) Core(TM) i7-3520M CPU @ 2.90GHz
stepping	: 9
microcode	: 0x19
cpu MHz		: 3466.746
cache size	: 4096 KB
physical id	: 0
siblings	: 4
core id		: 1
cpu cores	: 2
apicid		: 3
initial apicid	: 3
fpu		: yes
fpu_exception	: yes
cpuid level	: 13
wp		: yes
flags		: fpu vme de pse tsc msr pae mce cx8 apic sep mtrr pge mca cmov pat pse36 clflush dts acpi mmx fxsr sse sse2 ss ht tm pbe syscall nx rdtscp lm constant_tsc arch_perfmon pebs bts rep_good nopl xtopology nonstop_tsc aperfmperf eagerfpu pni pclmulqdq dtes64 monitor ds_cpl vmx smx est tm2 ssse3 cx16 xtpr pdcm pcid sse4_1 sse4_2 x2apic popcnt tsc_deadline_timer aes xsave avx f16c rdrand lahf_lm ida arat epb xsaveopt pln pts dtherm tpr_shadow vnmi flexpriority ept vpid fsgsbase smep erms
bogomips	: 5781.20
clflush size	: 64
cache_alignment	: 64
address sizes	: 36 bits physical, 48 bits virtual
power management:



Memory: 4k page, physical 8079900k(2054564k free), swap 9999356k(9748856k free)

vm_info: OpenJDK 64-Bit Server VM (24.79-b02) for linux-amd64 JRE (1.7.0_79-b14), built on Jul 24 2015 08:15:54 by "buildd" with gcc 4.8.2

time: Sat Oct  3 21:03:20 2015
elapsed time: 0 seconds

