#
# A fatal error has been detected by the Java Runtime Environment:
#
#  SIGSEGV (0xb) at pc=0x00007f2a25886af8, pid=1052, tid=139819655554816
#
# JRE version: OpenJDK Runtime Environment (7.0_79-b14) (build 1.7.0_79-b14)
# Java VM: OpenJDK 64-Bit Server VM (24.79-b02 mixed mode linux-amd64 compressed oops)
# Derivative: IcedTea 2.5.6
# Distribution: Ubuntu 14.04 LTS, package 7u79-2.5.6-0ubuntu1.14.04.1
# Problematic frame:
# C  [libOpenCL.so.1+0x4af8]  clReleaseMemObject+0x8
#
# Failed to write core dump. Core dumps have been disabled. To enable core dumping, try "ulimit -c unlimited" before starting Java again
#
# If you would like to submit a bug report, please include
# instructions on how to reproduce the bug and visit:
#   http://icedtea.classpath.org/bugzilla
# The crash happened outside the Java Virtual Machine in native code.
# See problematic frame for where to report the bug.
#

---------------  T H R E A D  ---------------

Current thread (0x00007f2a4400a000):  JavaThread "main" [_thread_in_native, id=1060, stack(0x00007f2a4cd6e000,0x00007f2a4ce6f000)]

siginfo:si_signo=SIGSEGV: si_errno=0, si_code=128 (), si_addr=0x0000000000000000

Registers:
RAX=0x410508ff410d1b7f, RBX=0x000000077a6fd280, RCX=0x00007f2a25886af0, RDX=0x00007f2a444a7840
RSP=0x00007f2a4ce6d598, RBP=0x00007f2a4ce6d5d0, RSI=0x00007f2a4ce6d688, RDI=0x00007f2a444a7840
R8 =0x0000000040000000, R9 =0x00007f2a44251d90, R10=0x00007f2a41012d6c, R11=0x00007f2a4bacf2f0
R12=0x0000000000000000, R13=0x000000077a6fd280, R14=0x00007f2a4ce6d688, R15=0x00007f2a4400a000
RIP=0x00007f2a25886af8, EFLAGS=0x0000000000010202, CSGSFS=0x0000000000000033, ERR=0x0000000000000000
  TRAPNO=0x000000000000000d

Top of Stack: (sp=0x00007f2a4ce6d598)
0x00007f2a4ce6d598:   00007f2a247d69a3 00007f2a25886af0
0x00007f2a4ce6d5a8:   00007f2a444a7840 00007f2a4ce6d688
0x00007f2a4ce6d5b8:   00007f2a4400a1d8 0000000000000000
0x00007f2a4ce6d5c8:   00007f2a25886af0 00007f2a4ce6d648
0x00007f2a4ce6d5d8:   00007f2a41012d98 00000007d74e04f0
0x00007f2a4ce6d5e8:   00000007d75622f0 00007f2a4ce6d5f0
0x00007f2a4ce6d5f8:   000000077a9dccfa 00007f2a4ce6d650
0x00007f2a4ce6d608:   00007f2a4ce6d608 0000000000000000
0x00007f2a4ce6d618:   00007f2a4ce6d688 000000077a70ae00
0x00007f2a4ce6d628:   0000000000000000 000000077a6fd280
0x00007f2a4ce6d638:   0000000000000000 00007f2a4ce6d668
0x00007f2a4ce6d648:   00007f2a4ce6d6d0 00007f2a410061d4
0x00007f2a4ce6d658:   0000000000000000 00007f2a4100ecd6
0x00007f2a4ce6d668:   00007f2a25886af0 00007f2a4ce6d6b0
0x00007f2a4ce6d678:   00007f2a444a7840 00007f2a25886af0
0x00007f2a4ce6d688:   00000007d73dc360 00007f2a4ce6d690
0x00007f2a4ce6d698:   000000077a6fd1ae 00007f2a4ce6d700
0x00007f2a4ce6d6a8:   000000077a70ae00 0000000000000000
0x00007f2a4ce6d6b8:   000000077a6fd1c0 00007f2a4ce6d668
0x00007f2a4ce6d6c8:   00007f2a4ce6d6f0 00007f2a4ce6d748
0x00007f2a4ce6d6d8:   00007f2a41006882 00007f2a25886af0
0x00007f2a4ce6d6e8:   0000000000000000 00007f2a444a7840
0x00007f2a4ce6d6f8:   00007f2a41006058 00000007d73dc360
0x00007f2a4ce6d708:   00007f2a4ce6d708 000000077a6c92ac
0x00007f2a4ce6d718:   00007f2a4ce6d760 000000077a9d6a70
0x00007f2a4ce6d728:   0000000000000000 000000077a6c92e8
0x00007f2a4ce6d738:   00007f2a4ce6d6f0 00007f2a4ce6d760
0x00007f2a4ce6d748:   00007f2a4ce6d7a8 00007f2a41006058
0x00007f2a4ce6d758:   0000000000000000 00000007d754e808
0x00007f2a4ce6d768:   00007f2a4ce6d768 000000077a6cc60f
0x00007f2a4ce6d778:   00007f2a4ce6d7b8 000000077a9d7090
0x00007f2a4ce6d788:   0000000000000000 000000077a6cc620 

Instructions: (pc=0x00007f2a25886af8)
0x00007f2a25886ad8:   48 8b 80 88 00 00 00 ff e0 0f 1f 80 00 00 00 00
0x00007f2a25886ae8:   b8 da ff ff ff c3 66 90 48 85 ff 74 13 48 8b 07
0x00007f2a25886af8:   48 8b 80 90 00 00 00 ff e0 0f 1f 80 00 00 00 00
0x00007f2a25886b08:   b8 da ff ff ff c3 66 90 48 85 ff 74 13 48 8b 07 

Register to memory mapping:

RAX=0x410508ff410d1b7f is an unknown value
RBX=0x000000077a6fd280 is an oop
{method} 
 - klass: {other class}
RCX=0x00007f2a25886af0: clReleaseMemObject+0 in /usr/lib/x86_64-linux-gnu/libOpenCL.so.1 at 0x00007f2a25882000
RDX=0x00007f2a444a7840 is an unknown value
RSP=0x00007f2a4ce6d598 is pointing into the stack for thread: 0x00007f2a4400a000
RBP=0x00007f2a4ce6d5d0 is pointing into the stack for thread: 0x00007f2a4400a000
RSI=0x00007f2a4ce6d688 is pointing into the stack for thread: 0x00007f2a4400a000
RDI=0x00007f2a444a7840 is an unknown value
R8 =0x0000000040000000 is an unknown value
R9 =0x00007f2a44251d90 is an unknown value
R10=0x00007f2a41012d6c is at code_begin+620 in an Interpreter codelet
method entry point (kind = native)  [0x00007f2a41012b00, 0x00007f2a41013360]  2144 bytes
R11=0x00007f2a4bacf2f0: <offset 0x85d2f0> in /usr/lib/jvm/java-7-openjdk-amd64/jre/lib/amd64/server/libjvm.so at 0x00007f2a4b272000
R12=0x0000000000000000 is an unknown value
R13=0x000000077a6fd280 is an oop
{method} 
 - klass: {other class}
R14=0x00007f2a4ce6d688 is pointing into the stack for thread: 0x00007f2a4400a000
R15=0x00007f2a4400a000 is a thread


Stack: [0x00007f2a4cd6e000,0x00007f2a4ce6f000],  sp=0x00007f2a4ce6d598,  free space=1021k
Native frames: (J=compiled Java code, j=interpreted, Vv=VM code, C=native code)
C  [libOpenCL.so.1+0x4af8]  clReleaseMemObject+0x8
j  com.jogamp.opencl.llb.impl.CLAbstractImpl.dispatch_clReleaseMemObject1(JJ)I+0
j  com.jogamp.opencl.llb.impl.CLAbstractImpl.clReleaseMemObject(J)I+38
j  com.jogamp.opencl.CLMemory.release()V+12
j  com.jogamp.opencl.CLBuffer.release()V+39
j  com.jogamp.opencl.CLContext.release(Ljava/util/Collection;)V+23
j  com.jogamp.opencl.CLContext.release()V+17
j  jvcl.GPUFFT.fft_simple([F[F)V+572
j  jvcl.GPUFFT.main([Ljava/lang/String;)V+77
v  ~StubRoutines::call_stub
V  [libjvm.so+0x5e80c9]  JavaCalls::call_helper(JavaValue*, methodHandle*, JavaCallArguments*, Thread*)+0x339
V  [libjvm.so+0x5e7b68]  JavaCalls::call(JavaValue*, methodHandle, JavaCallArguments*, Thread*)+0x28
V  [libjvm.so+0x5f6c9b]  jni_invoke_static(JNIEnv_*, JavaValue*, _jobject*, JNICallType, _jmethodID*, JNI_ArgumentPusher*, Thread*) [clone .isra.124] [clone .constprop.156]+0x28b
V  [libjvm.so+0x607f08]  jni_CallStaticVoidMethod+0x118
C  [libjli.so+0x31f9]

Java frames: (J=compiled Java code, j=interpreted, Vv=VM code)
j  com.jogamp.opencl.llb.impl.CLAbstractImpl.dispatch_clReleaseMemObject1(JJ)I+0
j  com.jogamp.opencl.llb.impl.CLAbstractImpl.clReleaseMemObject(J)I+38
j  com.jogamp.opencl.CLMemory.release()V+12
j  com.jogamp.opencl.CLBuffer.release()V+39
j  com.jogamp.opencl.CLContext.release(Ljava/util/Collection;)V+23
j  com.jogamp.opencl.CLContext.release()V+17
j  jvcl.GPUFFT.fft_simple([F[F)V+572
j  jvcl.GPUFFT.main([Ljava/lang/String;)V+77
v  ~StubRoutines::call_stub

---------------  P R O C E S S  ---------------

Java Threads: ( => current thread )
  0x00007f2a441b0000 JavaThread "process reaper" daemon [_thread_blocked, id=1076, stack(0x00007f2a40066000,0x00007f2a4009f000)]
  0x00007f2a440ae800 JavaThread "Service Thread" daemon [_thread_blocked, id=1071, stack(0x00007f2a400af000,0x00007f2a401b0000)]
  0x00007f2a440ac000 JavaThread "C2 CompilerThread1" daemon [_thread_blocked, id=1070, stack(0x00007f2a401b0000,0x00007f2a402b1000)]
  0x00007f2a440a9800 JavaThread "C2 CompilerThread0" daemon [_thread_blocked, id=1069, stack(0x00007f2a402b1000,0x00007f2a403b2000)]
  0x00007f2a440a7000 JavaThread "Signal Dispatcher" daemon [_thread_blocked, id=1068, stack(0x00007f2a403b2000,0x00007f2a404b3000)]
  0x00007f2a4407c000 JavaThread "Finalizer" daemon [_thread_blocked, id=1067, stack(0x00007f2a404b3000,0x00007f2a405b4000)]
  0x00007f2a4407a000 JavaThread "Reference Handler" daemon [_thread_blocked, id=1066, stack(0x00007f2a405b4000,0x00007f2a406b5000)]
=>0x00007f2a4400a000 JavaThread "main" [_thread_in_native, id=1060, stack(0x00007f2a4cd6e000,0x00007f2a4ce6f000)]

Other Threads:
  0x00007f2a44075800 VMThread [stack: 0x00007f2a406b5000,0x00007f2a407b6000] [id=1065]
  0x00007f2a440b9800 WatcherThread [stack: 0x00007f2a2753d000,0x00007f2a2763e000] [id=1072]

VM state:not at safepoint (normal execution)

VM Mutex/Monitor currently owned by a thread: None

Heap
 PSYoungGen      total 37376K, used 7753K [0x00000007d6e00000, 0x00000007d9780000, 0x0000000800000000)
  eden space 32256K, 24% used [0x00000007d6e00000,0x00000007d7592618,0x00000007d8d80000)
  from space 5120K, 0% used [0x00000007d9280000,0x00000007d9280000,0x00000007d9780000)
  to   space 5120K, 0% used [0x00000007d8d80000,0x00000007d8d80000,0x00000007d9280000)
 ParOldGen       total 83968K, used 0K [0x0000000784a00000, 0x0000000789c00000, 0x00000007d6e00000)
  object space 83968K, 0% used [0x0000000784a00000,0x0000000784a00000,0x0000000789c00000)
 PSPermGen       total 21504K, used 6006K [0x000000077a400000, 0x000000077b900000, 0x0000000784a00000)
  object space 21504K, 27% used [0x000000077a400000,0x000000077a9dd9b8,0x000000077b900000)

Card table byte_map: [0x00007f2a49597000,0x00007f2a499c6000] byte_map_base: 0x00007f2a459c5000

Polling page: 0x00007f2a4cea3000

Code Cache  [0x00007f2a41000000, 0x00007f2a41270000, 0x00007f2a44000000)
 total_blobs=390 nmethods=16 adapters=328 free_code_cache=48632Kb largest_free_block=49797504

Compilation events (10 events):
Event: 0.210 Thread 0x00007f2a440a9800   12             java.io.UnixFileSystem::normalize (75 bytes)
Event: 0.213 Thread 0x00007f2a440a9800 nmethod 12 0x00007f2a41079f10 code [0x00007f2a4107a080, 0x00007f2a4107a2d8]
Event: 0.219 Thread 0x00007f2a440ac000   13             sun.net.www.ParseUtil::encodePath (336 bytes)
Event: 0.231 Thread 0x00007f2a440a9800   14             java.lang.String::startsWith (72 bytes)
Event: 0.235 Thread 0x00007f2a440a9800 nmethod 14 0x00007f2a41077050 code [0x00007f2a410771a0, 0x00007f2a41077358]
Event: 0.238 Thread 0x00007f2a440ac000 nmethod 13 0x00007f2a4107e510 code [0x00007f2a4107e760, 0x00007f2a4107f7d8]
Event: 0.240 Thread 0x00007f2a440a9800   15             java.lang.String::length (6 bytes)
Event: 0.241 Thread 0x00007f2a440a9800 nmethod 15 0x00007f2a4107cb50 code [0x00007f2a4107cc80, 0x00007f2a4107ccf8]
Event: 0.243 Thread 0x00007f2a440ac000   16             java.lang.Math::min (11 bytes)
Event: 0.243 Thread 0x00007f2a440ac000 nmethod 16 0x00007f2a41063910 code [0x00007f2a41063a40, 0x00007f2a41063a78]

GC Heap History (0 events):
No events

Deoptimization events (0 events):
No events

Internal exceptions (10 events):
Event: 0.270 Thread 0x00007f2a4400a000 Threw 0x00000007d74edc40 at /build/openjdk-7-FO0dNI/openjdk-7-7u79-2.5.6/build/openjdk/hotspot/src/share/vm/prims/jvm.cpp:1284
Event: 0.271 Thread 0x00007f2a4400a000 Threw 0x00000007d74f1bf0 at /build/openjdk-7-FO0dNI/openjdk-7-7u79-2.5.6/build/openjdk/hotspot/src/share/vm/prims/jvm.cpp:1284
Event: 0.272 Thread 0x00007f2a4400a000 Threw 0x00000007d751c258 at /build/openjdk-7-FO0dNI/openjdk-7-7u79-2.5.6/build/openjdk/hotspot/src/share/vm/prims/jvm.cpp:1284
Event: 0.272 Thread 0x00007f2a4400a000 Threw 0x00000007d7520288 at /build/openjdk-7-FO0dNI/openjdk-7-7u79-2.5.6/build/openjdk/hotspot/src/share/vm/prims/jvm.cpp:1284
Event: 0.273 Thread 0x00007f2a4400a000 Threw 0x00000007d7525f28 at /build/openjdk-7-FO0dNI/openjdk-7-7u79-2.5.6/build/openjdk/hotspot/src/share/vm/prims/jvm.cpp:1284
Event: 0.274 Thread 0x00007f2a4400a000 Threw 0x00000007d752dc78 at /build/openjdk-7-FO0dNI/openjdk-7-7u79-2.5.6/build/openjdk/hotspot/src/share/vm/prims/jvm.cpp:1284
Event: 0.277 Thread 0x00007f2a4400a000 Threw 0x00000007d753cca8 at /build/openjdk-7-FO0dNI/openjdk-7-7u79-2.5.6/build/openjdk/hotspot/src/share/vm/prims/jvm.cpp:1284
Event: 0.279 Thread 0x00007f2a4400a000 Threw 0x00000007d754a3c8 at /build/openjdk-7-FO0dNI/openjdk-7-7u79-2.5.6/build/openjdk/hotspot/src/share/vm/prims/jvm.cpp:1284
Event: 0.281 Thread 0x00007f2a4400a000 Threw 0x00000007d7552de0 at /build/openjdk-7-FO0dNI/openjdk-7-7u79-2.5.6/build/openjdk/hotspot/src/share/vm/prims/jvm.cpp:1284
Event: 0.282 Thread 0x00007f2a4400a000 Threw 0x00000007d755da58 at /build/openjdk-7-FO0dNI/openjdk-7-7u79-2.5.6/build/openjdk/hotspot/src/share/vm/prims/jvm.cpp:1284

Events (10 events):
Event: 0.279 loading class 0x00007f2a440fe040
Event: 0.279 loading class 0x00007f2a440fe040 done
Event: 0.279 loading class 0x00007f2a44011ae0
Event: 0.280 loading class 0x00007f2a44011ae0 done
Event: 0.281 loading class 0x00007f2a440fe280
Event: 0.281 loading class 0x00007f2a440fe280 done
Event: 0.282 loading class 0x00007f2a44493f90
Event: 0.282 loading class 0x00007f2a44493f90 done
Event: 0.283 loading class 0x00007f2a48a0e9b0
Event: 0.283 loading class 0x00007f2a48a0e9b0 done


Dynamic libraries:
00400000-00401000 r-xp 00000000 08:01 5389623                            /usr/lib/jvm/java-7-openjdk-amd64/jre/bin/java
00600000-00601000 r--p 00000000 08:01 5389623                            /usr/lib/jvm/java-7-openjdk-amd64/jre/bin/java
00601000-00602000 rw-p 00001000 08:01 5389623                            /usr/lib/jvm/java-7-openjdk-amd64/jre/bin/java
02147000-02168000 rw-p 00000000 00:00 0                                  [heap]
200000000-700000000 ---p 00000000 00:00 0 
77a400000-77b900000 rw-p 00000000 00:00 0 
77b900000-784a00000 rw-p 00000000 00:00 0 
784a00000-789c00000 rw-p 00000000 00:00 0 
789c00000-7d6e00000 rw-p 00000000 00:00 0 
7d6e00000-7d9780000 rw-p 00000000 00:00 0 
7d9780000-800000000 rw-p 00000000 00:00 0 
7f29f9641000-7f29f987b000 rw-p 00000000 00:00 0 
7f29f987b000-7f29fafbe000 r-xp 00000000 08:01 3811727                    /usr/lib/nvidia-346-updates/libnvidia-compiler.so.346.82
7f29fafbe000-7f29fb1be000 ---p 01743000 08:01 3811727                    /usr/lib/nvidia-346-updates/libnvidia-compiler.so.346.82
7f29fb1be000-7f29fba46000 rw-p 01743000 08:01 3811727                    /usr/lib/nvidia-346-updates/libnvidia-compiler.so.346.82
7f29fba46000-7f29fba70000 rw-p 00000000 00:00 0 
7f29fba70000-7f29fba71000 ---p 00000000 00:00 0 
7f29fba71000-7f29fc271000 rw-p 00000000 00:00 0                          [stack:1089]
7f29fc271000-7f29fc272000 ---p 00000000 00:00 0 
7f29fc272000-7f29fca72000 rw-p 00000000 00:00 0                          [stack:1088]
7f29fca72000-7f29fca73000 ---p 00000000 00:00 0 
7f29fca73000-7f29fd273000 rw-p 00000000 00:00 0                          [stack:1087]
7f29fd273000-7f29fd274000 ---p 00000000 00:00 0 
7f29fd274000-7f29fda74000 rw-p 00000000 00:00 0                          [stack:1086]
7f29fda74000-7f29fda75000 ---p 00000000 00:00 0 
7f29fda75000-7f29fe275000 rw-p 00000000 00:00 0                          [stack:1085]
7f29fe275000-7f29fe375000 rw-s 21f82e000 00:05 15606                     /dev/nvidiactl
7f29fe375000-7f29fe475000 rw-s 149deb000 00:05 15606                     /dev/nvidiactl
7f29fe475000-7f29fe575000 rw-s 17e418000 00:05 15606                     /dev/nvidiactl
7f29fe575000-7f29fe975000 rw-s c9969000 00:05 15606                      /dev/nvidiactl
7f29fe975000-7f29fe976000 ---p 00000000 00:00 0 
7f29fe976000-7f29ff176000 rw-p 00000000 00:00 0                          [stack:1084]
7f29ff176000-7f29ffc39000 r-xp 00000000 08:01 3672125                    /usr/lib/x86_64-linux-gnu/libcuda.so.346.82
7f29ffc39000-7f29ffe39000 ---p 00ac3000 08:01 3672125                    /usr/lib/x86_64-linux-gnu/libcuda.so.346.82
7f29ffe39000-7f29fffeb000 rw-p 00ac3000 08:01 3672125                    /usr/lib/x86_64-linux-gnu/libcuda.so.346.82
7f29fffeb000-7f2a00000000 rw-p 00000000 00:00 0 
7f2a00000000-7f2a00021000 rw-p 00000000 00:00 0 
7f2a00021000-7f2a04000000 ---p 00000000 00:00 0 
7f2a04000000-7f2a04021000 rw-p 00000000 00:00 0 
7f2a04021000-7f2a08000000 ---p 00000000 00:00 0 
7f2a08000000-7f2a08021000 rw-p 00000000 00:00 0 
7f2a08021000-7f2a0c000000 ---p 00000000 00:00 0 
7f2a0c000000-7f2a0c021000 rw-p 00000000 00:00 0 
7f2a0c021000-7f2a10000000 ---p 00000000 00:00 0 
7f2a10000000-7f2a100d1000 rw-p 00000000 00:00 0 
7f2a100d1000-7f2a14000000 ---p 00000000 00:00 0 
7f2a14000000-7f2a14168000 rw-p 00000000 00:00 0 
7f2a14168000-7f2a18000000 ---p 00000000 00:00 0 
7f2a18000000-7f2a18021000 rw-p 00000000 00:00 0 
7f2a18021000-7f2a1c000000 ---p 00000000 00:00 0 
7f2a1c000000-7f2a1c021000 rw-p 00000000 00:00 0 
7f2a1c021000-7f2a20000000 ---p 00000000 00:00 0 
7f2a20000000-7f2a20021000 rw-p 00000000 00:00 0 
7f2a20021000-7f2a24000000 ---p 00000000 00:00 0 
7f2a24085000-7f2a240d1000 rw-s 20b064000 00:05 15606                     /dev/nvidiactl
7f2a240d1000-7f2a241d1000 rw-s 27efe000 00:05 15606                      /dev/nvidiactl
7f2a241d1000-7f2a242d1000 rw-s b37bc000 00:05 15606                      /dev/nvidiactl
7f2a242d1000-7f2a246d1000 rw-s 220eb6000 00:05 15606                     /dev/nvidiactl
7f2a246d1000-7f2a247d1000 rw-s 1e5c8a000 00:05 15606                     /dev/nvidiactl
7f2a247d1000-7f2a247dc000 r-xp 00000000 08:01 4982259                    /tmp/jogamp_0000/file_cache/jln541352832944123436/jln6292494770485041931/natives/linux-amd64/libjocl.so
7f2a247dc000-7f2a249db000 ---p 0000b000 08:01 4982259                    /tmp/jogamp_0000/file_cache/jln541352832944123436/jln6292494770485041931/natives/linux-amd64/libjocl.so
7f2a249db000-7f2a249dc000 r--p 0000a000 08:01 4982259                    /tmp/jogamp_0000/file_cache/jln541352832944123436/jln6292494770485041931/natives/linux-amd64/libjocl.so
7f2a249dc000-7f2a249dd000 rw-p 0000b000 08:01 4982259                    /tmp/jogamp_0000/file_cache/jln541352832944123436/jln6292494770485041931/natives/linux-amd64/libjocl.so
7f2a249dd000-7f2a254b8000 r-xp 00000000 08:01 3674886                    /usr/lib/x86_64-linux-gnu/libnvidia-opencl.so.346.82
7f2a254b8000-7f2a256b7000 ---p 00adb000 08:01 3674886                    /usr/lib/x86_64-linux-gnu/libnvidia-opencl.so.346.82
7f2a256b7000-7f2a2586d000 rw-p 00ada000 08:01 3674886                    /usr/lib/x86_64-linux-gnu/libnvidia-opencl.so.346.82
7f2a2586d000-7f2a25882000 rw-p 00000000 00:00 0 
7f2a25882000-7f2a2588a000 r-xp 00000000 08:01 3670455                    /usr/lib/x86_64-linux-gnu/libOpenCL.so.1.0.0
7f2a2588a000-7f2a25a89000 ---p 00008000 08:01 3670455                    /usr/lib/x86_64-linux-gnu/libOpenCL.so.1.0.0
7f2a25a89000-7f2a25a8a000 r--p 00007000 08:01 3670455                    /usr/lib/x86_64-linux-gnu/libOpenCL.so.1.0.0
7f2a25a8a000-7f2a25a8b000 rw-p 00008000 08:01 3670455                    /usr/lib/x86_64-linux-gnu/libOpenCL.so.1.0.0
7f2a25a9b000-7f2a25abb000 rw-s e0140000 00:05 15608                      /dev/nvidia0
7f2a25abb000-7f2a25abd000 r-xp 00000000 08:01 4982258                    /tmp/jogamp_0000/file_cache/jln541352832944123436/jln6292494770485041931/natives/linux-amd64/libgluegen-rt.so
7f2a25abd000-7f2a25cbc000 ---p 00002000 08:01 4982258                    /tmp/jogamp_0000/file_cache/jln541352832944123436/jln6292494770485041931/natives/linux-amd64/libgluegen-rt.so
7f2a25cbc000-7f2a25cbd000 r--p 00001000 08:01 4982258                    /tmp/jogamp_0000/file_cache/jln541352832944123436/jln6292494770485041931/natives/linux-amd64/libgluegen-rt.so
7f2a25cbd000-7f2a25cbe000 rw-p 00002000 08:01 4982258                    /tmp/jogamp_0000/file_cache/jln541352832944123436/jln6292494770485041931/natives/linux-amd64/libgluegen-rt.so
7f2a25cbe000-7f2a25cc1000 ---p 00000000 00:00 0 
7f2a25cc1000-7f2a25dbf000 rw-p 00000000 00:00 0 
7f2a25dbf000-7f2a25dcf000 r-xp 00000000 08:01 4853686                    /usr/lib/jvm/java-7-openjdk-amd64/jre/lib/amd64/libnio.so
7f2a25dcf000-7f2a25fcf000 ---p 00010000 08:01 4853686                    /usr/lib/jvm/java-7-openjdk-amd64/jre/lib/amd64/libnio.so
7f2a25fcf000-7f2a25fd0000 r--p 00010000 08:01 4853686                    /usr/lib/jvm/java-7-openjdk-amd64/jre/lib/amd64/libnio.so
7f2a25fd0000-7f2a25fd1000 rw-p 00011000 08:01 4853686                    /usr/lib/jvm/java-7-openjdk-amd64/jre/lib/amd64/libnio.so
7f2a25fd1000-7f2a2600e000 r-xp 00000000 08:01 2114819                    /lib/x86_64-linux-gnu/libpcre.so.3.13.1
7f2a2600e000-7f2a2620d000 ---p 0003d000 08:01 2114819                    /lib/x86_64-linux-gnu/libpcre.so.3.13.1
7f2a2620d000-7f2a2620e000 r--p 0003c000 08:01 2114819                    /lib/x86_64-linux-gnu/libpcre.so.3.13.1
7f2a2620e000-7f2a2620f000 rw-p 0003d000 08:01 2114819                    /lib/x86_64-linux-gnu/libpcre.so.3.13.1
7f2a2620f000-7f2a26216000 r-xp 00000000 08:01 3675991                    /usr/lib/x86_64-linux-gnu/libffi.so.6.0.1
7f2a26216000-7f2a26415000 ---p 00007000 08:01 3675991                    /usr/lib/x86_64-linux-gnu/libffi.so.6.0.1
7f2a26415000-7f2a26416000 r--p 00006000 08:01 3675991                    /usr/lib/x86_64-linux-gnu/libffi.so.6.0.1
7f2a26416000-7f2a26417000 rw-p 00007000 08:01 3675991                    /usr/lib/x86_64-linux-gnu/libffi.so.6.0.1
7f2a26417000-7f2a2642e000 r-xp 00000000 08:01 2104446                    /lib/x86_64-linux-gnu/libresolv-2.19.so
7f2a2642e000-7f2a2662e000 ---p 00017000 08:01 2104446                    /lib/x86_64-linux-gnu/libresolv-2.19.so
7f2a2662e000-7f2a2662f000 r--p 00017000 08:01 2104446                    /lib/x86_64-linux-gnu/libresolv-2.19.so
7f2a2662f000-7f2a26630000 rw-p 00018000 08:01 2104446                    /lib/x86_64-linux-gnu/libresolv-2.19.so
7f2a26630000-7f2a26632000 rw-p 00000000 00:00 0 
7f2a26632000-7f2a26652000 r-xp 00000000 08:01 2103373                    /lib/x86_64-linux-gnu/libselinux.so.1
7f2a26652000-7f2a26851000 ---p 00020000 08:01 2103373                    /lib/x86_64-linux-gnu/libselinux.so.1
7f2a26851000-7f2a26852000 r--p 0001f000 08:01 2103373                    /lib/x86_64-linux-gnu/libselinux.so.1
7f2a26852000-7f2a26853000 rw-p 00020000 08:01 2103373                    /lib/x86_64-linux-gnu/libselinux.so.1
7f2a26853000-7f2a26855000 rw-p 00000000 00:00 0 
7f2a26855000-7f2a26858000 r-xp 00000000 08:01 3676104                    /usr/lib/x86_64-linux-gnu/libgmodule-2.0.so.0.4002.0
7f2a26858000-7f2a26a57000 ---p 00003000 08:01 3676104                    /usr/lib/x86_64-linux-gnu/libgmodule-2.0.so.0.4002.0
7f2a26a57000-7f2a26a58000 r--p 00002000 08:01 3676104                    /usr/lib/x86_64-linux-gnu/libgmodule-2.0.so.0.4002.0
7f2a26a58000-7f2a26a59000 rw-p 00003000 08:01 3676104                    /usr/lib/x86_64-linux-gnu/libgmodule-2.0.so.0.4002.0
7f2a26a59000-7f2a26b5f000 r-xp 00000000 08:01 2103274                    /lib/x86_64-linux-gnu/libglib-2.0.so.0.4002.0
7f2a26b5f000-7f2a26d5e000 ---p 00106000 08:01 2103274                    /lib/x86_64-linux-gnu/libglib-2.0.so.0.4002.0
7f2a26d5e000-7f2a26d5f000 r--p 00105000 08:01 2103274                    /lib/x86_64-linux-gnu/libglib-2.0.so.0.4002.0
7f2a26d5f000-7f2a26d60000 rw-p 00106000 08:01 2103274                    /lib/x86_64-linux-gnu/libglib-2.0.so.0.4002.0
7f2a26d60000-7f2a26d61000 rw-p 00000000 00:00 0 
7f2a26d61000-7f2a26db0000 r-xp 00000000 08:01 3676120                    /usr/lib/x86_64-linux-gnu/libgobject-2.0.so.0.4002.0
7f2a26db0000-7f2a26fb0000 ---p 0004f000 08:01 3676120                    /usr/lib/x86_64-linux-gnu/libgobject-2.0.so.0.4002.0
7f2a26fb0000-7f2a26fb1000 r--p 0004f000 08:01 3676120                    /usr/lib/x86_64-linux-gnu/libgobject-2.0.so.0.4002.0
7f2a26fb1000-7f2a26fb2000 rw-p 00050000 08:01 3676120                    /usr/lib/x86_64-linux-gnu/libgobject-2.0.so.0.4002.0
7f2a26fb2000-7f2a2711e000 r-xp 00000000 08:01 3676092                    /usr/lib/x86_64-linux-gnu/libgio-2.0.so.0.4002.0
7f2a2711e000-7f2a2731d000 ---p 0016c000 08:01 3676092                    /usr/lib/x86_64-linux-gnu/libgio-2.0.so.0.4002.0
7f2a2731d000-7f2a27321000 r--p 0016b000 08:01 3676092                    /usr/lib/x86_64-linux-gnu/libgio-2.0.so.0.4002.0
7f2a27321000-7f2a27323000 rw-p 0016f000 08:01 3676092                    /usr/lib/x86_64-linux-gnu/libgio-2.0.so.0.4002.0
7f2a27323000-7f2a27325000 rw-p 00000000 00:00 0 
7f2a27325000-7f2a2733c000 r-xp 00000000 08:01 4853681                    /usr/lib/jvm/java-7-openjdk-amd64/jre/lib/amd64/libnet.so
7f2a2733c000-7f2a2753b000 ---p 00017000 08:01 4853681                    /usr/lib/jvm/java-7-openjdk-amd64/jre/lib/amd64/libnet.so
7f2a2753b000-7f2a2753c000 r--p 00016000 08:01 4853681                    /usr/lib/jvm/java-7-openjdk-amd64/jre/lib/amd64/libnet.so
7f2a2753c000-7f2a2753d000 rw-p 00017000 08:01 4853681                    /usr/lib/jvm/java-7-openjdk-amd64/jre/lib/amd64/libnet.so
7f2a2753d000-7f2a2753e000 ---p 00000000 00:00 0 
7f2a2753e000-7f2a2763e000 rw-p 00000000 00:00 0                          [stack:1072]
7f2a2763e000-7f2a27d20000 r--p 00000000 08:01 3674563                    /usr/lib/locale/locale-archive
7f2a27d20000-7f2a2c000000 rw-p 00000000 00:00 0 
7f2a2c000000-7f2a2c021000 rw-p 00000000 00:00 0 
7f2a2c021000-7f2a30000000 ---p 00000000 00:00 0 
7f2a30000000-7f2a30021000 rw-p 00000000 00:00 0 
7f2a30021000-7f2a34000000 ---p 00000000 00:00 0 
7f2a34000000-7f2a34021000 rw-p 00000000 00:00 0 
7f2a34021000-7f2a38000000 ---p 00000000 00:00 0 
7f2a38000000-7f2a38021000 rw-p 00000000 00:00 0 
7f2a38021000-7f2a3c000000 ---p 00000000 00:00 0 
7f2a3c000000-7f2a3c021000 rw-p 00000000 00:00 0 
7f2a3c021000-7f2a40000000 ---p 00000000 00:00 0 
7f2a40005000-7f2a40036000 rw-p 00000000 00:00 0 
7f2a40037000-7f2a40039000 rw-p 00000000 00:00 0 
7f2a40039000-7f2a40040000 r--s 00000000 08:01 4203242                    /usr/lib/x86_64-linux-gnu/gconv/gconv-modules.cache
7f2a40040000-7f2a40041000 r--p 00000000 08:01 4461979                    /usr/share/locale-langpack/en_GB/LC_MESSAGES/libc.mo
7f2a40041000-7f2a40042000 rw-s eff64000 00:05 15608                      /dev/nvidia0
7f2a40042000-7f2a40043000 rw-s b9a4a000 00:05 15606                      /dev/nvidiactl
7f2a40043000-7f2a40044000 rw-s eff63000 00:05 15608                      /dev/nvidia0
7f2a40044000-7f2a40045000 rw-s 1e80f000 00:05 15606                      /dev/nvidiactl
7f2a40045000-7f2a40065000 rw-s e0120000 00:05 15608                      /dev/nvidia0
7f2a40065000-7f2a40066000 r--s 00002000 08:06 68771                      /home/ericbarnhill/Documents/code/jogamp/jocl/build/jar/jocl-natives-linux-amd64.jar
7f2a40066000-7f2a40069000 ---p 00000000 00:00 0 
7f2a40069000-7f2a4009f000 rw-p 00000000 00:00 0                          [stack:1076]
7f2a4009f000-7f2a400a4000 r--s 0004d000 08:01 4080643                    /usr/lib/jvm/java-7-openjdk-amd64/jre/lib/jsse.jar
7f2a400a4000-7f2a400af000 r--s 0006f000 08:06 23467237                   /home/ericbarnhill/Documents/code/jtransforms-2.4.jar
7f2a400af000-7f2a400b2000 ---p 00000000 00:00 0 
7f2a400b2000-7f2a401b0000 rw-p 00000000 00:00 0                          [stack:1071]
7f2a401b0000-7f2a401b3000 ---p 00000000 00:00 0 
7f2a401b3000-7f2a402b1000 rw-p 00000000 00:00 0                          [stack:1070]
7f2a402b1000-7f2a402b4000 ---p 00000000 00:00 0 
7f2a402b4000-7f2a403b2000 rw-p 00000000 00:00 0                          [stack:1069]
7f2a403b2000-7f2a403b5000 ---p 00000000 00:00 0 
7f2a403b5000-7f2a404b3000 rw-p 00000000 00:00 0                          [stack:1068]
7f2a404b3000-7f2a404b6000 ---p 00000000 00:00 0 
7f2a404b6000-7f2a405b4000 rw-p 00000000 00:00 0                          [stack:1067]
7f2a405b4000-7f2a405b7000 ---p 00000000 00:00 0 
7f2a405b7000-7f2a406b5000 rw-p 00000000 00:00 0                          [stack:1066]
7f2a406b5000-7f2a406b6000 ---p 00000000 00:00 0 
7f2a406b6000-7f2a41000000 rw-p 00000000 00:00 0                          [stack:1065]
7f2a41000000-7f2a41270000 rwxp 00000000 00:00 0 
7f2a41270000-7f2a444c0000 rw-p 00000000 00:00 0 
7f2a444c0000-7f2a48000000 ---p 00000000 00:00 0 
7f2a48000000-7f2a48002000 r--s 00000000 08:06 63540                      /home/ericbarnhill/Documents/code/jogamp/gluegen/build/gluegen-rt-natives-linux-amd64.jar
7f2a48002000-7f2a48003000 r--p 00000000 00:00 0 
7f2a48003000-7f2a48009000 r--s 0004f000 08:06 63508                      /home/ericbarnhill/Documents/code/jogamp/gluegen/build/gluegen-rt.jar
7f2a48009000-7f2a4800f000 r--s 00030000 08:06 68770                      /home/ericbarnhill/Documents/code/jogamp/jocl/build/jar/jocl.jar
7f2a4800f000-7f2a48012000 r--s 000bd000 08:06 70280                      /home/ericbarnhill/Documents/code/jogamp/jocl-demos/build/jar/jocl-demos.jar
7f2a48012000-7f2a48016000 r--s 00034000 08:01 4458065                    /usr/lib/jvm/java-7-openjdk-amd64/jre/lib/ext/sunjce_provider.jar
7f2a48016000-7f2a4801a000 r--s 0003c000 08:01 4458066                    /usr/lib/jvm/java-7-openjdk-amd64/jre/lib/ext/sunpkcs11.jar
7f2a4801a000-7f2a487ac000 rw-p 00000000 00:00 0 
7f2a487ac000-7f2a4895d000 r--s 01d29000 08:01 4080636                    /usr/lib/jvm/java-7-openjdk-amd64/jre/lib/rt.jar
7f2a4895d000-7f2a48eae000 rw-p 00000000 00:00 0 
7f2a48eae000-7f2a48eaf000 ---p 00000000 00:00 0 
7f2a48eaf000-7f2a48faf000 rw-p 00000000 00:00 0                          [stack:1064]
7f2a48faf000-7f2a48fb0000 ---p 00000000 00:00 0 
7f2a48fb0000-7f2a490b0000 rw-p 00000000 00:00 0                          [stack:1063]
7f2a490b0000-7f2a490b1000 ---p 00000000 00:00 0 
7f2a490b1000-7f2a491b1000 rw-p 00000000 00:00 0                          [stack:1062]
7f2a491b1000-7f2a491b2000 ---p 00000000 00:00 0 
7f2a491b2000-7f2a492bd000 rw-p 00000000 00:00 0                          [stack:1061]
7f2a492bd000-7f2a49305000 rw-p 00000000 00:00 0 
7f2a49305000-7f2a4932e000 rw-p 00000000 00:00 0 
7f2a4932e000-7f2a49597000 rw-p 00000000 00:00 0 
7f2a49597000-7f2a495a2000 rw-p 00000000 00:00 0 
7f2a495a2000-7f2a495ea000 rw-p 00000000 00:00 0 
7f2a495ea000-7f2a49613000 rw-p 00000000 00:00 0 
7f2a49613000-7f2a4987c000 rw-p 00000000 00:00 0 
7f2a4987c000-7f2a49891000 rw-p 00000000 00:00 0 
7f2a49891000-7f2a499c5000 rw-p 00000000 00:00 0 
7f2a499c5000-7f2a499c6000 rw-p 00000000 00:00 0 
7f2a499c6000-7f2a499ce000 r-xp 00000000 08:01 4851601                    /usr/lib/jvm/java-7-openjdk-amd64/jre/lib/amd64/libzip.so
7f2a499ce000-7f2a49bcd000 ---p 00008000 08:01 4851601                    /usr/lib/jvm/java-7-openjdk-amd64/jre/lib/amd64/libzip.so
7f2a49bcd000-7f2a49bce000 r--p 00007000 08:01 4851601                    /usr/lib/jvm/java-7-openjdk-amd64/jre/lib/amd64/libzip.so
7f2a49bce000-7f2a49bcf000 rw-p 00008000 08:01 4851601                    /usr/lib/jvm/java-7-openjdk-amd64/jre/lib/amd64/libzip.so
7f2a49bcf000-7f2a49bda000 r-xp 00000000 08:01 2104454                    /lib/x86_64-linux-gnu/libnss_files-2.19.so
7f2a49bda000-7f2a49dd9000 ---p 0000b000 08:01 2104454                    /lib/x86_64-linux-gnu/libnss_files-2.19.so
7f2a49dd9000-7f2a49dda000 r--p 0000a000 08:01 2104454                    /lib/x86_64-linux-gnu/libnss_files-2.19.so
7f2a49dda000-7f2a49ddb000 rw-p 0000b000 08:01 2104454                    /lib/x86_64-linux-gnu/libnss_files-2.19.so
7f2a49ddb000-7f2a49de6000 r-xp 00000000 08:01 2104474                    /lib/x86_64-linux-gnu/libnss_nis-2.19.so
7f2a49de6000-7f2a49fe5000 ---p 0000b000 08:01 2104474                    /lib/x86_64-linux-gnu/libnss_nis-2.19.so
7f2a49fe5000-7f2a49fe6000 r--p 0000a000 08:01 2104474                    /lib/x86_64-linux-gnu/libnss_nis-2.19.so
7f2a49fe6000-7f2a49fe7000 rw-p 0000b000 08:01 2104474                    /lib/x86_64-linux-gnu/libnss_nis-2.19.so
7f2a49fe7000-7f2a49ffe000 r-xp 00000000 08:01 2104463                    /lib/x86_64-linux-gnu/libnsl-2.19.so
7f2a49ffe000-7f2a4a1fd000 ---p 00017000 08:01 2104463                    /lib/x86_64-linux-gnu/libnsl-2.19.so
7f2a4a1fd000-7f2a4a1fe000 r--p 00016000 08:01 2104463                    /lib/x86_64-linux-gnu/libnsl-2.19.so
7f2a4a1fe000-7f2a4a1ff000 rw-p 00017000 08:01 2104463                    /lib/x86_64-linux-gnu/libnsl-2.19.so
7f2a4a1ff000-7f2a4a201000 rw-p 00000000 00:00 0 
7f2a4a201000-7f2a4a20a000 r-xp 00000000 08:01 2104462                    /lib/x86_64-linux-gnu/libnss_compat-2.19.so
7f2a4a20a000-7f2a4a409000 ---p 00009000 08:01 2104462                    /lib/x86_64-linux-gnu/libnss_compat-2.19.so
7f2a4a409000-7f2a4a40a000 r--p 00008000 08:01 2104462                    /lib/x86_64-linux-gnu/libnss_compat-2.19.so
7f2a4a40a000-7f2a4a40b000 rw-p 00009000 08:01 2104462                    /lib/x86_64-linux-gnu/libnss_compat-2.19.so
7f2a4a40b000-7f2a4a436000 r-xp 00000000 08:01 4853689                    /usr/lib/jvm/java-7-openjdk-amd64/jre/lib/amd64/libjava.so
7f2a4a436000-7f2a4a635000 ---p 0002b000 08:01 4853689                    /usr/lib/jvm/java-7-openjdk-amd64/jre/lib/amd64/libjava.so
7f2a4a635000-7f2a4a636000 r--p 0002a000 08:01 4853689                    /usr/lib/jvm/java-7-openjdk-amd64/jre/lib/amd64/libjava.so
7f2a4a636000-7f2a4a638000 rw-p 0002b000 08:01 4853689                    /usr/lib/jvm/java-7-openjdk-amd64/jre/lib/amd64/libjava.so
7f2a4a638000-7f2a4a648000 r-xp 00000000 08:01 4853672                    /usr/lib/jvm/java-7-openjdk-amd64/jre/lib/amd64/libverify.so
7f2a4a648000-7f2a4a847000 ---p 00010000 08:01 4853672                    /usr/lib/jvm/java-7-openjdk-amd64/jre/lib/amd64/libverify.so
7f2a4a847000-7f2a4a849000 r--p 0000f000 08:01 4853672                    /usr/lib/jvm/java-7-openjdk-amd64/jre/lib/amd64/libverify.so
7f2a4a849000-7f2a4a84a000 rw-p 00011000 08:01 4853672                    /usr/lib/jvm/java-7-openjdk-amd64/jre/lib/amd64/libverify.so
7f2a4a84a000-7f2a4a851000 r-xp 00000000 08:01 2104471                    /lib/x86_64-linux-gnu/librt-2.19.so
7f2a4a851000-7f2a4aa50000 ---p 00007000 08:01 2104471                    /lib/x86_64-linux-gnu/librt-2.19.so
7f2a4aa50000-7f2a4aa51000 r--p 00006000 08:01 2104471                    /lib/x86_64-linux-gnu/librt-2.19.so
7f2a4aa51000-7f2a4aa52000 rw-p 00007000 08:01 2104471                    /lib/x86_64-linux-gnu/librt-2.19.so
7f2a4aa52000-7f2a4aa68000 r-xp 00000000 08:01 2103270                    /lib/x86_64-linux-gnu/libgcc_s.so.1
7f2a4aa68000-7f2a4ac67000 ---p 00016000 08:01 2103270                    /lib/x86_64-linux-gnu/libgcc_s.so.1
7f2a4ac67000-7f2a4ac68000 rw-p 00015000 08:01 2103270                    /lib/x86_64-linux-gnu/libgcc_s.so.1
7f2a4ac68000-7f2a4ad6d000 r-xp 00000000 08:01 2104453                    /lib/x86_64-linux-gnu/libm-2.19.so
7f2a4ad6d000-7f2a4af6c000 ---p 00105000 08:01 2104453                    /lib/x86_64-linux-gnu/libm-2.19.so
7f2a4af6c000-7f2a4af6d000 r--p 00104000 08:01 2104453                    /lib/x86_64-linux-gnu/libm-2.19.so
7f2a4af6d000-7f2a4af6e000 rw-p 00105000 08:01 2104453                    /lib/x86_64-linux-gnu/libm-2.19.so
7f2a4af6e000-7f2a4b054000 r-xp 00000000 08:01 3670377                    /usr/lib/x86_64-linux-gnu/libstdc++.so.6.0.19
7f2a4b054000-7f2a4b253000 ---p 000e6000 08:01 3670377                    /usr/lib/x86_64-linux-gnu/libstdc++.so.6.0.19
7f2a4b253000-7f2a4b25b000 r--p 000e5000 08:01 3670377                    /usr/lib/x86_64-linux-gnu/libstdc++.so.6.0.19
7f2a4b25b000-7f2a4b25d000 rw-p 000ed000 08:01 3670377                    /usr/lib/x86_64-linux-gnu/libstdc++.so.6.0.19
7f2a4b25d000-7f2a4b272000 rw-p 00000000 00:00 0 
7f2a4b272000-7f2a4bd8b000 r-xp 00000000 08:01 5274730                    /usr/lib/jvm/java-7-openjdk-amd64/jre/lib/amd64/server/libjvm.so
7f2a4bd8b000-7f2a4bf8b000 ---p 00b19000 08:01 5274730                    /usr/lib/jvm/java-7-openjdk-amd64/jre/lib/amd64/server/libjvm.so
7f2a4bf8b000-7f2a4c025000 r--p 00b19000 08:01 5274730                    /usr/lib/jvm/java-7-openjdk-amd64/jre/lib/amd64/server/libjvm.so
7f2a4c025000-7f2a4c048000 rw-p 00bb3000 08:01 5274730                    /usr/lib/jvm/java-7-openjdk-amd64/jre/lib/amd64/server/libjvm.so
7f2a4c048000-7f2a4c076000 rw-p 00000000 00:00 0 
7f2a4c076000-7f2a4c08e000 r-xp 00000000 08:01 2103406                    /lib/x86_64-linux-gnu/libz.so.1.2.8
7f2a4c08e000-7f2a4c28d000 ---p 00018000 08:01 2103406                    /lib/x86_64-linux-gnu/libz.so.1.2.8
7f2a4c28d000-7f2a4c28e000 r--p 00017000 08:01 2103406                    /lib/x86_64-linux-gnu/libz.so.1.2.8
7f2a4c28e000-7f2a4c28f000 rw-p 00018000 08:01 2103406                    /lib/x86_64-linux-gnu/libz.so.1.2.8
7f2a4c28f000-7f2a4c2a8000 r-xp 00000000 08:01 2104469                    /lib/x86_64-linux-gnu/libpthread-2.19.so
7f2a4c2a8000-7f2a4c4a7000 ---p 00019000 08:01 2104469                    /lib/x86_64-linux-gnu/libpthread-2.19.so
7f2a4c4a7000-7f2a4c4a8000 r--p 00018000 08:01 2104469                    /lib/x86_64-linux-gnu/libpthread-2.19.so
7f2a4c4a8000-7f2a4c4a9000 rw-p 00019000 08:01 2104469                    /lib/x86_64-linux-gnu/libpthread-2.19.so
7f2a4c4a9000-7f2a4c4ad000 rw-p 00000000 00:00 0 
7f2a4c4ad000-7f2a4c4b0000 r-xp 00000000 08:01 2104457                    /lib/x86_64-linux-gnu/libdl-2.19.so
7f2a4c4b0000-7f2a4c6af000 ---p 00003000 08:01 2104457                    /lib/x86_64-linux-gnu/libdl-2.19.so
7f2a4c6af000-7f2a4c6b0000 r--p 00002000 08:01 2104457                    /lib/x86_64-linux-gnu/libdl-2.19.so
7f2a4c6b0000-7f2a4c6b1000 rw-p 00003000 08:01 2104457                    /lib/x86_64-linux-gnu/libdl-2.19.so
7f2a4c6b1000-7f2a4c86c000 r-xp 00000000 08:01 2104468                    /lib/x86_64-linux-gnu/libc-2.19.so
7f2a4c86c000-7f2a4ca6b000 ---p 001bb000 08:01 2104468                    /lib/x86_64-linux-gnu/libc-2.19.so
7f2a4ca6b000-7f2a4ca6f000 r--p 001ba000 08:01 2104468                    /lib/x86_64-linux-gnu/libc-2.19.so
7f2a4ca6f000-7f2a4ca71000 rw-p 001be000 08:01 2104468                    /lib/x86_64-linux-gnu/libc-2.19.so
7f2a4ca71000-7f2a4ca76000 rw-p 00000000 00:00 0 
7f2a4ca76000-7f2a4ca83000 r-xp 00000000 08:01 4997030                    /usr/lib/jvm/java-7-openjdk-amd64/jre/lib/amd64/jli/libjli.so
7f2a4ca83000-7f2a4cc82000 ---p 0000d000 08:01 4997030                    /usr/lib/jvm/java-7-openjdk-amd64/jre/lib/amd64/jli/libjli.so
7f2a4cc82000-7f2a4cc83000 r--p 0000c000 08:01 4997030                    /usr/lib/jvm/java-7-openjdk-amd64/jre/lib/amd64/jli/libjli.so
7f2a4cc83000-7f2a4cc84000 rw-p 0000d000 08:01 4997030                    /usr/lib/jvm/java-7-openjdk-amd64/jre/lib/amd64/jli/libjli.so
7f2a4cc84000-7f2a4cca7000 r-xp 00000000 08:01 2104465                    /lib/x86_64-linux-gnu/ld-2.19.so
7f2a4cca7000-7f2a4cca8000 r--s 00002000 08:01 4457732                    /usr/lib/jvm/java-7-openjdk-amd64/jre/lib/ext/dnsns.jar
7f2a4cca8000-7f2a4ccaa000 r--s 00012000 08:01 4458090                    /usr/lib/jvm/java-7-openjdk-amd64/jre/lib/ext/zipfs.jar
7f2a4ccaa000-7f2a4ccae000 r--s 00085000 08:01 4457243                    /usr/lib/jvm/java-7-openjdk-amd64/jre/lib/ext/localedata.jar
7f2a4ccae000-7f2a4ccb8000 rw-p 00000000 00:00 0 
7f2a4ccb8000-7f2a4cd6e000 rw-p 00000000 00:00 0 
7f2a4cd6e000-7f2a4cd71000 ---p 00000000 00:00 0 
7f2a4cd71000-7f2a4ce74000 rw-p 00000000 00:00 0                          [stack:1060]
7f2a4ce74000-7f2a4ce77000 r--s 0000f000 08:01 4458072                    /usr/lib/jvm/java-7-openjdk-amd64/jre/lib/ext/icedtea-sound.jar
7f2a4ce77000-7f2a4ce79000 r--s 00006000 08:01 4210395                    /usr/share/java/java-atk-wrapper.jar
7f2a4ce79000-7f2a4ce9a000 rw-p 00000000 00:00 0 
7f2a4ce9a000-7f2a4cea2000 rw-s 00000000 08:01 4982152                    /tmp/hsperfdata_root/1052
7f2a4cea2000-7f2a4cea3000 rw-p 00000000 00:00 0 
7f2a4cea3000-7f2a4cea4000 r--p 00000000 00:00 0 
7f2a4cea4000-7f2a4cea6000 rw-p 00000000 00:00 0 
7f2a4cea6000-7f2a4cea7000 r--p 00022000 08:01 2104465                    /lib/x86_64-linux-gnu/ld-2.19.so
7f2a4cea7000-7f2a4cea8000 rw-p 00023000 08:01 2104465                    /lib/x86_64-linux-gnu/ld-2.19.so
7f2a4cea8000-7f2a4cea9000 rw-p 00000000 00:00 0 
7ffc7dc7e000-7ffc7dc9f000 rw-p 00000000 00:00 0                          [stack]
7ffc7ddcb000-7ffc7ddcd000 r-xp 00000000 00:00 0                          [vdso]
7ffc7ddcd000-7ffc7ddcf000 r--p 00000000 00:00 0                          [vvar]
ffffffffff600000-ffffffffff601000 r-xp 00000000 00:00 0                  [vsyscall]

VM Arguments:
jvm_args: -Dfile.encoding=UTF-8 
java_command: jvcl.GPUFFT
Launcher Type: SUN_STANDARD

Environment Variables:
PATH=/usr/local/sbin:/usr/local/bin:/usr/sbin:/usr/bin:/sbin:/bin
USERNAME=root
SHELL=/bin/bash
DISPLAY=:0

Signal Handlers:
SIGSEGV: [libjvm.so+0x94bab0], sa_mask[0]=0x7ffbfeff, sa_flags=0x10000004
SIGBUS: [libjvm.so+0x94bab0], sa_mask[0]=0x7ffbfeff, sa_flags=0x10000004
SIGFPE: [libjvm.so+0x7c38b0], sa_mask[0]=0x7ffbfeff, sa_flags=0x10000004
SIGPIPE: [libjvm.so+0x7c38b0], sa_mask[0]=0x7ffbfeff, sa_flags=0x10000004
SIGXFSZ: [libjvm.so+0x7c38b0], sa_mask[0]=0x7ffbfeff, sa_flags=0x10000004
SIGILL: [libjvm.so+0x7c38b0], sa_mask[0]=0x7ffbfeff, sa_flags=0x10000004
SIGUSR1: SIG_DFL, sa_mask[0]=0x00000000, sa_flags=0x00000000
SIGUSR2: [libjvm.so+0x7c3750], sa_mask[0]=0x00000004, sa_flags=0x10000004
SIGHUP: [libjvm.so+0x7c3930], sa_mask[0]=0x7ffbfeff, sa_flags=0x10000004
SIGINT: [libjvm.so+0x7c3930], sa_mask[0]=0x7ffbfeff, sa_flags=0x10000004
SIGTERM: [libjvm.so+0x7c3930], sa_mask[0]=0x7ffbfeff, sa_flags=0x10000004
SIGQUIT: [libjvm.so+0x7c3930], sa_mask[0]=0x7ffbfeff, sa_flags=0x10000004
SIGTRAP: SIG_DFL, sa_mask[0]=0x00000000, sa_flags=0x00000000


---------------  S Y S T E M  ---------------

OS:Ubuntu 14.04 (trusty)
uname:Linux 3.16.0-49-generic #65~14.04.1-Ubuntu SMP Wed Sep 9 10:03:23 UTC 2015 x86_64
libc:glibc 2.19 NPTL 2.19 
rlimit: STACK 8192k, CORE 0k, NPROC 31478, NOFILE 4096, AS infinity
load average:0.60 0.77 0.61

/proc/meminfo:
MemTotal:        8079900 kB
MemFree:         2063480 kB
MemAvailable:    5662120 kB
Buffers:           53536 kB
Cached:          3403856 kB
SwapCached:        39764 kB
Active:          2205412 kB
Inactive:        3089220 kB
Active(anon):    1650600 kB
Inactive(anon):   280440 kB
Active(file):     554812 kB
Inactive(file):  2808780 kB
Unevictable:         336 kB
Mlocked:             336 kB
SwapTotal:       9999356 kB
SwapFree:        9748856 kB
Dirty:               236 kB
Writeback:             0 kB
AnonPages:       1800640 kB
Mapped:           425052 kB
Shmem:             93796 kB
Slab:             541580 kB
SReclaimable:     488452 kB
SUnreclaim:        53128 kB
KernelStack:       11248 kB
PageTables:        48064 kB
NFS_Unstable:          0 kB
Bounce:                0 kB
WritebackTmp:          0 kB
CommitLimit:    14039304 kB
Committed_AS:    6794564 kB
VmallocTotal:   34359738367 kB
VmallocUsed:      394280 kB
VmallocChunk:   34359307140 kB
HardwareCorrupted:     0 kB
AnonHugePages:    800768 kB
HugePages_Total:       0
HugePages_Free:        0
HugePages_Rsvd:        0
HugePages_Surp:        0
Hugepagesize:       2048 kB
DirectMap4k:      489120 kB
DirectMap2M:     7802880 kB


CPU:total 4 (2 cores per cpu, 2 threads per core) family 6 model 58 stepping 9, cmov, cx8, fxsr, mmx, sse, sse2, sse3, ssse3, sse4.1, sse4.2, popcnt, avx, aes, erms, ht, tsc, tscinvbit, tscinv

/proc/cpuinfo:
processor	: 0
vendor_id	: GenuineIntel
cpu family	: 6
model		: 58
model name	: Intel(R) Core(TM) i7-3520M CPU @ 2.90GHz
stepping	: 9
microcode	: 0x19
cpu MHz		: 3400.023
cache size	: 4096 KB
physical id	: 0
siblings	: 4
core id		: 0
cpu cores	: 2
apicid		: 0
initial apicid	: 0
fpu		: yes
fpu_exception	: yes
cpuid level	: 13
wp		: yes
flags		: fpu vme de pse tsc msr pae mce cx8 apic sep mtrr pge mca cmov pat pse36 clflush dts acpi mmx fxsr sse sse2 ss ht tm pbe syscall nx rdtscp lm constant_tsc arch_perfmon pebs bts rep_good nopl xtopology nonstop_tsc aperfmperf eagerfpu pni pclmulqdq dtes64 monitor ds_cpl vmx smx est tm2 ssse3 cx16 xtpr pdcm pcid sse4_1 sse4_2 x2apic popcnt tsc_deadline_timer aes xsave avx f16c rdrand lahf_lm ida arat epb xsaveopt pln pts dtherm tpr_shadow vnmi flexpriority ept vpid fsgsbase smep erms
bogomips	: 5781.20
clflush size	: 64
cache_alignment	: 64
address sizes	: 36 bits physical, 48 bits virtual
power management:

processor	: 1
vendor_id	: GenuineIntel
cpu family	: 6
model		: 58
model name	: Intel(R) Core(TM) i7-3520M CPU @ 2.90GHz
stepping	: 9
microcode	: 0x19
cpu MHz		: 3534.261
cache size	: 4096 KB
physical id	: 0
siblings	: 4
core id		: 1
cpu cores	: 2
apicid		: 2
initial apicid	: 2
fpu		: yes
fpu_exception	: yes
cpuid level	: 13
wp		: yes
flags		: fpu vme de pse tsc msr pae mce cx8 apic sep mtrr pge mca cmov pat pse36 clflush dts acpi mmx fxsr sse sse2 ss ht tm pbe syscall nx rdtscp lm constant_tsc arch_perfmon pebs bts rep_good nopl xtopology nonstop_tsc aperfmperf eagerfpu pni pclmulqdq dtes64 monitor ds_cpl vmx smx est tm2 ssse3 cx16 xtpr pdcm pcid sse4_1 sse4_2 x2apic popcnt tsc_deadline_timer aes xsave avx f16c rdrand lahf_lm ida arat epb xsaveopt pln pts dtherm tpr_shadow vnmi flexpriority ept vpid fsgsbase smep erms
bogomips	: 5781.20
clflush size	: 64
cache_alignment	: 64
address sizes	: 36 bits physical, 48 bits virtual
power management:

processor	: 2
vendor_id	: GenuineIntel
cpu family	: 6
model		: 58
model name	: Intel(R) Core(TM) i7-3520M CPU @ 2.90GHz
stepping	: 9
microcode	: 0x19
cpu MHz		: 3400.136
cache size	: 4096 KB
physical id	: 0
siblings	: 4
core id		: 0
cpu cores	: 2
apicid		: 1
initial apicid	: 1
fpu		: yes
fpu_exception	: yes
cpuid level	: 13
wp		: yes
flags		: fpu vme de pse tsc msr pae mce cx8 apic sep mtrr pge mca cmov pat pse36 clflush dts acpi mmx fxsr sse sse2 ss ht tm pbe syscall nx rdtscp lm constant_tsc arch_perfmon pebs bts rep_good nopl xtopology nonstop_tsc aperfmperf eagerfpu pni pclmulqdq dtes64 monitor ds_cpl vmx smx est tm2 ssse3 cx16 xtpr pdcm pcid sse4_1 sse4_2 x2apic popcnt tsc_deadline_timer aes xsave avx f16c rdrand lahf_lm ida arat epb xsaveopt pln pts dtherm tpr_shadow vnmi flexpriority ept vpid fsgsbase smep erms
bogomips	: 5781.20
clflush size	: 64
cache_alignment	: 64
address sizes	: 36 bits physical, 48 bits virtual
power management:

processor	: 3
vendor_id	: GenuineIntel
cpu family	: 6
model		: 58
model name	: Intel(R) Core(TM) i7-3520M CPU @ 2.90GHz
stepping	: 9
microcode	: 0x19
cpu MHz		: 3539.585
cache size	: 4096 KB
physical id	: 0
siblings	: 4
core id		: 1
cpu cores	: 2
apicid		: 3
initial apicid	: 3
fpu		: yes
fpu_exception	: yes
cpuid level	: 13
wp		: yes
flags		: fpu vme de pse tsc msr pae mce cx8 apic sep mtrr pge mca cmov pat pse36 clflush dts acpi mmx fxsr sse sse2 ss ht tm pbe syscall nx rdtscp lm constant_tsc arch_perfmon pebs bts rep_good nopl xtopology nonstop_tsc aperfmperf eagerfpu pni pclmulqdq dtes64 monitor ds_cpl vmx smx est tm2 ssse3 cx16 xtpr pdcm pcid sse4_1 sse4_2 x2apic popcnt tsc_deadline_timer aes xsave avx f16c rdrand lahf_lm ida arat epb xsaveopt pln pts dtherm tpr_shadow vnmi flexpriority ept vpid fsgsbase smep erms
bogomips	: 5781.20
clflush size	: 64
cache_alignment	: 64
address sizes	: 36 bits physical, 48 bits virtual
power management:



Memory: 4k page, physical 8079900k(2063480k free), swap 9999356k(9748856k free)

vm_info: OpenJDK 64-Bit Server VM (24.79-b02) for linux-amd64 JRE (1.7.0_79-b14), built on Jul 24 2015 08:15:54 by "buildd" with gcc 4.8.2

time: Sat Oct  3 21:02:46 2015
elapsed time: 0 seconds

