#
# A fatal error has been detected by the Java Runtime Environment:
#
#  SIGSEGV (0xb) at pc=0x00007f63c99654ac, pid=27758, tid=140067016775424
#
# JRE version: OpenJDK Runtime Environment (7.0_79-b14) (build 1.7.0_79-b14)
# Java VM: OpenJDK 64-Bit Server VM (24.79-b02 mixed mode linux-amd64 compressed oops)
# Derivative: IcedTea 2.5.6
# Distribution: Ubuntu 14.04 LTS, package 7u79-2.5.6-0ubuntu1.14.04.1
# Problematic frame:
# C  [libOpenCL.so.1+0x54ac]  clCreateBuffer+0xc
#
# Failed to write core dump. Core dumps have been disabled. To enable core dumping, try "ulimit -c unlimited" before starting Java again
#
# If you would like to submit a bug report, please include
# instructions on how to reproduce the bug and visit:
#   http://icedtea.classpath.org/bugzilla
# The crash happened outside the Java Virtual Machine in native code.
# See problematic frame for where to report the bug.
#

---------------  T H R E A D  ---------------

Current thread (0x00007f63dc00a000):  JavaThread "main" [_thread_in_native, id=27763, stack(0x00007f63e4b79000,0x00007f63e4c7a000)]

siginfo:si_signo=SIGSEGV: si_errno=0, si_code=128 (), si_addr=0x0000000000000000

Registers:
RAX=0x5f6176616a4c5a49, RBX=0x000000077a6f7250, RCX=0x0000000000000000, RDX=0x0000000000000008
RSP=0x00007f63e4c77fd8, RBP=0x00007f63e4c78040, RSI=0x0000000000000001, RDI=0x00007f63dcfa1330
R8 =0x00000007d759e458, R9 =0x0000000000000000, R10=0x00007f63d9012d6c, R11=0x00007f63e38da2f0
R12=0x0000000000000000, R13=0x000000077a6f7250, R14=0x00007f63e4c78198, R15=0x00007f63dc00a000
RIP=0x00007f63c99654ac, EFLAGS=0x0000000000010206, CSGSFS=0x0000000000000033, ERR=0x0000000000000000
  TRAPNO=0x000000000000000d

Top of Stack: (sp=0x00007f63e4c77fd8)
0x00007f63e4c77fd8:   00007f63c88b43c2 00007f63dcfa1330
0x00007f63e4c77fe8:   0000000100000000 0000000000000000
0x00007f63e4c77ff8:   0000000000000008 0000000000000001
0x00007f63e4c78008:   00007f63dcfa1330 00007f63e4c78198
0x00007f63e4c78018:   00007f63dc00a1d8 0000000000000000
0x00007f63e4c78028:   00000007d759e458 00007f63c99654a0
0x00007f63e4c78038:   00007f63d9012c2d 00007f63e4c78108
0x00007f63e4c78048:   00007f63d9012d98 0000000000000000
0x00007f63e4c78058:   0000000000000001 00007f63e4c78148
0x00007f63e4c78068:   0000000000000000 0000000000000000
0x00007f63e4c78078:   00007f63c99654a0 00007f63d9005310
0x00007f63e4c78088:   0000000000000000 00007f63e4c781e0
0x00007f63e4c78098:   00007f63e4c78128 00007f63dc00ace8
0x00007f63e4c780a8:   00007f63dc00ace8 00007f63dc00ad18
0x00007f63e4c780b8:   00007f63dc00ad18 00000000fffffffe
0x00007f63e4c780c8:   00007f63e4c780c8 000000077a6f7250
0x00007f63e4c780d8:   00007f63e4c78198 000000077a7065e0
0x00007f63e4c780e8:   0000000000000000 000000077a6f7250
0x00007f63e4c780f8:   0000000000000000 00007f63e4c78128
0x00007f63e4c78108:   00007f63e4c781e0 00007f63d9006175
0x00007f63e4c78118:   0000000000000000 00007f63d900ecd7
0x00007f63e4c78128:   00007f63c99654a0 0000000000000000
0x00007f63e4c78138:   0000000000000000 0000000000000000
0x00007f63e4c78148:   00000007d759e448 0000000000000001
0x00007f63e4c78158:   0000000000000000 0000000000000000
0x00007f63e4c78168:   0000000000000008 00007f63e4c78250
0x00007f63e4c78178:   0000000000000001 00007f63e4c781e0
0x00007f63e4c78188:   00007f63dcfa1330 00007f63c99654a0
0x00007f63e4c78198:   00000007d73cd400 00007f63e4c781a0
0x00007f63e4c781a8:   000000077a6f744e 00007f63e4c78250
0x00007f63e4c781b8:   000000077a7065e0 0000000000000000
0x00007f63e4c781c8:   000000077a6f7460 00007f63e4c78128 

Instructions: (pc=0x00007f63c99654ac)
0x00007f63c996548c:   ff e0 66 90 48 85 c9 74 06 c7 01 de ff ff ff 31
0x00007f63c996549c:   c0 c3 66 90 48 85 ff 74 0b 48 8b 07 48 8b 40 70
0x00007f63c99654ac:   ff e0 66 90 4d 85 c0 74 07 41 c7 00 de ff ff ff
0x00007f63c99654bc:   31 c0 c3 90 48 85 ff 4c 8b 54 24 08 48 8b 44 24 

Register to memory mapping:

RAX=0x5f6176616a4c5a49 is an unknown value
RBX=0x000000077a6f7250 is an oop
{method} 
 - klass: {other class}
RCX=0x0000000000000000 is an unknown value
RDX=0x0000000000000008 is an unknown value
RSP=0x00007f63e4c77fd8 is pointing into the stack for thread: 0x00007f63dc00a000
RBP=0x00007f63e4c78040 is pointing into the stack for thread: 0x00007f63dc00a000
RSI=0x0000000000000001 is an unknown value
RDI=0x00007f63dcfa1330 is an unknown value
R8 =0x00000007d759e458 is an unknown value
R9 =0x0000000000000000 is an unknown value
R10=0x00007f63d9012d6c is at code_begin+620 in an Interpreter codelet
method entry point (kind = native)  [0x00007f63d9012b00, 0x00007f63d9013360]  2144 bytes
R11=0x00007f63e38da2f0: <offset 0x85d2f0> in /usr/lib/jvm/java-7-openjdk-amd64/jre/lib/amd64/server/libjvm.so at 0x00007f63e307d000
R12=0x0000000000000000 is an unknown value
R13=0x000000077a6f7250 is an oop
{method} 
 - klass: {other class}
R14=0x00007f63e4c78198 is pointing into the stack for thread: 0x00007f63dc00a000
R15=0x00007f63dc00a000 is a thread


Stack: [0x00007f63e4b79000,0x00007f63e4c7a000],  sp=0x00007f63e4c77fd8,  free space=1019k
Native frames: (J=compiled Java code, j=interpreted, Vv=VM code, C=native code)
C  [libOpenCL.so.1+0x54ac]  clCreateBuffer+0xc
j  com.jogamp.opencl.llb.impl.CLAbstractImpl.dispatch_clCreateBuffer1(JJJLjava/lang/Object;IZLjava/lang/Object;IZJ)J+0
j  com.jogamp.opencl.llb.impl.CLAbstractImpl.clCreateBuffer(JJJLjava/nio/Buffer;[II)J+150
j  com.jogamp.opencl.CLBuffer.create(Lcom/jogamp/opencl/CLContext;Ljava/nio/Buffer;I)Lcom/jogamp/opencl/CLBuffer;+68
j  com.jogamp.opencl.CLContext.createBuffer(Ljava/nio/Buffer;I)Lcom/jogamp/opencl/CLBuffer;+3
j  com.jogamp.opencl.CLContext.createBuffer(Ljava/nio/Buffer;[Lcom/jogamp/opencl/CLMemory$Mem;)Lcom/jogamp/opencl/CLBuffer;+6
j  com.jogamp.opencl.CLContext.createFloatBuffer(I[Lcom/jogamp/opencl/CLMemory$Mem;)Lcom/jogamp/opencl/CLBuffer;+6
j  jvcl.GPUFFT.fft_simple([F[F)V+227
j  jvcl.GPUFFT.fft_simple([F[F)V+198
j  jvcl.GPUFFT.fft_simple([F[F)V+198
j  jvcl.GPUFFT.fft_simple([F[F)V+198
j  jvcl.GPUFFT.fft_simple([F[F)V+198
j  jvcl.GPUFFT.fft_simple([F[F)V+198
j  jvcl.GPUFFT.main([Ljava/lang/String;)V+77
v  ~StubRoutines::call_stub
V  [libjvm.so+0x5e80c9]  JavaCalls::call_helper(JavaValue*, methodHandle*, JavaCallArguments*, Thread*)+0x339
V  [libjvm.so+0x5e7b68]  JavaCalls::call(JavaValue*, methodHandle, JavaCallArguments*, Thread*)+0x28
V  [libjvm.so+0x5f6c9b]  jni_invoke_static(JNIEnv_*, JavaValue*, _jobject*, JNICallType, _jmethodID*, JNI_ArgumentPusher*, Thread*) [clone .isra.124] [clone .constprop.156]+0x28b
V  [libjvm.so+0x607f08]  jni_CallStaticVoidMethod+0x118
C  [libjli.so+0x31f9]

Java frames: (J=compiled Java code, j=interpreted, Vv=VM code)
j  com.jogamp.opencl.llb.impl.CLAbstractImpl.dispatch_clCreateBuffer1(JJJLjava/lang/Object;IZLjava/lang/Object;IZJ)J+0
j  com.jogamp.opencl.llb.impl.CLAbstractImpl.clCreateBuffer(JJJLjava/nio/Buffer;[II)J+150
j  com.jogamp.opencl.CLBuffer.create(Lcom/jogamp/opencl/CLContext;Ljava/nio/Buffer;I)Lcom/jogamp/opencl/CLBuffer;+68
j  com.jogamp.opencl.CLContext.createBuffer(Ljava/nio/Buffer;I)Lcom/jogamp/opencl/CLBuffer;+3
j  com.jogamp.opencl.CLContext.createBuffer(Ljava/nio/Buffer;[Lcom/jogamp/opencl/CLMemory$Mem;)Lcom/jogamp/opencl/CLBuffer;+6
j  com.jogamp.opencl.CLContext.createFloatBuffer(I[Lcom/jogamp/opencl/CLMemory$Mem;)Lcom/jogamp/opencl/CLBuffer;+6
j  jvcl.GPUFFT.fft_simple([F[F)V+227
j  jvcl.GPUFFT.fft_simple([F[F)V+198
j  jvcl.GPUFFT.fft_simple([F[F)V+198
j  jvcl.GPUFFT.fft_simple([F[F)V+198
j  jvcl.GPUFFT.fft_simple([F[F)V+198
j  jvcl.GPUFFT.fft_simple([F[F)V+198
j  jvcl.GPUFFT.main([Ljava/lang/String;)V+77
v  ~StubRoutines::call_stub

---------------  P R O C E S S  ---------------

Java Threads: ( => current thread )
  0x00007f63dc196800 JavaThread "process reaper" daemon [_thread_blocked, id=27780, stack(0x00007f63d8074000,0x00007f63d80ad000)]
  0x00007f63dc0ae800 JavaThread "Service Thread" daemon [_thread_blocked, id=27775, stack(0x00007f63cb71c000,0x00007f63cb81d000)]
  0x00007f63dc0ac000 JavaThread "C2 CompilerThread1" daemon [_thread_blocked, id=27774, stack(0x00007f63cb81d000,0x00007f63cb91e000)]
  0x00007f63dc0a9000 JavaThread "C2 CompilerThread0" daemon [_thread_blocked, id=27773, stack(0x00007f63d80d0000,0x00007f63d81d1000)]
  0x00007f63dc0a7000 JavaThread "Signal Dispatcher" daemon [_thread_blocked, id=27772, stack(0x00007f63d81d1000,0x00007f63d82d2000)]
  0x00007f63dc07c000 JavaThread "Finalizer" daemon [_thread_blocked, id=27770, stack(0x00007f63d82d2000,0x00007f63d83d3000)]
  0x00007f63dc07a000 JavaThread "Reference Handler" daemon [_thread_blocked, id=27769, stack(0x00007f63d83d3000,0x00007f63d84d4000)]
=>0x00007f63dc00a000 JavaThread "main" [_thread_in_native, id=27763, stack(0x00007f63e4b79000,0x00007f63e4c7a000)]

Other Threads:
  0x00007f63dc075800 VMThread [stack: 0x00007f63d84d4000,0x00007f63d85d5000] [id=27768]
  0x00007f63dc0b9800 WatcherThread [stack: 0x00007f63cb61b000,0x00007f63cb71c000] [id=27776]

VM state:not at safepoint (normal execution)

VM Mutex/Monitor currently owned by a thread: None

Heap
 PSYoungGen      total 37376K, used 7883K [0x00000007d6e00000, 0x00000007d9780000, 0x0000000800000000)
  eden space 32256K, 24% used [0x00000007d6e00000,0x00000007d75b2ee0,0x00000007d8d80000)
  from space 5120K, 0% used [0x00000007d9280000,0x00000007d9280000,0x00000007d9780000)
  to   space 5120K, 0% used [0x00000007d8d80000,0x00000007d8d80000,0x00000007d9280000)
 ParOldGen       total 83968K, used 0K [0x0000000784a00000, 0x0000000789c00000, 0x00000007d6e00000)
  object space 83968K, 0% used [0x0000000784a00000,0x0000000784a00000,0x0000000789c00000)
 PSPermGen       total 21504K, used 5985K [0x000000077a400000, 0x000000077b900000, 0x0000000784a00000)
  object space 21504K, 27% used [0x000000077a400000,0x000000077a9d85c8,0x000000077b900000)

Card table byte_map: [0x00007f63e13a2000,0x00007f63e17d1000] byte_map_base: 0x00007f63dd7d0000

Polling page: 0x00007f63e4cae000

Code Cache  [0x00007f63d9000000, 0x00007f63d9270000, 0x00007f63dc000000)
 total_blobs=392 nmethods=18 adapters=328 free_code_cache=48619Kb largest_free_block=49762560

Compilation events (10 events):
Event: 0.181 Thread 0x00007f63dc0a9000 nmethod 14 0x00007f63d9078c50 code [0x00007f63d9078da0, 0x00007f63d9078f58]
Event: 0.182 Thread 0x00007f63dc0ac000 nmethod 13 0x00007f63d907e650 code [0x00007f63d907e8a0, 0x00007f63d907f918]
Event: 0.186 Thread 0x00007f63dc0a9000   15             java.lang.String::length (6 bytes)
Event: 0.186 Thread 0x00007f63dc0a9000 nmethod 15 0x00007f63d907b790 code [0x00007f63d907b8c0, 0x00007f63d907b938]
Event: 0.188 Thread 0x00007f63dc0ac000   16             java.lang.Math::min (11 bytes)
Event: 0.188 Thread 0x00007f63dc0ac000 nmethod 16 0x00007f63d905fcd0 code [0x00007f63d905fe00, 0x00007f63d905fe38]
Event: 0.320 Thread 0x00007f63dc0a9000   17   !         java.io.BufferedReader::readLine (304 bytes)
Event: 0.320 Thread 0x00007f63dc0ac000   18             sun.nio.cs.UTF_8$Decoder::decodeArrayLoop (543 bytes)
Event: 0.339 Thread 0x00007f63dc0a9000 nmethod 17 0x00007f63d9089950 code [0x00007f63d9089b00, 0x00007f63d908a930]
Event: 0.339 Thread 0x00007f63dc0ac000 nmethod 18 0x00007f63d9085bd0 code [0x00007f63d9085e60, 0x00007f63d90869f0]

GC Heap History (0 events):
No events

Deoptimization events (0 events):
No events

Internal exceptions (10 events):
Event: 0.216 Thread 0x00007f63dc00a000 Threw 0x00000007d74decc8 at /build/openjdk-7-FO0dNI/openjdk-7-7u79-2.5.6/build/openjdk/hotspot/src/share/vm/prims/jvm.cpp:1284
Event: 0.217 Thread 0x00007f63dc00a000 Threw 0x00000007d74e2c60 at /build/openjdk-7-FO0dNI/openjdk-7-7u79-2.5.6/build/openjdk/hotspot/src/share/vm/prims/jvm.cpp:1284
Event: 0.218 Thread 0x00007f63dc00a000 Threw 0x00000007d74ec010 at /build/openjdk-7-FO0dNI/openjdk-7-7u79-2.5.6/build/openjdk/hotspot/src/share/vm/prims/jvm.cpp:1284
Event: 0.218 Thread 0x00007f63dc00a000 Threw 0x00000007d74eff38 at /build/openjdk-7-FO0dNI/openjdk-7-7u79-2.5.6/build/openjdk/hotspot/src/share/vm/prims/jvm.cpp:1284
Event: 0.218 Thread 0x00007f63dc00a000 Threw 0x00000007d7517c50 at /build/openjdk-7-FO0dNI/openjdk-7-7u79-2.5.6/build/openjdk/hotspot/src/share/vm/prims/jvm.cpp:1284
Event: 0.220 Thread 0x00007f63dc00a000 Threw 0x00000007d751d8f0 at /build/openjdk-7-FO0dNI/openjdk-7-7u79-2.5.6/build/openjdk/hotspot/src/share/vm/prims/jvm.cpp:1284
Event: 0.220 Thread 0x00007f63dc00a000 Threw 0x00000007d7525640 at /build/openjdk-7-FO0dNI/openjdk-7-7u79-2.5.6/build/openjdk/hotspot/src/share/vm/prims/jvm.cpp:1284
Event: 0.223 Thread 0x00007f63dc00a000 Threw 0x00000007d7536528 at /build/openjdk-7-FO0dNI/openjdk-7-7u79-2.5.6/build/openjdk/hotspot/src/share/vm/prims/jvm.cpp:1284
Event: 0.380 Thread 0x00007f63dc00a000 Threw 0x00000007d7594ca8 at /build/openjdk-7-FO0dNI/openjdk-7-7u79-2.5.6/build/openjdk/hotspot/src/share/vm/prims/jvm.cpp:1284
Event: 0.381 Thread 0x00007f63dc00a000 Threw 0x00000007d7599170 at /build/openjdk-7-FO0dNI/openjdk-7-7u79-2.5.6/build/openjdk/hotspot/src/share/vm/prims/jvm.cpp:1284

Events (10 events):
Event: 0.341 loading class 0x00007f63e08199b0
Event: 0.341 loading class 0x00007f63e08199b0 done
Event: 0.341 loading class 0x00007f63e08199e0
Event: 0.341 loading class 0x00007f63e08199e0 done
Event: 0.380 loading class 0x00007f63dc0fd440
Event: 0.380 loading class 0x00007f63dc0fd440 done
Event: 0.380 loading class 0x00007f63dc011ae0
Event: 0.381 loading class 0x00007f63dc011ae0 done
Event: 0.381 loading class 0x00007f63dc0fd510
Event: 0.381 loading class 0x00007f63dc0fd510 done


Dynamic libraries:
00400000-00401000 r-xp 00000000 08:01 5389623                            /usr/lib/jvm/java-7-openjdk-amd64/jre/bin/java
00600000-00601000 r--p 00000000 08:01 5389623                            /usr/lib/jvm/java-7-openjdk-amd64/jre/bin/java
00601000-00602000 rw-p 00001000 08:01 5389623                            /usr/lib/jvm/java-7-openjdk-amd64/jre/bin/java
019e1000-01a02000 rw-p 00000000 00:00 0                                  [heap]
200000000-700000000 ---p 00000000 00:00 0 
77a400000-77b900000 rw-p 00000000 00:00 0 
77b900000-784a00000 rw-p 00000000 00:00 0 
784a00000-789c00000 rw-p 00000000 00:00 0 
789c00000-7d6e00000 rw-p 00000000 00:00 0 
7d6e00000-7d9780000 rw-p 00000000 00:00 0 
7d9780000-800000000 rw-p 00000000 00:00 0 
7f63627fd000-7f63627fe000 ---p 00000000 00:00 0 
7f63627fe000-7f6362ffe000 rw-p 00000000 00:00 0 
7f6362ffe000-7f6362fff000 ---p 00000000 00:00 0 
7f6362fff000-7f63637ff000 rw-p 00000000 00:00 0 
7f63637ff000-7f6363800000 ---p 00000000 00:00 0 
7f6363800000-7f6364000000 rw-p 00000000 00:00 0 
7f6364000000-7f6364021000 rw-p 00000000 00:00 0 
7f6364021000-7f6368000000 ---p 00000000 00:00 0 
7f6368ffa000-7f6368ffb000 ---p 00000000 00:00 0 
7f6368ffb000-7f63697fb000 rw-p 00000000 00:00 0 
7f63697fb000-7f63697fc000 ---p 00000000 00:00 0 
7f63697fc000-7f6369ffc000 rw-p 00000000 00:00 0                          [stack:27820]
7f6369ffc000-7f6369ffd000 ---p 00000000 00:00 0 
7f6369ffd000-7f636a7fd000 rw-p 00000000 00:00 0                          [stack:27819]
7f636a7fd000-7f636a7fe000 ---p 00000000 00:00 0 
7f636a7fe000-7f636affe000 rw-p 00000000 00:00 0                          [stack:27818]
7f636affe000-7f636afff000 ---p 00000000 00:00 0 
7f636afff000-7f636b7ff000 rw-p 00000000 00:00 0                          [stack:27817]
7f636b7ff000-7f636b800000 ---p 00000000 00:00 0 
7f636b800000-7f636c000000 rw-p 00000000 00:00 0                          [stack:27816]
7f636c000000-7f636c021000 rw-p 00000000 00:00 0 
7f636c021000-7f6370000000 ---p 00000000 00:00 0 
7f6370399000-7f63704fa000 rw-p 00000000 00:00 0 
7f63704fa000-7f63705fa000 rw-s 19f5d1000 00:05 13212                     /dev/nvidiactl
7f63705fa000-7f63706fa000 rw-s 19c50b000 00:05 13212                     /dev/nvidiactl
7f63706fa000-7f63707fa000 rw-s 16df7f000 00:05 13212                     /dev/nvidiactl
7f63707fa000-7f6370bfa000 rw-s 46a07000 00:05 13212                      /dev/nvidiactl
7f6370bfa000-7f6370ffa000 rw-s 9d870000 00:05 13212                      /dev/nvidiactl
7f6370ffa000-7f6370ffb000 ---p 00000000 00:00 0 
7f6370ffb000-7f63717fb000 rw-p 00000000 00:00 0                          [stack:27815]
7f63717fb000-7f63717fc000 ---p 00000000 00:00 0 
7f63717fc000-7f6371ffc000 rw-p 00000000 00:00 0                          [stack:27814]
7f6371ffc000-7f6371ffd000 ---p 00000000 00:00 0 
7f6371ffd000-7f63727fd000 rw-p 00000000 00:00 0                          [stack:27813]
7f63727fd000-7f63727fe000 ---p 00000000 00:00 0 
7f63727fe000-7f6372ffe000 rw-p 00000000 00:00 0                          [stack:27812]
7f6372ffe000-7f6372fff000 ---p 00000000 00:00 0 
7f6372fff000-7f63737ff000 rw-p 00000000 00:00 0                          [stack:27811]
7f63737ff000-7f6373800000 ---p 00000000 00:00 0 
7f6373800000-7f6374000000 rw-p 00000000 00:00 0                          [stack:27810]
7f6374000000-7f6374021000 rw-p 00000000 00:00 0 
7f6374021000-7f6378000000 ---p 00000000 00:00 0 
7f63780ae000-7f63780fa000 rw-s 19f713000 00:05 13212                     /dev/nvidiactl
7f63780fa000-7f63781fa000 rw-s 19993a000 00:05 13212                     /dev/nvidiactl
7f63781fa000-7f63782fa000 rw-s 15b0df000 00:05 13212                     /dev/nvidiactl
7f63782fa000-7f63783fa000 rw-s 6fc10000 00:05 13212                      /dev/nvidiactl
7f63783fa000-7f63784fa000 rw-s 1eebf7000 00:05 13212                     /dev/nvidiactl
7f63784fa000-7f63785fa000 rw-s 15b2f2000 00:05 13212                     /dev/nvidiactl
7f63785fa000-7f63786fa000 rw-s 19c54c000 00:05 13212                     /dev/nvidiactl
7f63786fa000-7f63787fa000 rw-s 19b4c8000 00:05 13212                     /dev/nvidiactl
7f63787fa000-7f6378bfa000 rw-s 46baf000 00:05 13212                      /dev/nvidiactl
7f6378bfa000-7f6378ffa000 rw-s 7ae6d000 00:05 13212                      /dev/nvidiactl
7f6378ffa000-7f6378ffb000 ---p 00000000 00:00 0 
7f6378ffb000-7f63797fb000 rw-p 00000000 00:00 0                          [stack:27809]
7f63797fb000-7f63797fc000 ---p 00000000 00:00 0 
7f63797fc000-7f6379ffc000 rw-p 00000000 00:00 0                          [stack:27808]
7f6379ffc000-7f6379ffd000 ---p 00000000 00:00 0 
7f6379ffd000-7f637a7fd000 rw-p 00000000 00:00 0                          [stack:27807]
7f637a7fd000-7f637a7fe000 ---p 00000000 00:00 0 
7f637a7fe000-7f637affe000 rw-p 00000000 00:00 0                          [stack:27806]
7f637affe000-7f637afff000 ---p 00000000 00:00 0 
7f637afff000-7f637b7ff000 rw-p 00000000 00:00 0                          [stack:27805]
7f637b7ff000-7f637b800000 ---p 00000000 00:00 0 
7f637b800000-7f637c000000 rw-p 00000000 00:00 0                          [stack:27804]
7f637c000000-7f637c021000 rw-p 00000000 00:00 0 
7f637c021000-7f6380000000 ---p 00000000 00:00 0 
7f638002e000-7f638004e000 rw-s e0280000 00:05 13214                      /dev/nvidia0
7f638004e000-7f638006e000 rw-s e0260000 00:05 13214                      /dev/nvidia0
7f638006e000-7f63800ba000 rw-s 19daba000 00:05 13212                     /dev/nvidiactl
7f63800ba000-7f63801ba000 rw-s 1f14ef000 00:05 13212                     /dev/nvidiactl
7f63801ba000-7f63801da000 rw-s e0240000 00:05 13214                      /dev/nvidia0
7f63801da000-7f63801fa000 rw-s e0220000 00:05 13214                      /dev/nvidia0
7f63801fa000-7f63802fa000 rw-s 1b2608000 00:05 13212                     /dev/nvidiactl
7f63802fa000-7f63803fa000 rw-s 2118ce000 00:05 13212                     /dev/nvidiactl
7f63803fa000-7f63804fa000 rw-s 1ae509000 00:05 13212                     /dev/nvidiactl
7f63804fa000-7f63805fa000 rw-s 199a44000 00:05 13212                     /dev/nvidiactl
7f63805fa000-7f63806fa000 rw-s 20e8fe000 00:05 13212                     /dev/nvidiactl
7f63806fa000-7f63807fa000 rw-s 94f30000 00:05 13212                      /dev/nvidiactl
7f63807fa000-7f6380bfa000 rw-s 7ae58000 00:05 13212                      /dev/nvidiactl
7f6380bfa000-7f6380ffa000 rw-s 1f0c77000 00:05 13212                     /dev/nvidiactl
7f6380ffa000-7f6380ffb000 ---p 00000000 00:00 0 
7f6380ffb000-7f63817fb000 rw-p 00000000 00:00 0                          [stack:27803]
7f63817fb000-7f63817fc000 ---p 00000000 00:00 0 
7f63817fc000-7f6381ffc000 rw-p 00000000 00:00 0                          [stack:27802]
7f6381ffc000-7f6381ffd000 ---p 00000000 00:00 0 
7f6381ffd000-7f63827fd000 rw-p 00000000 00:00 0                          [stack:27801]
7f63827fd000-7f63827fe000 ---p 00000000 00:00 0 
7f63827fe000-7f6382ffe000 rw-p 00000000 00:00 0                          [stack:27800]
7f6382ffe000-7f6382fff000 ---p 00000000 00:00 0 
7f6382fff000-7f63837ff000 rw-p 00000000 00:00 0                          [stack:27799]
7f63837ff000-7f6383800000 ---p 00000000 00:00 0 
7f6383800000-7f6384000000 rw-p 00000000 00:00 0                          [stack:27798]
7f6384000000-7f6384021000 rw-p 00000000 00:00 0 
7f6384021000-7f6388000000 ---p 00000000 00:00 0 
7f6388000000-7f6388021000 rw-p 00000000 00:00 0 
7f6388021000-7f638c000000 ---p 00000000 00:00 0 
7f638c002000-7f638c04e000 rw-s 1f0f11000 00:05 13212                     /dev/nvidiactl
7f638c04e000-7f638c06e000 rw-s e0200000 00:05 13214                      /dev/nvidia0
7f638c06e000-7f638c08e000 rw-s e01e0000 00:05 13214                      /dev/nvidia0
7f638c08e000-7f638c18e000 rw-s 1ae914000 00:05 13212                     /dev/nvidiactl
7f638c18e000-7f638c1da000 rw-s 173839000 00:05 13212                     /dev/nvidiactl
7f638c1da000-7f638c2da000 rw-s 20ef37000 00:05 13212                     /dev/nvidiactl
7f638c2da000-7f638c3da000 rw-s 1ee902000 00:05 13212                     /dev/nvidiactl
7f638c3da000-7f638c4da000 rw-s ad24e000 00:05 13212                      /dev/nvidiactl
7f638c4da000-7f638c5da000 rw-s ad089000 00:05 13212                      /dev/nvidiactl
7f638c5da000-7f638c6da000 rw-s b94ef000 00:05 13212                      /dev/nvidiactl
7f638c6da000-7f638cada000 rw-s 1b25e7000 00:05 13212                     /dev/nvidiactl
7f638cada000-7f638cafa000 rw-s e01c0000 00:05 13214                      /dev/nvidia0
7f638cafa000-7f638cefa000 rw-s 19b428000 00:05 13212                     /dev/nvidiactl
7f638cefa000-7f638cefb000 ---p 00000000 00:00 0 
7f638cefb000-7f638d6fb000 rw-p 00000000 00:00 0                          [stack:27797]
7f638d6fb000-7f638d7fb000 rw-s 19da10000 00:05 13212                     /dev/nvidiactl
7f638d7fb000-7f638d7fc000 ---p 00000000 00:00 0 
7f638d7fc000-7f638dffc000 rw-p 00000000 00:00 0                          [stack:27796]
7f638dffc000-7f638dffd000 ---p 00000000 00:00 0 
7f638dffd000-7f638e7fd000 rw-p 00000000 00:00 0                          [stack:27795]
7f638e7fd000-7f638e7fe000 ---p 00000000 00:00 0 
7f638e7fe000-7f638effe000 rw-p 00000000 00:00 0                          [stack:27794]
7f638effe000-7f638efff000 ---p 00000000 00:00 0 
7f638efff000-7f638f7ff000 rw-p 00000000 00:00 0                          [stack:27793]
7f638f7ff000-7f638f800000 ---p 00000000 00:00 0 
7f638f800000-7f6390000000 rw-p 00000000 00:00 0                          [stack:27792]
7f6390000000-7f6390021000 rw-p 00000000 00:00 0 
7f6390021000-7f6394000000 ---p 00000000 00:00 0 
7f6394000000-7f6394021000 rw-p 00000000 00:00 0 
7f6394021000-7f6398000000 ---p 00000000 00:00 0 
7f6398000000-7f6398021000 rw-p 00000000 00:00 0 
7f6398021000-7f639c000000 ---p 00000000 00:00 0 
7f639c000000-7f639c021000 rw-p 00000000 00:00 0 
7f639c021000-7f63a0000000 ---p 00000000 00:00 0 
7f63a0000000-7f63a0176000 rw-p 00000000 00:00 0 
7f63a0176000-7f63a4000000 ---p 00000000 00:00 0 
7f63a4000000-7f63a41ce000 rw-p 00000000 00:00 0 
7f63a41ce000-7f63a8000000 ---p 00000000 00:00 0 
7f63a8000000-7f63a8021000 rw-p 00000000 00:00 0 
7f63a8021000-7f63ac000000 ---p 00000000 00:00 0 
7f63ac000000-7f63ac021000 rw-p 00000000 00:00 0 
7f63ac021000-7f63b0000000 ---p 00000000 00:00 0 
7f63b0000000-7f63b0021000 rw-p 00000000 00:00 0 
7f63b0021000-7f63b4000000 ---p 00000000 00:00 0 
7f63b4009000-7f63b4029000 rw-s e01a0000 00:05 13214                      /dev/nvidia0
7f63b4029000-7f63b4129000 rw-s ad15b000 00:05 13212                      /dev/nvidiactl
7f63b4129000-7f63b4229000 rw-s bcc66000 00:05 13212                      /dev/nvidiactl
7f63b4229000-7f63b4329000 rw-s 469a1000 00:05 13212                      /dev/nvidiactl
7f63b4329000-7f63b4729000 rw-s 1ae777000 00:05 13212                     /dev/nvidiactl
7f63b4729000-7f63b4b29000 rw-s 1fc6ec000 00:05 13212                     /dev/nvidiactl
7f63b4b29000-7f63b4b2a000 ---p 00000000 00:00 0 
7f63b4b2a000-7f63b532a000 rw-p 00000000 00:00 0                          [stack:27791]
7f63b532a000-7f63b6a6d000 r-xp 00000000 08:01 3811727                    /usr/lib/nvidia-346-updates/libnvidia-compiler.so.346.82
7f63b6a6d000-7f63b6c6d000 ---p 01743000 08:01 3811727                    /usr/lib/nvidia-346-updates/libnvidia-compiler.so.346.82
7f63b6c6d000-7f63b74f5000 rw-p 01743000 08:01 3811727                    /usr/lib/nvidia-346-updates/libnvidia-compiler.so.346.82
7f63b74f5000-7f63b751f000 rw-p 00000000 00:00 0 
7f63b751f000-7f63b7520000 ---p 00000000 00:00 0 
7f63b7520000-7f63bc000000 rw-p 00000000 00:00 0                          [stack:27790]
7f63bc000000-7f63bc021000 rw-p 00000000 00:00 0 
7f63bc021000-7f63c0000000 ---p 00000000 00:00 0 
7f63c0005000-7f63c0051000 rw-s 1f17fe000 00:05 13212                     /dev/nvidiactl
7f63c0051000-7f63c0151000 rw-s ad185000 00:05 13212                      /dev/nvidiactl
7f63c0151000-7f63c0251000 rw-s 94e23000 00:05 13212                      /dev/nvidiactl
7f63c0251000-7f63c0271000 rw-s e0180000 00:05 13214                      /dev/nvidia0
7f63c0271000-7f63c0371000 rw-s 1f15b6000 00:05 13212                     /dev/nvidiactl
7f63c0371000-7f63c0372000 ---p 00000000 00:00 0 
7f63c0372000-7f63c0b72000 rw-p 00000000 00:00 0                          [stack:27789]
7f63c0b72000-7f63c0b73000 ---p 00000000 00:00 0 
7f63c0b73000-7f63c1373000 rw-p 00000000 00:00 0                          [stack:27788]
7f63c1373000-7f63c1374000 ---p 00000000 00:00 0 
7f63c1374000-7f63c1b74000 rw-p 00000000 00:00 0                          [stack:27787]
7f63c1b74000-7f63c1b75000 ---p 00000000 00:00 0 
7f63c1b75000-7f63c2375000 rw-p 00000000 00:00 0                          [stack:27786]
7f63c2375000-7f63c2475000 rw-s b1bc6000 00:05 13212                      /dev/nvidiactl
7f63c2475000-7f63c2575000 rw-s 9d971000 00:05 13212                      /dev/nvidiactl
7f63c2575000-7f63c2975000 rw-s 1f0e39000 00:05 13212                     /dev/nvidiactl
7f63c2975000-7f63c2976000 ---p 00000000 00:00 0 
7f63c2976000-7f63c3176000 rw-p 00000000 00:00 0                          [stack:27785]
7f63c3176000-7f63c3c39000 r-xp 00000000 08:01 3672125                    /usr/lib/x86_64-linux-gnu/libcuda.so.346.82
7f63c3c39000-7f63c3e39000 ---p 00ac3000 08:01 3672125                    /usr/lib/x86_64-linux-gnu/libcuda.so.346.82
7f63c3e39000-7f63c3feb000 rw-p 00ac3000 08:01 3672125                    /usr/lib/x86_64-linux-gnu/libcuda.so.346.82
7f63c3feb000-7f63c4000000 rw-p 00000000 00:00 0 
7f63c4000000-7f63c4021000 rw-p 00000000 00:00 0 
7f63c4021000-7f63c8000000 ---p 00000000 00:00 0 
7f63c8003000-7f63c8023000 rw-s e0160000 00:05 13214                      /dev/nvidia0
7f63c8023000-7f63c806f000 rw-s bc5ba000 00:05 13212                      /dev/nvidiactl
7f63c806f000-7f63c816f000 rw-s bc7a8000 00:05 13212                      /dev/nvidiactl
7f63c816f000-7f63c826f000 rw-s 1f16f8000 00:05 13212                     /dev/nvidiactl
7f63c826f000-7f63c836f000 rw-s 202438000 00:05 13212                     /dev/nvidiactl
7f63c836f000-7f63c838f000 rw-s e0140000 00:05 13214                      /dev/nvidia0
7f63c838f000-7f63c878f000 rw-s b1cfd000 00:05 13212                      /dev/nvidiactl
7f63c878f000-7f63c87af000 rw-s e0120000 00:05 13214                      /dev/nvidia0
7f63c87af000-7f63c88af000 rw-s 63b2e000 00:05 13212                      /dev/nvidiactl
7f63c88af000-7f63c88ba000 r-xp 00000000 08:01 4982176                    /tmp/jogamp_0000/file_cache/jln7307755048698535302/jln2744016591614432673/natives/linux-amd64/libjocl.so
7f63c88ba000-7f63c8ab9000 ---p 0000b000 08:01 4982176                    /tmp/jogamp_0000/file_cache/jln7307755048698535302/jln2744016591614432673/natives/linux-amd64/libjocl.so
7f63c8ab9000-7f63c8aba000 r--p 0000a000 08:01 4982176                    /tmp/jogamp_0000/file_cache/jln7307755048698535302/jln2744016591614432673/natives/linux-amd64/libjocl.so
7f63c8aba000-7f63c8abb000 rw-p 0000b000 08:01 4982176                    /tmp/jogamp_0000/file_cache/jln7307755048698535302/jln2744016591614432673/natives/linux-amd64/libjocl.so
7f63c8abb000-7f63c9596000 r-xp 00000000 08:01 3674886                    /usr/lib/x86_64-linux-gnu/libnvidia-opencl.so.346.82
7f63c9596000-7f63c9795000 ---p 00adb000 08:01 3674886                    /usr/lib/x86_64-linux-gnu/libnvidia-opencl.so.346.82
7f63c9795000-7f63c994b000 rw-p 00ada000 08:01 3674886                    /usr/lib/x86_64-linux-gnu/libnvidia-opencl.so.346.82
7f63c994b000-7f63c9960000 rw-p 00000000 00:00 0 
7f63c9960000-7f63c9968000 r-xp 00000000 08:01 3670455                    /usr/lib/x86_64-linux-gnu/libOpenCL.so.1.0.0
7f63c9968000-7f63c9b67000 ---p 00008000 08:01 3670455                    /usr/lib/x86_64-linux-gnu/libOpenCL.so.1.0.0
7f63c9b67000-7f63c9b68000 r--p 00007000 08:01 3670455                    /usr/lib/x86_64-linux-gnu/libOpenCL.so.1.0.0
7f63c9b68000-7f63c9b69000 rw-p 00008000 08:01 3670455                    /usr/lib/x86_64-linux-gnu/libOpenCL.so.1.0.0
7f63c9b78000-7f63c9b99000 rw-p 00000000 00:00 0 
7f63c9b99000-7f63c9b9b000 r-xp 00000000 08:01 4982175                    /tmp/jogamp_0000/file_cache/jln7307755048698535302/jln2744016591614432673/natives/linux-amd64/libgluegen-rt.so
7f63c9b9b000-7f63c9d9a000 ---p 00002000 08:01 4982175                    /tmp/jogamp_0000/file_cache/jln7307755048698535302/jln2744016591614432673/natives/linux-amd64/libgluegen-rt.so
7f63c9d9a000-7f63c9d9b000 r--p 00001000 08:01 4982175                    /tmp/jogamp_0000/file_cache/jln7307755048698535302/jln2744016591614432673/natives/linux-amd64/libgluegen-rt.so
7f63c9d9b000-7f63c9d9c000 rw-p 00002000 08:01 4982175                    /tmp/jogamp_0000/file_cache/jln7307755048698535302/jln2744016591614432673/natives/linux-amd64/libgluegen-rt.so
7f63c9e9b000-7f63c9e9d000 rw-p 00000000 00:00 0 
7f63c9e9d000-7f63c9ead000 r-xp 00000000 08:01 4853686                    /usr/lib/jvm/java-7-openjdk-amd64/jre/lib/amd64/libnio.so
7f63c9ead000-7f63ca0ad000 ---p 00010000 08:01 4853686                    /usr/lib/jvm/java-7-openjdk-amd64/jre/lib/amd64/libnio.so
7f63ca0ad000-7f63ca0ae000 r--p 00010000 08:01 4853686                    /usr/lib/jvm/java-7-openjdk-amd64/jre/lib/amd64/libnio.so
7f63ca0ae000-7f63ca0af000 rw-p 00011000 08:01 4853686                    /usr/lib/jvm/java-7-openjdk-amd64/jre/lib/amd64/libnio.so
7f63ca0af000-7f63ca0ec000 r-xp 00000000 08:01 2114819                    /lib/x86_64-linux-gnu/libpcre.so.3.13.1
7f63ca0ec000-7f63ca2eb000 ---p 0003d000 08:01 2114819                    /lib/x86_64-linux-gnu/libpcre.so.3.13.1
7f63ca2eb000-7f63ca2ec000 r--p 0003c000 08:01 2114819                    /lib/x86_64-linux-gnu/libpcre.so.3.13.1
7f63ca2ec000-7f63ca2ed000 rw-p 0003d000 08:01 2114819                    /lib/x86_64-linux-gnu/libpcre.so.3.13.1
7f63ca2ed000-7f63ca2f4000 r-xp 00000000 08:01 3675991                    /usr/lib/x86_64-linux-gnu/libffi.so.6.0.1
7f63ca2f4000-7f63ca4f3000 ---p 00007000 08:01 3675991                    /usr/lib/x86_64-linux-gnu/libffi.so.6.0.1
7f63ca4f3000-7f63ca4f4000 r--p 00006000 08:01 3675991                    /usr/lib/x86_64-linux-gnu/libffi.so.6.0.1
7f63ca4f4000-7f63ca4f5000 rw-p 00007000 08:01 3675991                    /usr/lib/x86_64-linux-gnu/libffi.so.6.0.1
7f63ca4f5000-7f63ca50c000 r-xp 00000000 08:01 2104446                    /lib/x86_64-linux-gnu/libresolv-2.19.so
7f63ca50c000-7f63ca70c000 ---p 00017000 08:01 2104446                    /lib/x86_64-linux-gnu/libresolv-2.19.so
7f63ca70c000-7f63ca70d000 r--p 00017000 08:01 2104446                    /lib/x86_64-linux-gnu/libresolv-2.19.so
7f63ca70d000-7f63ca70e000 rw-p 00018000 08:01 2104446                    /lib/x86_64-linux-gnu/libresolv-2.19.so
7f63ca70e000-7f63ca710000 rw-p 00000000 00:00 0 
7f63ca710000-7f63ca730000 r-xp 00000000 08:01 2103373                    /lib/x86_64-linux-gnu/libselinux.so.1
7f63ca730000-7f63ca92f000 ---p 00020000 08:01 2103373                    /lib/x86_64-linux-gnu/libselinux.so.1
7f63ca92f000-7f63ca930000 r--p 0001f000 08:01 2103373                    /lib/x86_64-linux-gnu/libselinux.so.1
7f63ca930000-7f63ca931000 rw-p 00020000 08:01 2103373                    /lib/x86_64-linux-gnu/libselinux.so.1
7f63ca931000-7f63ca933000 rw-p 00000000 00:00 0 
7f63ca933000-7f63ca936000 r-xp 00000000 08:01 3676104                    /usr/lib/x86_64-linux-gnu/libgmodule-2.0.so.0.4002.0
7f63ca936000-7f63cab35000 ---p 00003000 08:01 3676104                    /usr/lib/x86_64-linux-gnu/libgmodule-2.0.so.0.4002.0
7f63cab35000-7f63cab36000 r--p 00002000 08:01 3676104                    /usr/lib/x86_64-linux-gnu/libgmodule-2.0.so.0.4002.0
7f63cab36000-7f63cab37000 rw-p 00003000 08:01 3676104                    /usr/lib/x86_64-linux-gnu/libgmodule-2.0.so.0.4002.0
7f63cab37000-7f63cac3d000 r-xp 00000000 08:01 2103274                    /lib/x86_64-linux-gnu/libglib-2.0.so.0.4002.0
7f63cac3d000-7f63cae3c000 ---p 00106000 08:01 2103274                    /lib/x86_64-linux-gnu/libglib-2.0.so.0.4002.0
7f63cae3c000-7f63cae3d000 r--p 00105000 08:01 2103274                    /lib/x86_64-linux-gnu/libglib-2.0.so.0.4002.0
7f63cae3d000-7f63cae3e000 rw-p 00106000 08:01 2103274                    /lib/x86_64-linux-gnu/libglib-2.0.so.0.4002.0
7f63cae3e000-7f63cae3f000 rw-p 00000000 00:00 0 
7f63cae3f000-7f63cae8e000 r-xp 00000000 08:01 3676120                    /usr/lib/x86_64-linux-gnu/libgobject-2.0.so.0.4002.0
7f63cae8e000-7f63cb08e000 ---p 0004f000 08:01 3676120                    /usr/lib/x86_64-linux-gnu/libgobject-2.0.so.0.4002.0
7f63cb08e000-7f63cb08f000 r--p 0004f000 08:01 3676120                    /usr/lib/x86_64-linux-gnu/libgobject-2.0.so.0.4002.0
7f63cb08f000-7f63cb090000 rw-p 00050000 08:01 3676120                    /usr/lib/x86_64-linux-gnu/libgobject-2.0.so.0.4002.0
7f63cb090000-7f63cb1fc000 r-xp 00000000 08:01 3676092                    /usr/lib/x86_64-linux-gnu/libgio-2.0.so.0.4002.0
7f63cb1fc000-7f63cb3fb000 ---p 0016c000 08:01 3676092                    /usr/lib/x86_64-linux-gnu/libgio-2.0.so.0.4002.0
7f63cb3fb000-7f63cb3ff000 r--p 0016b000 08:01 3676092                    /usr/lib/x86_64-linux-gnu/libgio-2.0.so.0.4002.0
7f63cb3ff000-7f63cb401000 rw-p 0016f000 08:01 3676092                    /usr/lib/x86_64-linux-gnu/libgio-2.0.so.0.4002.0
7f63cb401000-7f63cb403000 rw-p 00000000 00:00 0 
7f63cb403000-7f63cb41a000 r-xp 00000000 08:01 4853681                    /usr/lib/jvm/java-7-openjdk-amd64/jre/lib/amd64/libnet.so
7f63cb41a000-7f63cb619000 ---p 00017000 08:01 4853681                    /usr/lib/jvm/java-7-openjdk-amd64/jre/lib/amd64/libnet.so
7f63cb619000-7f63cb61a000 r--p 00016000 08:01 4853681                    /usr/lib/jvm/java-7-openjdk-amd64/jre/lib/amd64/libnet.so
7f63cb61a000-7f63cb61b000 rw-p 00017000 08:01 4853681                    /usr/lib/jvm/java-7-openjdk-amd64/jre/lib/amd64/libnet.so
7f63cb61b000-7f63cb61c000 ---p 00000000 00:00 0 
7f63cb61c000-7f63cb71c000 rw-p 00000000 00:00 0                          [stack:27776]
7f63cb71c000-7f63cb71f000 ---p 00000000 00:00 0 
7f63cb71f000-7f63cb81d000 rw-p 00000000 00:00 0                          [stack:27775]
7f63cb81d000-7f63cb820000 ---p 00000000 00:00 0 
7f63cb820000-7f63cb91e000 rw-p 00000000 00:00 0                          [stack:27774]
7f63cb91e000-7f63cc000000 r--p 00000000 08:01 3674563                    /usr/lib/locale/locale-archive
7f63cc000000-7f63cc021000 rw-p 00000000 00:00 0 
7f63cc021000-7f63d0000000 ---p 00000000 00:00 0 
7f63d0000000-7f63d0021000 rw-p 00000000 00:00 0 
7f63d0021000-7f63d4000000 ---p 00000000 00:00 0 
7f63d4000000-7f63d4021000 rw-p 00000000 00:00 0 
7f63d4021000-7f63d8000000 ---p 00000000 00:00 0 
7f63d8000000-7f63d8001000 rw-s eff6e000 00:05 13214                      /dev/nvidia0
7f63d8001000-7f63d8002000 rw-s 15b0d9000 00:05 13212                     /dev/nvidiactl
7f63d8002000-7f63d8003000 rw-s eff6d000 00:05 13214                      /dev/nvidia0
7f63d8003000-7f63d8004000 rw-s 527f3000 00:05 13212                      /dev/nvidiactl
7f63d8004000-7f63d8005000 rw-s eff6c000 00:05 13214                      /dev/nvidia0
7f63d8005000-7f63d8006000 rw-s 1f14ea000 00:05 13212                     /dev/nvidiactl
7f63d8006000-7f63d8007000 rw-s eff6b000 00:05 13214                      /dev/nvidia0
7f63d8007000-7f63d8008000 rw-s 7ac7c000 00:05 13212                      /dev/nvidiactl
7f63d8008000-7f63d8009000 rw-s eff6a000 00:05 13214                      /dev/nvidia0
7f63d8009000-7f63d800a000 rw-s 94f26000 00:05 13212                      /dev/nvidiactl
7f63d800a000-7f63d800b000 rw-s eff69000 00:05 13214                      /dev/nvidia0
7f63d800b000-7f63d800c000 rw-s 639e4000 00:05 13212                      /dev/nvidiactl
7f63d800c000-7f63d800d000 rw-s eff68000 00:05 13214                      /dev/nvidia0
7f63d800d000-7f63d800e000 rw-s b94ea000 00:05 13212                      /dev/nvidiactl
7f63d800e000-7f63d800f000 rw-s eff67000 00:05 13214                      /dev/nvidia0
7f63d800f000-7f63d8010000 rw-s 1b26d3000 00:05 13212                     /dev/nvidiactl
7f63d8010000-7f63d8011000 rw-s eff66000 00:05 13214                      /dev/nvidia0
7f63d8011000-7f63d8012000 rw-s bcf52000 00:05 13212                      /dev/nvidiactl
7f63d8012000-7f63d8013000 rw-s eff65000 00:05 13214                      /dev/nvidia0
7f63d8013000-7f63d8044000 rw-p 00000000 00:00 0 
7f63d8044000-7f63d8045000 rw-s 1b27bf000 00:05 13212                     /dev/nvidiactl
7f63d8045000-7f63d804c000 r--s 00000000 08:01 4203242                    /usr/lib/x86_64-linux-gnu/gconv/gconv-modules.cache
7f63d804c000-7f63d804d000 r--p 00000000 08:01 4461979                    /usr/share/locale-langpack/en_GB/LC_MESSAGES/libc.mo
7f63d804d000-7f63d804e000 rw-s eff64000 00:05 13214                      /dev/nvidia0
7f63d804e000-7f63d804f000 rw-s 1ae57a000 00:05 13212                     /dev/nvidiactl
7f63d804f000-7f63d8050000 rw-s eff63000 00:05 13214                      /dev/nvidia0
7f63d8050000-7f63d8051000 rw-s 1f0ead000 00:05 13212                     /dev/nvidiactl
7f63d8051000-7f63d8072000 rw-p 00000000 00:00 0 
7f63d8072000-7f63d8074000 r--s 00000000 08:06 63540                      /home/ericbarnhill/Documents/code/jogamp/gluegen/build/gluegen-rt-natives-linux-amd64.jar
7f63d8074000-7f63d8077000 ---p 00000000 00:00 0 
7f63d8077000-7f63d80ad000 rw-p 00000000 00:00 0                          [stack:27780]
7f63d80ad000-7f63d80b2000 r--s 0004d000 08:01 4080643                    /usr/lib/jvm/java-7-openjdk-amd64/jre/lib/jsse.jar
7f63d80b2000-7f63d80bd000 r--s 0006f000 08:06 23467237                   /home/ericbarnhill/Documents/code/jtransforms-2.4.jar
7f63d80bd000-7f63d80c3000 r--s 0004f000 08:06 63508                      /home/ericbarnhill/Documents/code/jogamp/gluegen/build/gluegen-rt.jar
7f63d80c3000-7f63d80c9000 r--s 00030000 08:06 68770                      /home/ericbarnhill/Documents/code/jogamp/jocl/build/jar/jocl.jar
7f63d80c9000-7f63d80cc000 r--s 000bd000 08:06 70280                      /home/ericbarnhill/Documents/code/jogamp/jocl-demos/build/jar/jocl-demos.jar
7f63d80cc000-7f63d80d0000 r--s 00034000 08:01 4458065                    /usr/lib/jvm/java-7-openjdk-amd64/jre/lib/ext/sunjce_provider.jar
7f63d80d0000-7f63d80d3000 ---p 00000000 00:00 0 
7f63d80d3000-7f63d81d1000 rw-p 00000000 00:00 0                          [stack:27773]
7f63d81d1000-7f63d81d4000 ---p 00000000 00:00 0 
7f63d81d4000-7f63d82d2000 rw-p 00000000 00:00 0                          [stack:27772]
7f63d82d2000-7f63d82d5000 ---p 00000000 00:00 0 
7f63d82d5000-7f63d83d3000 rw-p 00000000 00:00 0                          [stack:27770]
7f63d83d3000-7f63d83d6000 ---p 00000000 00:00 0 
7f63d83d6000-7f63d84d4000 rw-p 00000000 00:00 0                          [stack:27769]
7f63d84d4000-7f63d84d5000 ---p 00000000 00:00 0 
7f63d84d5000-7f63d9000000 rw-p 00000000 00:00 0                          [stack:27768]
7f63d9000000-7f63d9270000 rwxp 00000000 00:00 0 
7f63d9270000-7f63dd1fd000 rw-p 00000000 00:00 0 
7f63dd1fd000-7f63e0000000 ---p 00000000 00:00 0 
7f63e0000000-7f63e0001000 r--s 00002000 08:06 68771                      /home/ericbarnhill/Documents/code/jogamp/jocl/build/jar/jocl-natives-linux-amd64.jar
7f63e0001000-7f63e0002000 r--p 00000000 00:00 0 
7f63e0002000-7f63e0006000 r--s 0003c000 08:01 4458066                    /usr/lib/jvm/java-7-openjdk-amd64/jre/lib/ext/sunpkcs11.jar
7f63e0006000-7f63e05b7000 rw-p 00000000 00:00 0 
7f63e05b7000-7f63e0768000 r--s 01d29000 08:01 4080636                    /usr/lib/jvm/java-7-openjdk-amd64/jre/lib/rt.jar
7f63e0768000-7f63e0cb9000 rw-p 00000000 00:00 0 
7f63e0cb9000-7f63e0cba000 ---p 00000000 00:00 0 
7f63e0cba000-7f63e0dba000 rw-p 00000000 00:00 0                          [stack:27767]
7f63e0dba000-7f63e0dbb000 ---p 00000000 00:00 0 
7f63e0dbb000-7f63e0ebb000 rw-p 00000000 00:00 0                          [stack:27766]
7f63e0ebb000-7f63e0ebc000 ---p 00000000 00:00 0 
7f63e0ebc000-7f63e0fbc000 rw-p 00000000 00:00 0                          [stack:27765]
7f63e0fbc000-7f63e0fbd000 ---p 00000000 00:00 0 
7f63e0fbd000-7f63e10c8000 rw-p 00000000 00:00 0                          [stack:27764]
7f63e10c8000-7f63e1110000 rw-p 00000000 00:00 0 
7f63e1110000-7f63e1139000 rw-p 00000000 00:00 0 
7f63e1139000-7f63e13a2000 rw-p 00000000 00:00 0 
7f63e13a2000-7f63e13ad000 rw-p 00000000 00:00 0 
7f63e13ad000-7f63e13f5000 rw-p 00000000 00:00 0 
7f63e13f5000-7f63e141e000 rw-p 00000000 00:00 0 
7f63e141e000-7f63e1687000 rw-p 00000000 00:00 0 
7f63e1687000-7f63e169c000 rw-p 00000000 00:00 0 
7f63e169c000-7f63e17d0000 rw-p 00000000 00:00 0 
7f63e17d0000-7f63e17d1000 rw-p 00000000 00:00 0 
7f63e17d1000-7f63e17d9000 r-xp 00000000 08:01 4851601                    /usr/lib/jvm/java-7-openjdk-amd64/jre/lib/amd64/libzip.so
7f63e17d9000-7f63e19d8000 ---p 00008000 08:01 4851601                    /usr/lib/jvm/java-7-openjdk-amd64/jre/lib/amd64/libzip.so
7f63e19d8000-7f63e19d9000 r--p 00007000 08:01 4851601                    /usr/lib/jvm/java-7-openjdk-amd64/jre/lib/amd64/libzip.so
7f63e19d9000-7f63e19da000 rw-p 00008000 08:01 4851601                    /usr/lib/jvm/java-7-openjdk-amd64/jre/lib/amd64/libzip.so
7f63e19da000-7f63e19e5000 r-xp 00000000 08:01 2104454                    /lib/x86_64-linux-gnu/libnss_files-2.19.so
7f63e19e5000-7f63e1be4000 ---p 0000b000 08:01 2104454                    /lib/x86_64-linux-gnu/libnss_files-2.19.so
7f63e1be4000-7f63e1be5000 r--p 0000a000 08:01 2104454                    /lib/x86_64-linux-gnu/libnss_files-2.19.so
7f63e1be5000-7f63e1be6000 rw-p 0000b000 08:01 2104454                    /lib/x86_64-linux-gnu/libnss_files-2.19.so
7f63e1be6000-7f63e1bf1000 r-xp 00000000 08:01 2104474                    /lib/x86_64-linux-gnu/libnss_nis-2.19.so
7f63e1bf1000-7f63e1df0000 ---p 0000b000 08:01 2104474                    /lib/x86_64-linux-gnu/libnss_nis-2.19.so
7f63e1df0000-7f63e1df1000 r--p 0000a000 08:01 2104474                    /lib/x86_64-linux-gnu/libnss_nis-2.19.so
7f63e1df1000-7f63e1df2000 rw-p 0000b000 08:01 2104474                    /lib/x86_64-linux-gnu/libnss_nis-2.19.so
7f63e1df2000-7f63e1e09000 r-xp 00000000 08:01 2104463                    /lib/x86_64-linux-gnu/libnsl-2.19.so
7f63e1e09000-7f63e2008000 ---p 00017000 08:01 2104463                    /lib/x86_64-linux-gnu/libnsl-2.19.so
7f63e2008000-7f63e2009000 r--p 00016000 08:01 2104463                    /lib/x86_64-linux-gnu/libnsl-2.19.so
7f63e2009000-7f63e200a000 rw-p 00017000 08:01 2104463                    /lib/x86_64-linux-gnu/libnsl-2.19.so
7f63e200a000-7f63e200c000 rw-p 00000000 00:00 0 
7f63e200c000-7f63e2015000 r-xp 00000000 08:01 2104462                    /lib/x86_64-linux-gnu/libnss_compat-2.19.so
7f63e2015000-7f63e2214000 ---p 00009000 08:01 2104462                    /lib/x86_64-linux-gnu/libnss_compat-2.19.so
7f63e2214000-7f63e2215000 r--p 00008000 08:01 2104462                    /lib/x86_64-linux-gnu/libnss_compat-2.19.so
7f63e2215000-7f63e2216000 rw-p 00009000 08:01 2104462                    /lib/x86_64-linux-gnu/libnss_compat-2.19.so
7f63e2216000-7f63e2241000 r-xp 00000000 08:01 4853689                    /usr/lib/jvm/java-7-openjdk-amd64/jre/lib/amd64/libjava.so
7f63e2241000-7f63e2440000 ---p 0002b000 08:01 4853689                    /usr/lib/jvm/java-7-openjdk-amd64/jre/lib/amd64/libjava.so
7f63e2440000-7f63e2441000 r--p 0002a000 08:01 4853689                    /usr/lib/jvm/java-7-openjdk-amd64/jre/lib/amd64/libjava.so
7f63e2441000-7f63e2443000 rw-p 0002b000 08:01 4853689                    /usr/lib/jvm/java-7-openjdk-amd64/jre/lib/amd64/libjava.so
7f63e2443000-7f63e2453000 r-xp 00000000 08:01 4853672                    /usr/lib/jvm/java-7-openjdk-amd64/jre/lib/amd64/libverify.so
7f63e2453000-7f63e2652000 ---p 00010000 08:01 4853672                    /usr/lib/jvm/java-7-openjdk-amd64/jre/lib/amd64/libverify.so
7f63e2652000-7f63e2654000 r--p 0000f000 08:01 4853672                    /usr/lib/jvm/java-7-openjdk-amd64/jre/lib/amd64/libverify.so
7f63e2654000-7f63e2655000 rw-p 00011000 08:01 4853672                    /usr/lib/jvm/java-7-openjdk-amd64/jre/lib/amd64/libverify.so
7f63e2655000-7f63e265c000 r-xp 00000000 08:01 2104471                    /lib/x86_64-linux-gnu/librt-2.19.so
7f63e265c000-7f63e285b000 ---p 00007000 08:01 2104471                    /lib/x86_64-linux-gnu/librt-2.19.so
7f63e285b000-7f63e285c000 r--p 00006000 08:01 2104471                    /lib/x86_64-linux-gnu/librt-2.19.so
7f63e285c000-7f63e285d000 rw-p 00007000 08:01 2104471                    /lib/x86_64-linux-gnu/librt-2.19.so
7f63e285d000-7f63e2873000 r-xp 00000000 08:01 2103270                    /lib/x86_64-linux-gnu/libgcc_s.so.1
7f63e2873000-7f63e2a72000 ---p 00016000 08:01 2103270                    /lib/x86_64-linux-gnu/libgcc_s.so.1
7f63e2a72000-7f63e2a73000 rw-p 00015000 08:01 2103270                    /lib/x86_64-linux-gnu/libgcc_s.so.1
7f63e2a73000-7f63e2b78000 r-xp 00000000 08:01 2104453                    /lib/x86_64-linux-gnu/libm-2.19.so
7f63e2b78000-7f63e2d77000 ---p 00105000 08:01 2104453                    /lib/x86_64-linux-gnu/libm-2.19.so
7f63e2d77000-7f63e2d78000 r--p 00104000 08:01 2104453                    /lib/x86_64-linux-gnu/libm-2.19.so
7f63e2d78000-7f63e2d79000 rw-p 00105000 08:01 2104453                    /lib/x86_64-linux-gnu/libm-2.19.so
7f63e2d79000-7f63e2e5f000 r-xp 00000000 08:01 3670377                    /usr/lib/x86_64-linux-gnu/libstdc++.so.6.0.19
7f63e2e5f000-7f63e305e000 ---p 000e6000 08:01 3670377                    /usr/lib/x86_64-linux-gnu/libstdc++.so.6.0.19
7f63e305e000-7f63e3066000 r--p 000e5000 08:01 3670377                    /usr/lib/x86_64-linux-gnu/libstdc++.so.6.0.19
7f63e3066000-7f63e3068000 rw-p 000ed000 08:01 3670377                    /usr/lib/x86_64-linux-gnu/libstdc++.so.6.0.19
7f63e3068000-7f63e307d000 rw-p 00000000 00:00 0 
7f63e307d000-7f63e3b96000 r-xp 00000000 08:01 5274730                    /usr/lib/jvm/java-7-openjdk-amd64/jre/lib/amd64/server/libjvm.so
7f63e3b96000-7f63e3d96000 ---p 00b19000 08:01 5274730                    /usr/lib/jvm/java-7-openjdk-amd64/jre/lib/amd64/server/libjvm.so
7f63e3d96000-7f63e3e30000 r--p 00b19000 08:01 5274730                    /usr/lib/jvm/java-7-openjdk-amd64/jre/lib/amd64/server/libjvm.so
7f63e3e30000-7f63e3e53000 rw-p 00bb3000 08:01 5274730                    /usr/lib/jvm/java-7-openjdk-amd64/jre/lib/amd64/server/libjvm.so
7f63e3e53000-7f63e3e81000 rw-p 00000000 00:00 0 
7f63e3e81000-7f63e3e99000 r-xp 00000000 08:01 2103406                    /lib/x86_64-linux-gnu/libz.so.1.2.8
7f63e3e99000-7f63e4098000 ---p 00018000 08:01 2103406                    /lib/x86_64-linux-gnu/libz.so.1.2.8
7f63e4098000-7f63e4099000 r--p 00017000 08:01 2103406                    /lib/x86_64-linux-gnu/libz.so.1.2.8
7f63e4099000-7f63e409a000 rw-p 00018000 08:01 2103406                    /lib/x86_64-linux-gnu/libz.so.1.2.8
7f63e409a000-7f63e40b3000 r-xp 00000000 08:01 2104469                    /lib/x86_64-linux-gnu/libpthread-2.19.so
7f63e40b3000-7f63e42b2000 ---p 00019000 08:01 2104469                    /lib/x86_64-linux-gnu/libpthread-2.19.so
7f63e42b2000-7f63e42b3000 r--p 00018000 08:01 2104469                    /lib/x86_64-linux-gnu/libpthread-2.19.so
7f63e42b3000-7f63e42b4000 rw-p 00019000 08:01 2104469                    /lib/x86_64-linux-gnu/libpthread-2.19.so
7f63e42b4000-7f63e42b8000 rw-p 00000000 00:00 0 
7f63e42b8000-7f63e42bb000 r-xp 00000000 08:01 2104457                    /lib/x86_64-linux-gnu/libdl-2.19.so
7f63e42bb000-7f63e44ba000 ---p 00003000 08:01 2104457                    /lib/x86_64-linux-gnu/libdl-2.19.so
7f63e44ba000-7f63e44bb000 r--p 00002000 08:01 2104457                    /lib/x86_64-linux-gnu/libdl-2.19.so
7f63e44bb000-7f63e44bc000 rw-p 00003000 08:01 2104457                    /lib/x86_64-linux-gnu/libdl-2.19.so
7f63e44bc000-7f63e4677000 r-xp 00000000 08:01 2104468                    /lib/x86_64-linux-gnu/libc-2.19.so
7f63e4677000-7f63e4876000 ---p 001bb000 08:01 2104468                    /lib/x86_64-linux-gnu/libc-2.19.so
7f63e4876000-7f63e487a000 r--p 001ba000 08:01 2104468                    /lib/x86_64-linux-gnu/libc-2.19.so
7f63e487a000-7f63e487c000 rw-p 001be000 08:01 2104468                    /lib/x86_64-linux-gnu/libc-2.19.so
7f63e487c000-7f63e4881000 rw-p 00000000 00:00 0 
7f63e4881000-7f63e488e000 r-xp 00000000 08:01 4997030                    /usr/lib/jvm/java-7-openjdk-amd64/jre/lib/amd64/jli/libjli.so
7f63e488e000-7f63e4a8d000 ---p 0000d000 08:01 4997030                    /usr/lib/jvm/java-7-openjdk-amd64/jre/lib/amd64/jli/libjli.so
7f63e4a8d000-7f63e4a8e000 r--p 0000c000 08:01 4997030                    /usr/lib/jvm/java-7-openjdk-amd64/jre/lib/amd64/jli/libjli.so
7f63e4a8e000-7f63e4a8f000 rw-p 0000d000 08:01 4997030                    /usr/lib/jvm/java-7-openjdk-amd64/jre/lib/amd64/jli/libjli.so
7f63e4a8f000-7f63e4ab2000 r-xp 00000000 08:01 2104465                    /lib/x86_64-linux-gnu/ld-2.19.so
7f63e4ab2000-7f63e4ab3000 r--s 00002000 08:01 4457732                    /usr/lib/jvm/java-7-openjdk-amd64/jre/lib/ext/dnsns.jar
7f63e4ab3000-7f63e4ab5000 r--s 00012000 08:01 4458090                    /usr/lib/jvm/java-7-openjdk-amd64/jre/lib/ext/zipfs.jar
7f63e4ab5000-7f63e4ab9000 r--s 00085000 08:01 4457243                    /usr/lib/jvm/java-7-openjdk-amd64/jre/lib/ext/localedata.jar
7f63e4ab9000-7f63e4ac3000 rw-p 00000000 00:00 0 
7f63e4ac3000-7f63e4b79000 rw-p 00000000 00:00 0 
7f63e4b79000-7f63e4b7c000 ---p 00000000 00:00 0 
7f63e4b7c000-7f63e4c7f000 rw-p 00000000 00:00 0                          [stack:27763]
7f63e4c7f000-7f63e4c82000 r--s 0000f000 08:01 4458072                    /usr/lib/jvm/java-7-openjdk-amd64/jre/lib/ext/icedtea-sound.jar
7f63e4c82000-7f63e4c84000 r--s 00006000 08:01 4210395                    /usr/share/java/java-atk-wrapper.jar
7f63e4c84000-7f63e4ca5000 rw-p 00000000 00:00 0 
7f63e4ca5000-7f63e4cad000 rw-s 00000000 08:01 4982138                    /tmp/hsperfdata_root/27758
7f63e4cad000-7f63e4cae000 rw-p 00000000 00:00 0 
7f63e4cae000-7f63e4caf000 r--p 00000000 00:00 0 
7f63e4caf000-7f63e4cb1000 rw-p 00000000 00:00 0 
7f63e4cb1000-7f63e4cb2000 r--p 00022000 08:01 2104465                    /lib/x86_64-linux-gnu/ld-2.19.so
7f63e4cb2000-7f63e4cb3000 rw-p 00023000 08:01 2104465                    /lib/x86_64-linux-gnu/ld-2.19.so
7f63e4cb3000-7f63e4cb4000 rw-p 00000000 00:00 0 
7ffc87944000-7ffc87965000 rw-p 00000000 00:00 0                          [stack]
7ffc879d3000-7ffc879d5000 r-xp 00000000 00:00 0                          [vdso]
7ffc879d5000-7ffc879d7000 r--p 00000000 00:00 0                          [vvar]
ffffffffff600000-ffffffffff601000 r-xp 00000000 00:00 0                  [vsyscall]

VM Arguments:
jvm_args: -Dfile.encoding=UTF-8 
java_command: jvcl.GPUFFT
Launcher Type: SUN_STANDARD

Environment Variables:
PATH=/usr/local/sbin:/usr/local/bin:/usr/sbin:/usr/bin:/sbin:/bin
USERNAME=root
SHELL=/bin/bash
DISPLAY=:0

Signal Handlers:
SIGSEGV: [libjvm.so+0x94bab0], sa_mask[0]=0x7ffbfeff, sa_flags=0x10000004
SIGBUS: [libjvm.so+0x94bab0], sa_mask[0]=0x7ffbfeff, sa_flags=0x10000004
SIGFPE: [libjvm.so+0x7c38b0], sa_mask[0]=0x7ffbfeff, sa_flags=0x10000004
SIGPIPE: [libjvm.so+0x7c38b0], sa_mask[0]=0x7ffbfeff, sa_flags=0x10000004
SIGXFSZ: [libjvm.so+0x7c38b0], sa_mask[0]=0x7ffbfeff, sa_flags=0x10000004
SIGILL: [libjvm.so+0x7c38b0], sa_mask[0]=0x7ffbfeff, sa_flags=0x10000004
SIGUSR1: SIG_DFL, sa_mask[0]=0x00000000, sa_flags=0x00000000
SIGUSR2: [libjvm.so+0x7c3750], sa_mask[0]=0x00000004, sa_flags=0x10000004
SIGHUP: [libjvm.so+0x7c3930], sa_mask[0]=0x7ffbfeff, sa_flags=0x10000004
SIGINT: [libjvm.so+0x7c3930], sa_mask[0]=0x7ffbfeff, sa_flags=0x10000004
SIGTERM: [libjvm.so+0x7c3930], sa_mask[0]=0x7ffbfeff, sa_flags=0x10000004
SIGQUIT: [libjvm.so+0x7c3930], sa_mask[0]=0x7ffbfeff, sa_flags=0x10000004
SIGTRAP: SIG_DFL, sa_mask[0]=0x00000000, sa_flags=0x00000000


---------------  S Y S T E M  ---------------

OS:Ubuntu 14.04 (trusty)
uname:Linux 3.16.0-49-generic #65~14.04.1-Ubuntu SMP Wed Sep 9 10:03:23 UTC 2015 x86_64
libc:glibc 2.19 NPTL 2.19 
rlimit: STACK 8192k, CORE 0k, NPROC 31478, NOFILE 4096, AS infinity
load average:0.37 0.67 0.49

/proc/meminfo:
MemTotal:        8079900 kB
MemFree:         4048332 kB
MemAvailable:    6328008 kB
Buffers:          719836 kB
Cached:          1511524 kB
SwapCached:            0 kB
Active:          2533832 kB
Inactive:         882872 kB
Active(anon):    1186608 kB
Inactive(anon):    32212 kB
Active(file):    1347224 kB
Inactive(file):   850660 kB
Unevictable:         104 kB
Mlocked:             104 kB
SwapTotal:       9999356 kB
SwapFree:        9999356 kB
Dirty:               452 kB
Writeback:             0 kB
AnonPages:       1185488 kB
Mapped:           345864 kB
Shmem:             33476 kB
Slab:             376164 kB
SReclaimable:     335196 kB
SUnreclaim:        40968 kB
KernelStack:       11792 kB
PageTables:        33408 kB
NFS_Unstable:          0 kB
Bounce:                0 kB
WritebackTmp:          0 kB
CommitLimit:    14039304 kB
Committed_AS:    4858288 kB
VmallocTotal:   34359738367 kB
VmallocUsed:      394184 kB
VmallocChunk:   34359275188 kB
HardwareCorrupted:     0 kB
AnonHugePages:    716800 kB
HugePages_Total:       0
HugePages_Free:        0
HugePages_Rsvd:        0
HugePages_Surp:        0
Hugepagesize:       2048 kB
DirectMap4k:      298656 kB
DirectMap2M:     7993344 kB


CPU:total 4 (2 cores per cpu, 2 threads per core) family 6 model 58 stepping 9, cmov, cx8, fxsr, mmx, sse, sse2, sse3, ssse3, sse4.1, sse4.2, popcnt, avx, aes, erms, ht, tsc, tscinvbit, tscinv

/proc/cpuinfo:
processor	: 0
vendor_id	: GenuineIntel
cpu family	: 6
model		: 58
model name	: Intel(R) Core(TM) i7-3520M CPU @ 2.90GHz
stepping	: 9
microcode	: 0x19
cpu MHz		: 3419.960
cache size	: 4096 KB
physical id	: 0
siblings	: 4
core id		: 0
cpu cores	: 2
apicid		: 0
initial apicid	: 0
fpu		: yes
fpu_exception	: yes
cpuid level	: 13
wp		: yes
flags		: fpu vme de pse tsc msr pae mce cx8 apic sep mtrr pge mca cmov pat pse36 clflush dts acpi mmx fxsr sse sse2 ss ht tm pbe syscall nx rdtscp lm constant_tsc arch_perfmon pebs bts rep_good nopl xtopology nonstop_tsc aperfmperf eagerfpu pni pclmulqdq dtes64 monitor ds_cpl vmx smx est tm2 ssse3 cx16 xtpr pdcm pcid sse4_1 sse4_2 x2apic popcnt tsc_deadline_timer aes xsave avx f16c rdrand lahf_lm ida arat epb xsaveopt pln pts dtherm tpr_shadow vnmi flexpriority ept vpid fsgsbase smep erms
bogomips	: 5781.00
clflush size	: 64
cache_alignment	: 64
address sizes	: 36 bits physical, 48 bits virtual
power management:

processor	: 1
vendor_id	: GenuineIntel
cpu family	: 6
model		: 58
model name	: Intel(R) Core(TM) i7-3520M CPU @ 2.90GHz
stepping	: 9
microcode	: 0x19
cpu MHz		: 3400.023
cache size	: 4096 KB
physical id	: 0
siblings	: 4
core id		: 1
cpu cores	: 2
apicid		: 2
initial apicid	: 2
fpu		: yes
fpu_exception	: yes
cpuid level	: 13
wp		: yes
flags		: fpu vme de pse tsc msr pae mce cx8 apic sep mtrr pge mca cmov pat pse36 clflush dts acpi mmx fxsr sse sse2 ss ht tm pbe syscall nx rdtscp lm constant_tsc arch_perfmon pebs bts rep_good nopl xtopology nonstop_tsc aperfmperf eagerfpu pni pclmulqdq dtes64 monitor ds_cpl vmx smx est tm2 ssse3 cx16 xtpr pdcm pcid sse4_1 sse4_2 x2apic popcnt tsc_deadline_timer aes xsave avx f16c rdrand lahf_lm ida arat epb xsaveopt pln pts dtherm tpr_shadow vnmi flexpriority ept vpid fsgsbase smep erms
bogomips	: 5781.00
clflush size	: 64
cache_alignment	: 64
address sizes	: 36 bits physical, 48 bits virtual
power management:

processor	: 2
vendor_id	: GenuineIntel
cpu family	: 6
model		: 58
model name	: Intel(R) Core(TM) i7-3520M CPU @ 2.90GHz
stepping	: 9
microcode	: 0x19
cpu MHz		: 3448.847
cache size	: 4096 KB
physical id	: 0
siblings	: 4
core id		: 0
cpu cores	: 2
apicid		: 1
initial apicid	: 1
fpu		: yes
fpu_exception	: yes
cpuid level	: 13
wp		: yes
flags		: fpu vme de pse tsc msr pae mce cx8 apic sep mtrr pge mca cmov pat pse36 clflush dts acpi mmx fxsr sse sse2 ss ht tm pbe syscall nx rdtscp lm constant_tsc arch_perfmon pebs bts rep_good nopl xtopology nonstop_tsc aperfmperf eagerfpu pni pclmulqdq dtes64 monitor ds_cpl vmx smx est tm2 ssse3 cx16 xtpr pdcm pcid sse4_1 sse4_2 x2apic popcnt tsc_deadline_timer aes xsave avx f16c rdrand lahf_lm ida arat epb xsaveopt pln pts dtherm tpr_shadow vnmi flexpriority ept vpid fsgsbase smep erms
bogomips	: 5781.00
clflush size	: 64
cache_alignment	: 64
address sizes	: 36 bits physical, 48 bits virtual
power management:

processor	: 3
vendor_id	: GenuineIntel
cpu family	: 6
model		: 58
model name	: Intel(R) Core(TM) i7-3520M CPU @ 2.90GHz
stepping	: 9
microcode	: 0x19
cpu MHz		: 3400.023
cache size	: 4096 KB
physical id	: 0
siblings	: 4
core id		: 1
cpu cores	: 2
apicid		: 3
initial apicid	: 3
fpu		: yes
fpu_exception	: yes
cpuid level	: 13
wp		: yes
flags		: fpu vme de pse tsc msr pae mce cx8 apic sep mtrr pge mca cmov pat pse36 clflush dts acpi mmx fxsr sse sse2 ss ht tm pbe syscall nx rdtscp lm constant_tsc arch_perfmon pebs bts rep_good nopl xtopology nonstop_tsc aperfmperf eagerfpu pni pclmulqdq dtes64 monitor ds_cpl vmx smx est tm2 ssse3 cx16 xtpr pdcm pcid sse4_1 sse4_2 x2apic popcnt tsc_deadline_timer aes xsave avx f16c rdrand lahf_lm ida arat epb xsaveopt pln pts dtherm tpr_shadow vnmi flexpriority ept vpid fsgsbase smep erms
bogomips	: 5781.00
clflush size	: 64
cache_alignment	: 64
address sizes	: 36 bits physical, 48 bits virtual
power management:



Memory: 4k page, physical 8079900k(4048332k free), swap 9999356k(9999356k free)

vm_info: OpenJDK 64-Bit Server VM (24.79-b02) for linux-amd64 JRE (1.7.0_79-b14), built on Jul 24 2015 08:15:54 by "buildd" with gcc 4.8.2

time: Sun Oct  4 10:52:15 2015
elapsed time: 0 seconds

