#
# A fatal error has been detected by the Java Runtime Environment:
#
#  SIGSEGV (0xb) at pc=0x00007f094a8d44ac, pid=26969, tid=139678204241664
#
# JRE version: OpenJDK Runtime Environment (7.0_79-b14) (build 1.7.0_79-b14)
# Java VM: OpenJDK 64-Bit Server VM (24.79-b02 mixed mode linux-amd64 compressed oops)
# Derivative: IcedTea 2.5.6
# Distribution: Ubuntu 14.04 LTS, package 7u79-2.5.6-0ubuntu1.14.04.1
# Problematic frame:
# C  [libOpenCL.so.1+0x54ac]  clCreateBuffer+0xc
#
# Failed to write core dump. Core dumps have been disabled. To enable core dumping, try "ulimit -c unlimited" before starting Java again
#
# If you would like to submit a bug report, please include
# instructions on how to reproduce the bug and visit:
#   http://icedtea.classpath.org/bugzilla
# The crash happened outside the Java Virtual Machine in native code.
# See problematic frame for where to report the bug.
#

---------------  T H R E A D  ---------------

Current thread (0x00007f095400a000):  JavaThread "main" [_thread_in_native, id=26974, stack(0x00007f095daf2000,0x00007f095dbf3000)]

siginfo:si_signo=SIGSEGV: si_errno=0, si_code=128 (), si_addr=0x0000000000000000

Registers:
RAX=0x5f6176616a4c5a49, RBX=0x000000077a6f7348, RCX=0x0000000000000000, RDX=0x0000000000000004
RSP=0x00007f095dbf0fd8, RBP=0x00007f095dbf1040, RSI=0x0000000000000001, RDI=0x00007f0954fa7420
R8 =0x00000007d759e1b0, R9 =0x0000000000000000, R10=0x00007f0951012d6c, R11=0x00007f095c8532f0
R12=0x0000000000000000, R13=0x000000077a6f7348, R14=0x00007f095dbf1198, R15=0x00007f095400a000
RIP=0x00007f094a8d44ac, EFLAGS=0x0000000000010202, CSGSFS=0x0000000000000033, ERR=0x0000000000000000
  TRAPNO=0x000000000000000d

Top of Stack: (sp=0x00007f095dbf0fd8)
0x00007f095dbf0fd8:   00007f09489993c2 00007f0954fa7420
0x00007f095dbf0fe8:   0000000100000000 0000000000000000
0x00007f095dbf0ff8:   0000000000000004 0000000000000001
0x00007f095dbf1008:   00007f0954fa7420 00007f095dbf1198
0x00007f095dbf1018:   00007f095400a1d8 0000000000000000
0x00007f095dbf1028:   00000007d759e1b0 00007f094a8d44a0
0x00007f095dbf1038:   00007f0951012c2d 00007f095dbf1108
0x00007f095dbf1048:   00007f0951012d98 0000000000000000
0x00007f095dbf1058:   0000000000000001 00007f095dbf1148
0x00007f095dbf1068:   0000000000000000 0000000000000000
0x00007f095dbf1078:   00007f094a8d44a0 00007f0951005310
0x00007f095dbf1088:   0000000000000000 00007f095dbf11e0
0x00007f095dbf1098:   00007f095dbf1128 00007f095400ace8
0x00007f095dbf10a8:   00007f095400ace8 00007f095400ad18
0x00007f095dbf10b8:   00007f095400ad18 00000000fffffffe
0x00007f095dbf10c8:   00007f095dbf10c8 000000077a6f7348
0x00007f095dbf10d8:   00007f095dbf1198 000000077a7066d8
0x00007f095dbf10e8:   0000000000000000 000000077a6f7348
0x00007f095dbf10f8:   0000000000000000 00007f095dbf1128
0x00007f095dbf1108:   00007f095dbf11e0 00007f0951006175
0x00007f095dbf1118:   0000000000000000 00007f095100ecd7
0x00007f095dbf1128:   00007f094a8d44a0 0000000000000000
0x00007f095dbf1138:   0000000000000000 0000000000000000
0x00007f095dbf1148:   00000007d759e1a0 0000000000000001
0x00007f095dbf1158:   0000000000000000 0000000000000000
0x00007f095dbf1168:   0000000000000004 00007f095dbf1250
0x00007f095dbf1178:   0000000000000001 00007f095dbf11e0
0x00007f095dbf1188:   00007f0954fa7420 00007f094a8d44a0
0x00007f095dbf1198:   00000007d73cd398 00007f095dbf11a0
0x00007f095dbf11a8:   000000077a6f7546 00007f095dbf1250
0x00007f095dbf11b8:   000000077a7066d8 0000000000000000
0x00007f095dbf11c8:   000000077a6f7558 00007f095dbf1128 

Instructions: (pc=0x00007f094a8d44ac)
0x00007f094a8d448c:   ff e0 66 90 48 85 c9 74 06 c7 01 de ff ff ff 31
0x00007f094a8d449c:   c0 c3 66 90 48 85 ff 74 0b 48 8b 07 48 8b 40 70
0x00007f094a8d44ac:   ff e0 66 90 4d 85 c0 74 07 41 c7 00 de ff ff ff
0x00007f094a8d44bc:   31 c0 c3 90 48 85 ff 4c 8b 54 24 08 48 8b 44 24 

Register to memory mapping:

RAX=0x5f6176616a4c5a49 is an unknown value
RBX=0x000000077a6f7348 is an oop
{method} 
 - klass: {other class}
RCX=0x0000000000000000 is an unknown value
RDX=0x0000000000000004 is an unknown value
RSP=0x00007f095dbf0fd8 is pointing into the stack for thread: 0x00007f095400a000
RBP=0x00007f095dbf1040 is pointing into the stack for thread: 0x00007f095400a000
RSI=0x0000000000000001 is an unknown value
RDI=0x00007f0954fa7420 is an unknown value
R8 =0x00000007d759e1b0 is an unknown value
R9 =0x0000000000000000 is an unknown value
R10=0x00007f0951012d6c is at code_begin+620 in an Interpreter codelet
method entry point (kind = native)  [0x00007f0951012b00, 0x00007f0951013360]  2144 bytes
R11=0x00007f095c8532f0: <offset 0x85d2f0> in /usr/lib/jvm/java-7-openjdk-amd64/jre/lib/amd64/server/libjvm.so at 0x00007f095bff6000
R12=0x0000000000000000 is an unknown value
R13=0x000000077a6f7348 is an oop
{method} 
 - klass: {other class}
R14=0x00007f095dbf1198 is pointing into the stack for thread: 0x00007f095400a000
R15=0x00007f095400a000 is a thread


Stack: [0x00007f095daf2000,0x00007f095dbf3000],  sp=0x00007f095dbf0fd8,  free space=1019k
Native frames: (J=compiled Java code, j=interpreted, Vv=VM code, C=native code)
C  [libOpenCL.so.1+0x54ac]  clCreateBuffer+0xc
j  com.jogamp.opencl.llb.impl.CLAbstractImpl.dispatch_clCreateBuffer1(JJJLjava/lang/Object;IZLjava/lang/Object;IZJ)J+0
j  com.jogamp.opencl.llb.impl.CLAbstractImpl.clCreateBuffer(JJJLjava/nio/Buffer;[II)J+150
j  com.jogamp.opencl.CLBuffer.create(Lcom/jogamp/opencl/CLContext;Ljava/nio/Buffer;I)Lcom/jogamp/opencl/CLBuffer;+68
j  com.jogamp.opencl.CLContext.createBuffer(Ljava/nio/Buffer;I)Lcom/jogamp/opencl/CLBuffer;+3
j  com.jogamp.opencl.CLContext.createBuffer(Ljava/nio/Buffer;[Lcom/jogamp/opencl/CLMemory$Mem;)Lcom/jogamp/opencl/CLBuffer;+6
j  com.jogamp.opencl.CLContext.createFloatBuffer(I[Lcom/jogamp/opencl/CLMemory$Mem;)Lcom/jogamp/opencl/CLBuffer;+6
j  jvcl.GPUFFT.fft_simple([F[F)V+221
j  jvcl.GPUFFT.fft_simple([F[F)V+198
j  jvcl.GPUFFT.fft_simple([F[F)V+198
j  jvcl.GPUFFT.fft_simple([F[F)V+198
j  jvcl.GPUFFT.fft_simple([F[F)V+198
j  jvcl.GPUFFT.fft_simple([F[F)V+198
j  jvcl.GPUFFT.main([Ljava/lang/String;)V+77
v  ~StubRoutines::call_stub
V  [libjvm.so+0x5e80c9]  JavaCalls::call_helper(JavaValue*, methodHandle*, JavaCallArguments*, Thread*)+0x339
V  [libjvm.so+0x5e7b68]  JavaCalls::call(JavaValue*, methodHandle, JavaCallArguments*, Thread*)+0x28
V  [libjvm.so+0x5f6c9b]  jni_invoke_static(JNIEnv_*, JavaValue*, _jobject*, JNICallType, _jmethodID*, JNI_ArgumentPusher*, Thread*) [clone .isra.124] [clone .constprop.156]+0x28b
V  [libjvm.so+0x607f08]  jni_CallStaticVoidMethod+0x118
C  [libjli.so+0x31f9]

Java frames: (J=compiled Java code, j=interpreted, Vv=VM code)
j  com.jogamp.opencl.llb.impl.CLAbstractImpl.dispatch_clCreateBuffer1(JJJLjava/lang/Object;IZLjava/lang/Object;IZJ)J+0
j  com.jogamp.opencl.llb.impl.CLAbstractImpl.clCreateBuffer(JJJLjava/nio/Buffer;[II)J+150
j  com.jogamp.opencl.CLBuffer.create(Lcom/jogamp/opencl/CLContext;Ljava/nio/Buffer;I)Lcom/jogamp/opencl/CLBuffer;+68
j  com.jogamp.opencl.CLContext.createBuffer(Ljava/nio/Buffer;I)Lcom/jogamp/opencl/CLBuffer;+3
j  com.jogamp.opencl.CLContext.createBuffer(Ljava/nio/Buffer;[Lcom/jogamp/opencl/CLMemory$Mem;)Lcom/jogamp/opencl/CLBuffer;+6
j  com.jogamp.opencl.CLContext.createFloatBuffer(I[Lcom/jogamp/opencl/CLMemory$Mem;)Lcom/jogamp/opencl/CLBuffer;+6
j  jvcl.GPUFFT.fft_simple([F[F)V+221
j  jvcl.GPUFFT.fft_simple([F[F)V+198
j  jvcl.GPUFFT.fft_simple([F[F)V+198
j  jvcl.GPUFFT.fft_simple([F[F)V+198
j  jvcl.GPUFFT.fft_simple([F[F)V+198
j  jvcl.GPUFFT.fft_simple([F[F)V+198
j  jvcl.GPUFFT.main([Ljava/lang/String;)V+77
v  ~StubRoutines::call_stub

---------------  P R O C E S S  ---------------

Java Threads: ( => current thread )
  0x00007f0954196800 JavaThread "process reaper" daemon [_thread_blocked, id=26991, stack(0x00007f09505e2000,0x00007f095061b000)]
  0x00007f09540ae800 JavaThread "Service Thread" daemon [_thread_blocked, id=26986, stack(0x00007f095071c000,0x00007f095081d000)]
  0x00007f09540ac000 JavaThread "C2 CompilerThread1" daemon [_thread_blocked, id=26985, stack(0x00007f095081d000,0x00007f095091e000)]
  0x00007f09540a9800 JavaThread "C2 CompilerThread0" daemon [_thread_blocked, id=26984, stack(0x00007f095804f000,0x00007f0958150000)]
  0x00007f09540a7000 JavaThread "Signal Dispatcher" daemon [_thread_blocked, id=26983, stack(0x00007f0958150000,0x00007f0958251000)]
  0x00007f095407c000 JavaThread "Finalizer" daemon [_thread_blocked, id=26981, stack(0x00007f0958251000,0x00007f0958352000)]
  0x00007f095407a000 JavaThread "Reference Handler" daemon [_thread_blocked, id=26980, stack(0x00007f0958352000,0x00007f0958453000)]
=>0x00007f095400a000 JavaThread "main" [_thread_in_native, id=26974, stack(0x00007f095daf2000,0x00007f095dbf3000)]

Other Threads:
  0x00007f0954075800 VMThread [stack: 0x00007f0958453000,0x00007f0958554000] [id=26979]
  0x00007f09540b9800 WatcherThread [stack: 0x00007f095061b000,0x00007f095071c000] [id=26987]

VM state:not at safepoint (normal execution)

VM Mutex/Monitor currently owned by a thread: None

Heap
 PSYoungGen      total 37376K, used 7883K [0x00000007d6e00000, 0x00000007d9780000, 0x0000000800000000)
  eden space 32256K, 24% used [0x00000007d6e00000,0x00000007d75b2f28,0x00000007d8d80000)
  from space 5120K, 0% used [0x00000007d9280000,0x00000007d9280000,0x00000007d9780000)
  to   space 5120K, 0% used [0x00000007d8d80000,0x00000007d8d80000,0x00000007d9280000)
 ParOldGen       total 83968K, used 0K [0x0000000784a00000, 0x0000000789c00000, 0x00000007d6e00000)
  object space 83968K, 0% used [0x0000000784a00000,0x0000000784a00000,0x0000000789c00000)
 PSPermGen       total 21504K, used 5985K [0x000000077a400000, 0x000000077b900000, 0x0000000784a00000)
  object space 21504K, 27% used [0x000000077a400000,0x000000077a9d86c0,0x000000077b900000)

Card table byte_map: [0x00007f095a31b000,0x00007f095a74a000] byte_map_base: 0x00007f0956749000

Polling page: 0x00007f095dc27000

Code Cache  [0x00007f0951000000, 0x00007f0951270000, 0x00007f0954000000)
 total_blobs=392 nmethods=18 adapters=328 free_code_cache=48619Kb largest_free_block=49764608

Compilation events (10 events):
Event: 0.223 Thread 0x00007f09540ac000 nmethod 14 0x00007f0951078c50 code [0x00007f0951078da0, 0x00007f0951078f58]
Event: 0.224 Thread 0x00007f09540a9800 nmethod 13 0x00007f095107e650 code [0x00007f095107e8a0, 0x00007f095107f918]
Event: 0.227 Thread 0x00007f09540ac000   15             java.lang.String::length (6 bytes)
Event: 0.228 Thread 0x00007f09540ac000 nmethod 15 0x00007f095107b790 code [0x00007f095107b8c0, 0x00007f095107b938]
Event: 0.230 Thread 0x00007f09540a9800   16             java.lang.Math::min (11 bytes)
Event: 0.230 Thread 0x00007f09540a9800 nmethod 16 0x00007f095105fcd0 code [0x00007f095105fe00, 0x00007f095105fe38]
Event: 0.364 Thread 0x00007f09540ac000   17   !         java.io.BufferedReader::readLine (304 bytes)
Event: 0.364 Thread 0x00007f09540a9800   18             sun.nio.cs.UTF_8$Decoder::decodeArrayLoop (543 bytes)
Event: 0.382 Thread 0x00007f09540ac000 nmethod 17 0x00007f0951087690 code [0x00007f0951087840, 0x00007f0951088670]
Event: 0.383 Thread 0x00007f09540a9800 nmethod 18 0x00007f0951088c50 code [0x00007f0951088ee0, 0x00007f0951089a70]

GC Heap History (0 events):
No events

Deoptimization events (0 events):
No events

Internal exceptions (10 events):
Event: 0.258 Thread 0x00007f095400a000 Threw 0x00000007d74dec88 at /build/openjdk-7-FO0dNI/openjdk-7-7u79-2.5.6/build/openjdk/hotspot/src/share/vm/prims/jvm.cpp:1284
Event: 0.258 Thread 0x00007f095400a000 Threw 0x00000007d74e2c20 at /build/openjdk-7-FO0dNI/openjdk-7-7u79-2.5.6/build/openjdk/hotspot/src/share/vm/prims/jvm.cpp:1284
Event: 0.259 Thread 0x00007f095400a000 Threw 0x00000007d74ebfd0 at /build/openjdk-7-FO0dNI/openjdk-7-7u79-2.5.6/build/openjdk/hotspot/src/share/vm/prims/jvm.cpp:1284
Event: 0.260 Thread 0x00007f095400a000 Threw 0x00000007d74efef8 at /build/openjdk-7-FO0dNI/openjdk-7-7u79-2.5.6/build/openjdk/hotspot/src/share/vm/prims/jvm.cpp:1284
Event: 0.260 Thread 0x00007f095400a000 Threw 0x00000007d7517bd8 at /build/openjdk-7-FO0dNI/openjdk-7-7u79-2.5.6/build/openjdk/hotspot/src/share/vm/prims/jvm.cpp:1284
Event: 0.261 Thread 0x00007f095400a000 Threw 0x00000007d751d878 at /build/openjdk-7-FO0dNI/openjdk-7-7u79-2.5.6/build/openjdk/hotspot/src/share/vm/prims/jvm.cpp:1284
Event: 0.262 Thread 0x00007f095400a000 Threw 0x00000007d75255c8 at /build/openjdk-7-FO0dNI/openjdk-7-7u79-2.5.6/build/openjdk/hotspot/src/share/vm/prims/jvm.cpp:1284
Event: 0.265 Thread 0x00007f095400a000 Threw 0x00000007d75364b0 at /build/openjdk-7-FO0dNI/openjdk-7-7u79-2.5.6/build/openjdk/hotspot/src/share/vm/prims/jvm.cpp:1284
Event: 0.424 Thread 0x00007f095400a000 Threw 0x00000007d7594a00 at /build/openjdk-7-FO0dNI/openjdk-7-7u79-2.5.6/build/openjdk/hotspot/src/share/vm/prims/jvm.cpp:1284
Event: 0.424 Thread 0x00007f095400a000 Threw 0x00000007d7598ec8 at /build/openjdk-7-FO0dNI/openjdk-7-7u79-2.5.6/build/openjdk/hotspot/src/share/vm/prims/jvm.cpp:1284

Events (10 events):
Event: 0.384 loading class 0x00007f09597929b0
Event: 0.384 loading class 0x00007f09597929b0 done
Event: 0.384 loading class 0x00007f09597929e0
Event: 0.385 loading class 0x00007f09597929e0 done
Event: 0.424 loading class 0x00007f09540fd5f0
Event: 0.424 loading class 0x00007f09540fd5f0 done
Event: 0.424 loading class 0x00007f09540b5d80
Event: 0.424 loading class 0x00007f09540b5d80 done
Event: 0.424 loading class 0x00007f09540fd6c0
Event: 0.424 loading class 0x00007f09540fd6c0 done


Dynamic libraries:
00400000-00401000 r-xp 00000000 08:01 5389623                            /usr/lib/jvm/java-7-openjdk-amd64/jre/bin/java
00600000-00601000 r--p 00000000 08:01 5389623                            /usr/lib/jvm/java-7-openjdk-amd64/jre/bin/java
00601000-00602000 rw-p 00001000 08:01 5389623                            /usr/lib/jvm/java-7-openjdk-amd64/jre/bin/java
00a7c000-00a9d000 rw-p 00000000 00:00 0                                  [heap]
200000000-700000000 ---p 00000000 00:00 0 
77a400000-77b900000 rw-p 00000000 00:00 0 
77b900000-784a00000 rw-p 00000000 00:00 0 
784a00000-789c00000 rw-p 00000000 00:00 0 
789c00000-7d6e00000 rw-p 00000000 00:00 0 
7d6e00000-7d9780000 rw-p 00000000 00:00 0 
7d9780000-800000000 rw-p 00000000 00:00 0 
7f08db7ff000-7f08db800000 ---p 00000000 00:00 0 
7f08db800000-7f08dc000000 rw-p 00000000 00:00 0 
7f08dc000000-7f08dc021000 rw-p 00000000 00:00 0 
7f08dc021000-7f08e0000000 ---p 00000000 00:00 0 
7f08e04fa000-7f08e04fb000 ---p 00000000 00:00 0 
7f08e04fb000-7f08e0cfb000 rw-p 00000000 00:00 0 
7f08e0dfb000-7f08e0dfc000 ---p 00000000 00:00 0 
7f08e0dfc000-7f08e15fc000 rw-p 00000000 00:00 0 
7f08e1ffc000-7f08e1ffd000 ---p 00000000 00:00 0 
7f08e1ffd000-7f08e27fd000 rw-p 00000000 00:00 0 
7f08e27fd000-7f08e27fe000 ---p 00000000 00:00 0 
7f08e27fe000-7f08e2ffe000 rw-p 00000000 00:00 0                          [stack:27031]
7f08e2ffe000-7f08e2fff000 ---p 00000000 00:00 0 
7f08e2fff000-7f08e37ff000 rw-p 00000000 00:00 0                          [stack:27030]
7f08e37ff000-7f08e3800000 ---p 00000000 00:00 0 
7f08e3800000-7f08e4000000 rw-p 00000000 00:00 0                          [stack:27029]
7f08e4000000-7f08e4021000 rw-p 00000000 00:00 0 
7f08e4021000-7f08e8000000 ---p 00000000 00:00 0 
7f08e8299000-7f08e83fa000 rw-p 00000000 00:00 0 
7f08e83fa000-7f08e83fb000 ---p 00000000 00:00 0 
7f08e83fb000-7f08e8bfb000 rw-p 00000000 00:00 0                          [stack:27028]
7f08e8bfb000-7f08e8bfc000 ---p 00000000 00:00 0 
7f08e8bfc000-7f08e93fc000 rw-p 00000000 00:00 0                          [stack:27027]
7f08e93fc000-7f08e94fc000 rw-s 19f56e000 00:05 13212                     /dev/nvidiactl
7f08e94fc000-7f08e95fc000 rw-s 19986a000 00:05 13212                     /dev/nvidiactl
7f08e95fc000-7f08e96fc000 rw-s 15b25c000 00:05 13212                     /dev/nvidiactl
7f08e96fc000-7f08e97fc000 rw-s 19c656000 00:05 13212                     /dev/nvidiactl
7f08e97fc000-7f08e9bfc000 rw-s 6cae9000 00:05 13212                      /dev/nvidiactl
7f08e9bfc000-7f08e9ffc000 rw-s 526d1000 00:05 13212                      /dev/nvidiactl
7f08e9ffc000-7f08e9ffd000 ---p 00000000 00:00 0 
7f08e9ffd000-7f08ea7fd000 rw-p 00000000 00:00 0                          [stack:27026]
7f08ea7fd000-7f08ea7fe000 ---p 00000000 00:00 0 
7f08ea7fe000-7f08eaffe000 rw-p 00000000 00:00 0                          [stack:27025]
7f08eaffe000-7f08eafff000 ---p 00000000 00:00 0 
7f08eafff000-7f08eb7ff000 rw-p 00000000 00:00 0                          [stack:27024]
7f08eb7ff000-7f08eb800000 ---p 00000000 00:00 0 
7f08eb800000-7f08ec000000 rw-p 00000000 00:00 0                          [stack:27023]
7f08ec000000-7f08ec021000 rw-p 00000000 00:00 0 
7f08ec021000-7f08f0000000 ---p 00000000 00:00 0 
7f08f00fa000-7f08f01fa000 rw-s 19f73d000 00:05 13212                     /dev/nvidiactl
7f08f01fa000-7f08f02fa000 rw-s 46a26000 00:05 13212                      /dev/nvidiactl
7f08f02fa000-7f08f02fb000 ---p 00000000 00:00 0 
7f08f02fb000-7f08f0afb000 rw-p 00000000 00:00 0                          [stack:27022]
7f08f0afb000-7f08f0afc000 ---p 00000000 00:00 0 
7f08f0afc000-7f08f12fc000 rw-p 00000000 00:00 0                          [stack:27021]
7f08f12fc000-7f08f13fc000 rw-s 1b9115000 00:05 13212                     /dev/nvidiactl
7f08f13fc000-7f08f14fc000 rw-s 1fc790000 00:05 13212                     /dev/nvidiactl
7f08f14fc000-7f08f15fc000 rw-s 19f483000 00:05 13212                     /dev/nvidiactl
7f08f15fc000-7f08f16fc000 rw-s 19b57d000 00:05 13212                     /dev/nvidiactl
7f08f16fc000-7f08f17fc000 rw-s 15b023000 00:05 13212                     /dev/nvidiactl
7f08f17fc000-7f08f1bfc000 rw-s 8362c000 00:05 13212                      /dev/nvidiactl
7f08f1bfc000-7f08f1ffc000 rw-s 834b9000 00:05 13212                      /dev/nvidiactl
7f08f1ffc000-7f08f1ffd000 ---p 00000000 00:00 0 
7f08f1ffd000-7f08f27fd000 rw-p 00000000 00:00 0                          [stack:27020]
7f08f27fd000-7f08f27fe000 ---p 00000000 00:00 0 
7f08f27fe000-7f08f2ffe000 rw-p 00000000 00:00 0                          [stack:27019]
7f08f2ffe000-7f08f2fff000 ---p 00000000 00:00 0 
7f08f2fff000-7f08f37ff000 rw-p 00000000 00:00 0                          [stack:27018]
7f08f37ff000-7f08f3800000 ---p 00000000 00:00 0 
7f08f3800000-7f08f4000000 rw-p 00000000 00:00 0                          [stack:27017]
7f08f4000000-7f08f4021000 rw-p 00000000 00:00 0 
7f08f4021000-7f08f8000000 ---p 00000000 00:00 0 
7f08f806e000-7f08f80ba000 rw-s 199b7a000 00:05 13212                     /dev/nvidiactl
7f08f80ba000-7f08f80da000 rw-s e0280000 00:05 13214                      /dev/nvidia0
7f08f80da000-7f08f80fa000 rw-s e0260000 00:05 13214                      /dev/nvidia0
7f08f80fa000-7f08f81fa000 rw-s 1eea2f000 00:05 13212                     /dev/nvidiactl
7f08f81fa000-7f08f81fb000 ---p 00000000 00:00 0 
7f08f81fb000-7f08f89fb000 rw-p 00000000 00:00 0                          [stack:27016]
7f08f89fb000-7f08f89fc000 ---p 00000000 00:00 0 
7f08f89fc000-7f08f91fc000 rw-p 00000000 00:00 0                          [stack:27015]
7f08f91fc000-7f08f92fc000 rw-s 19f617000 00:05 13212                     /dev/nvidiactl
7f08f92fc000-7f08f93fc000 rw-s 16dd0a000 00:05 13212                     /dev/nvidiactl
7f08f93fc000-7f08f94fc000 rw-s 19c285000 00:05 13212                     /dev/nvidiactl
7f08f94fc000-7f08f95fc000 rw-s 199980000 00:05 13212                     /dev/nvidiactl
7f08f95fc000-7f08f96fc000 rw-s 7ac18000 00:05 13212                      /dev/nvidiactl
7f08f96fc000-7f08f9afc000 rw-s 7b351000 00:05 13212                      /dev/nvidiactl
7f08f9afc000-7f08f9efc000 rw-s 1fc759000 00:05 13212                     /dev/nvidiactl
7f08f9efc000-7f08f9efd000 ---p 00000000 00:00 0 
7f08f9efd000-7f08fa6fd000 rw-p 00000000 00:00 0                          [stack:27014]
7f08fa6fd000-7f08fa7fd000 rw-s 1eeba5000 00:05 13212                     /dev/nvidiactl
7f08fa7fd000-7f08fa7fe000 ---p 00000000 00:00 0 
7f08fa7fe000-7f08faffe000 rw-p 00000000 00:00 0                          [stack:27013]
7f08faffe000-7f08fafff000 ---p 00000000 00:00 0 
7f08fafff000-7f08fb7ff000 rw-p 00000000 00:00 0                          [stack:27012]
7f08fb7ff000-7f08fb800000 ---p 00000000 00:00 0 
7f08fb800000-7f08fc000000 rw-p 00000000 00:00 0                          [stack:27011]
7f08fc000000-7f08fc021000 rw-p 00000000 00:00 0 
7f08fc021000-7f0900000000 ---p 00000000 00:00 0 
7f0900000000-7f0900021000 rw-p 00000000 00:00 0 
7f0900021000-7f0904000000 ---p 00000000 00:00 0 
7f0904001000-7f090404d000 rw-s 15b397000 00:05 13212                     /dev/nvidiactl
7f090404d000-7f090406d000 rw-s e0240000 00:05 13214                      /dev/nvidia0
7f090406d000-7f090408d000 rw-s e0220000 00:05 13214                      /dev/nvidia0
7f090408d000-7f09040d9000 rw-s 1ee9da000 00:05 13212                     /dev/nvidiactl
7f09040d9000-7f09040f9000 rw-s e0200000 00:05 13214                      /dev/nvidia0
7f09040f9000-7f09040fa000 ---p 00000000 00:00 0 
7f09040fa000-7f09048fa000 rw-p 00000000 00:00 0                          [stack:27010]
7f09048fa000-7f09048fb000 ---p 00000000 00:00 0 
7f09048fb000-7f09050fb000 rw-p 00000000 00:00 0                          [stack:27009]
7f09050fb000-7f09051fb000 rw-s 20e97a000 00:05 13212                     /dev/nvidiactl
7f09051fb000-7f09052fb000 rw-s 6fdc6000 00:05 13212                      /dev/nvidiactl
7f09052fb000-7f09053fb000 rw-s 46bc1000 00:05 13212                      /dev/nvidiactl
7f09053fb000-7f09057fb000 rw-s 15b13a000 00:05 13212                     /dev/nvidiactl
7f09057fb000-7f09057fc000 ---p 00000000 00:00 0 
7f09057fc000-7f0905ffc000 rw-p 00000000 00:00 0                          [stack:27008]
7f0905ffc000-7f0905ffd000 ---p 00000000 00:00 0 
7f0905ffd000-7f09067fd000 rw-p 00000000 00:00 0                          [stack:27007]
7f09067fd000-7f09067fe000 ---p 00000000 00:00 0 
7f09067fe000-7f0906ffe000 rw-p 00000000 00:00 0                          [stack:27006]
7f0906ffe000-7f0906fff000 ---p 00000000 00:00 0 
7f0906fff000-7f09077ff000 rw-p 00000000 00:00 0                          [stack:27005]
7f09077ff000-7f0907800000 ---p 00000000 00:00 0 
7f0907800000-7f0908000000 rw-p 00000000 00:00 0                          [stack:27004]
7f0908000000-7f0908021000 rw-p 00000000 00:00 0 
7f0908021000-7f090c000000 ---p 00000000 00:00 0 
7f090c000000-7f090c021000 rw-p 00000000 00:00 0 
7f090c021000-7f0910000000 ---p 00000000 00:00 0 
7f0910000000-7f0910021000 rw-p 00000000 00:00 0 
7f0910021000-7f0914000000 ---p 00000000 00:00 0 
7f0914000000-7f0914021000 rw-p 00000000 00:00 0 
7f0914021000-7f0918000000 ---p 00000000 00:00 0 
7f0918000000-7f09181f5000 rw-p 00000000 00:00 0 
7f09181f5000-7f091c000000 ---p 00000000 00:00 0 
7f091c000000-7f091c115000 rw-p 00000000 00:00 0 
7f091c115000-7f0920000000 ---p 00000000 00:00 0 
7f0920000000-7f0920021000 rw-p 00000000 00:00 0 
7f0920021000-7f0924000000 ---p 00000000 00:00 0 
7f0924000000-7f0924021000 rw-p 00000000 00:00 0 
7f0924021000-7f0928000000 ---p 00000000 00:00 0 
7f0928000000-7f0928021000 rw-p 00000000 00:00 0 
7f0928021000-7f092c000000 ---p 00000000 00:00 0 
7f092c00a000-7f092c02a000 rw-s e01e0000 00:05 13214                      /dev/nvidia0
7f092c02a000-7f092c12a000 rw-s 6396d000 00:05 13212                      /dev/nvidiactl
7f092c12a000-7f092c22a000 rw-s 94d83000 00:05 13212                      /dev/nvidiactl
7f092c22a000-7f092c62a000 rw-s 1eeadc000 00:05 13212                     /dev/nvidiactl
7f092c62a000-7f092c72a000 rw-s 173974000 00:05 13212                     /dev/nvidiactl
7f092c72a000-7f092c72b000 ---p 00000000 00:00 0 
7f092c72b000-7f092cf2b000 rw-p 00000000 00:00 0                          [stack:27003]
7f092cf2b000-7f092d02b000 rw-s bc8b9000 00:05 13212                      /dev/nvidiactl
7f092d02b000-7f092d12b000 rw-s 94da4000 00:05 13212                      /dev/nvidiactl
7f092d12b000-7f092d22b000 rw-s 7adef000 00:05 13212                      /dev/nvidiactl
7f092d22b000-7f092d32b000 rw-s 52512000 00:05 13212                      /dev/nvidiactl
7f092d32b000-7f092d72b000 rw-s 1aea9b000 00:05 13212                     /dev/nvidiactl
7f092d72b000-7f092db2b000 rw-s 173bc0000 00:05 13212                     /dev/nvidiactl
7f092db2b000-7f092f26e000 r-xp 00000000 08:01 3811727                    /usr/lib/nvidia-346-updates/libnvidia-compiler.so.346.82
7f092f26e000-7f092f46e000 ---p 01743000 08:01 3811727                    /usr/lib/nvidia-346-updates/libnvidia-compiler.so.346.82
7f092f46e000-7f092fcf6000 rw-p 01743000 08:01 3811727                    /usr/lib/nvidia-346-updates/libnvidia-compiler.so.346.82
7f092fcf6000-7f0934000000 rw-p 00000000 00:00 0 
7f0934000000-7f0934021000 rw-p 00000000 00:00 0 
7f0934021000-7f0938000000 ---p 00000000 00:00 0 
7f0938000000-7f0938021000 rw-p 00000000 00:00 0 
7f0938021000-7f093c000000 ---p 00000000 00:00 0 
7f093c000000-7f093c021000 rw-p 00000000 00:00 0 
7f093c021000-7f0940000000 ---p 00000000 00:00 0 
7f0940002000-7f094004e000 rw-s 1ae79d000 00:05 13212                     /dev/nvidiactl
7f094004e000-7f094006e000 rw-s e01c0000 00:05 13214                      /dev/nvidia0
7f094006e000-7f094008e000 rw-s e01a0000 00:05 13214                      /dev/nvidia0
7f094008e000-7f09400da000 rw-s 52743000 00:05 13212                      /dev/nvidiactl
7f09400da000-7f09401da000 rw-s b97fe000 00:05 13212                      /dev/nvidiactl
7f09401da000-7f09401fa000 rw-s e0180000 00:05 13214                      /dev/nvidia0
7f09401fa000-7f09401fb000 ---p 00000000 00:00 0 
7f09401fb000-7f09409fb000 rw-p 00000000 00:00 0                          [stack:27002]
7f09409fb000-7f0940afb000 rw-s 1f1530000 00:05 13212                     /dev/nvidiactl
7f0940afb000-7f0940afc000 ---p 00000000 00:00 0 
7f0940afc000-7f09412fc000 rw-p 00000000 00:00 0                          [stack:27001]
7f09412fc000-7f09412fd000 ---p 00000000 00:00 0 
7f09412fd000-7f0941afd000 rw-p 00000000 00:00 0                          [stack:27000]
7f0941afd000-7f0941afe000 ---p 00000000 00:00 0 
7f0941afe000-7f09422fe000 rw-p 00000000 00:00 0                          [stack:26999]
7f09422fe000-7f09422ff000 ---p 00000000 00:00 0 
7f09422ff000-7f0942aff000 rw-p 00000000 00:00 0                          [stack:26998]
7f0942aff000-7f0942b00000 ---p 00000000 00:00 0 
7f0942b00000-7f0943300000 rw-p 00000000 00:00 0                          [stack:26997]
7f0943300000-7f0943400000 rw-s 94e22000 00:05 13212                      /dev/nvidiactl
7f0943400000-7f0943500000 rw-s bcda7000 00:05 13212                      /dev/nvidiactl
7f0943500000-7f0943600000 rw-s ad28d000 00:05 13212                      /dev/nvidiactl
7f0943600000-7f0943700000 rw-s 1f0c32000 00:05 13212                     /dev/nvidiactl
7f0943700000-7f0943800000 rw-s 19f45c000 00:05 13212                     /dev/nvidiactl
7f0943800000-7f0943c00000 rw-s 1ae679000 00:05 13212                     /dev/nvidiactl
7f0943c00000-7f0944000000 rw-s 9d868000 00:05 13212                      /dev/nvidiactl
7f0944000000-7f0944021000 rw-p 00000000 00:00 0 
7f0944021000-7f0948000000 ---p 00000000 00:00 0 
7f0948000000-7f0948001000 rw-s eff6e000 00:05 13214                      /dev/nvidia0
7f0948001000-7f0948002000 rw-s 19f738000 00:05 13212                     /dev/nvidiactl
7f0948002000-7f0948003000 rw-s eff6d000 00:05 13214                      /dev/nvidia0
7f0948003000-7f0948004000 rw-s 6cad4000 00:05 13212                      /dev/nvidiactl
7f0948004000-7f0948005000 rw-s eff6c000 00:05 13214                      /dev/nvidia0
7f0948005000-7f0948006000 rw-s 15b01d000 00:05 13212                     /dev/nvidiactl
7f0948006000-7f0948007000 rw-s eff6b000 00:05 13214                      /dev/nvidia0
7f0948007000-7f0948027000 rw-s e0160000 00:05 13214                      /dev/nvidia0
7f0948027000-7f0948073000 rw-s ad0b0000 00:05 13212                      /dev/nvidiactl
7f0948073000-7f0948093000 rw-s e0140000 00:05 13214                      /dev/nvidia0
7f0948093000-7f0948094000 ---p 00000000 00:00 0 
7f0948094000-7f0948894000 rw-p 00000000 00:00 0                          [stack:26996]
7f0948894000-7f0948994000 rw-s 524b3000 00:05 13212                      /dev/nvidiactl
7f0948994000-7f094899f000 r-xp 00000000 08:01 4982176                    /tmp/jogamp_0000/file_cache/jln399298406317768436/jln7580762653938160550/natives/linux-amd64/libjocl.so
7f094899f000-7f0948b9e000 ---p 0000b000 08:01 4982176                    /tmp/jogamp_0000/file_cache/jln399298406317768436/jln7580762653938160550/natives/linux-amd64/libjocl.so
7f0948b9e000-7f0948b9f000 r--p 0000a000 08:01 4982176                    /tmp/jogamp_0000/file_cache/jln399298406317768436/jln7580762653938160550/natives/linux-amd64/libjocl.so
7f0948b9f000-7f0948ba0000 rw-p 0000b000 08:01 4982176                    /tmp/jogamp_0000/file_cache/jln399298406317768436/jln7580762653938160550/natives/linux-amd64/libjocl.so
7f0948ba0000-7f0949663000 r-xp 00000000 08:01 3672125                    /usr/lib/x86_64-linux-gnu/libcuda.so.346.82
7f0949663000-7f0949863000 ---p 00ac3000 08:01 3672125                    /usr/lib/x86_64-linux-gnu/libcuda.so.346.82
7f0949863000-7f0949a15000 rw-p 00ac3000 08:01 3672125                    /usr/lib/x86_64-linux-gnu/libcuda.so.346.82
7f0949a15000-7f0949a2a000 rw-p 00000000 00:00 0 
7f0949a2a000-7f094a505000 r-xp 00000000 08:01 3674886                    /usr/lib/x86_64-linux-gnu/libnvidia-opencl.so.346.82
7f094a505000-7f094a704000 ---p 00adb000 08:01 3674886                    /usr/lib/x86_64-linux-gnu/libnvidia-opencl.so.346.82
7f094a704000-7f094a8ba000 rw-p 00ada000 08:01 3674886                    /usr/lib/x86_64-linux-gnu/libnvidia-opencl.so.346.82
7f094a8ba000-7f094a8cf000 rw-p 00000000 00:00 0 
7f094a8cf000-7f094a8d7000 r-xp 00000000 08:01 3670455                    /usr/lib/x86_64-linux-gnu/libOpenCL.so.1.0.0
7f094a8d7000-7f094aad6000 ---p 00008000 08:01 3670455                    /usr/lib/x86_64-linux-gnu/libOpenCL.so.1.0.0
7f094aad6000-7f094aad7000 r--p 00007000 08:01 3670455                    /usr/lib/x86_64-linux-gnu/libOpenCL.so.1.0.0
7f094aad7000-7f094aad8000 rw-p 00008000 08:01 3670455                    /usr/lib/x86_64-linux-gnu/libOpenCL.so.1.0.0
7f094aad8000-7f094aada000 r-xp 00000000 08:01 4982175                    /tmp/jogamp_0000/file_cache/jln399298406317768436/jln7580762653938160550/natives/linux-amd64/libgluegen-rt.so
7f094aada000-7f094acd9000 ---p 00002000 08:01 4982175                    /tmp/jogamp_0000/file_cache/jln399298406317768436/jln7580762653938160550/natives/linux-amd64/libgluegen-rt.so
7f094acd9000-7f094acda000 r--p 00001000 08:01 4982175                    /tmp/jogamp_0000/file_cache/jln399298406317768436/jln7580762653938160550/natives/linux-amd64/libgluegen-rt.so
7f094acda000-7f094acdb000 rw-p 00002000 08:01 4982175                    /tmp/jogamp_0000/file_cache/jln399298406317768436/jln7580762653938160550/natives/linux-amd64/libgluegen-rt.so
7f094adda000-7f094addc000 rw-p 00000000 00:00 0 
7f094addc000-7f094adec000 r-xp 00000000 08:01 4853686                    /usr/lib/jvm/java-7-openjdk-amd64/jre/lib/amd64/libnio.so
7f094adec000-7f094afec000 ---p 00010000 08:01 4853686                    /usr/lib/jvm/java-7-openjdk-amd64/jre/lib/amd64/libnio.so
7f094afec000-7f094afed000 r--p 00010000 08:01 4853686                    /usr/lib/jvm/java-7-openjdk-amd64/jre/lib/amd64/libnio.so
7f094afed000-7f094afee000 rw-p 00011000 08:01 4853686                    /usr/lib/jvm/java-7-openjdk-amd64/jre/lib/amd64/libnio.so
7f094afee000-7f094b01f000 rw-p 00000000 00:00 0 
7f094b01f000-7f094b05c000 r-xp 00000000 08:01 2114819                    /lib/x86_64-linux-gnu/libpcre.so.3.13.1
7f094b05c000-7f094b25b000 ---p 0003d000 08:01 2114819                    /lib/x86_64-linux-gnu/libpcre.so.3.13.1
7f094b25b000-7f094b25c000 r--p 0003c000 08:01 2114819                    /lib/x86_64-linux-gnu/libpcre.so.3.13.1
7f094b25c000-7f094b25d000 rw-p 0003d000 08:01 2114819                    /lib/x86_64-linux-gnu/libpcre.so.3.13.1
7f094b25d000-7f094b264000 r-xp 00000000 08:01 3675991                    /usr/lib/x86_64-linux-gnu/libffi.so.6.0.1
7f094b264000-7f094b463000 ---p 00007000 08:01 3675991                    /usr/lib/x86_64-linux-gnu/libffi.so.6.0.1
7f094b463000-7f094b464000 r--p 00006000 08:01 3675991                    /usr/lib/x86_64-linux-gnu/libffi.so.6.0.1
7f094b464000-7f094b465000 rw-p 00007000 08:01 3675991                    /usr/lib/x86_64-linux-gnu/libffi.so.6.0.1
7f094b465000-7f094b47c000 r-xp 00000000 08:01 2104446                    /lib/x86_64-linux-gnu/libresolv-2.19.so
7f094b47c000-7f094b67c000 ---p 00017000 08:01 2104446                    /lib/x86_64-linux-gnu/libresolv-2.19.so
7f094b67c000-7f094b67d000 r--p 00017000 08:01 2104446                    /lib/x86_64-linux-gnu/libresolv-2.19.so
7f094b67d000-7f094b67e000 rw-p 00018000 08:01 2104446                    /lib/x86_64-linux-gnu/libresolv-2.19.so
7f094b67e000-7f094b680000 rw-p 00000000 00:00 0 
7f094b680000-7f094b6a0000 r-xp 00000000 08:01 2103373                    /lib/x86_64-linux-gnu/libselinux.so.1
7f094b6a0000-7f094b89f000 ---p 00020000 08:01 2103373                    /lib/x86_64-linux-gnu/libselinux.so.1
7f094b89f000-7f094b8a0000 r--p 0001f000 08:01 2103373                    /lib/x86_64-linux-gnu/libselinux.so.1
7f094b8a0000-7f094b8a1000 rw-p 00020000 08:01 2103373                    /lib/x86_64-linux-gnu/libselinux.so.1
7f094b8a1000-7f094b8a3000 rw-p 00000000 00:00 0 
7f094b8a3000-7f094b8a6000 r-xp 00000000 08:01 3676104                    /usr/lib/x86_64-linux-gnu/libgmodule-2.0.so.0.4002.0
7f094b8a6000-7f094baa5000 ---p 00003000 08:01 3676104                    /usr/lib/x86_64-linux-gnu/libgmodule-2.0.so.0.4002.0
7f094baa5000-7f094baa6000 r--p 00002000 08:01 3676104                    /usr/lib/x86_64-linux-gnu/libgmodule-2.0.so.0.4002.0
7f094baa6000-7f094baa7000 rw-p 00003000 08:01 3676104                    /usr/lib/x86_64-linux-gnu/libgmodule-2.0.so.0.4002.0
7f094baa7000-7f094bbad000 r-xp 00000000 08:01 2103274                    /lib/x86_64-linux-gnu/libglib-2.0.so.0.4002.0
7f094bbad000-7f094bdac000 ---p 00106000 08:01 2103274                    /lib/x86_64-linux-gnu/libglib-2.0.so.0.4002.0
7f094bdac000-7f094bdad000 r--p 00105000 08:01 2103274                    /lib/x86_64-linux-gnu/libglib-2.0.so.0.4002.0
7f094bdad000-7f094bdae000 rw-p 00106000 08:01 2103274                    /lib/x86_64-linux-gnu/libglib-2.0.so.0.4002.0
7f094bdae000-7f094bdaf000 rw-p 00000000 00:00 0 
7f094bdaf000-7f094bdfe000 r-xp 00000000 08:01 3676120                    /usr/lib/x86_64-linux-gnu/libgobject-2.0.so.0.4002.0
7f094bdfe000-7f094bffe000 ---p 0004f000 08:01 3676120                    /usr/lib/x86_64-linux-gnu/libgobject-2.0.so.0.4002.0
7f094bffe000-7f094bfff000 r--p 0004f000 08:01 3676120                    /usr/lib/x86_64-linux-gnu/libgobject-2.0.so.0.4002.0
7f094bfff000-7f094c000000 rw-p 00050000 08:01 3676120                    /usr/lib/x86_64-linux-gnu/libgobject-2.0.so.0.4002.0
7f094c000000-7f094c021000 rw-p 00000000 00:00 0 
7f094c021000-7f0950000000 ---p 00000000 00:00 0 
7f0950000000-7f0950001000 rw-s 5257c000 00:05 13212                      /dev/nvidiactl
7f0950001000-7f0950002000 rw-s eff6a000 00:05 13214                      /dev/nvidia0
7f0950002000-7f0950003000 rw-s 7ac13000 00:05 13212                      /dev/nvidiactl
7f0950003000-7f0950004000 rw-s eff69000 00:05 13214                      /dev/nvidia0
7f0950004000-7f0950005000 rw-s 7acfe000 00:05 13212                      /dev/nvidiactl
7f0950005000-7f0950006000 rw-s eff68000 00:05 13214                      /dev/nvidia0
7f0950006000-7f0950007000 rw-s ad08d000 00:05 13212                      /dev/nvidiactl
7f0950007000-7f0950027000 rw-s e0120000 00:05 13214                      /dev/nvidia0
7f0950027000-7f0950193000 r-xp 00000000 08:01 3676092                    /usr/lib/x86_64-linux-gnu/libgio-2.0.so.0.4002.0
7f0950193000-7f0950392000 ---p 0016c000 08:01 3676092                    /usr/lib/x86_64-linux-gnu/libgio-2.0.so.0.4002.0
7f0950392000-7f0950396000 r--p 0016b000 08:01 3676092                    /usr/lib/x86_64-linux-gnu/libgio-2.0.so.0.4002.0
7f0950396000-7f0950398000 rw-p 0016f000 08:01 3676092                    /usr/lib/x86_64-linux-gnu/libgio-2.0.so.0.4002.0
7f0950398000-7f095039a000 rw-p 00000000 00:00 0 
7f095039a000-7f095039b000 rw-s eff67000 00:05 13214                      /dev/nvidia0
7f095039b000-7f095039c000 rw-s 15b1da000 00:05 13212                     /dev/nvidiactl
7f095039c000-7f095039d000 rw-s eff66000 00:05 13214                      /dev/nvidia0
7f095039d000-7f095039e000 rw-s b96c4000 00:05 13212                      /dev/nvidiactl
7f095039e000-7f095039f000 rw-s eff65000 00:05 13214                      /dev/nvidia0
7f095039f000-7f09503a0000 rw-s 1f0c1a000 00:05 13212                     /dev/nvidiactl
7f09503a0000-7f09503a7000 r--s 00000000 08:01 4203242                    /usr/lib/x86_64-linux-gnu/gconv/gconv-modules.cache
7f09503a7000-7f09503a8000 r--p 00000000 08:01 4461979                    /usr/share/locale-langpack/en_GB/LC_MESSAGES/libc.mo
7f09503a8000-7f09503a9000 rw-s eff64000 00:05 13214                      /dev/nvidia0
7f09503a9000-7f09503ca000 rw-p 00000000 00:00 0 
7f09503ca000-7f09503e1000 r-xp 00000000 08:01 4853681                    /usr/lib/jvm/java-7-openjdk-amd64/jre/lib/amd64/libnet.so
7f09503e1000-7f09505e0000 ---p 00017000 08:01 4853681                    /usr/lib/jvm/java-7-openjdk-amd64/jre/lib/amd64/libnet.so
7f09505e0000-7f09505e1000 r--p 00016000 08:01 4853681                    /usr/lib/jvm/java-7-openjdk-amd64/jre/lib/amd64/libnet.so
7f09505e1000-7f09505e2000 rw-p 00017000 08:01 4853681                    /usr/lib/jvm/java-7-openjdk-amd64/jre/lib/amd64/libnet.so
7f09505e2000-7f09505e5000 ---p 00000000 00:00 0 
7f09505e5000-7f095061b000 rw-p 00000000 00:00 0                          [stack:26991]
7f095061b000-7f095061c000 ---p 00000000 00:00 0 
7f095061c000-7f095071c000 rw-p 00000000 00:00 0                          [stack:26987]
7f095071c000-7f095071f000 ---p 00000000 00:00 0 
7f095071f000-7f095081d000 rw-p 00000000 00:00 0                          [stack:26986]
7f095081d000-7f0950820000 ---p 00000000 00:00 0 
7f0950820000-7f095091e000 rw-p 00000000 00:00 0                          [stack:26985]
7f095091e000-7f0951000000 r--p 00000000 08:01 3674563                    /usr/lib/locale/locale-archive
7f0951000000-7f0951270000 rwxp 00000000 00:00 0 
7f0951270000-7f0955203000 rw-p 00000000 00:00 0 
7f0955203000-7f0958000000 ---p 00000000 00:00 0 
7f0958000000-7f0958001000 rw-s 20ef1b000 00:05 13212                     /dev/nvidiactl
7f0958001000-7f0958002000 rw-s eff63000 00:05 13214                      /dev/nvidia0
7f0958002000-7f0958003000 rw-s 1b2587000 00:05 13212                     /dev/nvidiactl
7f0958003000-7f0958024000 rw-p 00000000 00:00 0 
7f0958024000-7f0958025000 r--s 00002000 08:06 68771                      /home/ericbarnhill/Documents/code/jogamp/jocl/build/jar/jocl-natives-linux-amd64.jar
7f0958025000-7f0958027000 r--s 00000000 08:06 63540                      /home/ericbarnhill/Documents/code/jogamp/gluegen/build/gluegen-rt-natives-linux-amd64.jar
7f0958027000-7f0958028000 r--p 00000000 00:00 0 
7f0958028000-7f095802d000 r--s 0004d000 08:01 4080643                    /usr/lib/jvm/java-7-openjdk-amd64/jre/lib/jsse.jar
7f095802d000-7f0958038000 r--s 0006f000 08:06 23467237                   /home/ericbarnhill/Documents/code/jtransforms-2.4.jar
7f0958038000-7f095803e000 r--s 0004f000 08:06 63508                      /home/ericbarnhill/Documents/code/jogamp/gluegen/build/gluegen-rt.jar
7f095803e000-7f0958044000 r--s 00030000 08:06 68770                      /home/ericbarnhill/Documents/code/jogamp/jocl/build/jar/jocl.jar
7f0958044000-7f0958047000 r--s 000bd000 08:06 70280                      /home/ericbarnhill/Documents/code/jogamp/jocl-demos/build/jar/jocl-demos.jar
7f0958047000-7f095804b000 r--s 00034000 08:01 4458065                    /usr/lib/jvm/java-7-openjdk-amd64/jre/lib/ext/sunjce_provider.jar
7f095804b000-7f095804f000 r--s 0003c000 08:01 4458066                    /usr/lib/jvm/java-7-openjdk-amd64/jre/lib/ext/sunpkcs11.jar
7f095804f000-7f0958052000 ---p 00000000 00:00 0 
7f0958052000-7f0958150000 rw-p 00000000 00:00 0                          [stack:26984]
7f0958150000-7f0958153000 ---p 00000000 00:00 0 
7f0958153000-7f0958251000 rw-p 00000000 00:00 0                          [stack:26983]
7f0958251000-7f0958254000 ---p 00000000 00:00 0 
7f0958254000-7f0958352000 rw-p 00000000 00:00 0                          [stack:26981]
7f0958352000-7f0958355000 ---p 00000000 00:00 0 
7f0958355000-7f0958453000 rw-p 00000000 00:00 0                          [stack:26980]
7f0958453000-7f0958454000 ---p 00000000 00:00 0 
7f0958454000-7f0959530000 rw-p 00000000 00:00 0                          [stack:26979]
7f0959530000-7f09596e1000 r--s 01d29000 08:01 4080636                    /usr/lib/jvm/java-7-openjdk-amd64/jre/lib/rt.jar
7f09596e1000-7f0959c32000 rw-p 00000000 00:00 0 
7f0959c32000-7f0959c33000 ---p 00000000 00:00 0 
7f0959c33000-7f0959d33000 rw-p 00000000 00:00 0                          [stack:26978]
7f0959d33000-7f0959d34000 ---p 00000000 00:00 0 
7f0959d34000-7f0959e34000 rw-p 00000000 00:00 0                          [stack:26977]
7f0959e34000-7f0959e35000 ---p 00000000 00:00 0 
7f0959e35000-7f0959f35000 rw-p 00000000 00:00 0                          [stack:26976]
7f0959f35000-7f0959f36000 ---p 00000000 00:00 0 
7f0959f36000-7f095a041000 rw-p 00000000 00:00 0                          [stack:26975]
7f095a041000-7f095a089000 rw-p 00000000 00:00 0 
7f095a089000-7f095a0b2000 rw-p 00000000 00:00 0 
7f095a0b2000-7f095a31b000 rw-p 00000000 00:00 0 
7f095a31b000-7f095a326000 rw-p 00000000 00:00 0 
7f095a326000-7f095a36e000 rw-p 00000000 00:00 0 
7f095a36e000-7f095a397000 rw-p 00000000 00:00 0 
7f095a397000-7f095a600000 rw-p 00000000 00:00 0 
7f095a600000-7f095a615000 rw-p 00000000 00:00 0 
7f095a615000-7f095a749000 rw-p 00000000 00:00 0 
7f095a749000-7f095a74a000 rw-p 00000000 00:00 0 
7f095a74a000-7f095a752000 r-xp 00000000 08:01 4851601                    /usr/lib/jvm/java-7-openjdk-amd64/jre/lib/amd64/libzip.so
7f095a752000-7f095a951000 ---p 00008000 08:01 4851601                    /usr/lib/jvm/java-7-openjdk-amd64/jre/lib/amd64/libzip.so
7f095a951000-7f095a952000 r--p 00007000 08:01 4851601                    /usr/lib/jvm/java-7-openjdk-amd64/jre/lib/amd64/libzip.so
7f095a952000-7f095a953000 rw-p 00008000 08:01 4851601                    /usr/lib/jvm/java-7-openjdk-amd64/jre/lib/amd64/libzip.so
7f095a953000-7f095a95e000 r-xp 00000000 08:01 2104454                    /lib/x86_64-linux-gnu/libnss_files-2.19.so
7f095a95e000-7f095ab5d000 ---p 0000b000 08:01 2104454                    /lib/x86_64-linux-gnu/libnss_files-2.19.so
7f095ab5d000-7f095ab5e000 r--p 0000a000 08:01 2104454                    /lib/x86_64-linux-gnu/libnss_files-2.19.so
7f095ab5e000-7f095ab5f000 rw-p 0000b000 08:01 2104454                    /lib/x86_64-linux-gnu/libnss_files-2.19.so
7f095ab5f000-7f095ab6a000 r-xp 00000000 08:01 2104474                    /lib/x86_64-linux-gnu/libnss_nis-2.19.so
7f095ab6a000-7f095ad69000 ---p 0000b000 08:01 2104474                    /lib/x86_64-linux-gnu/libnss_nis-2.19.so
7f095ad69000-7f095ad6a000 r--p 0000a000 08:01 2104474                    /lib/x86_64-linux-gnu/libnss_nis-2.19.so
7f095ad6a000-7f095ad6b000 rw-p 0000b000 08:01 2104474                    /lib/x86_64-linux-gnu/libnss_nis-2.19.so
7f095ad6b000-7f095ad82000 r-xp 00000000 08:01 2104463                    /lib/x86_64-linux-gnu/libnsl-2.19.so
7f095ad82000-7f095af81000 ---p 00017000 08:01 2104463                    /lib/x86_64-linux-gnu/libnsl-2.19.so
7f095af81000-7f095af82000 r--p 00016000 08:01 2104463                    /lib/x86_64-linux-gnu/libnsl-2.19.so
7f095af82000-7f095af83000 rw-p 00017000 08:01 2104463                    /lib/x86_64-linux-gnu/libnsl-2.19.so
7f095af83000-7f095af85000 rw-p 00000000 00:00 0 
7f095af85000-7f095af8e000 r-xp 00000000 08:01 2104462                    /lib/x86_64-linux-gnu/libnss_compat-2.19.so
7f095af8e000-7f095b18d000 ---p 00009000 08:01 2104462                    /lib/x86_64-linux-gnu/libnss_compat-2.19.so
7f095b18d000-7f095b18e000 r--p 00008000 08:01 2104462                    /lib/x86_64-linux-gnu/libnss_compat-2.19.so
7f095b18e000-7f095b18f000 rw-p 00009000 08:01 2104462                    /lib/x86_64-linux-gnu/libnss_compat-2.19.so
7f095b18f000-7f095b1ba000 r-xp 00000000 08:01 4853689                    /usr/lib/jvm/java-7-openjdk-amd64/jre/lib/amd64/libjava.so
7f095b1ba000-7f095b3b9000 ---p 0002b000 08:01 4853689                    /usr/lib/jvm/java-7-openjdk-amd64/jre/lib/amd64/libjava.so
7f095b3b9000-7f095b3ba000 r--p 0002a000 08:01 4853689                    /usr/lib/jvm/java-7-openjdk-amd64/jre/lib/amd64/libjava.so
7f095b3ba000-7f095b3bc000 rw-p 0002b000 08:01 4853689                    /usr/lib/jvm/java-7-openjdk-amd64/jre/lib/amd64/libjava.so
7f095b3bc000-7f095b3cc000 r-xp 00000000 08:01 4853672                    /usr/lib/jvm/java-7-openjdk-amd64/jre/lib/amd64/libverify.so
7f095b3cc000-7f095b5cb000 ---p 00010000 08:01 4853672                    /usr/lib/jvm/java-7-openjdk-amd64/jre/lib/amd64/libverify.so
7f095b5cb000-7f095b5cd000 r--p 0000f000 08:01 4853672                    /usr/lib/jvm/java-7-openjdk-amd64/jre/lib/amd64/libverify.so
7f095b5cd000-7f095b5ce000 rw-p 00011000 08:01 4853672                    /usr/lib/jvm/java-7-openjdk-amd64/jre/lib/amd64/libverify.so
7f095b5ce000-7f095b5d5000 r-xp 00000000 08:01 2104471                    /lib/x86_64-linux-gnu/librt-2.19.so
7f095b5d5000-7f095b7d4000 ---p 00007000 08:01 2104471                    /lib/x86_64-linux-gnu/librt-2.19.so
7f095b7d4000-7f095b7d5000 r--p 00006000 08:01 2104471                    /lib/x86_64-linux-gnu/librt-2.19.so
7f095b7d5000-7f095b7d6000 rw-p 00007000 08:01 2104471                    /lib/x86_64-linux-gnu/librt-2.19.so
7f095b7d6000-7f095b7ec000 r-xp 00000000 08:01 2103270                    /lib/x86_64-linux-gnu/libgcc_s.so.1
7f095b7ec000-7f095b9eb000 ---p 00016000 08:01 2103270                    /lib/x86_64-linux-gnu/libgcc_s.so.1
7f095b9eb000-7f095b9ec000 rw-p 00015000 08:01 2103270                    /lib/x86_64-linux-gnu/libgcc_s.so.1
7f095b9ec000-7f095baf1000 r-xp 00000000 08:01 2104453                    /lib/x86_64-linux-gnu/libm-2.19.so
7f095baf1000-7f095bcf0000 ---p 00105000 08:01 2104453                    /lib/x86_64-linux-gnu/libm-2.19.so
7f095bcf0000-7f095bcf1000 r--p 00104000 08:01 2104453                    /lib/x86_64-linux-gnu/libm-2.19.so
7f095bcf1000-7f095bcf2000 rw-p 00105000 08:01 2104453                    /lib/x86_64-linux-gnu/libm-2.19.so
7f095bcf2000-7f095bdd8000 r-xp 00000000 08:01 3670377                    /usr/lib/x86_64-linux-gnu/libstdc++.so.6.0.19
7f095bdd8000-7f095bfd7000 ---p 000e6000 08:01 3670377                    /usr/lib/x86_64-linux-gnu/libstdc++.so.6.0.19
7f095bfd7000-7f095bfdf000 r--p 000e5000 08:01 3670377                    /usr/lib/x86_64-linux-gnu/libstdc++.so.6.0.19
7f095bfdf000-7f095bfe1000 rw-p 000ed000 08:01 3670377                    /usr/lib/x86_64-linux-gnu/libstdc++.so.6.0.19
7f095bfe1000-7f095bff6000 rw-p 00000000 00:00 0 
7f095bff6000-7f095cb0f000 r-xp 00000000 08:01 5274730                    /usr/lib/jvm/java-7-openjdk-amd64/jre/lib/amd64/server/libjvm.so
7f095cb0f000-7f095cd0f000 ---p 00b19000 08:01 5274730                    /usr/lib/jvm/java-7-openjdk-amd64/jre/lib/amd64/server/libjvm.so
7f095cd0f000-7f095cda9000 r--p 00b19000 08:01 5274730                    /usr/lib/jvm/java-7-openjdk-amd64/jre/lib/amd64/server/libjvm.so
7f095cda9000-7f095cdcc000 rw-p 00bb3000 08:01 5274730                    /usr/lib/jvm/java-7-openjdk-amd64/jre/lib/amd64/server/libjvm.so
7f095cdcc000-7f095cdfa000 rw-p 00000000 00:00 0 
7f095cdfa000-7f095ce12000 r-xp 00000000 08:01 2103406                    /lib/x86_64-linux-gnu/libz.so.1.2.8
7f095ce12000-7f095d011000 ---p 00018000 08:01 2103406                    /lib/x86_64-linux-gnu/libz.so.1.2.8
7f095d011000-7f095d012000 r--p 00017000 08:01 2103406                    /lib/x86_64-linux-gnu/libz.so.1.2.8
7f095d012000-7f095d013000 rw-p 00018000 08:01 2103406                    /lib/x86_64-linux-gnu/libz.so.1.2.8
7f095d013000-7f095d02c000 r-xp 00000000 08:01 2104469                    /lib/x86_64-linux-gnu/libpthread-2.19.so
7f095d02c000-7f095d22b000 ---p 00019000 08:01 2104469                    /lib/x86_64-linux-gnu/libpthread-2.19.so
7f095d22b000-7f095d22c000 r--p 00018000 08:01 2104469                    /lib/x86_64-linux-gnu/libpthread-2.19.so
7f095d22c000-7f095d22d000 rw-p 00019000 08:01 2104469                    /lib/x86_64-linux-gnu/libpthread-2.19.so
7f095d22d000-7f095d231000 rw-p 00000000 00:00 0 
7f095d231000-7f095d234000 r-xp 00000000 08:01 2104457                    /lib/x86_64-linux-gnu/libdl-2.19.so
7f095d234000-7f095d433000 ---p 00003000 08:01 2104457                    /lib/x86_64-linux-gnu/libdl-2.19.so
7f095d433000-7f095d434000 r--p 00002000 08:01 2104457                    /lib/x86_64-linux-gnu/libdl-2.19.so
7f095d434000-7f095d435000 rw-p 00003000 08:01 2104457                    /lib/x86_64-linux-gnu/libdl-2.19.so
7f095d435000-7f095d5f0000 r-xp 00000000 08:01 2104468                    /lib/x86_64-linux-gnu/libc-2.19.so
7f095d5f0000-7f095d7ef000 ---p 001bb000 08:01 2104468                    /lib/x86_64-linux-gnu/libc-2.19.so
7f095d7ef000-7f095d7f3000 r--p 001ba000 08:01 2104468                    /lib/x86_64-linux-gnu/libc-2.19.so
7f095d7f3000-7f095d7f5000 rw-p 001be000 08:01 2104468                    /lib/x86_64-linux-gnu/libc-2.19.so
7f095d7f5000-7f095d7fa000 rw-p 00000000 00:00 0 
7f095d7fa000-7f095d807000 r-xp 00000000 08:01 4997030                    /usr/lib/jvm/java-7-openjdk-amd64/jre/lib/amd64/jli/libjli.so
7f095d807000-7f095da06000 ---p 0000d000 08:01 4997030                    /usr/lib/jvm/java-7-openjdk-amd64/jre/lib/amd64/jli/libjli.so
7f095da06000-7f095da07000 r--p 0000c000 08:01 4997030                    /usr/lib/jvm/java-7-openjdk-amd64/jre/lib/amd64/jli/libjli.so
7f095da07000-7f095da08000 rw-p 0000d000 08:01 4997030                    /usr/lib/jvm/java-7-openjdk-amd64/jre/lib/amd64/jli/libjli.so
7f095da08000-7f095da2b000 r-xp 00000000 08:01 2104465                    /lib/x86_64-linux-gnu/ld-2.19.so
7f095da2b000-7f095da2c000 r--s 00002000 08:01 4457732                    /usr/lib/jvm/java-7-openjdk-amd64/jre/lib/ext/dnsns.jar
7f095da2c000-7f095da2e000 r--s 00012000 08:01 4458090                    /usr/lib/jvm/java-7-openjdk-amd64/jre/lib/ext/zipfs.jar
7f095da2e000-7f095da32000 r--s 00085000 08:01 4457243                    /usr/lib/jvm/java-7-openjdk-amd64/jre/lib/ext/localedata.jar
7f095da32000-7f095da3c000 rw-p 00000000 00:00 0 
7f095da3c000-7f095daf2000 rw-p 00000000 00:00 0 
7f095daf2000-7f095daf5000 ---p 00000000 00:00 0 
7f095daf5000-7f095dbf8000 rw-p 00000000 00:00 0                          [stack:26974]
7f095dbf8000-7f095dbfb000 r--s 0000f000 08:01 4458072                    /usr/lib/jvm/java-7-openjdk-amd64/jre/lib/ext/icedtea-sound.jar
7f095dbfb000-7f095dbfd000 r--s 00006000 08:01 4210395                    /usr/share/java/java-atk-wrapper.jar
7f095dbfd000-7f095dc1e000 rw-p 00000000 00:00 0 
7f095dc1e000-7f095dc26000 rw-s 00000000 08:01 4982138                    /tmp/hsperfdata_root/26969
7f095dc26000-7f095dc27000 rw-p 00000000 00:00 0 
7f095dc27000-7f095dc28000 r--p 00000000 00:00 0 
7f095dc28000-7f095dc2a000 rw-p 00000000 00:00 0 
7f095dc2a000-7f095dc2b000 r--p 00022000 08:01 2104465                    /lib/x86_64-linux-gnu/ld-2.19.so
7f095dc2b000-7f095dc2c000 rw-p 00023000 08:01 2104465                    /lib/x86_64-linux-gnu/ld-2.19.so
7f095dc2c000-7f095dc2d000 rw-p 00000000 00:00 0 
7fffa06e5000-7fffa0706000 rw-p 00000000 00:00 0                          [stack]
7fffa0792000-7fffa0794000 r-xp 00000000 00:00 0                          [vdso]
7fffa0794000-7fffa0796000 r--p 00000000 00:00 0                          [vvar]
ffffffffff600000-ffffffffff601000 r-xp 00000000 00:00 0                  [vsyscall]

VM Arguments:
jvm_args: -Dfile.encoding=UTF-8 
java_command: jvcl.GPUFFT
Launcher Type: SUN_STANDARD

Environment Variables:
PATH=/usr/local/sbin:/usr/local/bin:/usr/sbin:/usr/bin:/sbin:/bin
USERNAME=root
SHELL=/bin/bash
DISPLAY=:0

Signal Handlers:
SIGSEGV: [libjvm.so+0x94bab0], sa_mask[0]=0x7ffbfeff, sa_flags=0x10000004
SIGBUS: [libjvm.so+0x94bab0], sa_mask[0]=0x7ffbfeff, sa_flags=0x10000004
SIGFPE: [libjvm.so+0x7c38b0], sa_mask[0]=0x7ffbfeff, sa_flags=0x10000004
SIGPIPE: [libjvm.so+0x7c38b0], sa_mask[0]=0x7ffbfeff, sa_flags=0x10000004
SIGXFSZ: [libjvm.so+0x7c38b0], sa_mask[0]=0x7ffbfeff, sa_flags=0x10000004
SIGILL: [libjvm.so+0x7c38b0], sa_mask[0]=0x7ffbfeff, sa_flags=0x10000004
SIGUSR1: SIG_DFL, sa_mask[0]=0x00000000, sa_flags=0x00000000
SIGUSR2: [libjvm.so+0x7c3750], sa_mask[0]=0x00000004, sa_flags=0x10000004
SIGHUP: [libjvm.so+0x7c3930], sa_mask[0]=0x7ffbfeff, sa_flags=0x10000004
SIGINT: [libjvm.so+0x7c3930], sa_mask[0]=0x7ffbfeff, sa_flags=0x10000004
SIGTERM: [libjvm.so+0x7c3930], sa_mask[0]=0x7ffbfeff, sa_flags=0x10000004
SIGQUIT: [libjvm.so+0x7c3930], sa_mask[0]=0x7ffbfeff, sa_flags=0x10000004
SIGTRAP: SIG_DFL, sa_mask[0]=0x00000000, sa_flags=0x00000000


---------------  S Y S T E M  ---------------

OS:Ubuntu 14.04 (trusty)
uname:Linux 3.16.0-49-generic #65~14.04.1-Ubuntu SMP Wed Sep 9 10:03:23 UTC 2015 x86_64
libc:glibc 2.19 NPTL 2.19 
rlimit: STACK 8192k, CORE 0k, NPROC 31478, NOFILE 4096, AS infinity
load average:1.31 0.94 0.51

/proc/meminfo:
MemTotal:        8079900 kB
MemFree:         4051692 kB
MemAvailable:    6330388 kB
Buffers:          719436 kB
Cached:          1510736 kB
SwapCached:            0 kB
Active:          2531128 kB
Inactive:         882520 kB
Active(anon):    1184732 kB
Inactive(anon):    31924 kB
Active(file):    1346396 kB
Inactive(file):   850596 kB
Unevictable:         104 kB
Mlocked:             104 kB
SwapTotal:       9999356 kB
SwapFree:        9999356 kB
Dirty:               172 kB
Writeback:             0 kB
AnonPages:       1183580 kB
Mapped:           345272 kB
Shmem:             33188 kB
Slab:             375472 kB
SReclaimable:     335108 kB
SUnreclaim:        40364 kB
KernelStack:       11776 kB
PageTables:        33284 kB
NFS_Unstable:          0 kB
Bounce:                0 kB
WritebackTmp:          0 kB
CommitLimit:    14039304 kB
Committed_AS:    4853628 kB
VmallocTotal:   34359738367 kB
VmallocUsed:      394184 kB
VmallocChunk:   34359275188 kB
HardwareCorrupted:     0 kB
AnonHugePages:    716800 kB
HugePages_Total:       0
HugePages_Free:        0
HugePages_Rsvd:        0
HugePages_Surp:        0
Hugepagesize:       2048 kB
DirectMap4k:      298656 kB
DirectMap2M:     7993344 kB


CPU:total 4 (2 cores per cpu, 2 threads per core) family 6 model 58 stepping 9, cmov, cx8, fxsr, mmx, sse, sse2, sse3, ssse3, sse4.1, sse4.2, popcnt, avx, aes, erms, ht, tsc, tscinvbit, tscinv

/proc/cpuinfo:
processor	: 0
vendor_id	: GenuineIntel
cpu family	: 6
model		: 58
model name	: Intel(R) Core(TM) i7-3520M CPU @ 2.90GHz
stepping	: 9
microcode	: 0x19
cpu MHz		: 3400.023
cache size	: 4096 KB
physical id	: 0
siblings	: 4
core id		: 0
cpu cores	: 2
apicid		: 0
initial apicid	: 0
fpu		: yes
fpu_exception	: yes
cpuid level	: 13
wp		: yes
flags		: fpu vme de pse tsc msr pae mce cx8 apic sep mtrr pge mca cmov pat pse36 clflush dts acpi mmx fxsr sse sse2 ss ht tm pbe syscall nx rdtscp lm constant_tsc arch_perfmon pebs bts rep_good nopl xtopology nonstop_tsc aperfmperf eagerfpu pni pclmulqdq dtes64 monitor ds_cpl vmx smx est tm2 ssse3 cx16 xtpr pdcm pcid sse4_1 sse4_2 x2apic popcnt tsc_deadline_timer aes xsave avx f16c rdrand lahf_lm ida arat epb xsaveopt pln pts dtherm tpr_shadow vnmi flexpriority ept vpid fsgsbase smep erms
bogomips	: 5781.00
clflush size	: 64
cache_alignment	: 64
address sizes	: 36 bits physical, 48 bits virtual
power management:

processor	: 1
vendor_id	: GenuineIntel
cpu family	: 6
model		: 58
model name	: Intel(R) Core(TM) i7-3520M CPU @ 2.90GHz
stepping	: 9
microcode	: 0x19
cpu MHz		: 3143.894
cache size	: 4096 KB
physical id	: 0
siblings	: 4
core id		: 1
cpu cores	: 2
apicid		: 2
initial apicid	: 2
fpu		: yes
fpu_exception	: yes
cpuid level	: 13
wp		: yes
flags		: fpu vme de pse tsc msr pae mce cx8 apic sep mtrr pge mca cmov pat pse36 clflush dts acpi mmx fxsr sse sse2 ss ht tm pbe syscall nx rdtscp lm constant_tsc arch_perfmon pebs bts rep_good nopl xtopology nonstop_tsc aperfmperf eagerfpu pni pclmulqdq dtes64 monitor ds_cpl vmx smx est tm2 ssse3 cx16 xtpr pdcm pcid sse4_1 sse4_2 x2apic popcnt tsc_deadline_timer aes xsave avx f16c rdrand lahf_lm ida arat epb xsaveopt pln pts dtherm tpr_shadow vnmi flexpriority ept vpid fsgsbase smep erms
bogomips	: 5781.00
clflush size	: 64
cache_alignment	: 64
address sizes	: 36 bits physical, 48 bits virtual
power management:

processor	: 2
vendor_id	: GenuineIntel
cpu family	: 6
model		: 58
model name	: Intel(R) Core(TM) i7-3520M CPU @ 2.90GHz
stepping	: 9
microcode	: 0x19
cpu MHz		: 3400.023
cache size	: 4096 KB
physical id	: 0
siblings	: 4
core id		: 0
cpu cores	: 2
apicid		: 1
initial apicid	: 1
fpu		: yes
fpu_exception	: yes
cpuid level	: 13
wp		: yes
flags		: fpu vme de pse tsc msr pae mce cx8 apic sep mtrr pge mca cmov pat pse36 clflush dts acpi mmx fxsr sse sse2 ss ht tm pbe syscall nx rdtscp lm constant_tsc arch_perfmon pebs bts rep_good nopl xtopology nonstop_tsc aperfmperf eagerfpu pni pclmulqdq dtes64 monitor ds_cpl vmx smx est tm2 ssse3 cx16 xtpr pdcm pcid sse4_1 sse4_2 x2apic popcnt tsc_deadline_timer aes xsave avx f16c rdrand lahf_lm ida arat epb xsaveopt pln pts dtherm tpr_shadow vnmi flexpriority ept vpid fsgsbase smep erms
bogomips	: 5781.00
clflush size	: 64
cache_alignment	: 64
address sizes	: 36 bits physical, 48 bits virtual
power management:

processor	: 3
vendor_id	: GenuineIntel
cpu family	: 6
model		: 58
model name	: Intel(R) Core(TM) i7-3520M CPU @ 2.90GHz
stepping	: 9
microcode	: 0x19
cpu MHz		: 3547.628
cache size	: 4096 KB
physical id	: 0
siblings	: 4
core id		: 1
cpu cores	: 2
apicid		: 3
initial apicid	: 3
fpu		: yes
fpu_exception	: yes
cpuid level	: 13
wp		: yes
flags		: fpu vme de pse tsc msr pae mce cx8 apic sep mtrr pge mca cmov pat pse36 clflush dts acpi mmx fxsr sse sse2 ss ht tm pbe syscall nx rdtscp lm constant_tsc arch_perfmon pebs bts rep_good nopl xtopology nonstop_tsc aperfmperf eagerfpu pni pclmulqdq dtes64 monitor ds_cpl vmx smx est tm2 ssse3 cx16 xtpr pdcm pcid sse4_1 sse4_2 x2apic popcnt tsc_deadline_timer aes xsave avx f16c rdrand lahf_lm ida arat epb xsaveopt pln pts dtherm tpr_shadow vnmi flexpriority ept vpid fsgsbase smep erms
bogomips	: 5781.00
clflush size	: 64
cache_alignment	: 64
address sizes	: 36 bits physical, 48 bits virtual
power management:



Memory: 4k page, physical 8079900k(4051692k free), swap 9999356k(9999356k free)

vm_info: OpenJDK 64-Bit Server VM (24.79-b02) for linux-amd64 JRE (1.7.0_79-b14), built on Jul 24 2015 08:15:54 by "buildd" with gcc 4.8.2

time: Sun Oct  4 10:48:54 2015
elapsed time: 0 seconds

