#
# A fatal error has been detected by the Java Runtime Environment:
#
#  SIGSEGV (0xb) at pc=0x00007f0dc68d44ac, pid=27285, tid=139697598678784
#
# JRE version: OpenJDK Runtime Environment (7.0_79-b14) (build 1.7.0_79-b14)
# Java VM: OpenJDK 64-Bit Server VM (24.79-b02 mixed mode linux-amd64 compressed oops)
# Derivative: IcedTea 2.5.6
# Distribution: Ubuntu 14.04 LTS, package 7u79-2.5.6-0ubuntu1.14.04.1
# Problematic frame:
# C  [libOpenCL.so.1+0x54ac]  clCreateBuffer+0xc
#
# Failed to write core dump. Core dumps have been disabled. To enable core dumping, try "ulimit -c unlimited" before starting Java again
#
# If you would like to submit a bug report, please include
# instructions on how to reproduce the bug and visit:
#   http://icedtea.classpath.org/bugzilla
# The crash happened outside the Java Virtual Machine in native code.
# See problematic frame for where to report the bug.
#

---------------  T H R E A D  ---------------

Current thread (0x00007f0dd800a000):  JavaThread "main" [_thread_in_native, id=27290, stack(0x00007f0de1aec000,0x00007f0de1bed000)]

siginfo:si_signo=SIGSEGV: si_errno=0, si_code=128 (), si_addr=0x0000000000000000

Registers:
RAX=0x5f6176616a4c5a49, RBX=0x000000077a6f7218, RCX=0x0000000000000000, RDX=0x0000000000000004
RSP=0x00007f0de1beafd8, RBP=0x00007f0de1beb040, RSI=0x0000000000000001, RDI=0x00007f0dd8f97520
R8 =0x00000007d759e240, R9 =0x0000000000000000, R10=0x00007f0dd5012d6c, R11=0x00007f0de084d2f0
R12=0x0000000000000000, R13=0x000000077a6f7218, R14=0x00007f0de1beb198, R15=0x00007f0dd800a000
RIP=0x00007f0dc68d44ac, EFLAGS=0x0000000000010202, CSGSFS=0x0000000000000033, ERR=0x0000000000000000
  TRAPNO=0x000000000000000d

Top of Stack: (sp=0x00007f0de1beafd8)
0x00007f0de1beafd8:   00007f0dc49693c2 00007f0dd8f97520
0x00007f0de1beafe8:   0000000100000000 0000000000000000
0x00007f0de1beaff8:   0000000000000004 0000000000000001
0x00007f0de1beb008:   00007f0dd8f97520 00007f0de1beb198
0x00007f0de1beb018:   00007f0dd800a1d8 0000000000000000
0x00007f0de1beb028:   00000007d759e240 00007f0dc68d44a0
0x00007f0de1beb038:   00007f0dd5012c2d 00007f0de1beb108
0x00007f0de1beb048:   00007f0dd5012d98 0000000000000000
0x00007f0de1beb058:   0000000000000001 00007f0de1beb148
0x00007f0de1beb068:   0000000000000000 0000000000000000
0x00007f0de1beb078:   00007f0dc68d44a0 00007f0dd5005310
0x00007f0de1beb088:   0000000000000000 00007f0de1beb1e0
0x00007f0de1beb098:   00007f0de1beb128 00007f0dd800ace8
0x00007f0de1beb0a8:   00007f0dd800ace8 00007f0dd800ad18
0x00007f0de1beb0b8:   00007f0dd800ad18 00000000fffffffe
0x00007f0de1beb0c8:   00007f0de1beb0c8 000000077a6f7218
0x00007f0de1beb0d8:   00007f0de1beb198 000000077a7065a8
0x00007f0de1beb0e8:   0000000000000000 000000077a6f7218
0x00007f0de1beb0f8:   0000000000000000 00007f0de1beb128
0x00007f0de1beb108:   00007f0de1beb1e0 00007f0dd5006175
0x00007f0de1beb118:   0000000000000000 00007f0dd500ecd7
0x00007f0de1beb128:   00007f0dc68d44a0 0000000000000000
0x00007f0de1beb138:   0000000000000000 0000000000000000
0x00007f0de1beb148:   00000007d759e230 0000000000000001
0x00007f0de1beb158:   0000000000000000 0000000000000000
0x00007f0de1beb168:   0000000000000004 00007f0de1beb250
0x00007f0de1beb178:   0000000000000001 00007f0de1beb1e0
0x00007f0de1beb188:   00007f0dd8f97520 00007f0dc68d44a0
0x00007f0de1beb198:   00000007d73cd418 00007f0de1beb1a0
0x00007f0de1beb1a8:   000000077a6f7416 00007f0de1beb250
0x00007f0de1beb1b8:   000000077a7065a8 0000000000000000
0x00007f0de1beb1c8:   000000077a6f7428 00007f0de1beb128 

Instructions: (pc=0x00007f0dc68d44ac)
0x00007f0dc68d448c:   ff e0 66 90 48 85 c9 74 06 c7 01 de ff ff ff 31
0x00007f0dc68d449c:   c0 c3 66 90 48 85 ff 74 0b 48 8b 07 48 8b 40 70
0x00007f0dc68d44ac:   ff e0 66 90 4d 85 c0 74 07 41 c7 00 de ff ff ff
0x00007f0dc68d44bc:   31 c0 c3 90 48 85 ff 4c 8b 54 24 08 48 8b 44 24 

Register to memory mapping:

RAX=0x5f6176616a4c5a49 is an unknown value
RBX=0x000000077a6f7218 is an oop
{method} 
 - klass: {other class}
RCX=0x0000000000000000 is an unknown value
RDX=0x0000000000000004 is an unknown value
RSP=0x00007f0de1beafd8 is pointing into the stack for thread: 0x00007f0dd800a000
RBP=0x00007f0de1beb040 is pointing into the stack for thread: 0x00007f0dd800a000
RSI=0x0000000000000001 is an unknown value
RDI=0x00007f0dd8f97520 is an unknown value
R8 =0x00000007d759e240 is an unknown value
R9 =0x0000000000000000 is an unknown value
R10=0x00007f0dd5012d6c is at code_begin+620 in an Interpreter codelet
method entry point (kind = native)  [0x00007f0dd5012b00, 0x00007f0dd5013360]  2144 bytes
R11=0x00007f0de084d2f0: <offset 0x85d2f0> in /usr/lib/jvm/java-7-openjdk-amd64/jre/lib/amd64/server/libjvm.so at 0x00007f0ddfff0000
R12=0x0000000000000000 is an unknown value
R13=0x000000077a6f7218 is an oop
{method} 
 - klass: {other class}
R14=0x00007f0de1beb198 is pointing into the stack for thread: 0x00007f0dd800a000
R15=0x00007f0dd800a000 is a thread


Stack: [0x00007f0de1aec000,0x00007f0de1bed000],  sp=0x00007f0de1beafd8,  free space=1019k
Native frames: (J=compiled Java code, j=interpreted, Vv=VM code, C=native code)
C  [libOpenCL.so.1+0x54ac]  clCreateBuffer+0xc
j  com.jogamp.opencl.llb.impl.CLAbstractImpl.dispatch_clCreateBuffer1(JJJLjava/lang/Object;IZLjava/lang/Object;IZJ)J+0
j  com.jogamp.opencl.llb.impl.CLAbstractImpl.clCreateBuffer(JJJLjava/nio/Buffer;[II)J+150
j  com.jogamp.opencl.CLBuffer.create(Lcom/jogamp/opencl/CLContext;Ljava/nio/Buffer;I)Lcom/jogamp/opencl/CLBuffer;+68
j  com.jogamp.opencl.CLContext.createBuffer(Ljava/nio/Buffer;I)Lcom/jogamp/opencl/CLBuffer;+3
j  com.jogamp.opencl.CLContext.createBuffer(Ljava/nio/Buffer;[Lcom/jogamp/opencl/CLMemory$Mem;)Lcom/jogamp/opencl/CLBuffer;+6
j  com.jogamp.opencl.CLContext.createFloatBuffer(I[Lcom/jogamp/opencl/CLMemory$Mem;)Lcom/jogamp/opencl/CLBuffer;+6
j  jvcl.GPUFFT.fft_simple([F[F)V+221
j  jvcl.GPUFFT.fft_simple([F[F)V+198
j  jvcl.GPUFFT.fft_simple([F[F)V+198
j  jvcl.GPUFFT.fft_simple([F[F)V+198
j  jvcl.GPUFFT.fft_simple([F[F)V+198
j  jvcl.GPUFFT.fft_simple([F[F)V+198
j  jvcl.GPUFFT.main([Ljava/lang/String;)V+77
v  ~StubRoutines::call_stub
V  [libjvm.so+0x5e80c9]  JavaCalls::call_helper(JavaValue*, methodHandle*, JavaCallArguments*, Thread*)+0x339
V  [libjvm.so+0x5e7b68]  JavaCalls::call(JavaValue*, methodHandle, JavaCallArguments*, Thread*)+0x28
V  [libjvm.so+0x5f6c9b]  jni_invoke_static(JNIEnv_*, JavaValue*, _jobject*, JNICallType, _jmethodID*, JNI_ArgumentPusher*, Thread*) [clone .isra.124] [clone .constprop.156]+0x28b
V  [libjvm.so+0x607f08]  jni_CallStaticVoidMethod+0x118
C  [libjli.so+0x31f9]

Java frames: (J=compiled Java code, j=interpreted, Vv=VM code)
j  com.jogamp.opencl.llb.impl.CLAbstractImpl.dispatch_clCreateBuffer1(JJJLjava/lang/Object;IZLjava/lang/Object;IZJ)J+0
j  com.jogamp.opencl.llb.impl.CLAbstractImpl.clCreateBuffer(JJJLjava/nio/Buffer;[II)J+150
j  com.jogamp.opencl.CLBuffer.create(Lcom/jogamp/opencl/CLContext;Ljava/nio/Buffer;I)Lcom/jogamp/opencl/CLBuffer;+68
j  com.jogamp.opencl.CLContext.createBuffer(Ljava/nio/Buffer;I)Lcom/jogamp/opencl/CLBuffer;+3
j  com.jogamp.opencl.CLContext.createBuffer(Ljava/nio/Buffer;[Lcom/jogamp/opencl/CLMemory$Mem;)Lcom/jogamp/opencl/CLBuffer;+6
j  com.jogamp.opencl.CLContext.createFloatBuffer(I[Lcom/jogamp/opencl/CLMemory$Mem;)Lcom/jogamp/opencl/CLBuffer;+6
j  jvcl.GPUFFT.fft_simple([F[F)V+221
j  jvcl.GPUFFT.fft_simple([F[F)V+198
j  jvcl.GPUFFT.fft_simple([F[F)V+198
j  jvcl.GPUFFT.fft_simple([F[F)V+198
j  jvcl.GPUFFT.fft_simple([F[F)V+198
j  jvcl.GPUFFT.fft_simple([F[F)V+198
j  jvcl.GPUFFT.main([Ljava/lang/String;)V+77
v  ~StubRoutines::call_stub

---------------  P R O C E S S  ---------------

Java Threads: ( => current thread )
  0x00007f0dd8196800 JavaThread "process reaper" daemon [_thread_blocked, id=27307, stack(0x00007f0dd45e2000,0x00007f0dd461b000)]
  0x00007f0dd80ae800 JavaThread "Service Thread" daemon [_thread_blocked, id=27302, stack(0x00007f0dd471c000,0x00007f0dd481d000)]
  0x00007f0dd80ac000 JavaThread "C2 CompilerThread1" daemon [_thread_blocked, id=27301, stack(0x00007f0dd481d000,0x00007f0dd491e000)]
  0x00007f0dd80a9000 JavaThread "C2 CompilerThread0" daemon [_thread_blocked, id=27300, stack(0x00007f0ddc049000,0x00007f0ddc14a000)]
  0x00007f0dd80a7000 JavaThread "Signal Dispatcher" daemon [_thread_blocked, id=27299, stack(0x00007f0ddc14a000,0x00007f0ddc24b000)]
  0x00007f0dd807c000 JavaThread "Finalizer" daemon [_thread_blocked, id=27297, stack(0x00007f0ddc24b000,0x00007f0ddc34c000)]
  0x00007f0dd807a000 JavaThread "Reference Handler" daemon [_thread_blocked, id=27296, stack(0x00007f0ddc34c000,0x00007f0ddc44d000)]
=>0x00007f0dd800a000 JavaThread "main" [_thread_in_native, id=27290, stack(0x00007f0de1aec000,0x00007f0de1bed000)]

Other Threads:
  0x00007f0dd8075800 VMThread [stack: 0x00007f0ddc44d000,0x00007f0ddc54e000] [id=27295]
  0x00007f0dd80b9800 WatcherThread [stack: 0x00007f0dd461b000,0x00007f0dd471c000] [id=27303]

VM state:not at safepoint (normal execution)

VM Mutex/Monitor currently owned by a thread: None

Heap
 PSYoungGen      total 37376K, used 7883K [0x00000007d6e00000, 0x00000007d9780000, 0x0000000800000000)
  eden space 32256K, 24% used [0x00000007d6e00000,0x00000007d75b2ef8,0x00000007d8d80000)
  from space 5120K, 0% used [0x00000007d9280000,0x00000007d9280000,0x00000007d9780000)
  to   space 5120K, 0% used [0x00000007d8d80000,0x00000007d8d80000,0x00000007d9280000)
 ParOldGen       total 83968K, used 0K [0x0000000784a00000, 0x0000000789c00000, 0x00000007d6e00000)
  object space 83968K, 0% used [0x0000000784a00000,0x0000000784a00000,0x0000000789c00000)
 PSPermGen       total 21504K, used 5985K [0x000000077a400000, 0x000000077b900000, 0x0000000784a00000)
  object space 21504K, 27% used [0x000000077a400000,0x000000077a9d8590,0x000000077b900000)

Card table byte_map: [0x00007f0dde315000,0x00007f0dde744000] byte_map_base: 0x00007f0dda743000

Polling page: 0x00007f0de1c21000

Code Cache  [0x00007f0dd5000000, 0x00007f0dd5270000, 0x00007f0dd8000000)
 total_blobs=392 nmethods=18 adapters=328 free_code_cache=48619Kb largest_free_block=49762560

Compilation events (10 events):
Event: 0.162 Thread 0x00007f0dd80ac000 nmethod 14 0x00007f0dd5078c50 code [0x00007f0dd5078da0, 0x00007f0dd5078f58]
Event: 0.163 Thread 0x00007f0dd80a9000 nmethod 13 0x00007f0dd507e650 code [0x00007f0dd507e8a0, 0x00007f0dd507f918]
Event: 0.166 Thread 0x00007f0dd80ac000   15             java.lang.String::length (6 bytes)
Event: 0.166 Thread 0x00007f0dd80ac000 nmethod 15 0x00007f0dd507b790 code [0x00007f0dd507b8c0, 0x00007f0dd507b938]
Event: 0.168 Thread 0x00007f0dd80a9000   16             java.lang.Math::min (11 bytes)
Event: 0.169 Thread 0x00007f0dd80a9000 nmethod 16 0x00007f0dd505fcd0 code [0x00007f0dd505fe00, 0x00007f0dd505fe38]
Event: 0.303 Thread 0x00007f0dd80ac000   17   !         java.io.BufferedReader::readLine (304 bytes)
Event: 0.303 Thread 0x00007f0dd80a9000   18             sun.nio.cs.UTF_8$Decoder::decodeArrayLoop (543 bytes)
Event: 0.322 Thread 0x00007f0dd80ac000 nmethod 17 0x00007f0dd5089950 code [0x00007f0dd5089b00, 0x00007f0dd508a930]
Event: 0.322 Thread 0x00007f0dd80a9000 nmethod 18 0x00007f0dd50846d0 code [0x00007f0dd5084960, 0x00007f0dd50854f0]

GC Heap History (0 events):
No events

Deoptimization events (0 events):
No events

Internal exceptions (10 events):
Event: 0.197 Thread 0x00007f0dd800a000 Threw 0x00000007d74dece0 at /build/openjdk-7-FO0dNI/openjdk-7-7u79-2.5.6/build/openjdk/hotspot/src/share/vm/prims/jvm.cpp:1284
Event: 0.197 Thread 0x00007f0dd800a000 Threw 0x00000007d74e2c78 at /build/openjdk-7-FO0dNI/openjdk-7-7u79-2.5.6/build/openjdk/hotspot/src/share/vm/prims/jvm.cpp:1284
Event: 0.198 Thread 0x00007f0dd800a000 Threw 0x00000007d74ec028 at /build/openjdk-7-FO0dNI/openjdk-7-7u79-2.5.6/build/openjdk/hotspot/src/share/vm/prims/jvm.cpp:1284
Event: 0.199 Thread 0x00007f0dd800a000 Threw 0x00000007d74eff50 at /build/openjdk-7-FO0dNI/openjdk-7-7u79-2.5.6/build/openjdk/hotspot/src/share/vm/prims/jvm.cpp:1284
Event: 0.199 Thread 0x00007f0dd800a000 Threw 0x00000007d7517c68 at /build/openjdk-7-FO0dNI/openjdk-7-7u79-2.5.6/build/openjdk/hotspot/src/share/vm/prims/jvm.cpp:1284
Event: 0.200 Thread 0x00007f0dd800a000 Threw 0x00000007d751d908 at /build/openjdk-7-FO0dNI/openjdk-7-7u79-2.5.6/build/openjdk/hotspot/src/share/vm/prims/jvm.cpp:1284
Event: 0.201 Thread 0x00007f0dd800a000 Threw 0x00000007d7525658 at /build/openjdk-7-FO0dNI/openjdk-7-7u79-2.5.6/build/openjdk/hotspot/src/share/vm/prims/jvm.cpp:1284
Event: 0.204 Thread 0x00007f0dd800a000 Threw 0x00000007d7536540 at /build/openjdk-7-FO0dNI/openjdk-7-7u79-2.5.6/build/openjdk/hotspot/src/share/vm/prims/jvm.cpp:1284
Event: 0.361 Thread 0x00007f0dd800a000 Threw 0x00000007d7594a90 at /build/openjdk-7-FO0dNI/openjdk-7-7u79-2.5.6/build/openjdk/hotspot/src/share/vm/prims/jvm.cpp:1284
Event: 0.362 Thread 0x00007f0dd800a000 Threw 0x00000007d7598f58 at /build/openjdk-7-FO0dNI/openjdk-7-7u79-2.5.6/build/openjdk/hotspot/src/share/vm/prims/jvm.cpp:1284

Events (10 events):
Event: 0.323 loading class 0x00007f0ddd78c9b0
Event: 0.323 loading class 0x00007f0ddd78c9b0 done
Event: 0.323 loading class 0x00007f0ddd78c9e0
Event: 0.323 loading class 0x00007f0ddd78c9e0 done
Event: 0.361 loading class 0x00007f0dd80fd430
Event: 0.361 loading class 0x00007f0dd80fd430 done
Event: 0.361 loading class 0x00007f0dd8011ae0
Event: 0.361 loading class 0x00007f0dd8011ae0 done
Event: 0.361 loading class 0x00007f0dd80fd500
Event: 0.362 loading class 0x00007f0dd80fd500 done


Dynamic libraries:
00400000-00401000 r-xp 00000000 08:01 5389623                            /usr/lib/jvm/java-7-openjdk-amd64/jre/bin/java
00600000-00601000 r--p 00000000 08:01 5389623                            /usr/lib/jvm/java-7-openjdk-amd64/jre/bin/java
00601000-00602000 rw-p 00001000 08:01 5389623                            /usr/lib/jvm/java-7-openjdk-amd64/jre/bin/java
0068e000-006af000 rw-p 00000000 00:00 0                                  [heap]
200000000-700000000 ---p 00000000 00:00 0 
77a400000-77b900000 rw-p 00000000 00:00 0 
77b900000-784a00000 rw-p 00000000 00:00 0 
784a00000-789c00000 rw-p 00000000 00:00 0 
789c00000-7d6e00000 rw-p 00000000 00:00 0 
7d6e00000-7d9780000 rw-p 00000000 00:00 0 
7d9780000-800000000 rw-p 00000000 00:00 0 
7f0d5f7ff000-7f0d5f800000 ---p 00000000 00:00 0 
7f0d5f800000-7f0d60000000 rw-p 00000000 00:00 0 
7f0d60000000-7f0d60021000 rw-p 00000000 00:00 0 
7f0d60021000-7f0d64000000 ---p 00000000 00:00 0 
7f0d644fa000-7f0d644fb000 ---p 00000000 00:00 0 
7f0d644fb000-7f0d64cfb000 rw-p 00000000 00:00 0 
7f0d64dfb000-7f0d64dfc000 ---p 00000000 00:00 0 
7f0d64dfc000-7f0d655fc000 rw-p 00000000 00:00 0 
7f0d65ffc000-7f0d65ffd000 ---p 00000000 00:00 0 
7f0d65ffd000-7f0d667fd000 rw-p 00000000 00:00 0 
7f0d667fd000-7f0d667fe000 ---p 00000000 00:00 0 
7f0d667fe000-7f0d66ffe000 rw-p 00000000 00:00 0                          [stack:27347]
7f0d66ffe000-7f0d66fff000 ---p 00000000 00:00 0 
7f0d66fff000-7f0d677ff000 rw-p 00000000 00:00 0                          [stack:27346]
7f0d677ff000-7f0d67800000 ---p 00000000 00:00 0 
7f0d67800000-7f0d68000000 rw-p 00000000 00:00 0                          [stack:27345]
7f0d68000000-7f0d68021000 rw-p 00000000 00:00 0 
7f0d68021000-7f0d6c000000 ---p 00000000 00:00 0 
7f0d6c299000-7f0d6c3fa000 rw-p 00000000 00:00 0 
7f0d6c3fa000-7f0d6c3fb000 ---p 00000000 00:00 0 
7f0d6c3fb000-7f0d6cbfb000 rw-p 00000000 00:00 0                          [stack:27344]
7f0d6cbfb000-7f0d6cbfc000 ---p 00000000 00:00 0 
7f0d6cbfc000-7f0d6d3fc000 rw-p 00000000 00:00 0                          [stack:27343]
7f0d6d3fc000-7f0d6d4fc000 rw-s 199a04000 00:05 13212                     /dev/nvidiactl
7f0d6d4fc000-7f0d6d5fc000 rw-s 19f4fe000 00:05 13212                     /dev/nvidiactl
7f0d6d5fc000-7f0d6d6fc000 rw-s 15b3f0000 00:05 13212                     /dev/nvidiactl
7f0d6d6fc000-7f0d6d7fc000 rw-s 8357d000 00:05 13212                      /dev/nvidiactl
7f0d6d7fc000-7f0d6dbfc000 rw-s 4689c000 00:05 13212                      /dev/nvidiactl
7f0d6dbfc000-7f0d6dffc000 rw-s 1998d5000 00:05 13212                     /dev/nvidiactl
7f0d6dffc000-7f0d6dffd000 ---p 00000000 00:00 0 
7f0d6dffd000-7f0d6e7fd000 rw-p 00000000 00:00 0                          [stack:27342]
7f0d6e7fd000-7f0d6e7fe000 ---p 00000000 00:00 0 
7f0d6e7fe000-7f0d6effe000 rw-p 00000000 00:00 0                          [stack:27341]
7f0d6effe000-7f0d6efff000 ---p 00000000 00:00 0 
7f0d6efff000-7f0d6f7ff000 rw-p 00000000 00:00 0                          [stack:27340]
7f0d6f7ff000-7f0d6f800000 ---p 00000000 00:00 0 
7f0d6f800000-7f0d70000000 rw-p 00000000 00:00 0                          [stack:27339]
7f0d70000000-7f0d70021000 rw-p 00000000 00:00 0 
7f0d70021000-7f0d74000000 ---p 00000000 00:00 0 
7f0d740fa000-7f0d741fa000 rw-s 6ffe4000 00:05 13212                      /dev/nvidiactl
7f0d741fa000-7f0d742fa000 rw-s 1b9324000 00:05 13212                     /dev/nvidiactl
7f0d742fa000-7f0d742fb000 ---p 00000000 00:00 0 
7f0d742fb000-7f0d74afb000 rw-p 00000000 00:00 0                          [stack:27338]
7f0d74afb000-7f0d74afc000 ---p 00000000 00:00 0 
7f0d74afc000-7f0d752fc000 rw-p 00000000 00:00 0                          [stack:27337]
7f0d752fc000-7f0d753fc000 rw-s 19c14d000 00:05 13212                     /dev/nvidiactl
7f0d753fc000-7f0d754fc000 rw-s 6e44a000 00:05 13212                      /dev/nvidiactl
7f0d754fc000-7f0d755fc000 rw-s 6cac5000 00:05 13212                      /dev/nvidiactl
7f0d755fc000-7f0d756fc000 rw-s 6cb9f000 00:05 13212                      /dev/nvidiactl
7f0d756fc000-7f0d757fc000 rw-s 6395b000 00:05 13212                      /dev/nvidiactl
7f0d757fc000-7f0d75bfc000 rw-s 1eeab3000 00:05 13212                     /dev/nvidiactl
7f0d75bfc000-7f0d75ffc000 rw-s 173b34000 00:05 13212                     /dev/nvidiactl
7f0d75ffc000-7f0d75ffd000 ---p 00000000 00:00 0 
7f0d75ffd000-7f0d767fd000 rw-p 00000000 00:00 0                          [stack:27336]
7f0d767fd000-7f0d767fe000 ---p 00000000 00:00 0 
7f0d767fe000-7f0d76ffe000 rw-p 00000000 00:00 0                          [stack:27335]
7f0d76ffe000-7f0d76fff000 ---p 00000000 00:00 0 
7f0d76fff000-7f0d777ff000 rw-p 00000000 00:00 0                          [stack:27334]
7f0d777ff000-7f0d77800000 ---p 00000000 00:00 0 
7f0d77800000-7f0d78000000 rw-p 00000000 00:00 0                          [stack:27333]
7f0d78000000-7f0d78021000 rw-p 00000000 00:00 0 
7f0d78021000-7f0d7c000000 ---p 00000000 00:00 0 
7f0d7c042000-7f0d7c08e000 rw-s 16dc08000 00:05 13212                     /dev/nvidiactl
7f0d7c08e000-7f0d7c0ae000 rw-s e0280000 00:05 13214                      /dev/nvidia0
7f0d7c0ae000-7f0d7c0fa000 rw-s 19b74f000 00:05 13212                     /dev/nvidiactl
7f0d7c0fa000-7f0d7c1fa000 rw-s 19f588000 00:05 13212                     /dev/nvidiactl
7f0d7c1fa000-7f0d7c1fb000 ---p 00000000 00:00 0 
7f0d7c1fb000-7f0d7c9fb000 rw-p 00000000 00:00 0                          [stack:27332]
7f0d7c9fb000-7f0d7c9fc000 ---p 00000000 00:00 0 
7f0d7c9fc000-7f0d7d1fc000 rw-p 00000000 00:00 0                          [stack:27331]
7f0d7d1fc000-7f0d7d2fc000 rw-s 6c82c000 00:05 13212                      /dev/nvidiactl
7f0d7d2fc000-7f0d7d3fc000 rw-s 7aee7000 00:05 13212                      /dev/nvidiactl
7f0d7d3fc000-7f0d7d4fc000 rw-s 7b182000 00:05 13212                      /dev/nvidiactl
7f0d7d4fc000-7f0d7d5fc000 rw-s 5244d000 00:05 13212                      /dev/nvidiactl
7f0d7d5fc000-7f0d7d6fc000 rw-s 7b00f000 00:05 13212                      /dev/nvidiactl
7f0d7d6fc000-7f0d7dafc000 rw-s 19f67b000 00:05 13212                     /dev/nvidiactl
7f0d7dafc000-7f0d7defc000 rw-s 19f7fb000 00:05 13212                     /dev/nvidiactl
7f0d7defc000-7f0d7defd000 ---p 00000000 00:00 0 
7f0d7defd000-7f0d7e6fd000 rw-p 00000000 00:00 0                          [stack:27330]
7f0d7e6fd000-7f0d7e7fd000 rw-s 19c2fb000 00:05 13212                     /dev/nvidiactl
7f0d7e7fd000-7f0d7e7fe000 ---p 00000000 00:00 0 
7f0d7e7fe000-7f0d7effe000 rw-p 00000000 00:00 0                          [stack:27329]
7f0d7effe000-7f0d7efff000 ---p 00000000 00:00 0 
7f0d7efff000-7f0d7f7ff000 rw-p 00000000 00:00 0                          [stack:27328]
7f0d7f7ff000-7f0d7f800000 ---p 00000000 00:00 0 
7f0d7f800000-7f0d80000000 rw-p 00000000 00:00 0                          [stack:27327]
7f0d80000000-7f0d80021000 rw-p 00000000 00:00 0 
7f0d80021000-7f0d84000000 ---p 00000000 00:00 0 
7f0d84001000-7f0d84021000 rw-s e0260000 00:05 13214                      /dev/nvidia0
7f0d84021000-7f0d84041000 rw-s e0240000 00:05 13214                      /dev/nvidia0
7f0d84041000-7f0d84061000 rw-s e0220000 00:05 13214                      /dev/nvidia0
7f0d84061000-7f0d840ad000 rw-s 7ad6f000 00:05 13212                      /dev/nvidiactl
7f0d840ad000-7f0d840ae000 ---p 00000000 00:00 0 
7f0d840ae000-7f0d848ae000 rw-p 00000000 00:00 0                          [stack:27326]
7f0d848ae000-7f0d848af000 ---p 00000000 00:00 0 
7f0d848af000-7f0d850af000 rw-p 00000000 00:00 0                          [stack:27325]
7f0d850af000-7f0d850fb000 rw-s 7b3cc000 00:05 13212                      /dev/nvidiactl
7f0d850fb000-7f0d851fb000 rw-s b95fa000 00:05 13212                      /dev/nvidiactl
7f0d851fb000-7f0d852fb000 rw-s 6fc65000 00:05 13212                      /dev/nvidiactl
7f0d852fb000-7f0d853fb000 rw-s 52740000 00:05 13212                      /dev/nvidiactl
7f0d853fb000-7f0d857fb000 rw-s 1f0ccc000 00:05 13212                     /dev/nvidiactl
7f0d857fb000-7f0d857fc000 ---p 00000000 00:00 0 
7f0d857fc000-7f0d85ffc000 rw-p 00000000 00:00 0                          [stack:27324]
7f0d85ffc000-7f0d85ffd000 ---p 00000000 00:00 0 
7f0d85ffd000-7f0d867fd000 rw-p 00000000 00:00 0                          [stack:27323]
7f0d867fd000-7f0d867fe000 ---p 00000000 00:00 0 
7f0d867fe000-7f0d86ffe000 rw-p 00000000 00:00 0                          [stack:27322]
7f0d86ffe000-7f0d86fff000 ---p 00000000 00:00 0 
7f0d86fff000-7f0d877ff000 rw-p 00000000 00:00 0                          [stack:27321]
7f0d877ff000-7f0d87800000 ---p 00000000 00:00 0 
7f0d87800000-7f0d88000000 rw-p 00000000 00:00 0                          [stack:27320]
7f0d88000000-7f0d88021000 rw-p 00000000 00:00 0 
7f0d88021000-7f0d8c000000 ---p 00000000 00:00 0 
7f0d8c000000-7f0d8c021000 rw-p 00000000 00:00 0 
7f0d8c021000-7f0d90000000 ---p 00000000 00:00 0 
7f0d90009000-7f0d90109000 rw-s 2118fb000 00:05 13212                     /dev/nvidiactl
7f0d90109000-7f0d90209000 rw-s 19c345000 00:05 13212                     /dev/nvidiactl
7f0d90209000-7f0d90609000 rw-s 83528000 00:05 13212                      /dev/nvidiactl
7f0d90609000-7f0d90709000 rw-s ad348000 00:05 13212                      /dev/nvidiactl
7f0d90709000-7f0d9070a000 ---p 00000000 00:00 0 
7f0d9070a000-7f0d90f0a000 rw-p 00000000 00:00 0                          [stack:27319]
7f0d90f0a000-7f0d9100a000 rw-s 1b9341000 00:05 13212                     /dev/nvidiactl
7f0d9100a000-7f0d9110a000 rw-s 1b2524000 00:05 13212                     /dev/nvidiactl
7f0d9110a000-7f0d9120a000 rw-s 1e11e7000 00:05 13212                     /dev/nvidiactl
7f0d9120a000-7f0d9160a000 rw-s 1fc540000 00:05 13212                     /dev/nvidiactl
7f0d9160a000-7f0d9160b000 ---p 00000000 00:00 0 
7f0d9160b000-7f0d91e0b000 rw-p 00000000 00:00 0                          [stack:27318]
7f0d91e0b000-7f0d9354e000 r-xp 00000000 08:01 3811727                    /usr/lib/nvidia-346-updates/libnvidia-compiler.so.346.82
7f0d9354e000-7f0d9374e000 ---p 01743000 08:01 3811727                    /usr/lib/nvidia-346-updates/libnvidia-compiler.so.346.82
7f0d9374e000-7f0d93fd6000 rw-p 01743000 08:01 3811727                    /usr/lib/nvidia-346-updates/libnvidia-compiler.so.346.82
7f0d93fd6000-7f0d94000000 rw-p 00000000 00:00 0 
7f0d94000000-7f0d94021000 rw-p 00000000 00:00 0 
7f0d94021000-7f0d98000000 ---p 00000000 00:00 0 
7f0d98000000-7f0d98021000 rw-p 00000000 00:00 0 
7f0d98021000-7f0d9c000000 ---p 00000000 00:00 0 
7f0d9c000000-7f0d9c14f000 rw-p 00000000 00:00 0 
7f0d9c14f000-7f0da0000000 ---p 00000000 00:00 0 
7f0da0000000-7f0da0021000 rw-p 00000000 00:00 0 
7f0da0021000-7f0da4000000 ---p 00000000 00:00 0 
7f0da4000000-7f0da4021000 rw-p 00000000 00:00 0 
7f0da4021000-7f0da8000000 ---p 00000000 00:00 0 
7f0da8000000-7f0da81e5000 rw-p 00000000 00:00 0 
7f0da81e5000-7f0dac000000 ---p 00000000 00:00 0 
7f0dac000000-7f0dac021000 rw-p 00000000 00:00 0 
7f0dac021000-7f0db0000000 ---p 00000000 00:00 0 
7f0db0000000-7f0db0021000 rw-p 00000000 00:00 0 
7f0db0021000-7f0db4000000 ---p 00000000 00:00 0 
7f0db4000000-7f0db4021000 rw-p 00000000 00:00 0 
7f0db4021000-7f0db8000000 ---p 00000000 00:00 0 
7f0db8003000-7f0db8023000 rw-s e0200000 00:05 13214                      /dev/nvidia0
7f0db8023000-7f0db8043000 rw-s e01e0000 00:05 13214                      /dev/nvidia0
7f0db8043000-7f0db8063000 rw-s e01c0000 00:05 13214                      /dev/nvidia0
7f0db8063000-7f0db8083000 rw-s e01a0000 00:05 13214                      /dev/nvidia0
7f0db8083000-7f0db80cf000 rw-s 94e46000 00:05 13212                      /dev/nvidiactl
7f0db80cf000-7f0db81cf000 rw-s 1f0c42000 00:05 13212                     /dev/nvidiactl
7f0db81cf000-7f0db82cf000 rw-s 21190d000 00:05 13212                     /dev/nvidiactl
7f0db82cf000-7f0db86cf000 rw-s 46a30000 00:05 13212                      /dev/nvidiactl
7f0db86cf000-7f0db87cf000 rw-s bc614000 00:05 13212                      /dev/nvidiactl
7f0db87cf000-7f0db87d0000 ---p 00000000 00:00 0 
7f0db87d0000-7f0db8fd0000 rw-p 00000000 00:00 0                          [stack:27317]
7f0db8fd0000-7f0db8fd1000 ---p 00000000 00:00 0 
7f0db8fd1000-7f0db97d1000 rw-p 00000000 00:00 0                          [stack:27316]
7f0db97d1000-7f0db97d2000 ---p 00000000 00:00 0 
7f0db97d2000-7f0db9fd2000 rw-p 00000000 00:00 0                          [stack:27315]
7f0db9fd2000-7f0db9fd3000 ---p 00000000 00:00 0 
7f0db9fd3000-7f0dba7d3000 rw-p 00000000 00:00 0                          [stack:27314]
7f0dba7d3000-7f0dba7d4000 ---p 00000000 00:00 0 
7f0dba7d4000-7f0dbafd4000 rw-p 00000000 00:00 0                          [stack:27313]
7f0dbafd4000-7f0dbb020000 rw-s 1ee997000 00:05 13212                     /dev/nvidiactl
7f0dbb020000-7f0dbb120000 rw-s 1ae7e6000 00:05 13212                     /dev/nvidiactl
7f0dbb120000-7f0dbb220000 rw-s 1cd3d4000 00:05 13212                     /dev/nvidiactl
7f0dbb220000-7f0dbb320000 rw-s 1ae643000 00:05 13212                     /dev/nvidiactl
7f0dbb320000-7f0dbb420000 rw-s 1ee932000 00:05 13212                     /dev/nvidiactl
7f0dbb420000-7f0dbb520000 rw-s 1fc683000 00:05 13212                     /dev/nvidiactl
7f0dbb520000-7f0dbb920000 rw-s ad1fc000 00:05 13212                      /dev/nvidiactl
7f0dbb920000-7f0dbbd20000 rw-s bc454000 00:05 13212                      /dev/nvidiactl
7f0dbbd20000-7f0dc0000000 rw-p 00000000 00:00 0 
7f0dc0000000-7f0dc0021000 rw-p 00000000 00:00 0 
7f0dc0021000-7f0dc4000000 ---p 00000000 00:00 0 
7f0dc4003000-7f0dc4023000 rw-s e0180000 00:05 13214                      /dev/nvidia0
7f0dc4023000-7f0dc4043000 rw-s e0160000 00:05 13214                      /dev/nvidia0
7f0dc4043000-7f0dc4063000 rw-s e0140000 00:05 13214                      /dev/nvidia0
7f0dc4063000-7f0dc4064000 ---p 00000000 00:00 0 
7f0dc4064000-7f0dc4864000 rw-p 00000000 00:00 0                          [stack:27312]
7f0dc4864000-7f0dc4964000 rw-s 9da18000 00:05 13212                      /dev/nvidiactl
7f0dc4964000-7f0dc496f000 r-xp 00000000 08:01 4982176                    /tmp/jogamp_0000/file_cache/jln4711188208797124352/jln1032917686644200404/natives/linux-amd64/libjocl.so
7f0dc496f000-7f0dc4b6e000 ---p 0000b000 08:01 4982176                    /tmp/jogamp_0000/file_cache/jln4711188208797124352/jln1032917686644200404/natives/linux-amd64/libjocl.so
7f0dc4b6e000-7f0dc4b6f000 r--p 0000a000 08:01 4982176                    /tmp/jogamp_0000/file_cache/jln4711188208797124352/jln1032917686644200404/natives/linux-amd64/libjocl.so
7f0dc4b6f000-7f0dc4b70000 rw-p 0000b000 08:01 4982176                    /tmp/jogamp_0000/file_cache/jln4711188208797124352/jln1032917686644200404/natives/linux-amd64/libjocl.so
7f0dc4b70000-7f0dc5633000 r-xp 00000000 08:01 3672125                    /usr/lib/x86_64-linux-gnu/libcuda.so.346.82
7f0dc5633000-7f0dc5833000 ---p 00ac3000 08:01 3672125                    /usr/lib/x86_64-linux-gnu/libcuda.so.346.82
7f0dc5833000-7f0dc59e5000 rw-p 00ac3000 08:01 3672125                    /usr/lib/x86_64-linux-gnu/libcuda.so.346.82
7f0dc59e5000-7f0dc59fa000 rw-p 00000000 00:00 0 
7f0dc5a0a000-7f0dc5a2a000 rw-s e0120000 00:05 13214                      /dev/nvidia0
7f0dc5a2a000-7f0dc6505000 r-xp 00000000 08:01 3674886                    /usr/lib/x86_64-linux-gnu/libnvidia-opencl.so.346.82
7f0dc6505000-7f0dc6704000 ---p 00adb000 08:01 3674886                    /usr/lib/x86_64-linux-gnu/libnvidia-opencl.so.346.82
7f0dc6704000-7f0dc68ba000 rw-p 00ada000 08:01 3674886                    /usr/lib/x86_64-linux-gnu/libnvidia-opencl.so.346.82
7f0dc68ba000-7f0dc68cf000 rw-p 00000000 00:00 0 
7f0dc68cf000-7f0dc68d7000 r-xp 00000000 08:01 3670455                    /usr/lib/x86_64-linux-gnu/libOpenCL.so.1.0.0
7f0dc68d7000-7f0dc6ad6000 ---p 00008000 08:01 3670455                    /usr/lib/x86_64-linux-gnu/libOpenCL.so.1.0.0
7f0dc6ad6000-7f0dc6ad7000 r--p 00007000 08:01 3670455                    /usr/lib/x86_64-linux-gnu/libOpenCL.so.1.0.0
7f0dc6ad7000-7f0dc6ad8000 rw-p 00008000 08:01 3670455                    /usr/lib/x86_64-linux-gnu/libOpenCL.so.1.0.0
7f0dc6ad8000-7f0dc6ada000 r-xp 00000000 08:01 4982175                    /tmp/jogamp_0000/file_cache/jln4711188208797124352/jln1032917686644200404/natives/linux-amd64/libgluegen-rt.so
7f0dc6ada000-7f0dc6cd9000 ---p 00002000 08:01 4982175                    /tmp/jogamp_0000/file_cache/jln4711188208797124352/jln1032917686644200404/natives/linux-amd64/libgluegen-rt.so
7f0dc6cd9000-7f0dc6cda000 r--p 00001000 08:01 4982175                    /tmp/jogamp_0000/file_cache/jln4711188208797124352/jln1032917686644200404/natives/linux-amd64/libgluegen-rt.so
7f0dc6cda000-7f0dc6cdb000 rw-p 00002000 08:01 4982175                    /tmp/jogamp_0000/file_cache/jln4711188208797124352/jln1032917686644200404/natives/linux-amd64/libgluegen-rt.so
7f0dc6ddc000-7f0dc6dec000 r-xp 00000000 08:01 4853686                    /usr/lib/jvm/java-7-openjdk-amd64/jre/lib/amd64/libnio.so
7f0dc6dec000-7f0dc6fec000 ---p 00010000 08:01 4853686                    /usr/lib/jvm/java-7-openjdk-amd64/jre/lib/amd64/libnio.so
7f0dc6fec000-7f0dc6fed000 r--p 00010000 08:01 4853686                    /usr/lib/jvm/java-7-openjdk-amd64/jre/lib/amd64/libnio.so
7f0dc6fed000-7f0dc6fee000 rw-p 00011000 08:01 4853686                    /usr/lib/jvm/java-7-openjdk-amd64/jre/lib/amd64/libnio.so
7f0dc6fee000-7f0dc701f000 rw-p 00000000 00:00 0 
7f0dc701f000-7f0dc705c000 r-xp 00000000 08:01 2114819                    /lib/x86_64-linux-gnu/libpcre.so.3.13.1
7f0dc705c000-7f0dc725b000 ---p 0003d000 08:01 2114819                    /lib/x86_64-linux-gnu/libpcre.so.3.13.1
7f0dc725b000-7f0dc725c000 r--p 0003c000 08:01 2114819                    /lib/x86_64-linux-gnu/libpcre.so.3.13.1
7f0dc725c000-7f0dc725d000 rw-p 0003d000 08:01 2114819                    /lib/x86_64-linux-gnu/libpcre.so.3.13.1
7f0dc725d000-7f0dc7264000 r-xp 00000000 08:01 3675991                    /usr/lib/x86_64-linux-gnu/libffi.so.6.0.1
7f0dc7264000-7f0dc7463000 ---p 00007000 08:01 3675991                    /usr/lib/x86_64-linux-gnu/libffi.so.6.0.1
7f0dc7463000-7f0dc7464000 r--p 00006000 08:01 3675991                    /usr/lib/x86_64-linux-gnu/libffi.so.6.0.1
7f0dc7464000-7f0dc7465000 rw-p 00007000 08:01 3675991                    /usr/lib/x86_64-linux-gnu/libffi.so.6.0.1
7f0dc7465000-7f0dc747c000 r-xp 00000000 08:01 2104446                    /lib/x86_64-linux-gnu/libresolv-2.19.so
7f0dc747c000-7f0dc767c000 ---p 00017000 08:01 2104446                    /lib/x86_64-linux-gnu/libresolv-2.19.so
7f0dc767c000-7f0dc767d000 r--p 00017000 08:01 2104446                    /lib/x86_64-linux-gnu/libresolv-2.19.so
7f0dc767d000-7f0dc767e000 rw-p 00018000 08:01 2104446                    /lib/x86_64-linux-gnu/libresolv-2.19.so
7f0dc767e000-7f0dc7680000 rw-p 00000000 00:00 0 
7f0dc7680000-7f0dc76a0000 r-xp 00000000 08:01 2103373                    /lib/x86_64-linux-gnu/libselinux.so.1
7f0dc76a0000-7f0dc789f000 ---p 00020000 08:01 2103373                    /lib/x86_64-linux-gnu/libselinux.so.1
7f0dc789f000-7f0dc78a0000 r--p 0001f000 08:01 2103373                    /lib/x86_64-linux-gnu/libselinux.so.1
7f0dc78a0000-7f0dc78a1000 rw-p 00020000 08:01 2103373                    /lib/x86_64-linux-gnu/libselinux.so.1
7f0dc78a1000-7f0dc78a3000 rw-p 00000000 00:00 0 
7f0dc78a3000-7f0dc78a6000 r-xp 00000000 08:01 3676104                    /usr/lib/x86_64-linux-gnu/libgmodule-2.0.so.0.4002.0
7f0dc78a6000-7f0dc7aa5000 ---p 00003000 08:01 3676104                    /usr/lib/x86_64-linux-gnu/libgmodule-2.0.so.0.4002.0
7f0dc7aa5000-7f0dc7aa6000 r--p 00002000 08:01 3676104                    /usr/lib/x86_64-linux-gnu/libgmodule-2.0.so.0.4002.0
7f0dc7aa6000-7f0dc7aa7000 rw-p 00003000 08:01 3676104                    /usr/lib/x86_64-linux-gnu/libgmodule-2.0.so.0.4002.0
7f0dc7aa7000-7f0dc7bad000 r-xp 00000000 08:01 2103274                    /lib/x86_64-linux-gnu/libglib-2.0.so.0.4002.0
7f0dc7bad000-7f0dc7dac000 ---p 00106000 08:01 2103274                    /lib/x86_64-linux-gnu/libglib-2.0.so.0.4002.0
7f0dc7dac000-7f0dc7dad000 r--p 00105000 08:01 2103274                    /lib/x86_64-linux-gnu/libglib-2.0.so.0.4002.0
7f0dc7dad000-7f0dc7dae000 rw-p 00106000 08:01 2103274                    /lib/x86_64-linux-gnu/libglib-2.0.so.0.4002.0
7f0dc7dae000-7f0dc7daf000 rw-p 00000000 00:00 0 
7f0dc7daf000-7f0dc7dfe000 r-xp 00000000 08:01 3676120                    /usr/lib/x86_64-linux-gnu/libgobject-2.0.so.0.4002.0
7f0dc7dfe000-7f0dc7ffe000 ---p 0004f000 08:01 3676120                    /usr/lib/x86_64-linux-gnu/libgobject-2.0.so.0.4002.0
7f0dc7ffe000-7f0dc7fff000 r--p 0004f000 08:01 3676120                    /usr/lib/x86_64-linux-gnu/libgobject-2.0.so.0.4002.0
7f0dc7fff000-7f0dc8000000 rw-p 00050000 08:01 3676120                    /usr/lib/x86_64-linux-gnu/libgobject-2.0.so.0.4002.0
7f0dc8000000-7f0dc8021000 rw-p 00000000 00:00 0 
7f0dc8021000-7f0dcc000000 ---p 00000000 00:00 0 
7f0dcc000000-7f0dcc021000 rw-p 00000000 00:00 0 
7f0dcc021000-7f0dd0000000 ---p 00000000 00:00 0 
7f0dd0000000-7f0dd0021000 rw-p 00000000 00:00 0 
7f0dd0021000-7f0dd4000000 ---p 00000000 00:00 0 
7f0dd4006000-7f0dd4027000 rw-p 00000000 00:00 0 
7f0dd4027000-7f0dd4193000 r-xp 00000000 08:01 3676092                    /usr/lib/x86_64-linux-gnu/libgio-2.0.so.0.4002.0
7f0dd4193000-7f0dd4392000 ---p 0016c000 08:01 3676092                    /usr/lib/x86_64-linux-gnu/libgio-2.0.so.0.4002.0
7f0dd4392000-7f0dd4396000 r--p 0016b000 08:01 3676092                    /usr/lib/x86_64-linux-gnu/libgio-2.0.so.0.4002.0
7f0dd4396000-7f0dd4398000 rw-p 0016f000 08:01 3676092                    /usr/lib/x86_64-linux-gnu/libgio-2.0.so.0.4002.0
7f0dd4398000-7f0dd439a000 rw-p 00000000 00:00 0 
7f0dd43a5000-7f0dd43a7000 rw-p 00000000 00:00 0 
7f0dd43a7000-7f0dd43a8000 rw-s eff6e000 00:05 13214                      /dev/nvidia0
7f0dd43a8000-7f0dd43a9000 rw-s 6ffde000 00:05 13212                      /dev/nvidiactl
7f0dd43a9000-7f0dd43ca000 rw-p 00000000 00:00 0 
7f0dd43ca000-7f0dd43e1000 r-xp 00000000 08:01 4853681                    /usr/lib/jvm/java-7-openjdk-amd64/jre/lib/amd64/libnet.so
7f0dd43e1000-7f0dd45e0000 ---p 00017000 08:01 4853681                    /usr/lib/jvm/java-7-openjdk-amd64/jre/lib/amd64/libnet.so
7f0dd45e0000-7f0dd45e1000 r--p 00016000 08:01 4853681                    /usr/lib/jvm/java-7-openjdk-amd64/jre/lib/amd64/libnet.so
7f0dd45e1000-7f0dd45e2000 rw-p 00017000 08:01 4853681                    /usr/lib/jvm/java-7-openjdk-amd64/jre/lib/amd64/libnet.so
7f0dd45e2000-7f0dd45e5000 ---p 00000000 00:00 0 
7f0dd45e5000-7f0dd461b000 rw-p 00000000 00:00 0                          [stack:27307]
7f0dd461b000-7f0dd461c000 ---p 00000000 00:00 0 
7f0dd461c000-7f0dd471c000 rw-p 00000000 00:00 0                          [stack:27303]
7f0dd471c000-7f0dd471f000 ---p 00000000 00:00 0 
7f0dd471f000-7f0dd481d000 rw-p 00000000 00:00 0                          [stack:27302]
7f0dd481d000-7f0dd4820000 ---p 00000000 00:00 0 
7f0dd4820000-7f0dd491e000 rw-p 00000000 00:00 0                          [stack:27301]
7f0dd491e000-7f0dd5000000 r--p 00000000 08:01 3674563                    /usr/lib/locale/locale-archive
7f0dd5000000-7f0dd5270000 rwxp 00000000 00:00 0 
7f0dd5270000-7f0dd91f3000 rw-p 00000000 00:00 0 
7f0dd91f3000-7f0ddc000000 ---p 00000000 00:00 0 
7f0ddc000000-7f0ddc001000 rw-s eff6d000 00:05 13214                      /dev/nvidia0
7f0ddc001000-7f0ddc002000 rw-s 6fd2b000 00:05 13212                      /dev/nvidiactl
7f0ddc002000-7f0ddc003000 rw-s eff6c000 00:05 13214                      /dev/nvidia0
7f0ddc003000-7f0ddc004000 rw-s 63941000 00:05 13212                      /dev/nvidiactl
7f0ddc004000-7f0ddc005000 rw-s eff6b000 00:05 13214                      /dev/nvidia0
7f0ddc005000-7f0ddc006000 rw-s 1eea83000 00:05 13212                     /dev/nvidiactl
7f0ddc006000-7f0ddc007000 rw-s eff6a000 00:05 13214                      /dev/nvidia0
7f0ddc007000-7f0ddc008000 rw-s 19b7fd000 00:05 13212                     /dev/nvidiactl
7f0ddc008000-7f0ddc009000 rw-s eff69000 00:05 13214                      /dev/nvidia0
7f0ddc009000-7f0ddc00a000 rw-s 1b92ea000 00:05 13212                     /dev/nvidiactl
7f0ddc00a000-7f0ddc00b000 rw-s eff68000 00:05 13214                      /dev/nvidia0
7f0ddc00b000-7f0ddc00c000 rw-s 173bdb000 00:05 13212                     /dev/nvidiactl
7f0ddc00c000-7f0ddc00d000 rw-s eff67000 00:05 13214                      /dev/nvidia0
7f0ddc00d000-7f0ddc00e000 rw-s 1b2678000 00:05 13212                     /dev/nvidiactl
7f0ddc00e000-7f0ddc00f000 rw-s eff66000 00:05 13214                      /dev/nvidia0
7f0ddc00f000-7f0ddc010000 rw-s 1d10cb000 00:05 13212                     /dev/nvidiactl
7f0ddc010000-7f0ddc011000 rw-s eff65000 00:05 13214                      /dev/nvidia0
7f0ddc011000-7f0ddc012000 rw-s 1f16b0000 00:05 13212                     /dev/nvidiactl
7f0ddc012000-7f0ddc019000 r--s 00000000 08:01 4203242                    /usr/lib/x86_64-linux-gnu/gconv/gconv-modules.cache
7f0ddc019000-7f0ddc01a000 r--p 00000000 08:01 4461979                    /usr/share/locale-langpack/en_GB/LC_MESSAGES/libc.mo
7f0ddc01a000-7f0ddc01b000 rw-s eff64000 00:05 13214                      /dev/nvidia0
7f0ddc01b000-7f0ddc01c000 rw-s 21ff74000 00:05 13212                     /dev/nvidiactl
7f0ddc01c000-7f0ddc01d000 rw-s eff63000 00:05 13214                      /dev/nvidia0
7f0ddc01d000-7f0ddc01e000 rw-s ad362000 00:05 13212                      /dev/nvidiactl
7f0ddc01e000-7f0ddc01f000 r--s 00002000 08:06 68771                      /home/ericbarnhill/Documents/code/jogamp/jocl/build/jar/jocl-natives-linux-amd64.jar
7f0ddc01f000-7f0ddc021000 r--s 00000000 08:06 63540                      /home/ericbarnhill/Documents/code/jogamp/gluegen/build/gluegen-rt-natives-linux-amd64.jar
7f0ddc021000-7f0ddc022000 r--p 00000000 00:00 0 
7f0ddc022000-7f0ddc027000 r--s 0004d000 08:01 4080643                    /usr/lib/jvm/java-7-openjdk-amd64/jre/lib/jsse.jar
7f0ddc027000-7f0ddc032000 r--s 0006f000 08:06 23467237                   /home/ericbarnhill/Documents/code/jtransforms-2.4.jar
7f0ddc032000-7f0ddc038000 r--s 0004f000 08:06 63508                      /home/ericbarnhill/Documents/code/jogamp/gluegen/build/gluegen-rt.jar
7f0ddc038000-7f0ddc03e000 r--s 00030000 08:06 68770                      /home/ericbarnhill/Documents/code/jogamp/jocl/build/jar/jocl.jar
7f0ddc03e000-7f0ddc041000 r--s 000bd000 08:06 70280                      /home/ericbarnhill/Documents/code/jogamp/jocl-demos/build/jar/jocl-demos.jar
7f0ddc041000-7f0ddc045000 r--s 00034000 08:01 4458065                    /usr/lib/jvm/java-7-openjdk-amd64/jre/lib/ext/sunjce_provider.jar
7f0ddc045000-7f0ddc049000 r--s 0003c000 08:01 4458066                    /usr/lib/jvm/java-7-openjdk-amd64/jre/lib/ext/sunpkcs11.jar
7f0ddc049000-7f0ddc04c000 ---p 00000000 00:00 0 
7f0ddc04c000-7f0ddc14a000 rw-p 00000000 00:00 0                          [stack:27300]
7f0ddc14a000-7f0ddc14d000 ---p 00000000 00:00 0 
7f0ddc14d000-7f0ddc24b000 rw-p 00000000 00:00 0                          [stack:27299]
7f0ddc24b000-7f0ddc24e000 ---p 00000000 00:00 0 
7f0ddc24e000-7f0ddc34c000 rw-p 00000000 00:00 0                          [stack:27297]
7f0ddc34c000-7f0ddc34f000 ---p 00000000 00:00 0 
7f0ddc34f000-7f0ddc44d000 rw-p 00000000 00:00 0                          [stack:27296]
7f0ddc44d000-7f0ddc44e000 ---p 00000000 00:00 0 
7f0ddc44e000-7f0ddd52a000 rw-p 00000000 00:00 0                          [stack:27295]
7f0ddd52a000-7f0ddd6db000 r--s 01d29000 08:01 4080636                    /usr/lib/jvm/java-7-openjdk-amd64/jre/lib/rt.jar
7f0ddd6db000-7f0dddc2c000 rw-p 00000000 00:00 0 
7f0dddc2c000-7f0dddc2d000 ---p 00000000 00:00 0 
7f0dddc2d000-7f0dddd2d000 rw-p 00000000 00:00 0                          [stack:27294]
7f0dddd2d000-7f0dddd2e000 ---p 00000000 00:00 0 
7f0dddd2e000-7f0ddde2e000 rw-p 00000000 00:00 0                          [stack:27293]
7f0ddde2e000-7f0ddde2f000 ---p 00000000 00:00 0 
7f0ddde2f000-7f0dddf2f000 rw-p 00000000 00:00 0                          [stack:27292]
7f0dddf2f000-7f0dddf30000 ---p 00000000 00:00 0 
7f0dddf30000-7f0dde03b000 rw-p 00000000 00:00 0                          [stack:27291]
7f0dde03b000-7f0dde083000 rw-p 00000000 00:00 0 
7f0dde083000-7f0dde0ac000 rw-p 00000000 00:00 0 
7f0dde0ac000-7f0dde315000 rw-p 00000000 00:00 0 
7f0dde315000-7f0dde320000 rw-p 00000000 00:00 0 
7f0dde320000-7f0dde368000 rw-p 00000000 00:00 0 
7f0dde368000-7f0dde391000 rw-p 00000000 00:00 0 
7f0dde391000-7f0dde5fa000 rw-p 00000000 00:00 0 
7f0dde5fa000-7f0dde60f000 rw-p 00000000 00:00 0 
7f0dde60f000-7f0dde743000 rw-p 00000000 00:00 0 
7f0dde743000-7f0dde744000 rw-p 00000000 00:00 0 
7f0dde744000-7f0dde74c000 r-xp 00000000 08:01 4851601                    /usr/lib/jvm/java-7-openjdk-amd64/jre/lib/amd64/libzip.so
7f0dde74c000-7f0dde94b000 ---p 00008000 08:01 4851601                    /usr/lib/jvm/java-7-openjdk-amd64/jre/lib/amd64/libzip.so
7f0dde94b000-7f0dde94c000 r--p 00007000 08:01 4851601                    /usr/lib/jvm/java-7-openjdk-amd64/jre/lib/amd64/libzip.so
7f0dde94c000-7f0dde94d000 rw-p 00008000 08:01 4851601                    /usr/lib/jvm/java-7-openjdk-amd64/jre/lib/amd64/libzip.so
7f0dde94d000-7f0dde958000 r-xp 00000000 08:01 2104454                    /lib/x86_64-linux-gnu/libnss_files-2.19.so
7f0dde958000-7f0ddeb57000 ---p 0000b000 08:01 2104454                    /lib/x86_64-linux-gnu/libnss_files-2.19.so
7f0ddeb57000-7f0ddeb58000 r--p 0000a000 08:01 2104454                    /lib/x86_64-linux-gnu/libnss_files-2.19.so
7f0ddeb58000-7f0ddeb59000 rw-p 0000b000 08:01 2104454                    /lib/x86_64-linux-gnu/libnss_files-2.19.so
7f0ddeb59000-7f0ddeb64000 r-xp 00000000 08:01 2104474                    /lib/x86_64-linux-gnu/libnss_nis-2.19.so
7f0ddeb64000-7f0dded63000 ---p 0000b000 08:01 2104474                    /lib/x86_64-linux-gnu/libnss_nis-2.19.so
7f0dded63000-7f0dded64000 r--p 0000a000 08:01 2104474                    /lib/x86_64-linux-gnu/libnss_nis-2.19.so
7f0dded64000-7f0dded65000 rw-p 0000b000 08:01 2104474                    /lib/x86_64-linux-gnu/libnss_nis-2.19.so
7f0dded65000-7f0dded7c000 r-xp 00000000 08:01 2104463                    /lib/x86_64-linux-gnu/libnsl-2.19.so
7f0dded7c000-7f0ddef7b000 ---p 00017000 08:01 2104463                    /lib/x86_64-linux-gnu/libnsl-2.19.so
7f0ddef7b000-7f0ddef7c000 r--p 00016000 08:01 2104463                    /lib/x86_64-linux-gnu/libnsl-2.19.so
7f0ddef7c000-7f0ddef7d000 rw-p 00017000 08:01 2104463                    /lib/x86_64-linux-gnu/libnsl-2.19.so
7f0ddef7d000-7f0ddef7f000 rw-p 00000000 00:00 0 
7f0ddef7f000-7f0ddef88000 r-xp 00000000 08:01 2104462                    /lib/x86_64-linux-gnu/libnss_compat-2.19.so
7f0ddef88000-7f0ddf187000 ---p 00009000 08:01 2104462                    /lib/x86_64-linux-gnu/libnss_compat-2.19.so
7f0ddf187000-7f0ddf188000 r--p 00008000 08:01 2104462                    /lib/x86_64-linux-gnu/libnss_compat-2.19.so
7f0ddf188000-7f0ddf189000 rw-p 00009000 08:01 2104462                    /lib/x86_64-linux-gnu/libnss_compat-2.19.so
7f0ddf189000-7f0ddf1b4000 r-xp 00000000 08:01 4853689                    /usr/lib/jvm/java-7-openjdk-amd64/jre/lib/amd64/libjava.so
7f0ddf1b4000-7f0ddf3b3000 ---p 0002b000 08:01 4853689                    /usr/lib/jvm/java-7-openjdk-amd64/jre/lib/amd64/libjava.so
7f0ddf3b3000-7f0ddf3b4000 r--p 0002a000 08:01 4853689                    /usr/lib/jvm/java-7-openjdk-amd64/jre/lib/amd64/libjava.so
7f0ddf3b4000-7f0ddf3b6000 rw-p 0002b000 08:01 4853689                    /usr/lib/jvm/java-7-openjdk-amd64/jre/lib/amd64/libjava.so
7f0ddf3b6000-7f0ddf3c6000 r-xp 00000000 08:01 4853672                    /usr/lib/jvm/java-7-openjdk-amd64/jre/lib/amd64/libverify.so
7f0ddf3c6000-7f0ddf5c5000 ---p 00010000 08:01 4853672                    /usr/lib/jvm/java-7-openjdk-amd64/jre/lib/amd64/libverify.so
7f0ddf5c5000-7f0ddf5c7000 r--p 0000f000 08:01 4853672                    /usr/lib/jvm/java-7-openjdk-amd64/jre/lib/amd64/libverify.so
7f0ddf5c7000-7f0ddf5c8000 rw-p 00011000 08:01 4853672                    /usr/lib/jvm/java-7-openjdk-amd64/jre/lib/amd64/libverify.so
7f0ddf5c8000-7f0ddf5cf000 r-xp 00000000 08:01 2104471                    /lib/x86_64-linux-gnu/librt-2.19.so
7f0ddf5cf000-7f0ddf7ce000 ---p 00007000 08:01 2104471                    /lib/x86_64-linux-gnu/librt-2.19.so
7f0ddf7ce000-7f0ddf7cf000 r--p 00006000 08:01 2104471                    /lib/x86_64-linux-gnu/librt-2.19.so
7f0ddf7cf000-7f0ddf7d0000 rw-p 00007000 08:01 2104471                    /lib/x86_64-linux-gnu/librt-2.19.so
7f0ddf7d0000-7f0ddf7e6000 r-xp 00000000 08:01 2103270                    /lib/x86_64-linux-gnu/libgcc_s.so.1
7f0ddf7e6000-7f0ddf9e5000 ---p 00016000 08:01 2103270                    /lib/x86_64-linux-gnu/libgcc_s.so.1
7f0ddf9e5000-7f0ddf9e6000 rw-p 00015000 08:01 2103270                    /lib/x86_64-linux-gnu/libgcc_s.so.1
7f0ddf9e6000-7f0ddfaeb000 r-xp 00000000 08:01 2104453                    /lib/x86_64-linux-gnu/libm-2.19.so
7f0ddfaeb000-7f0ddfcea000 ---p 00105000 08:01 2104453                    /lib/x86_64-linux-gnu/libm-2.19.so
7f0ddfcea000-7f0ddfceb000 r--p 00104000 08:01 2104453                    /lib/x86_64-linux-gnu/libm-2.19.so
7f0ddfceb000-7f0ddfcec000 rw-p 00105000 08:01 2104453                    /lib/x86_64-linux-gnu/libm-2.19.so
7f0ddfcec000-7f0ddfdd2000 r-xp 00000000 08:01 3670377                    /usr/lib/x86_64-linux-gnu/libstdc++.so.6.0.19
7f0ddfdd2000-7f0ddffd1000 ---p 000e6000 08:01 3670377                    /usr/lib/x86_64-linux-gnu/libstdc++.so.6.0.19
7f0ddffd1000-7f0ddffd9000 r--p 000e5000 08:01 3670377                    /usr/lib/x86_64-linux-gnu/libstdc++.so.6.0.19
7f0ddffd9000-7f0ddffdb000 rw-p 000ed000 08:01 3670377                    /usr/lib/x86_64-linux-gnu/libstdc++.so.6.0.19
7f0ddffdb000-7f0ddfff0000 rw-p 00000000 00:00 0 
7f0ddfff0000-7f0de0b09000 r-xp 00000000 08:01 5274730                    /usr/lib/jvm/java-7-openjdk-amd64/jre/lib/amd64/server/libjvm.so
7f0de0b09000-7f0de0d09000 ---p 00b19000 08:01 5274730                    /usr/lib/jvm/java-7-openjdk-amd64/jre/lib/amd64/server/libjvm.so
7f0de0d09000-7f0de0da3000 r--p 00b19000 08:01 5274730                    /usr/lib/jvm/java-7-openjdk-amd64/jre/lib/amd64/server/libjvm.so
7f0de0da3000-7f0de0dc6000 rw-p 00bb3000 08:01 5274730                    /usr/lib/jvm/java-7-openjdk-amd64/jre/lib/amd64/server/libjvm.so
7f0de0dc6000-7f0de0df4000 rw-p 00000000 00:00 0 
7f0de0df4000-7f0de0e0c000 r-xp 00000000 08:01 2103406                    /lib/x86_64-linux-gnu/libz.so.1.2.8
7f0de0e0c000-7f0de100b000 ---p 00018000 08:01 2103406                    /lib/x86_64-linux-gnu/libz.so.1.2.8
7f0de100b000-7f0de100c000 r--p 00017000 08:01 2103406                    /lib/x86_64-linux-gnu/libz.so.1.2.8
7f0de100c000-7f0de100d000 rw-p 00018000 08:01 2103406                    /lib/x86_64-linux-gnu/libz.so.1.2.8
7f0de100d000-7f0de1026000 r-xp 00000000 08:01 2104469                    /lib/x86_64-linux-gnu/libpthread-2.19.so
7f0de1026000-7f0de1225000 ---p 00019000 08:01 2104469                    /lib/x86_64-linux-gnu/libpthread-2.19.so
7f0de1225000-7f0de1226000 r--p 00018000 08:01 2104469                    /lib/x86_64-linux-gnu/libpthread-2.19.so
7f0de1226000-7f0de1227000 rw-p 00019000 08:01 2104469                    /lib/x86_64-linux-gnu/libpthread-2.19.so
7f0de1227000-7f0de122b000 rw-p 00000000 00:00 0 
7f0de122b000-7f0de122e000 r-xp 00000000 08:01 2104457                    /lib/x86_64-linux-gnu/libdl-2.19.so
7f0de122e000-7f0de142d000 ---p 00003000 08:01 2104457                    /lib/x86_64-linux-gnu/libdl-2.19.so
7f0de142d000-7f0de142e000 r--p 00002000 08:01 2104457                    /lib/x86_64-linux-gnu/libdl-2.19.so
7f0de142e000-7f0de142f000 rw-p 00003000 08:01 2104457                    /lib/x86_64-linux-gnu/libdl-2.19.so
7f0de142f000-7f0de15ea000 r-xp 00000000 08:01 2104468                    /lib/x86_64-linux-gnu/libc-2.19.so
7f0de15ea000-7f0de17e9000 ---p 001bb000 08:01 2104468                    /lib/x86_64-linux-gnu/libc-2.19.so
7f0de17e9000-7f0de17ed000 r--p 001ba000 08:01 2104468                    /lib/x86_64-linux-gnu/libc-2.19.so
7f0de17ed000-7f0de17ef000 rw-p 001be000 08:01 2104468                    /lib/x86_64-linux-gnu/libc-2.19.so
7f0de17ef000-7f0de17f4000 rw-p 00000000 00:00 0 
7f0de17f4000-7f0de1801000 r-xp 00000000 08:01 4997030                    /usr/lib/jvm/java-7-openjdk-amd64/jre/lib/amd64/jli/libjli.so
7f0de1801000-7f0de1a00000 ---p 0000d000 08:01 4997030                    /usr/lib/jvm/java-7-openjdk-amd64/jre/lib/amd64/jli/libjli.so
7f0de1a00000-7f0de1a01000 r--p 0000c000 08:01 4997030                    /usr/lib/jvm/java-7-openjdk-amd64/jre/lib/amd64/jli/libjli.so
7f0de1a01000-7f0de1a02000 rw-p 0000d000 08:01 4997030                    /usr/lib/jvm/java-7-openjdk-amd64/jre/lib/amd64/jli/libjli.so
7f0de1a02000-7f0de1a25000 r-xp 00000000 08:01 2104465                    /lib/x86_64-linux-gnu/ld-2.19.so
7f0de1a25000-7f0de1a26000 r--s 00002000 08:01 4457732                    /usr/lib/jvm/java-7-openjdk-amd64/jre/lib/ext/dnsns.jar
7f0de1a26000-7f0de1a28000 r--s 00012000 08:01 4458090                    /usr/lib/jvm/java-7-openjdk-amd64/jre/lib/ext/zipfs.jar
7f0de1a28000-7f0de1a2c000 r--s 00085000 08:01 4457243                    /usr/lib/jvm/java-7-openjdk-amd64/jre/lib/ext/localedata.jar
7f0de1a2c000-7f0de1a36000 rw-p 00000000 00:00 0 
7f0de1a36000-7f0de1aec000 rw-p 00000000 00:00 0 
7f0de1aec000-7f0de1aef000 ---p 00000000 00:00 0 
7f0de1aef000-7f0de1bf2000 rw-p 00000000 00:00 0                          [stack:27290]
7f0de1bf2000-7f0de1bf5000 r--s 0000f000 08:01 4458072                    /usr/lib/jvm/java-7-openjdk-amd64/jre/lib/ext/icedtea-sound.jar
7f0de1bf5000-7f0de1bf7000 r--s 00006000 08:01 4210395                    /usr/share/java/java-atk-wrapper.jar
7f0de1bf7000-7f0de1c18000 rw-p 00000000 00:00 0 
7f0de1c18000-7f0de1c20000 rw-s 00000000 08:01 4982138                    /tmp/hsperfdata_root/27285
7f0de1c20000-7f0de1c21000 rw-p 00000000 00:00 0 
7f0de1c21000-7f0de1c22000 r--p 00000000 00:00 0 
7f0de1c22000-7f0de1c24000 rw-p 00000000 00:00 0 
7f0de1c24000-7f0de1c25000 r--p 00022000 08:01 2104465                    /lib/x86_64-linux-gnu/ld-2.19.so
7f0de1c25000-7f0de1c26000 rw-p 00023000 08:01 2104465                    /lib/x86_64-linux-gnu/ld-2.19.so
7f0de1c26000-7f0de1c27000 rw-p 00000000 00:00 0 
7ffc9acb7000-7ffc9acd8000 rw-p 00000000 00:00 0                          [stack]
7ffc9ad39000-7ffc9ad3b000 r-xp 00000000 00:00 0                          [vdso]
7ffc9ad3b000-7ffc9ad3d000 r--p 00000000 00:00 0                          [vvar]
ffffffffff600000-ffffffffff601000 r-xp 00000000 00:00 0                  [vsyscall]

VM Arguments:
jvm_args: -Dfile.encoding=UTF-8 
java_command: jvcl.GPUFFT
Launcher Type: SUN_STANDARD

Environment Variables:
PATH=/usr/local/sbin:/usr/local/bin:/usr/sbin:/usr/bin:/sbin:/bin
USERNAME=root
SHELL=/bin/bash
DISPLAY=:0

Signal Handlers:
SIGSEGV: [libjvm.so+0x94bab0], sa_mask[0]=0x7ffbfeff, sa_flags=0x10000004
SIGBUS: [libjvm.so+0x94bab0], sa_mask[0]=0x7ffbfeff, sa_flags=0x10000004
SIGFPE: [libjvm.so+0x7c38b0], sa_mask[0]=0x7ffbfeff, sa_flags=0x10000004
SIGPIPE: [libjvm.so+0x7c38b0], sa_mask[0]=0x7ffbfeff, sa_flags=0x10000004
SIGXFSZ: [libjvm.so+0x7c38b0], sa_mask[0]=0x7ffbfeff, sa_flags=0x10000004
SIGILL: [libjvm.so+0x7c38b0], sa_mask[0]=0x7ffbfeff, sa_flags=0x10000004
SIGUSR1: SIG_DFL, sa_mask[0]=0x00000000, sa_flags=0x00000000
SIGUSR2: [libjvm.so+0x7c3750], sa_mask[0]=0x00000004, sa_flags=0x10000004
SIGHUP: [libjvm.so+0x7c3930], sa_mask[0]=0x7ffbfeff, sa_flags=0x10000004
SIGINT: [libjvm.so+0x7c3930], sa_mask[0]=0x7ffbfeff, sa_flags=0x10000004
SIGTERM: [libjvm.so+0x7c3930], sa_mask[0]=0x7ffbfeff, sa_flags=0x10000004
SIGQUIT: [libjvm.so+0x7c3930], sa_mask[0]=0x7ffbfeff, sa_flags=0x10000004
SIGTRAP: SIG_DFL, sa_mask[0]=0x00000000, sa_flags=0x00000000


---------------  S Y S T E M  ---------------

OS:Ubuntu 14.04 (trusty)
uname:Linux 3.16.0-49-generic #65~14.04.1-Ubuntu SMP Wed Sep 9 10:03:23 UTC 2015 x86_64
libc:glibc 2.19 NPTL 2.19 
rlimit: STACK 8192k, CORE 0k, NPROC 31478, NOFILE 4096, AS infinity
load average:0.86 0.88 0.52

/proc/meminfo:
MemTotal:        8079900 kB
MemFree:         4051896 kB
MemAvailable:    6331044 kB
Buffers:          719596 kB
Cached:          1511252 kB
SwapCached:            0 kB
Active:          2530424 kB
Inactive:         882840 kB
Active(anon):    1183676 kB
Inactive(anon):    32200 kB
Active(file):    1346748 kB
Inactive(file):   850640 kB
Unevictable:         104 kB
Mlocked:             104 kB
SwapTotal:       9999356 kB
SwapFree:        9999356 kB
Dirty:               244 kB
Writeback:             0 kB
AnonPages:       1182428 kB
Mapped:           345700 kB
Shmem:             33464 kB
Slab:             376048 kB
SReclaimable:     335164 kB
SUnreclaim:        40884 kB
KernelStack:       12704 kB
PageTables:        33456 kB
NFS_Unstable:          0 kB
Bounce:                0 kB
WritebackTmp:          0 kB
CommitLimit:    14039304 kB
Committed_AS:    4851964 kB
VmallocTotal:   34359738367 kB
VmallocUsed:      394184 kB
VmallocChunk:   34359275188 kB
HardwareCorrupted:     0 kB
AnonHugePages:    741376 kB
HugePages_Total:       0
HugePages_Free:        0
HugePages_Rsvd:        0
HugePages_Surp:        0
Hugepagesize:       2048 kB
DirectMap4k:      298656 kB
DirectMap2M:     7993344 kB


CPU:total 4 (2 cores per cpu, 2 threads per core) family 6 model 58 stepping 9, cmov, cx8, fxsr, mmx, sse, sse2, sse3, ssse3, sse4.1, sse4.2, popcnt, avx, aes, erms, ht, tsc, tscinvbit, tscinv

/proc/cpuinfo:
processor	: 0
vendor_id	: GenuineIntel
cpu family	: 6
model		: 58
model name	: Intel(R) Core(TM) i7-3520M CPU @ 2.90GHz
stepping	: 9
microcode	: 0x19
cpu MHz		: 3415.203
cache size	: 4096 KB
physical id	: 0
siblings	: 4
core id		: 0
cpu cores	: 2
apicid		: 0
initial apicid	: 0
fpu		: yes
fpu_exception	: yes
cpuid level	: 13
wp		: yes
flags		: fpu vme de pse tsc msr pae mce cx8 apic sep mtrr pge mca cmov pat pse36 clflush dts acpi mmx fxsr sse sse2 ss ht tm pbe syscall nx rdtscp lm constant_tsc arch_perfmon pebs bts rep_good nopl xtopology nonstop_tsc aperfmperf eagerfpu pni pclmulqdq dtes64 monitor ds_cpl vmx smx est tm2 ssse3 cx16 xtpr pdcm pcid sse4_1 sse4_2 x2apic popcnt tsc_deadline_timer aes xsave avx f16c rdrand lahf_lm ida arat epb xsaveopt pln pts dtherm tpr_shadow vnmi flexpriority ept vpid fsgsbase smep erms
bogomips	: 5781.00
clflush size	: 64
cache_alignment	: 64
address sizes	: 36 bits physical, 48 bits virtual
power management:

processor	: 1
vendor_id	: GenuineIntel
cpu family	: 6
model		: 58
model name	: Intel(R) Core(TM) i7-3520M CPU @ 2.90GHz
stepping	: 9
microcode	: 0x19
cpu MHz		: 3400.023
cache size	: 4096 KB
physical id	: 0
siblings	: 4
core id		: 1
cpu cores	: 2
apicid		: 2
initial apicid	: 2
fpu		: yes
fpu_exception	: yes
cpuid level	: 13
wp		: yes
flags		: fpu vme de pse tsc msr pae mce cx8 apic sep mtrr pge mca cmov pat pse36 clflush dts acpi mmx fxsr sse sse2 ss ht tm pbe syscall nx rdtscp lm constant_tsc arch_perfmon pebs bts rep_good nopl xtopology nonstop_tsc aperfmperf eagerfpu pni pclmulqdq dtes64 monitor ds_cpl vmx smx est tm2 ssse3 cx16 xtpr pdcm pcid sse4_1 sse4_2 x2apic popcnt tsc_deadline_timer aes xsave avx f16c rdrand lahf_lm ida arat epb xsaveopt pln pts dtherm tpr_shadow vnmi flexpriority ept vpid fsgsbase smep erms
bogomips	: 5781.00
clflush size	: 64
cache_alignment	: 64
address sizes	: 36 bits physical, 48 bits virtual
power management:

processor	: 2
vendor_id	: GenuineIntel
cpu family	: 6
model		: 58
model name	: Intel(R) Core(TM) i7-3520M CPU @ 2.90GHz
stepping	: 9
microcode	: 0x19
cpu MHz		: 3553.519
cache size	: 4096 KB
physical id	: 0
siblings	: 4
core id		: 0
cpu cores	: 2
apicid		: 1
initial apicid	: 1
fpu		: yes
fpu_exception	: yes
cpuid level	: 13
wp		: yes
flags		: fpu vme de pse tsc msr pae mce cx8 apic sep mtrr pge mca cmov pat pse36 clflush dts acpi mmx fxsr sse sse2 ss ht tm pbe syscall nx rdtscp lm constant_tsc arch_perfmon pebs bts rep_good nopl xtopology nonstop_tsc aperfmperf eagerfpu pni pclmulqdq dtes64 monitor ds_cpl vmx smx est tm2 ssse3 cx16 xtpr pdcm pcid sse4_1 sse4_2 x2apic popcnt tsc_deadline_timer aes xsave avx f16c rdrand lahf_lm ida arat epb xsaveopt pln pts dtherm tpr_shadow vnmi flexpriority ept vpid fsgsbase smep erms
bogomips	: 5781.00
clflush size	: 64
cache_alignment	: 64
address sizes	: 36 bits physical, 48 bits virtual
power management:

processor	: 3
vendor_id	: GenuineIntel
cpu family	: 6
model		: 58
model name	: Intel(R) Core(TM) i7-3520M CPU @ 2.90GHz
stepping	: 9
microcode	: 0x19
cpu MHz		: 3400.023
cache size	: 4096 KB
physical id	: 0
siblings	: 4
core id		: 1
cpu cores	: 2
apicid		: 3
initial apicid	: 3
fpu		: yes
fpu_exception	: yes
cpuid level	: 13
wp		: yes
flags		: fpu vme de pse tsc msr pae mce cx8 apic sep mtrr pge mca cmov pat pse36 clflush dts acpi mmx fxsr sse sse2 ss ht tm pbe syscall nx rdtscp lm constant_tsc arch_perfmon pebs bts rep_good nopl xtopology nonstop_tsc aperfmperf eagerfpu pni pclmulqdq dtes64 monitor ds_cpl vmx smx est tm2 ssse3 cx16 xtpr pdcm pcid sse4_1 sse4_2 x2apic popcnt tsc_deadline_timer aes xsave avx f16c rdrand lahf_lm ida arat epb xsaveopt pln pts dtherm tpr_shadow vnmi flexpriority ept vpid fsgsbase smep erms
bogomips	: 5781.00
clflush size	: 64
cache_alignment	: 64
address sizes	: 36 bits physical, 48 bits virtual
power management:



Memory: 4k page, physical 8079900k(4051896k free), swap 9999356k(9999356k free)

vm_info: OpenJDK 64-Bit Server VM (24.79-b02) for linux-amd64 JRE (1.7.0_79-b14), built on Jul 24 2015 08:15:54 by "buildd" with gcc 4.8.2

time: Sun Oct  4 10:50:01 2015
elapsed time: 0 seconds

