#
# A fatal error has been detected by the Java Runtime Environment:
#
#  SIGSEGV (0xb) at pc=0x00007f9212c574ac, pid=28303, tid=140265679484672
#
# JRE version: OpenJDK Runtime Environment (7.0_79-b14) (build 1.7.0_79-b14)
# Java VM: OpenJDK 64-Bit Server VM (24.79-b02 mixed mode linux-amd64 compressed oops)
# Derivative: IcedTea 2.5.6
# Distribution: Ubuntu 14.04 LTS, package 7u79-2.5.6-0ubuntu1.14.04.1
# Problematic frame:
# C  [libOpenCL.so.1+0x54ac]  clCreateBuffer+0xc
#
# Failed to write core dump. Core dumps have been disabled. To enable core dumping, try "ulimit -c unlimited" before starting Java again
#
# If you would like to submit a bug report, please include
# instructions on how to reproduce the bug and visit:
#   http://icedtea.classpath.org/bugzilla
# The crash happened outside the Java Virtual Machine in native code.
# See problematic frame for where to report the bug.
#

---------------  T H R E A D  ---------------

Current thread (0x00007f921c00a000):  JavaThread "main" [_thread_in_native, id=28308, stack(0x00007f9225eff000,0x00007f9226000000)]

siginfo:si_signo=SIGSEGV: si_errno=0, si_code=128 (), si_addr=0x0000000000000000

Registers:
RAX=0x5f6176616a4c5a49, RBX=0x000000077a6f70a8, RCX=0x0000000000000000, RDX=0x0000000000000008
RSP=0x00007f9225ffe0c8, RBP=0x00007f9225ffe130, RSI=0x0000000000000001, RDI=0x00007f921cf973a0
R8 =0x00000007d759e450, R9 =0x0000000000000000, R10=0x00007f9219012d6c, R11=0x00007f9224c602f0
R12=0x0000000000000000, R13=0x000000077a6f70a8, R14=0x00007f9225ffe288, R15=0x00007f921c00a000
RIP=0x00007f9212c574ac, EFLAGS=0x0000000000010206, CSGSFS=0x0000000000000033, ERR=0x0000000000000000
  TRAPNO=0x000000000000000d

Top of Stack: (sp=0x00007f9225ffe0c8)
0x00007f9225ffe0c8:   00007f9210d1c3c2 00007f921cf973a0
0x00007f9225ffe0d8:   0000000100000000 0000000000000000
0x00007f9225ffe0e8:   0000000000000008 0000000000000001
0x00007f9225ffe0f8:   00007f921cf973a0 00007f9225ffe288
0x00007f9225ffe108:   00007f921c00a1d8 0000000000000000
0x00007f9225ffe118:   00000007d759e450 00007f9212c574a0
0x00007f9225ffe128:   00007f9219012c2d 00007f9225ffe1f8
0x00007f9225ffe138:   00007f9219012d98 0000000000000000
0x00007f9225ffe148:   0000000000000001 00007f9225ffe238
0x00007f9225ffe158:   0000000000000000 0000000000000000
0x00007f9225ffe168:   00007f9212c574a0 00007f9219005310
0x00007f9225ffe178:   0000000000000000 00007f9225ffe2d0
0x00007f9225ffe188:   00007f9225ffe218 00007f921c00ace8
0x00007f9225ffe198:   00007f921c00ace8 00007f921c00ad18
0x00007f9225ffe1a8:   00007f921c00ad18 00000000fffffffe
0x00007f9225ffe1b8:   00007f9225ffe1b8 000000077a6f70a8
0x00007f9225ffe1c8:   00007f9225ffe288 000000077a706438
0x00007f9225ffe1d8:   0000000000000000 000000077a6f70a8
0x00007f9225ffe1e8:   0000000000000000 00007f9225ffe218
0x00007f9225ffe1f8:   00007f9225ffe2d0 00007f9219006175
0x00007f9225ffe208:   0000000000000000 00007f921900ecd7
0x00007f9225ffe218:   00007f9212c574a0 0000000000000000
0x00007f9225ffe228:   0000000000000000 0000000000000000
0x00007f9225ffe238:   00000007d759e440 0000000000000001
0x00007f9225ffe248:   0000000000000000 0000000000000000
0x00007f9225ffe258:   0000000000000008 00007f9225ffe340
0x00007f9225ffe268:   0000000000000001 00007f9225ffe2d0
0x00007f9225ffe278:   00007f921cf973a0 00007f9212c574a0
0x00007f9225ffe288:   00000007d73cd420 00007f9225ffe290
0x00007f9225ffe298:   000000077a6f72a6 00007f9225ffe340
0x00007f9225ffe2a8:   000000077a706438 0000000000000000
0x00007f9225ffe2b8:   000000077a6f72b8 00007f9225ffe218 

Instructions: (pc=0x00007f9212c574ac)
0x00007f9212c5748c:   ff e0 66 90 48 85 c9 74 06 c7 01 de ff ff ff 31
0x00007f9212c5749c:   c0 c3 66 90 48 85 ff 74 0b 48 8b 07 48 8b 40 70
0x00007f9212c574ac:   ff e0 66 90 4d 85 c0 74 07 41 c7 00 de ff ff ff
0x00007f9212c574bc:   31 c0 c3 90 48 85 ff 4c 8b 54 24 08 48 8b 44 24 

Register to memory mapping:

RAX=0x5f6176616a4c5a49 is an unknown value
RBX=0x000000077a6f70a8 is an oop
{method} 
 - klass: {other class}
RCX=0x0000000000000000 is an unknown value
RDX=0x0000000000000008 is an unknown value
RSP=0x00007f9225ffe0c8 is pointing into the stack for thread: 0x00007f921c00a000
RBP=0x00007f9225ffe130 is pointing into the stack for thread: 0x00007f921c00a000
RSI=0x0000000000000001 is an unknown value
RDI=0x00007f921cf973a0 is an unknown value
R8 =0x00000007d759e450 is an unknown value
R9 =0x0000000000000000 is an unknown value
R10=0x00007f9219012d6c is at code_begin+620 in an Interpreter codelet
method entry point (kind = native)  [0x00007f9219012b00, 0x00007f9219013360]  2144 bytes
R11=0x00007f9224c602f0: <offset 0x85d2f0> in /usr/lib/jvm/java-7-openjdk-amd64/jre/lib/amd64/server/libjvm.so at 0x00007f9224403000
R12=0x0000000000000000 is an unknown value
R13=0x000000077a6f70a8 is an oop
{method} 
 - klass: {other class}
R14=0x00007f9225ffe288 is pointing into the stack for thread: 0x00007f921c00a000
R15=0x00007f921c00a000 is a thread


Stack: [0x00007f9225eff000,0x00007f9226000000],  sp=0x00007f9225ffe0c8,  free space=1020k
Native frames: (J=compiled Java code, j=interpreted, Vv=VM code, C=native code)
C  [libOpenCL.so.1+0x54ac]  clCreateBuffer+0xc
j  com.jogamp.opencl.llb.impl.CLAbstractImpl.dispatch_clCreateBuffer1(JJJLjava/lang/Object;IZLjava/lang/Object;IZJ)J+0
j  com.jogamp.opencl.llb.impl.CLAbstractImpl.clCreateBuffer(JJJLjava/nio/Buffer;[II)J+150
j  com.jogamp.opencl.CLBuffer.create(Lcom/jogamp/opencl/CLContext;Ljava/nio/Buffer;I)Lcom/jogamp/opencl/CLBuffer;+68
j  com.jogamp.opencl.CLContext.createBuffer(Ljava/nio/Buffer;I)Lcom/jogamp/opencl/CLBuffer;+3
j  com.jogamp.opencl.CLContext.createBuffer(Ljava/nio/Buffer;[Lcom/jogamp/opencl/CLMemory$Mem;)Lcom/jogamp/opencl/CLBuffer;+6
j  com.jogamp.opencl.CLContext.createFloatBuffer(I[Lcom/jogamp/opencl/CLMemory$Mem;)Lcom/jogamp/opencl/CLBuffer;+6
j  jvcl.GPUFFT.fft_simple([F[F)V+227
j  jvcl.GPUFFT.fft_simple([F[F)V+198
j  jvcl.GPUFFT.fft_simple([F[F)V+198
j  jvcl.GPUFFT.fft_simple([F[F)V+198
j  jvcl.GPUFFT.fft_simple([F[F)V+198
j  jvcl.GPUFFT.fft_simple([F[F)V+198
j  jvcl.GPUFFT.main([Ljava/lang/String;)V+77
v  ~StubRoutines::call_stub
V  [libjvm.so+0x5e80c9]  JavaCalls::call_helper(JavaValue*, methodHandle*, JavaCallArguments*, Thread*)+0x339
V  [libjvm.so+0x5e7b68]  JavaCalls::call(JavaValue*, methodHandle, JavaCallArguments*, Thread*)+0x28
V  [libjvm.so+0x5f6c9b]  jni_invoke_static(JNIEnv_*, JavaValue*, _jobject*, JNICallType, _jmethodID*, JNI_ArgumentPusher*, Thread*) [clone .isra.124] [clone .constprop.156]+0x28b
V  [libjvm.so+0x607f08]  jni_CallStaticVoidMethod+0x118
C  [libjli.so+0x31f9]

Java frames: (J=compiled Java code, j=interpreted, Vv=VM code)
j  com.jogamp.opencl.llb.impl.CLAbstractImpl.dispatch_clCreateBuffer1(JJJLjava/lang/Object;IZLjava/lang/Object;IZJ)J+0
j  com.jogamp.opencl.llb.impl.CLAbstractImpl.clCreateBuffer(JJJLjava/nio/Buffer;[II)J+150
j  com.jogamp.opencl.CLBuffer.create(Lcom/jogamp/opencl/CLContext;Ljava/nio/Buffer;I)Lcom/jogamp/opencl/CLBuffer;+68
j  com.jogamp.opencl.CLContext.createBuffer(Ljava/nio/Buffer;I)Lcom/jogamp/opencl/CLBuffer;+3
j  com.jogamp.opencl.CLContext.createBuffer(Ljava/nio/Buffer;[Lcom/jogamp/opencl/CLMemory$Mem;)Lcom/jogamp/opencl/CLBuffer;+6
j  com.jogamp.opencl.CLContext.createFloatBuffer(I[Lcom/jogamp/opencl/CLMemory$Mem;)Lcom/jogamp/opencl/CLBuffer;+6
j  jvcl.GPUFFT.fft_simple([F[F)V+227
j  jvcl.GPUFFT.fft_simple([F[F)V+198
j  jvcl.GPUFFT.fft_simple([F[F)V+198
j  jvcl.GPUFFT.fft_simple([F[F)V+198
j  jvcl.GPUFFT.fft_simple([F[F)V+198
j  jvcl.GPUFFT.fft_simple([F[F)V+198
j  jvcl.GPUFFT.main([Ljava/lang/String;)V+77
v  ~StubRoutines::call_stub

---------------  P R O C E S S  ---------------

Java Threads: ( => current thread )
  0x00007f921c196800 JavaThread "process reaper" daemon [_thread_blocked, id=28325, stack(0x00007f92200f8000,0x00007f9220131000)]
  0x00007f921c0ae800 JavaThread "Service Thread" daemon [_thread_blocked, id=28320, stack(0x00007f922025a000,0x00007f922035b000)]
  0x00007f921c0ac000 JavaThread "C2 CompilerThread1" daemon [_thread_blocked, id=28319, stack(0x00007f922035b000,0x00007f922045c000)]
  0x00007f921c0a9000 JavaThread "C2 CompilerThread0" daemon [_thread_blocked, id=28318, stack(0x00007f922045c000,0x00007f922055d000)]
  0x00007f921c0a7000 JavaThread "Signal Dispatcher" daemon [_thread_blocked, id=28317, stack(0x00007f922055d000,0x00007f922065e000)]
  0x00007f921c07c000 JavaThread "Finalizer" daemon [_thread_blocked, id=28315, stack(0x00007f922065e000,0x00007f922075f000)]
  0x00007f921c07a000 JavaThread "Reference Handler" daemon [_thread_blocked, id=28314, stack(0x00007f922075f000,0x00007f9220860000)]
=>0x00007f921c00a000 JavaThread "main" [_thread_in_native, id=28308, stack(0x00007f9225eff000,0x00007f9226000000)]

Other Threads:
  0x00007f921c075800 VMThread [stack: 0x00007f9220860000,0x00007f9220961000] [id=28313]
  0x00007f921c0b9800 WatcherThread [stack: 0x00007f9220159000,0x00007f922025a000] [id=28321]

VM state:not at safepoint (normal execution)

VM Mutex/Monitor currently owned by a thread: None

Heap
 PSYoungGen      total 37376K, used 7883K [0x00000007d6e00000, 0x00000007d9780000, 0x0000000800000000)
  eden space 32256K, 24% used [0x00000007d6e00000,0x00000007d75b2f98,0x00000007d8d80000)
  from space 5120K, 0% used [0x00000007d9280000,0x00000007d9280000,0x00000007d9780000)
  to   space 5120K, 0% used [0x00000007d8d80000,0x00000007d8d80000,0x00000007d9280000)
 ParOldGen       total 83968K, used 0K [0x0000000784a00000, 0x0000000789c00000, 0x00000007d6e00000)
  object space 83968K, 0% used [0x0000000784a00000,0x0000000784a00000,0x0000000789c00000)
 PSPermGen       total 21504K, used 5985K [0x000000077a400000, 0x000000077b900000, 0x0000000784a00000)
  object space 21504K, 27% used [0x000000077a400000,0x000000077a9d8420,0x000000077b900000)

Card table byte_map: [0x00007f9222728000,0x00007f9222b57000] byte_map_base: 0x00007f921eb56000

Polling page: 0x00007f9226034000

Code Cache  [0x00007f9219000000, 0x00007f9219270000, 0x00007f921c000000)
 total_blobs=392 nmethods=18 adapters=328 free_code_cache=48619Kb largest_free_block=49769792

Compilation events (10 events):
Event: 0.204 Thread 0x00007f921c0a9000 nmethod 14 0x00007f921907a5d0 code [0x00007f921907a720, 0x00007f921907a8d8]
Event: 0.207 Thread 0x00007f921c0ac000 nmethod 13 0x00007f921907d1d0 code [0x00007f921907d420, 0x00007f921907e498]
Event: 0.210 Thread 0x00007f921c0a9000   15             java.lang.String::length (6 bytes)
Event: 0.210 Thread 0x00007f921c0a9000 nmethod 15 0x00007f9219078e90 code [0x00007f9219078fc0, 0x00007f9219079038]
Event: 0.212 Thread 0x00007f921c0ac000   16             java.lang.Math::min (11 bytes)
Event: 0.212 Thread 0x00007f921c0ac000 nmethod 16 0x00007f921905fcd0 code [0x00007f921905fe00, 0x00007f921905fe38]
Event: 0.367 Thread 0x00007f921c0a9000   17   !         java.io.BufferedReader::readLine (304 bytes)
Event: 0.367 Thread 0x00007f921c0ac000   18             sun.nio.cs.UTF_8$Decoder::decodeArrayLoop (543 bytes)
Event: 0.380 Thread 0x00007f921c0a9000 nmethod 17 0x00007f9219086250 code [0x00007f9219086400, 0x00007f9219087230]
Event: 0.386 Thread 0x00007f921c0ac000 nmethod 18 0x00007f9219087810 code [0x00007f9219087aa0, 0x00007f9219088630]

GC Heap History (0 events):
No events

Deoptimization events (0 events):
No events

Internal exceptions (10 events):
Event: 0.240 Thread 0x00007f921c00a000 Threw 0x00000007d74decf8 at /build/openjdk-7-FO0dNI/openjdk-7-7u79-2.5.6/build/openjdk/hotspot/src/share/vm/prims/jvm.cpp:1284
Event: 0.241 Thread 0x00007f921c00a000 Threw 0x00000007d74e2c90 at /build/openjdk-7-FO0dNI/openjdk-7-7u79-2.5.6/build/openjdk/hotspot/src/share/vm/prims/jvm.cpp:1284
Event: 0.242 Thread 0x00007f921c00a000 Threw 0x00000007d74ec040 at /build/openjdk-7-FO0dNI/openjdk-7-7u79-2.5.6/build/openjdk/hotspot/src/share/vm/prims/jvm.cpp:1284
Event: 0.242 Thread 0x00007f921c00a000 Threw 0x00000007d74eff68 at /build/openjdk-7-FO0dNI/openjdk-7-7u79-2.5.6/build/openjdk/hotspot/src/share/vm/prims/jvm.cpp:1284
Event: 0.242 Thread 0x00007f921c00a000 Threw 0x00000007d7517c48 at /build/openjdk-7-FO0dNI/openjdk-7-7u79-2.5.6/build/openjdk/hotspot/src/share/vm/prims/jvm.cpp:1284
Event: 0.244 Thread 0x00007f921c00a000 Threw 0x00000007d751d8e8 at /build/openjdk-7-FO0dNI/openjdk-7-7u79-2.5.6/build/openjdk/hotspot/src/share/vm/prims/jvm.cpp:1284
Event: 0.244 Thread 0x00007f921c00a000 Threw 0x00000007d7525638 at /build/openjdk-7-FO0dNI/openjdk-7-7u79-2.5.6/build/openjdk/hotspot/src/share/vm/prims/jvm.cpp:1284
Event: 0.247 Thread 0x00007f921c00a000 Threw 0x00000007d7536520 at /build/openjdk-7-FO0dNI/openjdk-7-7u79-2.5.6/build/openjdk/hotspot/src/share/vm/prims/jvm.cpp:1284
Event: 0.430 Thread 0x00007f921c00a000 Threw 0x00000007d7594ca0 at /build/openjdk-7-FO0dNI/openjdk-7-7u79-2.5.6/build/openjdk/hotspot/src/share/vm/prims/jvm.cpp:1284
Event: 0.430 Thread 0x00007f921c00a000 Threw 0x00000007d7599168 at /build/openjdk-7-FO0dNI/openjdk-7-7u79-2.5.6/build/openjdk/hotspot/src/share/vm/prims/jvm.cpp:1284

Events (10 events):
Event: 0.392 loading class 0x00007f9221b9f9b0
Event: 0.392 loading class 0x00007f9221b9f9b0 done
Event: 0.393 loading class 0x00007f9221b9f9e0
Event: 0.393 loading class 0x00007f9221b9f9e0 done
Event: 0.430 loading class 0x00007f921c0fd210
Event: 0.430 loading class 0x00007f921c0fd210 done
Event: 0.430 loading class 0x00007f921c0b5cc0
Event: 0.430 loading class 0x00007f921c0b5cc0 done
Event: 0.430 loading class 0x00007f921c0fbff0
Event: 0.430 loading class 0x00007f921c0fbff0 done


Dynamic libraries:
00400000-00401000 r-xp 00000000 08:01 5389623                            /usr/lib/jvm/java-7-openjdk-amd64/jre/bin/java
00600000-00601000 r--p 00000000 08:01 5389623                            /usr/lib/jvm/java-7-openjdk-amd64/jre/bin/java
00601000-00602000 rw-p 00001000 08:01 5389623                            /usr/lib/jvm/java-7-openjdk-amd64/jre/bin/java
015ab000-015cc000 rw-p 00000000 00:00 0                                  [heap]
200000000-700000000 ---p 00000000 00:00 0 
77a400000-77b900000 rw-p 00000000 00:00 0 
77b900000-784a00000 rw-p 00000000 00:00 0 
784a00000-789c00000 rw-p 00000000 00:00 0 
789c00000-7d6e00000 rw-p 00000000 00:00 0 
7d6e00000-7d9780000 rw-p 00000000 00:00 0 
7d9780000-800000000 rw-p 00000000 00:00 0 
7f91a4000000-7f91a4021000 rw-p 00000000 00:00 0 
7f91a4021000-7f91a8000000 ---p 00000000 00:00 0 
7f91a80f9000-7f91a80fa000 ---p 00000000 00:00 0 
7f91a80fa000-7f91a88fa000 rw-p 00000000 00:00 0 
7f91a88fa000-7f91a88fb000 ---p 00000000 00:00 0 
7f91a88fb000-7f91a90fb000 rw-p 00000000 00:00 0 
7f91a91fb000-7f91a91fc000 ---p 00000000 00:00 0 
7f91a91fc000-7f91a99fc000 rw-p 00000000 00:00 0 
7f91a9ffc000-7f91a9ffd000 ---p 00000000 00:00 0 
7f91a9ffd000-7f91aa7fd000 rw-p 00000000 00:00 0 
7f91aa7fd000-7f91aa7fe000 ---p 00000000 00:00 0 
7f91aa7fe000-7f91aaffe000 rw-p 00000000 00:00 0                          [stack:28365]
7f91aaffe000-7f91aafff000 ---p 00000000 00:00 0 
7f91aafff000-7f91ab7ff000 rw-p 00000000 00:00 0                          [stack:28364]
7f91ab7ff000-7f91ab800000 ---p 00000000 00:00 0 
7f91ab800000-7f91ac000000 rw-p 00000000 00:00 0                          [stack:28363]
7f91ac000000-7f91ac021000 rw-p 00000000 00:00 0 
7f91ac021000-7f91b0000000 ---p 00000000 00:00 0 
7f91b0699000-7f91b07fa000 rw-p 00000000 00:00 0 
7f91b07fa000-7f91b07fb000 ---p 00000000 00:00 0 
7f91b07fb000-7f91b0ffb000 rw-p 00000000 00:00 0                          [stack:28362]
7f91b0ffb000-7f91b0ffc000 ---p 00000000 00:00 0 
7f91b0ffc000-7f91b17fc000 rw-p 00000000 00:00 0                          [stack:28361]
7f91b17fc000-7f91b18fc000 rw-s 16dc31000 00:05 13212                     /dev/nvidiactl
7f91b18fc000-7f91b19fc000 rw-s 52411000 00:05 13212                      /dev/nvidiactl
7f91b19fc000-7f91b1afc000 rw-s 6c84b000 00:05 13212                      /dev/nvidiactl
7f91b1afc000-7f91b1bfc000 rw-s 63847000 00:05 13212                      /dev/nvidiactl
7f91b1bfc000-7f91b1ffc000 rw-s 15b2db000 00:05 13212                     /dev/nvidiactl
7f91b1ffc000-7f91b1ffd000 ---p 00000000 00:00 0 
7f91b1ffd000-7f91b27fd000 rw-p 00000000 00:00 0                          [stack:28360]
7f91b27fd000-7f91b27fe000 ---p 00000000 00:00 0 
7f91b27fe000-7f91b2ffe000 rw-p 00000000 00:00 0                          [stack:28359]
7f91b2ffe000-7f91b2fff000 ---p 00000000 00:00 0 
7f91b2fff000-7f91b37ff000 rw-p 00000000 00:00 0                          [stack:28358]
7f91b37ff000-7f91b3800000 ---p 00000000 00:00 0 
7f91b3800000-7f91b4000000 rw-p 00000000 00:00 0                          [stack:28357]
7f91b4000000-7f91b4021000 rw-p 00000000 00:00 0 
7f91b4021000-7f91b8000000 ---p 00000000 00:00 0 
7f91b80fa000-7f91b81fa000 rw-s 835ee000 00:05 13212                      /dev/nvidiactl
7f91b81fa000-7f91b85fa000 rw-s 1eebe9000 00:05 13212                     /dev/nvidiactl
7f91b85fa000-7f91b86fa000 rw-s 1fc7b0000 00:05 13212                     /dev/nvidiactl
7f91b86fa000-7f91b86fb000 ---p 00000000 00:00 0 
7f91b86fb000-7f91b8efb000 rw-p 00000000 00:00 0                          [stack:28356]
7f91b8efb000-7f91b8efc000 ---p 00000000 00:00 0 
7f91b8efc000-7f91b96fc000 rw-p 00000000 00:00 0                          [stack:28355]
7f91b96fc000-7f91b97fc000 rw-s 63833000 00:05 13212                      /dev/nvidiactl
7f91b97fc000-7f91b98fc000 rw-s 7b1ed000 00:05 13212                      /dev/nvidiactl
7f91b98fc000-7f91b99fc000 rw-s 52469000 00:05 13212                      /dev/nvidiactl
7f91b99fc000-7f91b9afc000 rw-s 6fc43000 00:05 13212                      /dev/nvidiactl
7f91b9afc000-7f91b9bfc000 rw-s 52747000 00:05 13212                      /dev/nvidiactl
7f91b9bfc000-7f91b9ffc000 rw-s 1998a4000 00:05 13212                     /dev/nvidiactl
7f91b9ffc000-7f91b9ffd000 ---p 00000000 00:00 0 
7f91b9ffd000-7f91ba7fd000 rw-p 00000000 00:00 0                          [stack:28354]
7f91ba7fd000-7f91ba7fe000 ---p 00000000 00:00 0 
7f91ba7fe000-7f91baffe000 rw-p 00000000 00:00 0                          [stack:28353]
7f91baffe000-7f91bafff000 ---p 00000000 00:00 0 
7f91bafff000-7f91bb7ff000 rw-p 00000000 00:00 0                          [stack:28352]
7f91bb7ff000-7f91bb800000 ---p 00000000 00:00 0 
7f91bb800000-7f91bc000000 rw-p 00000000 00:00 0                          [stack:28351]
7f91bc000000-7f91bc021000 rw-p 00000000 00:00 0 
7f91bc021000-7f91c0000000 ---p 00000000 00:00 0 
7f91c0042000-7f91c008e000 rw-s 19c435000 00:05 13212                     /dev/nvidiactl
7f91c008e000-7f91c00ae000 rw-s e0280000 00:05 13214                      /dev/nvidia0
7f91c00ae000-7f91c00fa000 rw-s b95b5000 00:05 13212                      /dev/nvidiactl
7f91c00fa000-7f91c04fa000 rw-s 19c7b2000 00:05 13212                     /dev/nvidiactl
7f91c04fa000-7f91c05fa000 rw-s 1ae6e5000 00:05 13212                     /dev/nvidiactl
7f91c05fa000-7f91c05fb000 ---p 00000000 00:00 0 
7f91c05fb000-7f91c0dfb000 rw-p 00000000 00:00 0                          [stack:28350]
7f91c0dfb000-7f91c0dfc000 ---p 00000000 00:00 0 
7f91c0dfc000-7f91c15fc000 rw-p 00000000 00:00 0                          [stack:28349]
7f91c15fc000-7f91c16fc000 rw-s 7ac00000 00:05 13212                      /dev/nvidiactl
7f91c16fc000-7f91c17fc000 rw-s 6c8bc000 00:05 13212                      /dev/nvidiactl
7f91c17fc000-7f91c1bfc000 rw-s 19f5b5000 00:05 13212                     /dev/nvidiactl
7f91c1bfc000-7f91c1ffc000 rw-s 1ee8c1000 00:05 13212                     /dev/nvidiactl
7f91c1ffc000-7f91c1ffd000 ---p 00000000 00:00 0 
7f91c1ffd000-7f91c27fd000 rw-p 00000000 00:00 0                          [stack:28348]
7f91c27fd000-7f91c27fe000 ---p 00000000 00:00 0 
7f91c27fe000-7f91c2ffe000 rw-p 00000000 00:00 0                          [stack:28347]
7f91c2ffe000-7f91c2fff000 ---p 00000000 00:00 0 
7f91c2fff000-7f91c37ff000 rw-p 00000000 00:00 0                          [stack:28346]
7f91c37ff000-7f91c3800000 ---p 00000000 00:00 0 
7f91c3800000-7f91c4000000 rw-p 00000000 00:00 0                          [stack:28345]
7f91c4000000-7f91c4021000 rw-p 00000000 00:00 0 
7f91c4021000-7f91c8000000 ---p 00000000 00:00 0 
7f91c800e000-7f91c802e000 rw-s e0260000 00:05 13214                      /dev/nvidia0
7f91c802e000-7f91c804e000 rw-s e0240000 00:05 13214                      /dev/nvidia0
7f91c804e000-7f91c806e000 rw-s e0220000 00:05 13214                      /dev/nvidia0
7f91c806e000-7f91c80ba000 rw-s 6fc34000 00:05 13212                      /dev/nvidiactl
7f91c80ba000-7f91c81ba000 rw-s 7b177000 00:05 13212                      /dev/nvidiactl
7f91c81ba000-7f91c82ba000 rw-s 15b375000 00:05 13212                     /dev/nvidiactl
7f91c82ba000-7f91c83ba000 rw-s 199a5c000 00:05 13212                     /dev/nvidiactl
7f91c83ba000-7f91c83da000 rw-s e0200000 00:05 13214                      /dev/nvidia0
7f91c83da000-7f91c83fa000 rw-s e01e0000 00:05 13214                      /dev/nvidia0
7f91c83fa000-7f91c84fa000 rw-s bc8f0000 00:05 13212                      /dev/nvidiactl
7f91c84fa000-7f91c84fb000 ---p 00000000 00:00 0 
7f91c84fb000-7f91c8cfb000 rw-p 00000000 00:00 0                          [stack:28344]
7f91c8cfb000-7f91c8cfc000 ---p 00000000 00:00 0 
7f91c8cfc000-7f91c94fc000 rw-p 00000000 00:00 0                          [stack:28343]
7f91c94fc000-7f91c95fc000 rw-s 7ae59000 00:05 13212                      /dev/nvidiactl
7f91c95fc000-7f91c96fc000 rw-s 1ee90a000 00:05 13212                     /dev/nvidiactl
7f91c96fc000-7f91c97fc000 rw-s 1e1206000 00:05 13212                     /dev/nvidiactl
7f91c97fc000-7f91c9bfc000 rw-s 1b9040000 00:05 13212                     /dev/nvidiactl
7f91c9bfc000-7f91c9ffc000 rw-s 469cc000 00:05 13212                      /dev/nvidiactl
7f91c9ffc000-7f91c9ffd000 ---p 00000000 00:00 0 
7f91c9ffd000-7f91ca7fd000 rw-p 00000000 00:00 0                          [stack:28342]
7f91ca7fd000-7f91ca7fe000 ---p 00000000 00:00 0 
7f91ca7fe000-7f91caffe000 rw-p 00000000 00:00 0                          [stack:28341]
7f91caffe000-7f91cafff000 ---p 00000000 00:00 0 
7f91cafff000-7f91cb7ff000 rw-p 00000000 00:00 0                          [stack:28340]
7f91cb7ff000-7f91cb800000 ---p 00000000 00:00 0 
7f91cb800000-7f91cc000000 rw-p 00000000 00:00 0                          [stack:28339]
7f91cc000000-7f91cc021000 rw-p 00000000 00:00 0 
7f91cc021000-7f91d0000000 ---p 00000000 00:00 0 
7f91d0000000-7f91d0021000 rw-p 00000000 00:00 0 
7f91d0021000-7f91d4000000 ---p 00000000 00:00 0 
7f91d4009000-7f91d4109000 rw-s 173b51000 00:05 13212                     /dev/nvidiactl
7f91d4109000-7f91d4209000 rw-s 1f0d48000 00:05 13212                     /dev/nvidiactl
7f91d4209000-7f91d4309000 rw-s 94ed8000 00:05 13212                      /dev/nvidiactl
7f91d4309000-7f91d430a000 ---p 00000000 00:00 0 
7f91d430a000-7f91d4b0a000 rw-p 00000000 00:00 0                          [stack:28338]
7f91d4b0a000-7f91d4b0b000 ---p 00000000 00:00 0 
7f91d4b0b000-7f91d530b000 rw-p 00000000 00:00 0                          [stack:28337]
7f91d530b000-7f91d540b000 rw-s 1cd3ae000 00:05 13212                     /dev/nvidiactl
7f91d540b000-7f91d550b000 rw-s 1f17e9000 00:05 13212                     /dev/nvidiactl
7f91d550b000-7f91d560b000 rw-s 173a74000 00:05 13212                     /dev/nvidiactl
7f91d560b000-7f91d5a0b000 rw-s bcb57000 00:05 13212                      /dev/nvidiactl
7f91d5a0b000-7f91d5e0b000 rw-s b951f000 00:05 13212                      /dev/nvidiactl
7f91d5e0b000-7f91d754e000 r-xp 00000000 08:01 3811727                    /usr/lib/nvidia-346-updates/libnvidia-compiler.so.346.82
7f91d754e000-7f91d774e000 ---p 01743000 08:01 3811727                    /usr/lib/nvidia-346-updates/libnvidia-compiler.so.346.82
7f91d774e000-7f91d7fd6000 rw-p 01743000 08:01 3811727                    /usr/lib/nvidia-346-updates/libnvidia-compiler.so.346.82
7f91d7fd6000-7f91d8000000 rw-p 00000000 00:00 0 
7f91d8000000-7f91d8021000 rw-p 00000000 00:00 0 
7f91d8021000-7f91dc000000 ---p 00000000 00:00 0 
7f91dc000000-7f91dc021000 rw-p 00000000 00:00 0 
7f91dc021000-7f91e0000000 ---p 00000000 00:00 0 
7f91e0000000-7f91e017e000 rw-p 00000000 00:00 0 
7f91e017e000-7f91e4000000 ---p 00000000 00:00 0 
7f91e4000000-7f91e4021000 rw-p 00000000 00:00 0 
7f91e4021000-7f91e8000000 ---p 00000000 00:00 0 
7f91e8000000-7f91e8021000 rw-p 00000000 00:00 0 
7f91e8021000-7f91ec000000 ---p 00000000 00:00 0 
7f91ec000000-7f91ec1ab000 rw-p 00000000 00:00 0 
7f91ec1ab000-7f91f0000000 ---p 00000000 00:00 0 
7f91f0000000-7f91f0021000 rw-p 00000000 00:00 0 
7f91f0021000-7f91f4000000 ---p 00000000 00:00 0 
7f91f4000000-7f91f4021000 rw-p 00000000 00:00 0 
7f91f4021000-7f91f8000000 ---p 00000000 00:00 0 
7f91f8000000-7f91f8021000 rw-p 00000000 00:00 0 
7f91f8021000-7f91fc000000 ---p 00000000 00:00 0 
7f91fc016000-7f91fc062000 rw-s be6ea000 00:05 13212                      /dev/nvidiactl
7f91fc062000-7f91fc082000 rw-s e01c0000 00:05 13214                      /dev/nvidia0
7f91fc082000-7f91fc0ce000 rw-s 20ea50000 00:05 13212                     /dev/nvidiactl
7f91fc0ce000-7f91fc1ce000 rw-s 2118a1000 00:05 13212                     /dev/nvidiactl
7f91fc1ce000-7f91fc2ce000 rw-s 19da9b000 00:05 13212                     /dev/nvidiactl
7f91fc2ce000-7f91fc2cf000 ---p 00000000 00:00 0 
7f91fc2cf000-7f91fcacf000 rw-p 00000000 00:00 0                          [stack:28336]
7f91fcacf000-7f91fcbcf000 rw-s cb8bc000 00:05 13212                      /dev/nvidiactl
7f91fcbcf000-7f91fcbd0000 ---p 00000000 00:00 0 
7f91fcbd0000-7f91fd3d0000 rw-p 00000000 00:00 0                          [stack:28335]
7f91fd3d0000-7f91fd3d1000 ---p 00000000 00:00 0 
7f91fd3d1000-7f91fdbd1000 rw-p 00000000 00:00 0                          [stack:28334]
7f91fdbd1000-7f91fdbd2000 ---p 00000000 00:00 0 
7f91fdbd2000-7f91fe3d2000 rw-p 00000000 00:00 0                          [stack:28333]
7f91fe3d2000-7f91fe3d3000 ---p 00000000 00:00 0 
7f91fe3d3000-7f91febd3000 rw-p 00000000 00:00 0                          [stack:28332]
7f91febd3000-7f91febd4000 ---p 00000000 00:00 0 
7f91febd4000-7f91ff3d4000 rw-p 00000000 00:00 0                          [stack:28331]
7f91ff3d4000-7f91ff420000 rw-s 1e1327000 00:05 13212                     /dev/nvidiactl
7f91ff420000-7f91ff520000 rw-s 21fb1e000 00:05 13212                     /dev/nvidiactl
7f91ff520000-7f91ff620000 rw-s 1f1448000 00:05 13212                     /dev/nvidiactl
7f91ff620000-7f91ff720000 rw-s 1f0e44000 00:05 13212                     /dev/nvidiactl
7f91ff720000-7f91ff820000 rw-s 1ee87e000 00:05 13212                     /dev/nvidiactl
7f91ff820000-7f91ff920000 rw-s 1fd57a000 00:05 13212                     /dev/nvidiactl
7f91ff920000-7f91ffd20000 rw-s ad0ae000 00:05 13212                      /dev/nvidiactl
7f91ffd20000-7f9204000000 rw-p 00000000 00:00 0 
7f9204000000-7f9204021000 rw-p 00000000 00:00 0 
7f9204021000-7f9208000000 ---p 00000000 00:00 0 
7f9208000000-7f9208021000 rw-p 00000000 00:00 0 
7f9208021000-7f920c000000 ---p 00000000 00:00 0 
7f920c000000-7f920c021000 rw-p 00000000 00:00 0 
7f920c021000-7f9210000000 ---p 00000000 00:00 0 
7f9210016000-7f9210416000 rw-s 1ae438000 00:05 13212                     /dev/nvidiactl
7f9210416000-7f9210417000 ---p 00000000 00:00 0 
7f9210417000-7f9210c17000 rw-p 00000000 00:00 0                          [stack:28330]
7f9210c17000-7f9210d17000 rw-s 1ee86e000 00:05 13212                     /dev/nvidiactl
7f9210d17000-7f9210d22000 r-xp 00000000 08:01 4982176                    /tmp/jogamp_0000/file_cache/jln5013781688979897673/jln4778474467727491062/natives/linux-amd64/libjocl.so
7f9210d22000-7f9210f21000 ---p 0000b000 08:01 4982176                    /tmp/jogamp_0000/file_cache/jln5013781688979897673/jln4778474467727491062/natives/linux-amd64/libjocl.so
7f9210f21000-7f9210f22000 r--p 0000a000 08:01 4982176                    /tmp/jogamp_0000/file_cache/jln5013781688979897673/jln4778474467727491062/natives/linux-amd64/libjocl.so
7f9210f22000-7f9210f23000 rw-p 0000b000 08:01 4982176                    /tmp/jogamp_0000/file_cache/jln5013781688979897673/jln4778474467727491062/natives/linux-amd64/libjocl.so
7f9210f23000-7f92119e6000 r-xp 00000000 08:01 3672125                    /usr/lib/x86_64-linux-gnu/libcuda.so.346.82
7f92119e6000-7f9211be6000 ---p 00ac3000 08:01 3672125                    /usr/lib/x86_64-linux-gnu/libcuda.so.346.82
7f9211be6000-7f9211d98000 rw-p 00ac3000 08:01 3672125                    /usr/lib/x86_64-linux-gnu/libcuda.so.346.82
7f9211d98000-7f9211dad000 rw-p 00000000 00:00 0 
7f9211dad000-7f9212888000 r-xp 00000000 08:01 3674886                    /usr/lib/x86_64-linux-gnu/libnvidia-opencl.so.346.82
7f9212888000-7f9212a87000 ---p 00adb000 08:01 3674886                    /usr/lib/x86_64-linux-gnu/libnvidia-opencl.so.346.82
7f9212a87000-7f9212c3d000 rw-p 00ada000 08:01 3674886                    /usr/lib/x86_64-linux-gnu/libnvidia-opencl.so.346.82
7f9212c3d000-7f9212c52000 rw-p 00000000 00:00 0 
7f9212c52000-7f9212c5a000 r-xp 00000000 08:01 3670455                    /usr/lib/x86_64-linux-gnu/libOpenCL.so.1.0.0
7f9212c5a000-7f9212e59000 ---p 00008000 08:01 3670455                    /usr/lib/x86_64-linux-gnu/libOpenCL.so.1.0.0
7f9212e59000-7f9212e5a000 r--p 00007000 08:01 3670455                    /usr/lib/x86_64-linux-gnu/libOpenCL.so.1.0.0
7f9212e5a000-7f9212e5b000 rw-p 00008000 08:01 3670455                    /usr/lib/x86_64-linux-gnu/libOpenCL.so.1.0.0
7f9212e5b000-7f9212e5d000 r-xp 00000000 08:01 4982175                    /tmp/jogamp_0000/file_cache/jln5013781688979897673/jln4778474467727491062/natives/linux-amd64/libgluegen-rt.so
7f9212e5d000-7f921305c000 ---p 00002000 08:01 4982175                    /tmp/jogamp_0000/file_cache/jln5013781688979897673/jln4778474467727491062/natives/linux-amd64/libgluegen-rt.so
7f921305c000-7f921305d000 r--p 00001000 08:01 4982175                    /tmp/jogamp_0000/file_cache/jln5013781688979897673/jln4778474467727491062/natives/linux-amd64/libgluegen-rt.so
7f921305d000-7f921305e000 rw-p 00002000 08:01 4982175                    /tmp/jogamp_0000/file_cache/jln5013781688979897673/jln4778474467727491062/natives/linux-amd64/libgluegen-rt.so
7f921305e000-7f921306e000 r-xp 00000000 08:01 4853686                    /usr/lib/jvm/java-7-openjdk-amd64/jre/lib/amd64/libnio.so
7f921306e000-7f921326e000 ---p 00010000 08:01 4853686                    /usr/lib/jvm/java-7-openjdk-amd64/jre/lib/amd64/libnio.so
7f921326e000-7f921326f000 r--p 00010000 08:01 4853686                    /usr/lib/jvm/java-7-openjdk-amd64/jre/lib/amd64/libnio.so
7f921326f000-7f9213270000 rw-p 00011000 08:01 4853686                    /usr/lib/jvm/java-7-openjdk-amd64/jre/lib/amd64/libnio.so
7f9213270000-7f92132ad000 r-xp 00000000 08:01 2114819                    /lib/x86_64-linux-gnu/libpcre.so.3.13.1
7f92132ad000-7f92134ac000 ---p 0003d000 08:01 2114819                    /lib/x86_64-linux-gnu/libpcre.so.3.13.1
7f92134ac000-7f92134ad000 r--p 0003c000 08:01 2114819                    /lib/x86_64-linux-gnu/libpcre.so.3.13.1
7f92134ad000-7f92134ae000 rw-p 0003d000 08:01 2114819                    /lib/x86_64-linux-gnu/libpcre.so.3.13.1
7f92134ae000-7f92134b5000 r-xp 00000000 08:01 3675991                    /usr/lib/x86_64-linux-gnu/libffi.so.6.0.1
7f92134b5000-7f92136b4000 ---p 00007000 08:01 3675991                    /usr/lib/x86_64-linux-gnu/libffi.so.6.0.1
7f92136b4000-7f92136b5000 r--p 00006000 08:01 3675991                    /usr/lib/x86_64-linux-gnu/libffi.so.6.0.1
7f92136b5000-7f92136b6000 rw-p 00007000 08:01 3675991                    /usr/lib/x86_64-linux-gnu/libffi.so.6.0.1
7f92136b6000-7f92136cd000 r-xp 00000000 08:01 2104446                    /lib/x86_64-linux-gnu/libresolv-2.19.so
7f92136cd000-7f92138cd000 ---p 00017000 08:01 2104446                    /lib/x86_64-linux-gnu/libresolv-2.19.so
7f92138cd000-7f92138ce000 r--p 00017000 08:01 2104446                    /lib/x86_64-linux-gnu/libresolv-2.19.so
7f92138ce000-7f92138cf000 rw-p 00018000 08:01 2104446                    /lib/x86_64-linux-gnu/libresolv-2.19.so
7f92138cf000-7f92138d1000 rw-p 00000000 00:00 0 
7f92138d1000-7f92138f1000 r-xp 00000000 08:01 2103373                    /lib/x86_64-linux-gnu/libselinux.so.1
7f92138f1000-7f9213af0000 ---p 00020000 08:01 2103373                    /lib/x86_64-linux-gnu/libselinux.so.1
7f9213af0000-7f9213af1000 r--p 0001f000 08:01 2103373                    /lib/x86_64-linux-gnu/libselinux.so.1
7f9213af1000-7f9213af2000 rw-p 00020000 08:01 2103373                    /lib/x86_64-linux-gnu/libselinux.so.1
7f9213af2000-7f9213af4000 rw-p 00000000 00:00 0 
7f9213af4000-7f9213af7000 r-xp 00000000 08:01 3676104                    /usr/lib/x86_64-linux-gnu/libgmodule-2.0.so.0.4002.0
7f9213af7000-7f9213cf6000 ---p 00003000 08:01 3676104                    /usr/lib/x86_64-linux-gnu/libgmodule-2.0.so.0.4002.0
7f9213cf6000-7f9213cf7000 r--p 00002000 08:01 3676104                    /usr/lib/x86_64-linux-gnu/libgmodule-2.0.so.0.4002.0
7f9213cf7000-7f9213cf8000 rw-p 00003000 08:01 3676104                    /usr/lib/x86_64-linux-gnu/libgmodule-2.0.so.0.4002.0
7f9213cf8000-7f9213dfe000 r-xp 00000000 08:01 2103274                    /lib/x86_64-linux-gnu/libglib-2.0.so.0.4002.0
7f9213dfe000-7f9213ffd000 ---p 00106000 08:01 2103274                    /lib/x86_64-linux-gnu/libglib-2.0.so.0.4002.0
7f9213ffd000-7f9213ffe000 r--p 00105000 08:01 2103274                    /lib/x86_64-linux-gnu/libglib-2.0.so.0.4002.0
7f9213ffe000-7f9213fff000 rw-p 00106000 08:01 2103274                    /lib/x86_64-linux-gnu/libglib-2.0.so.0.4002.0
7f9213fff000-7f9214000000 rw-p 00000000 00:00 0 
7f9214000000-7f9214021000 rw-p 00000000 00:00 0 
7f9214021000-7f9218000000 ---p 00000000 00:00 0 
7f9218001000-7f9218021000 rw-s e01a0000 00:05 13214                      /dev/nvidia0
7f9218021000-7f9218041000 rw-s e0180000 00:05 13214                      /dev/nvidia0
7f9218142000-7f9218191000 r-xp 00000000 08:01 3676120                    /usr/lib/x86_64-linux-gnu/libgobject-2.0.so.0.4002.0
7f9218191000-7f9218391000 ---p 0004f000 08:01 3676120                    /usr/lib/x86_64-linux-gnu/libgobject-2.0.so.0.4002.0
7f9218391000-7f9218392000 r--p 0004f000 08:01 3676120                    /usr/lib/x86_64-linux-gnu/libgobject-2.0.so.0.4002.0
7f9218392000-7f9218393000 rw-p 00050000 08:01 3676120                    /usr/lib/x86_64-linux-gnu/libgobject-2.0.so.0.4002.0
7f9218393000-7f92184ff000 r-xp 00000000 08:01 3676092                    /usr/lib/x86_64-linux-gnu/libgio-2.0.so.0.4002.0
7f92184ff000-7f92186fe000 ---p 0016c000 08:01 3676092                    /usr/lib/x86_64-linux-gnu/libgio-2.0.so.0.4002.0
7f92186fe000-7f9218702000 r--p 0016b000 08:01 3676092                    /usr/lib/x86_64-linux-gnu/libgio-2.0.so.0.4002.0
7f9218702000-7f9218704000 rw-p 0016f000 08:01 3676092                    /usr/lib/x86_64-linux-gnu/libgio-2.0.so.0.4002.0
7f9218704000-7f9218706000 rw-p 00000000 00:00 0 
7f9218706000-7f921871d000 r-xp 00000000 08:01 4853681                    /usr/lib/jvm/java-7-openjdk-amd64/jre/lib/amd64/libnet.so
7f921871d000-7f921891c000 ---p 00017000 08:01 4853681                    /usr/lib/jvm/java-7-openjdk-amd64/jre/lib/amd64/libnet.so
7f921891c000-7f921891d000 r--p 00016000 08:01 4853681                    /usr/lib/jvm/java-7-openjdk-amd64/jre/lib/amd64/libnet.so
7f921891d000-7f921891e000 rw-p 00017000 08:01 4853681                    /usr/lib/jvm/java-7-openjdk-amd64/jre/lib/amd64/libnet.so
7f921891e000-7f9219000000 r--p 00000000 08:01 3674563                    /usr/lib/locale/locale-archive
7f9219000000-7f9219270000 rwxp 00000000 00:00 0 
7f9219270000-7f921d1f3000 rw-p 00000000 00:00 0 
7f921d1f3000-7f9220000000 ---p 00000000 00:00 0 
7f9220000000-7f9220002000 rw-p 00000000 00:00 0 
7f9220002000-7f9220003000 rw-s eff6e000 00:05 13214                      /dev/nvidia0
7f9220003000-7f9220004000 rw-s 835e8000 00:05 13212                      /dev/nvidiactl
7f9220004000-7f9220005000 rw-s eff6d000 00:05 13214                      /dev/nvidia0
7f9220005000-7f9220006000 rw-s 16deab000 00:05 13212                     /dev/nvidiactl
7f9220006000-7f9220007000 rw-s eff6c000 00:05 13214                      /dev/nvidia0
7f9220007000-7f9220008000 rw-s 52741000 00:05 13212                      /dev/nvidiactl
7f9220008000-7f9220009000 rw-s eff6b000 00:05 13214                      /dev/nvidia0
7f9220009000-7f922000a000 rw-s 16ddb4000 00:05 13212                     /dev/nvidiactl
7f922000a000-7f922000b000 rw-s eff6a000 00:05 13214                      /dev/nvidia0
7f922000b000-7f922000c000 rw-s 199a57000 00:05 13212                     /dev/nvidiactl
7f922000c000-7f922000d000 rw-s eff69000 00:05 13214                      /dev/nvidia0
7f922000d000-7f922000e000 rw-s 199ac4000 00:05 13212                     /dev/nvidiactl
7f922000e000-7f922000f000 rw-s eff68000 00:05 13214                      /dev/nvidia0
7f922000f000-7f9220010000 rw-s 1f0d42000 00:05 13212                     /dev/nvidiactl
7f9220010000-7f9220011000 rw-s eff67000 00:05 13214                      /dev/nvidia0
7f9220011000-7f9220012000 rw-s 202530000 00:05 13212                     /dev/nvidiactl
7f9220012000-7f9220013000 rw-s eff66000 00:05 13214                      /dev/nvidia0
7f9220013000-7f9220014000 rw-s 19da9a000 00:05 13212                     /dev/nvidiactl
7f9220014000-7f9220015000 rw-s eff65000 00:05 13214                      /dev/nvidia0
7f9220015000-7f9220016000 rw-s bc726000 00:05 13212                      /dev/nvidiactl
7f9220016000-7f9220036000 rw-s e0160000 00:05 13214                      /dev/nvidia0
7f9220036000-7f9220056000 rw-s e0140000 00:05 13214                      /dev/nvidia0
7f9220056000-7f9220076000 rw-s e0120000 00:05 13214                      /dev/nvidia0
7f9220076000-7f92200c8000 rw-p 00000000 00:00 0 
7f92200c8000-7f92200cf000 r--s 00000000 08:01 4203242                    /usr/lib/x86_64-linux-gnu/gconv/gconv-modules.cache
7f92200cf000-7f92200d0000 r--p 00000000 08:01 4461979                    /usr/share/locale-langpack/en_GB/LC_MESSAGES/libc.mo
7f92200d0000-7f92200d1000 rw-s eff64000 00:05 13214                      /dev/nvidia0
7f92200d1000-7f92200d2000 rw-s 173a28000 00:05 13212                     /dev/nvidiactl
7f92200d2000-7f92200d3000 rw-s eff63000 00:05 13214                      /dev/nvidia0
7f92200d3000-7f92200d4000 rw-s bf156000 00:05 13212                      /dev/nvidiactl
7f92200d4000-7f92200f5000 rw-p 00000000 00:00 0 
7f92200f5000-7f92200f6000 r--s 00002000 08:06 68771                      /home/ericbarnhill/Documents/code/jogamp/jocl/build/jar/jocl-natives-linux-amd64.jar
7f92200f6000-7f92200f8000 r--s 00000000 08:06 63540                      /home/ericbarnhill/Documents/code/jogamp/gluegen/build/gluegen-rt-natives-linux-amd64.jar
7f92200f8000-7f92200fb000 ---p 00000000 00:00 0 
7f92200fb000-7f9220131000 rw-p 00000000 00:00 0                          [stack:28325]
7f9220131000-7f9220132000 r--p 00000000 00:00 0 
7f9220132000-7f9220137000 r--s 0004d000 08:01 4080643                    /usr/lib/jvm/java-7-openjdk-amd64/jre/lib/jsse.jar
7f9220137000-7f9220142000 r--s 0006f000 08:06 23467237                   /home/ericbarnhill/Documents/code/jtransforms-2.4.jar
7f9220142000-7f9220148000 r--s 0004f000 08:06 63508                      /home/ericbarnhill/Documents/code/jogamp/gluegen/build/gluegen-rt.jar
7f9220148000-7f922014e000 r--s 00030000 08:06 68770                      /home/ericbarnhill/Documents/code/jogamp/jocl/build/jar/jocl.jar
7f922014e000-7f9220151000 r--s 000bd000 08:06 70280                      /home/ericbarnhill/Documents/code/jogamp/jocl-demos/build/jar/jocl-demos.jar
7f9220151000-7f9220155000 r--s 00034000 08:01 4458065                    /usr/lib/jvm/java-7-openjdk-amd64/jre/lib/ext/sunjce_provider.jar
7f9220155000-7f9220159000 r--s 0003c000 08:01 4458066                    /usr/lib/jvm/java-7-openjdk-amd64/jre/lib/ext/sunpkcs11.jar
7f9220159000-7f922015a000 ---p 00000000 00:00 0 
7f922015a000-7f922025a000 rw-p 00000000 00:00 0                          [stack:28321]
7f922025a000-7f922025d000 ---p 00000000 00:00 0 
7f922025d000-7f922035b000 rw-p 00000000 00:00 0                          [stack:28320]
7f922035b000-7f922035e000 ---p 00000000 00:00 0 
7f922035e000-7f922045c000 rw-p 00000000 00:00 0                          [stack:28319]
7f922045c000-7f922045f000 ---p 00000000 00:00 0 
7f922045f000-7f922055d000 rw-p 00000000 00:00 0                          [stack:28318]
7f922055d000-7f9220560000 ---p 00000000 00:00 0 
7f9220560000-7f922065e000 rw-p 00000000 00:00 0                          [stack:28317]
7f922065e000-7f9220661000 ---p 00000000 00:00 0 
7f9220661000-7f922075f000 rw-p 00000000 00:00 0                          [stack:28315]
7f922075f000-7f9220762000 ---p 00000000 00:00 0 
7f9220762000-7f9220860000 rw-p 00000000 00:00 0                          [stack:28314]
7f9220860000-7f9220861000 ---p 00000000 00:00 0 
7f9220861000-7f922193d000 rw-p 00000000 00:00 0                          [stack:28313]
7f922193d000-7f9221aee000 r--s 01d29000 08:01 4080636                    /usr/lib/jvm/java-7-openjdk-amd64/jre/lib/rt.jar
7f9221aee000-7f922203f000 rw-p 00000000 00:00 0 
7f922203f000-7f9222040000 ---p 00000000 00:00 0 
7f9222040000-7f9222140000 rw-p 00000000 00:00 0                          [stack:28312]
7f9222140000-7f9222141000 ---p 00000000 00:00 0 
7f9222141000-7f9222241000 rw-p 00000000 00:00 0                          [stack:28311]
7f9222241000-7f9222242000 ---p 00000000 00:00 0 
7f9222242000-7f9222342000 rw-p 00000000 00:00 0                          [stack:28310]
7f9222342000-7f9222343000 ---p 00000000 00:00 0 
7f9222343000-7f922244e000 rw-p 00000000 00:00 0                          [stack:28309]
7f922244e000-7f9222496000 rw-p 00000000 00:00 0 
7f9222496000-7f92224bf000 rw-p 00000000 00:00 0 
7f92224bf000-7f9222728000 rw-p 00000000 00:00 0 
7f9222728000-7f9222733000 rw-p 00000000 00:00 0 
7f9222733000-7f922277b000 rw-p 00000000 00:00 0 
7f922277b000-7f92227a4000 rw-p 00000000 00:00 0 
7f92227a4000-7f9222a0d000 rw-p 00000000 00:00 0 
7f9222a0d000-7f9222a22000 rw-p 00000000 00:00 0 
7f9222a22000-7f9222b56000 rw-p 00000000 00:00 0 
7f9222b56000-7f9222b57000 rw-p 00000000 00:00 0 
7f9222b57000-7f9222b5f000 r-xp 00000000 08:01 4851601                    /usr/lib/jvm/java-7-openjdk-amd64/jre/lib/amd64/libzip.so
7f9222b5f000-7f9222d5e000 ---p 00008000 08:01 4851601                    /usr/lib/jvm/java-7-openjdk-amd64/jre/lib/amd64/libzip.so
7f9222d5e000-7f9222d5f000 r--p 00007000 08:01 4851601                    /usr/lib/jvm/java-7-openjdk-amd64/jre/lib/amd64/libzip.so
7f9222d5f000-7f9222d60000 rw-p 00008000 08:01 4851601                    /usr/lib/jvm/java-7-openjdk-amd64/jre/lib/amd64/libzip.so
7f9222d60000-7f9222d6b000 r-xp 00000000 08:01 2104454                    /lib/x86_64-linux-gnu/libnss_files-2.19.so
7f9222d6b000-7f9222f6a000 ---p 0000b000 08:01 2104454                    /lib/x86_64-linux-gnu/libnss_files-2.19.so
7f9222f6a000-7f9222f6b000 r--p 0000a000 08:01 2104454                    /lib/x86_64-linux-gnu/libnss_files-2.19.so
7f9222f6b000-7f9222f6c000 rw-p 0000b000 08:01 2104454                    /lib/x86_64-linux-gnu/libnss_files-2.19.so
7f9222f6c000-7f9222f77000 r-xp 00000000 08:01 2104474                    /lib/x86_64-linux-gnu/libnss_nis-2.19.so
7f9222f77000-7f9223176000 ---p 0000b000 08:01 2104474                    /lib/x86_64-linux-gnu/libnss_nis-2.19.so
7f9223176000-7f9223177000 r--p 0000a000 08:01 2104474                    /lib/x86_64-linux-gnu/libnss_nis-2.19.so
7f9223177000-7f9223178000 rw-p 0000b000 08:01 2104474                    /lib/x86_64-linux-gnu/libnss_nis-2.19.so
7f9223178000-7f922318f000 r-xp 00000000 08:01 2104463                    /lib/x86_64-linux-gnu/libnsl-2.19.so
7f922318f000-7f922338e000 ---p 00017000 08:01 2104463                    /lib/x86_64-linux-gnu/libnsl-2.19.so
7f922338e000-7f922338f000 r--p 00016000 08:01 2104463                    /lib/x86_64-linux-gnu/libnsl-2.19.so
7f922338f000-7f9223390000 rw-p 00017000 08:01 2104463                    /lib/x86_64-linux-gnu/libnsl-2.19.so
7f9223390000-7f9223392000 rw-p 00000000 00:00 0 
7f9223392000-7f922339b000 r-xp 00000000 08:01 2104462                    /lib/x86_64-linux-gnu/libnss_compat-2.19.so
7f922339b000-7f922359a000 ---p 00009000 08:01 2104462                    /lib/x86_64-linux-gnu/libnss_compat-2.19.so
7f922359a000-7f922359b000 r--p 00008000 08:01 2104462                    /lib/x86_64-linux-gnu/libnss_compat-2.19.so
7f922359b000-7f922359c000 rw-p 00009000 08:01 2104462                    /lib/x86_64-linux-gnu/libnss_compat-2.19.so
7f922359c000-7f92235c7000 r-xp 00000000 08:01 4853689                    /usr/lib/jvm/java-7-openjdk-amd64/jre/lib/amd64/libjava.so
7f92235c7000-7f92237c6000 ---p 0002b000 08:01 4853689                    /usr/lib/jvm/java-7-openjdk-amd64/jre/lib/amd64/libjava.so
7f92237c6000-7f92237c7000 r--p 0002a000 08:01 4853689                    /usr/lib/jvm/java-7-openjdk-amd64/jre/lib/amd64/libjava.so
7f92237c7000-7f92237c9000 rw-p 0002b000 08:01 4853689                    /usr/lib/jvm/java-7-openjdk-amd64/jre/lib/amd64/libjava.so
7f92237c9000-7f92237d9000 r-xp 00000000 08:01 4853672                    /usr/lib/jvm/java-7-openjdk-amd64/jre/lib/amd64/libverify.so
7f92237d9000-7f92239d8000 ---p 00010000 08:01 4853672                    /usr/lib/jvm/java-7-openjdk-amd64/jre/lib/amd64/libverify.so
7f92239d8000-7f92239da000 r--p 0000f000 08:01 4853672                    /usr/lib/jvm/java-7-openjdk-amd64/jre/lib/amd64/libverify.so
7f92239da000-7f92239db000 rw-p 00011000 08:01 4853672                    /usr/lib/jvm/java-7-openjdk-amd64/jre/lib/amd64/libverify.so
7f92239db000-7f92239e2000 r-xp 00000000 08:01 2104471                    /lib/x86_64-linux-gnu/librt-2.19.so
7f92239e2000-7f9223be1000 ---p 00007000 08:01 2104471                    /lib/x86_64-linux-gnu/librt-2.19.so
7f9223be1000-7f9223be2000 r--p 00006000 08:01 2104471                    /lib/x86_64-linux-gnu/librt-2.19.so
7f9223be2000-7f9223be3000 rw-p 00007000 08:01 2104471                    /lib/x86_64-linux-gnu/librt-2.19.so
7f9223be3000-7f9223bf9000 r-xp 00000000 08:01 2103270                    /lib/x86_64-linux-gnu/libgcc_s.so.1
7f9223bf9000-7f9223df8000 ---p 00016000 08:01 2103270                    /lib/x86_64-linux-gnu/libgcc_s.so.1
7f9223df8000-7f9223df9000 rw-p 00015000 08:01 2103270                    /lib/x86_64-linux-gnu/libgcc_s.so.1
7f9223df9000-7f9223efe000 r-xp 00000000 08:01 2104453                    /lib/x86_64-linux-gnu/libm-2.19.so
7f9223efe000-7f92240fd000 ---p 00105000 08:01 2104453                    /lib/x86_64-linux-gnu/libm-2.19.so
7f92240fd000-7f92240fe000 r--p 00104000 08:01 2104453                    /lib/x86_64-linux-gnu/libm-2.19.so
7f92240fe000-7f92240ff000 rw-p 00105000 08:01 2104453                    /lib/x86_64-linux-gnu/libm-2.19.so
7f92240ff000-7f92241e5000 r-xp 00000000 08:01 3670377                    /usr/lib/x86_64-linux-gnu/libstdc++.so.6.0.19
7f92241e5000-7f92243e4000 ---p 000e6000 08:01 3670377                    /usr/lib/x86_64-linux-gnu/libstdc++.so.6.0.19
7f92243e4000-7f92243ec000 r--p 000e5000 08:01 3670377                    /usr/lib/x86_64-linux-gnu/libstdc++.so.6.0.19
7f92243ec000-7f92243ee000 rw-p 000ed000 08:01 3670377                    /usr/lib/x86_64-linux-gnu/libstdc++.so.6.0.19
7f92243ee000-7f9224403000 rw-p 00000000 00:00 0 
7f9224403000-7f9224f1c000 r-xp 00000000 08:01 5274730                    /usr/lib/jvm/java-7-openjdk-amd64/jre/lib/amd64/server/libjvm.so
7f9224f1c000-7f922511c000 ---p 00b19000 08:01 5274730                    /usr/lib/jvm/java-7-openjdk-amd64/jre/lib/amd64/server/libjvm.so
7f922511c000-7f92251b6000 r--p 00b19000 08:01 5274730                    /usr/lib/jvm/java-7-openjdk-amd64/jre/lib/amd64/server/libjvm.so
7f92251b6000-7f92251d9000 rw-p 00bb3000 08:01 5274730                    /usr/lib/jvm/java-7-openjdk-amd64/jre/lib/amd64/server/libjvm.so
7f92251d9000-7f9225207000 rw-p 00000000 00:00 0 
7f9225207000-7f922521f000 r-xp 00000000 08:01 2103406                    /lib/x86_64-linux-gnu/libz.so.1.2.8
7f922521f000-7f922541e000 ---p 00018000 08:01 2103406                    /lib/x86_64-linux-gnu/libz.so.1.2.8
7f922541e000-7f922541f000 r--p 00017000 08:01 2103406                    /lib/x86_64-linux-gnu/libz.so.1.2.8
7f922541f000-7f9225420000 rw-p 00018000 08:01 2103406                    /lib/x86_64-linux-gnu/libz.so.1.2.8
7f9225420000-7f9225439000 r-xp 00000000 08:01 2104469                    /lib/x86_64-linux-gnu/libpthread-2.19.so
7f9225439000-7f9225638000 ---p 00019000 08:01 2104469                    /lib/x86_64-linux-gnu/libpthread-2.19.so
7f9225638000-7f9225639000 r--p 00018000 08:01 2104469                    /lib/x86_64-linux-gnu/libpthread-2.19.so
7f9225639000-7f922563a000 rw-p 00019000 08:01 2104469                    /lib/x86_64-linux-gnu/libpthread-2.19.so
7f922563a000-7f922563e000 rw-p 00000000 00:00 0 
7f922563e000-7f9225641000 r-xp 00000000 08:01 2104457                    /lib/x86_64-linux-gnu/libdl-2.19.so
7f9225641000-7f9225840000 ---p 00003000 08:01 2104457                    /lib/x86_64-linux-gnu/libdl-2.19.so
7f9225840000-7f9225841000 r--p 00002000 08:01 2104457                    /lib/x86_64-linux-gnu/libdl-2.19.so
7f9225841000-7f9225842000 rw-p 00003000 08:01 2104457                    /lib/x86_64-linux-gnu/libdl-2.19.so
7f9225842000-7f92259fd000 r-xp 00000000 08:01 2104468                    /lib/x86_64-linux-gnu/libc-2.19.so
7f92259fd000-7f9225bfc000 ---p 001bb000 08:01 2104468                    /lib/x86_64-linux-gnu/libc-2.19.so
7f9225bfc000-7f9225c00000 r--p 001ba000 08:01 2104468                    /lib/x86_64-linux-gnu/libc-2.19.so
7f9225c00000-7f9225c02000 rw-p 001be000 08:01 2104468                    /lib/x86_64-linux-gnu/libc-2.19.so
7f9225c02000-7f9225c07000 rw-p 00000000 00:00 0 
7f9225c07000-7f9225c14000 r-xp 00000000 08:01 4997030                    /usr/lib/jvm/java-7-openjdk-amd64/jre/lib/amd64/jli/libjli.so
7f9225c14000-7f9225e13000 ---p 0000d000 08:01 4997030                    /usr/lib/jvm/java-7-openjdk-amd64/jre/lib/amd64/jli/libjli.so
7f9225e13000-7f9225e14000 r--p 0000c000 08:01 4997030                    /usr/lib/jvm/java-7-openjdk-amd64/jre/lib/amd64/jli/libjli.so
7f9225e14000-7f9225e15000 rw-p 0000d000 08:01 4997030                    /usr/lib/jvm/java-7-openjdk-amd64/jre/lib/amd64/jli/libjli.so
7f9225e15000-7f9225e38000 r-xp 00000000 08:01 2104465                    /lib/x86_64-linux-gnu/ld-2.19.so
7f9225e38000-7f9225e39000 r--s 00002000 08:01 4457732                    /usr/lib/jvm/java-7-openjdk-amd64/jre/lib/ext/dnsns.jar
7f9225e39000-7f9225e3b000 r--s 00012000 08:01 4458090                    /usr/lib/jvm/java-7-openjdk-amd64/jre/lib/ext/zipfs.jar
7f9225e3b000-7f9225e3f000 r--s 00085000 08:01 4457243                    /usr/lib/jvm/java-7-openjdk-amd64/jre/lib/ext/localedata.jar
7f9225e3f000-7f9225e49000 rw-p 00000000 00:00 0 
7f9225e49000-7f9225eff000 rw-p 00000000 00:00 0 
7f9225eff000-7f9225f02000 ---p 00000000 00:00 0 
7f9225f02000-7f9226005000 rw-p 00000000 00:00 0                          [stack:28308]
7f9226005000-7f9226008000 r--s 0000f000 08:01 4458072                    /usr/lib/jvm/java-7-openjdk-amd64/jre/lib/ext/icedtea-sound.jar
7f9226008000-7f922600a000 r--s 00006000 08:01 4210395                    /usr/share/java/java-atk-wrapper.jar
7f922600a000-7f922602b000 rw-p 00000000 00:00 0 
7f922602b000-7f9226033000 rw-s 00000000 08:01 4982138                    /tmp/hsperfdata_root/28303
7f9226033000-7f9226034000 rw-p 00000000 00:00 0 
7f9226034000-7f9226035000 r--p 00000000 00:00 0 
7f9226035000-7f9226037000 rw-p 00000000 00:00 0 
7f9226037000-7f9226038000 r--p 00022000 08:01 2104465                    /lib/x86_64-linux-gnu/ld-2.19.so
7f9226038000-7f9226039000 rw-p 00023000 08:01 2104465                    /lib/x86_64-linux-gnu/ld-2.19.so
7f9226039000-7f922603a000 rw-p 00000000 00:00 0 
7ffff38a7000-7ffff38c8000 rw-p 00000000 00:00 0                          [stack]
7ffff38d3000-7ffff38d5000 r-xp 00000000 00:00 0                          [vdso]
7ffff38d5000-7ffff38d7000 r--p 00000000 00:00 0                          [vvar]
ffffffffff600000-ffffffffff601000 r-xp 00000000 00:00 0                  [vsyscall]

VM Arguments:
jvm_args: -Dfile.encoding=UTF-8 
java_command: jvcl.GPUFFT
Launcher Type: SUN_STANDARD

Environment Variables:
PATH=/usr/local/sbin:/usr/local/bin:/usr/sbin:/usr/bin:/sbin:/bin
USERNAME=root
SHELL=/bin/bash
DISPLAY=:0

Signal Handlers:
SIGSEGV: [libjvm.so+0x94bab0], sa_mask[0]=0x7ffbfeff, sa_flags=0x10000004
SIGBUS: [libjvm.so+0x94bab0], sa_mask[0]=0x7ffbfeff, sa_flags=0x10000004
SIGFPE: [libjvm.so+0x7c38b0], sa_mask[0]=0x7ffbfeff, sa_flags=0x10000004
SIGPIPE: [libjvm.so+0x7c38b0], sa_mask[0]=0x7ffbfeff, sa_flags=0x10000004
SIGXFSZ: [libjvm.so+0x7c38b0], sa_mask[0]=0x7ffbfeff, sa_flags=0x10000004
SIGILL: [libjvm.so+0x7c38b0], sa_mask[0]=0x7ffbfeff, sa_flags=0x10000004
SIGUSR1: SIG_DFL, sa_mask[0]=0x00000000, sa_flags=0x00000000
SIGUSR2: [libjvm.so+0x7c3750], sa_mask[0]=0x00000004, sa_flags=0x10000004
SIGHUP: [libjvm.so+0x7c3930], sa_mask[0]=0x7ffbfeff, sa_flags=0x10000004
SIGINT: [libjvm.so+0x7c3930], sa_mask[0]=0x7ffbfeff, sa_flags=0x10000004
SIGTERM: [libjvm.so+0x7c3930], sa_mask[0]=0x7ffbfeff, sa_flags=0x10000004
SIGQUIT: [libjvm.so+0x7c3930], sa_mask[0]=0x7ffbfeff, sa_flags=0x10000004
SIGTRAP: SIG_DFL, sa_mask[0]=0x00000000, sa_flags=0x00000000


---------------  S Y S T E M  ---------------

OS:Ubuntu 14.04 (trusty)
uname:Linux 3.16.0-49-generic #65~14.04.1-Ubuntu SMP Wed Sep 9 10:03:23 UTC 2015 x86_64
libc:glibc 2.19 NPTL 2.19 
rlimit: STACK 8192k, CORE 0k, NPROC 31478, NOFILE 4096, AS infinity
load average:0.38 0.59 0.48

/proc/meminfo:
MemTotal:        8079900 kB
MemFree:         4051904 kB
MemAvailable:    6332280 kB
Buffers:          720068 kB
Cached:          1511912 kB
SwapCached:            0 kB
Active:          2531864 kB
Inactive:         882960 kB
Active(anon):    1184104 kB
Inactive(anon):    32212 kB
Active(file):    1347760 kB
Inactive(file):   850748 kB
Unevictable:         104 kB
Mlocked:             104 kB
SwapTotal:       9999356 kB
SwapFree:        9999356 kB
Dirty:               180 kB
Writeback:             0 kB
AnonPages:       1182944 kB
Mapped:           345404 kB
Shmem:             33476 kB
Slab:             375956 kB
SReclaimable:     335272 kB
SUnreclaim:        40684 kB
KernelStack:       10160 kB
PageTables:        33312 kB
NFS_Unstable:          0 kB
Bounce:                0 kB
WritebackTmp:          0 kB
CommitLimit:    14039304 kB
Committed_AS:    4854296 kB
VmallocTotal:   34359738367 kB
VmallocUsed:      394184 kB
VmallocChunk:   34359275188 kB
HardwareCorrupted:     0 kB
AnonHugePages:    718848 kB
HugePages_Total:       0
HugePages_Free:        0
HugePages_Rsvd:        0
HugePages_Surp:        0
Hugepagesize:       2048 kB
DirectMap4k:      298656 kB
DirectMap2M:     7993344 kB


CPU:total 4 (2 cores per cpu, 2 threads per core) family 6 model 58 stepping 9, cmov, cx8, fxsr, mmx, sse, sse2, sse3, ssse3, sse4.1, sse4.2, popcnt, avx, aes, erms, ht, tsc, tscinvbit, tscinv

/proc/cpuinfo:
processor	: 0
vendor_id	: GenuineIntel
cpu family	: 6
model		: 58
model name	: Intel(R) Core(TM) i7-3520M CPU @ 2.90GHz
stepping	: 9
microcode	: 0x19
cpu MHz		: 3399.796
cache size	: 4096 KB
physical id	: 0
siblings	: 4
core id		: 0
cpu cores	: 2
apicid		: 0
initial apicid	: 0
fpu		: yes
fpu_exception	: yes
cpuid level	: 13
wp		: yes
flags		: fpu vme de pse tsc msr pae mce cx8 apic sep mtrr pge mca cmov pat pse36 clflush dts acpi mmx fxsr sse sse2 ss ht tm pbe syscall nx rdtscp lm constant_tsc arch_perfmon pebs bts rep_good nopl xtopology nonstop_tsc aperfmperf eagerfpu pni pclmulqdq dtes64 monitor ds_cpl vmx smx est tm2 ssse3 cx16 xtpr pdcm pcid sse4_1 sse4_2 x2apic popcnt tsc_deadline_timer aes xsave avx f16c rdrand lahf_lm ida arat epb xsaveopt pln pts dtherm tpr_shadow vnmi flexpriority ept vpid fsgsbase smep erms
bogomips	: 5781.00
clflush size	: 64
cache_alignment	: 64
address sizes	: 36 bits physical, 48 bits virtual
power management:

processor	: 1
vendor_id	: GenuineIntel
cpu family	: 6
model		: 58
model name	: Intel(R) Core(TM) i7-3520M CPU @ 2.90GHz
stepping	: 9
microcode	: 0x19
cpu MHz		: 3323.445
cache size	: 4096 KB
physical id	: 0
siblings	: 4
core id		: 1
cpu cores	: 2
apicid		: 2
initial apicid	: 2
fpu		: yes
fpu_exception	: yes
cpuid level	: 13
wp		: yes
flags		: fpu vme de pse tsc msr pae mce cx8 apic sep mtrr pge mca cmov pat pse36 clflush dts acpi mmx fxsr sse sse2 ss ht tm pbe syscall nx rdtscp lm constant_tsc arch_perfmon pebs bts rep_good nopl xtopology nonstop_tsc aperfmperf eagerfpu pni pclmulqdq dtes64 monitor ds_cpl vmx smx est tm2 ssse3 cx16 xtpr pdcm pcid sse4_1 sse4_2 x2apic popcnt tsc_deadline_timer aes xsave avx f16c rdrand lahf_lm ida arat epb xsaveopt pln pts dtherm tpr_shadow vnmi flexpriority ept vpid fsgsbase smep erms
bogomips	: 5781.00
clflush size	: 64
cache_alignment	: 64
address sizes	: 36 bits physical, 48 bits virtual
power management:

processor	: 2
vendor_id	: GenuineIntel
cpu family	: 6
model		: 58
model name	: Intel(R) Core(TM) i7-3520M CPU @ 2.90GHz
stepping	: 9
microcode	: 0x19
cpu MHz		: 3540.265
cache size	: 4096 KB
physical id	: 0
siblings	: 4
core id		: 0
cpu cores	: 2
apicid		: 1
initial apicid	: 1
fpu		: yes
fpu_exception	: yes
cpuid level	: 13
wp		: yes
flags		: fpu vme de pse tsc msr pae mce cx8 apic sep mtrr pge mca cmov pat pse36 clflush dts acpi mmx fxsr sse sse2 ss ht tm pbe syscall nx rdtscp lm constant_tsc arch_perfmon pebs bts rep_good nopl xtopology nonstop_tsc aperfmperf eagerfpu pni pclmulqdq dtes64 monitor ds_cpl vmx smx est tm2 ssse3 cx16 xtpr pdcm pcid sse4_1 sse4_2 x2apic popcnt tsc_deadline_timer aes xsave avx f16c rdrand lahf_lm ida arat epb xsaveopt pln pts dtherm tpr_shadow vnmi flexpriority ept vpid fsgsbase smep erms
bogomips	: 5781.00
clflush size	: 64
cache_alignment	: 64
address sizes	: 36 bits physical, 48 bits virtual
power management:

processor	: 3
vendor_id	: GenuineIntel
cpu family	: 6
model		: 58
model name	: Intel(R) Core(TM) i7-3520M CPU @ 2.90GHz
stepping	: 9
microcode	: 0x19
cpu MHz		: 2991.531
cache size	: 4096 KB
physical id	: 0
siblings	: 4
core id		: 1
cpu cores	: 2
apicid		: 3
initial apicid	: 3
fpu		: yes
fpu_exception	: yes
cpuid level	: 13
wp		: yes
flags		: fpu vme de pse tsc msr pae mce cx8 apic sep mtrr pge mca cmov pat pse36 clflush dts acpi mmx fxsr sse sse2 ss ht tm pbe syscall nx rdtscp lm constant_tsc arch_perfmon pebs bts rep_good nopl xtopology nonstop_tsc aperfmperf eagerfpu pni pclmulqdq dtes64 monitor ds_cpl vmx smx est tm2 ssse3 cx16 xtpr pdcm pcid sse4_1 sse4_2 x2apic popcnt tsc_deadline_timer aes xsave avx f16c rdrand lahf_lm ida arat epb xsaveopt pln pts dtherm tpr_shadow vnmi flexpriority ept vpid fsgsbase smep erms
bogomips	: 5781.00
clflush size	: 64
cache_alignment	: 64
address sizes	: 36 bits physical, 48 bits virtual
power management:



Memory: 4k page, physical 8079900k(4051904k free), swap 9999356k(9999356k free)

vm_info: OpenJDK 64-Bit Server VM (24.79-b02) for linux-amd64 JRE (1.7.0_79-b14), built on Jul 24 2015 08:15:54 by "buildd" with gcc 4.8.2

time: Sun Oct  4 10:53:49 2015
elapsed time: 0 seconds

