#
# A fatal error has been detected by the Java Runtime Environment:
#
#  SIGSEGV (0xb) at pc=0x00007fc85a9054ac, pid=28407, tid=140498811922176
#
# JRE version: OpenJDK Runtime Environment (7.0_79-b14) (build 1.7.0_79-b14)
# Java VM: OpenJDK 64-Bit Server VM (24.79-b02 mixed mode linux-amd64 compressed oops)
# Derivative: IcedTea 2.5.6
# Distribution: Ubuntu 14.04 LTS, package 7u79-2.5.6-0ubuntu1.14.04.1
# Problematic frame:
# C  [libOpenCL.so.1+0x54ac]  clCreateBuffer+0xc
#
# Failed to write core dump. Core dumps have been disabled. To enable core dumping, try "ulimit -c unlimited" before starting Java again
#
# If you would like to submit a bug report, please include
# instructions on how to reproduce the bug and visit:
#   http://icedtea.classpath.org/bugzilla
# The crash happened outside the Java Virtual Machine in native code.
# See problematic frame for where to report the bug.
#

---------------  T H R E A D  ---------------

Current thread (0x00007fc86400a000):  JavaThread "main" [_thread_in_native, id=28412, stack(0x00007fc86db6a000,0x00007fc86dc6b000)]

siginfo:si_signo=SIGSEGV: si_errno=0, si_code=128 (), si_addr=0x0000000000000000

Registers:
RAX=0x5f6176616a4c5a49, RBX=0x000000077a6f70b0, RCX=0x0000000000000000, RDX=0x0000000000000200
RSP=0x00007fc86dc690c8, RBP=0x00007fc86dc69130, RSI=0x0000000000000001, RDI=0x00007fc864f97520
R8 =0x00000007d759e3b0, R9 =0x0000000000000000, R10=0x00007fc861012d6c, R11=0x00007fc86c8cb2f0
R12=0x0000000000000000, R13=0x000000077a6f70b0, R14=0x00007fc86dc69288, R15=0x00007fc86400a000
RIP=0x00007fc85a9054ac, EFLAGS=0x0000000000010202, CSGSFS=0x0000000000000033, ERR=0x0000000000000000
  TRAPNO=0x000000000000000d

Top of Stack: (sp=0x00007fc86dc690c8)
0x00007fc86dc690c8:   00007fc8589ca3c2 00007fc864f97520
0x00007fc86dc690d8:   0000000100000000 0000000000000000
0x00007fc86dc690e8:   0000000000000200 0000000000000001
0x00007fc86dc690f8:   00007fc864f97520 00007fc86dc69288
0x00007fc86dc69108:   00007fc86400a1d8 0000000000000000
0x00007fc86dc69118:   00000007d759e3b0 00007fc85a9054a0
0x00007fc86dc69128:   00007fc861012c2d 00007fc86dc691f8
0x00007fc86dc69138:   00007fc861012d98 0000000000000000
0x00007fc86dc69148:   0000000000000001 00007fc86dc69238
0x00007fc86dc69158:   0000000000000000 0000000000000000
0x00007fc86dc69168:   00007fc85a9054a0 00007fc861005310
0x00007fc86dc69178:   0000000000000000 00007fc86dc692d0
0x00007fc86dc69188:   00007fc86dc69218 00007fc86400ace8
0x00007fc86dc69198:   00007fc86400ace8 00007fc86400ad18
0x00007fc86dc691a8:   00007fc86400ad18 00000000fffffffe
0x00007fc86dc691b8:   00007fc86dc691b8 000000077a6f70b0
0x00007fc86dc691c8:   00007fc86dc69288 000000077a706440
0x00007fc86dc691d8:   0000000000000000 000000077a6f70b0
0x00007fc86dc691e8:   0000000000000000 00007fc86dc69218
0x00007fc86dc691f8:   00007fc86dc692d0 00007fc861006175
0x00007fc86dc69208:   0000000000000000 00007fc86100ecd7
0x00007fc86dc69218:   00007fc85a9054a0 0000000000000000
0x00007fc86dc69228:   0000000000000000 0000000000000000
0x00007fc86dc69238:   00000007d759e3a0 0000000000000001
0x00007fc86dc69248:   0000000000000000 0000000000000000
0x00007fc86dc69258:   0000000000000200 00007fc86dc69340
0x00007fc86dc69268:   0000000000000001 00007fc86dc692d0
0x00007fc86dc69278:   00007fc864f97520 00007fc85a9054a0
0x00007fc86dc69288:   00000007d73cd318 00007fc86dc69290
0x00007fc86dc69298:   000000077a6f72ae 00007fc86dc69340
0x00007fc86dc692a8:   000000077a706440 0000000000000000
0x00007fc86dc692b8:   000000077a6f72c0 00007fc86dc69218 

Instructions: (pc=0x00007fc85a9054ac)
0x00007fc85a90548c:   ff e0 66 90 48 85 c9 74 06 c7 01 de ff ff ff 31
0x00007fc85a90549c:   c0 c3 66 90 48 85 ff 74 0b 48 8b 07 48 8b 40 70
0x00007fc85a9054ac:   ff e0 66 90 4d 85 c0 74 07 41 c7 00 de ff ff ff
0x00007fc85a9054bc:   31 c0 c3 90 48 85 ff 4c 8b 54 24 08 48 8b 44 24 

Register to memory mapping:

RAX=0x5f6176616a4c5a49 is an unknown value
RBX=0x000000077a6f70b0 is an oop
{method} 
 - klass: {other class}
RCX=0x0000000000000000 is an unknown value
RDX=0x0000000000000200 is an unknown value
RSP=0x00007fc86dc690c8 is pointing into the stack for thread: 0x00007fc86400a000
RBP=0x00007fc86dc69130 is pointing into the stack for thread: 0x00007fc86400a000
RSI=0x0000000000000001 is an unknown value
RDI=0x00007fc864f97520 is an unknown value
R8 =0x00000007d759e3b0 is an unknown value
R9 =0x0000000000000000 is an unknown value
R10=0x00007fc861012d6c is at code_begin+620 in an Interpreter codelet
method entry point (kind = native)  [0x00007fc861012b00, 0x00007fc861013360]  2144 bytes
R11=0x00007fc86c8cb2f0: <offset 0x85d2f0> in /usr/lib/jvm/java-7-openjdk-amd64/jre/lib/amd64/server/libjvm.so at 0x00007fc86c06e000
R12=0x0000000000000000 is an unknown value
R13=0x000000077a6f70b0 is an oop
{method} 
 - klass: {other class}
R14=0x00007fc86dc69288 is pointing into the stack for thread: 0x00007fc86400a000
R15=0x00007fc86400a000 is a thread


Stack: [0x00007fc86db6a000,0x00007fc86dc6b000],  sp=0x00007fc86dc690c8,  free space=1020k
Native frames: (J=compiled Java code, j=interpreted, Vv=VM code, C=native code)
C  [libOpenCL.so.1+0x54ac]  clCreateBuffer+0xc
j  com.jogamp.opencl.llb.impl.CLAbstractImpl.dispatch_clCreateBuffer1(JJJLjava/lang/Object;IZLjava/lang/Object;IZJ)J+0
j  com.jogamp.opencl.llb.impl.CLAbstractImpl.clCreateBuffer(JJJLjava/nio/Buffer;[II)J+150
j  com.jogamp.opencl.CLBuffer.create(Lcom/jogamp/opencl/CLContext;Ljava/nio/Buffer;I)Lcom/jogamp/opencl/CLBuffer;+68
j  com.jogamp.opencl.CLContext.createBuffer(Ljava/nio/Buffer;I)Lcom/jogamp/opencl/CLBuffer;+3
j  com.jogamp.opencl.CLContext.createBuffer(Ljava/nio/Buffer;[Lcom/jogamp/opencl/CLMemory$Mem;)Lcom/jogamp/opencl/CLBuffer;+6
j  com.jogamp.opencl.CLContext.createFloatBuffer(I[Lcom/jogamp/opencl/CLMemory$Mem;)Lcom/jogamp/opencl/CLBuffer;+6
j  jvcl.GPUFFT.fft_simple([F[F)V+228
j  jvcl.GPUFFT.fft_simple([F[F)V+198
j  jvcl.GPUFFT.fft_simple([F[F)V+198
j  jvcl.GPUFFT.fft_simple([F[F)V+198
j  jvcl.GPUFFT.fft_simple([F[F)V+198
j  jvcl.GPUFFT.fft_simple([F[F)V+198
j  jvcl.GPUFFT.main([Ljava/lang/String;)V+77
v  ~StubRoutines::call_stub
V  [libjvm.so+0x5e80c9]  JavaCalls::call_helper(JavaValue*, methodHandle*, JavaCallArguments*, Thread*)+0x339
V  [libjvm.so+0x5e7b68]  JavaCalls::call(JavaValue*, methodHandle, JavaCallArguments*, Thread*)+0x28
V  [libjvm.so+0x5f6c9b]  jni_invoke_static(JNIEnv_*, JavaValue*, _jobject*, JNICallType, _jmethodID*, JNI_ArgumentPusher*, Thread*) [clone .isra.124] [clone .constprop.156]+0x28b
V  [libjvm.so+0x607f08]  jni_CallStaticVoidMethod+0x118
C  [libjli.so+0x31f9]

Java frames: (J=compiled Java code, j=interpreted, Vv=VM code)
j  com.jogamp.opencl.llb.impl.CLAbstractImpl.dispatch_clCreateBuffer1(JJJLjava/lang/Object;IZLjava/lang/Object;IZJ)J+0
j  com.jogamp.opencl.llb.impl.CLAbstractImpl.clCreateBuffer(JJJLjava/nio/Buffer;[II)J+150
j  com.jogamp.opencl.CLBuffer.create(Lcom/jogamp/opencl/CLContext;Ljava/nio/Buffer;I)Lcom/jogamp/opencl/CLBuffer;+68
j  com.jogamp.opencl.CLContext.createBuffer(Ljava/nio/Buffer;I)Lcom/jogamp/opencl/CLBuffer;+3
j  com.jogamp.opencl.CLContext.createBuffer(Ljava/nio/Buffer;[Lcom/jogamp/opencl/CLMemory$Mem;)Lcom/jogamp/opencl/CLBuffer;+6
j  com.jogamp.opencl.CLContext.createFloatBuffer(I[Lcom/jogamp/opencl/CLMemory$Mem;)Lcom/jogamp/opencl/CLBuffer;+6
j  jvcl.GPUFFT.fft_simple([F[F)V+228
j  jvcl.GPUFFT.fft_simple([F[F)V+198
j  jvcl.GPUFFT.fft_simple([F[F)V+198
j  jvcl.GPUFFT.fft_simple([F[F)V+198
j  jvcl.GPUFFT.fft_simple([F[F)V+198
j  jvcl.GPUFFT.fft_simple([F[F)V+198
j  jvcl.GPUFFT.main([Ljava/lang/String;)V+77
v  ~StubRoutines::call_stub

---------------  P R O C E S S  ---------------

Java Threads: ( => current thread )
  0x00007fc86418e800 JavaThread "process reaper" daemon [_thread_blocked, id=28429, stack(0x00007fc868066000,0x00007fc86809f000)]
  0x00007fc8640ae800 JavaThread "Service Thread" daemon [_thread_blocked, id=28424, stack(0x00007fc86071c000,0x00007fc86081d000)]
  0x00007fc8640ac000 JavaThread "C2 CompilerThread1" daemon [_thread_blocked, id=28423, stack(0x00007fc86081d000,0x00007fc86091e000)]
  0x00007fc8640a9800 JavaThread "C2 CompilerThread0" daemon [_thread_blocked, id=28422, stack(0x00007fc8680c7000,0x00007fc8681c8000)]
  0x00007fc8640a7000 JavaThread "Signal Dispatcher" daemon [_thread_blocked, id=28421, stack(0x00007fc8681c8000,0x00007fc8682c9000)]
  0x00007fc86407c000 JavaThread "Finalizer" daemon [_thread_blocked, id=28419, stack(0x00007fc8682c9000,0x00007fc8683ca000)]
  0x00007fc86407a000 JavaThread "Reference Handler" daemon [_thread_blocked, id=28418, stack(0x00007fc8683ca000,0x00007fc8684cb000)]
=>0x00007fc86400a000 JavaThread "main" [_thread_in_native, id=28412, stack(0x00007fc86db6a000,0x00007fc86dc6b000)]

Other Threads:
  0x00007fc864075800 VMThread [stack: 0x00007fc8684cb000,0x00007fc8685cc000] [id=28417]
  0x00007fc8640b9800 WatcherThread [stack: 0x00007fc86061b000,0x00007fc86071c000] [id=28425]

VM state:not at safepoint (normal execution)

VM Mutex/Monitor currently owned by a thread: None

Heap
 PSYoungGen      total 37376K, used 7883K [0x00000007d6e00000, 0x00000007d9780000, 0x0000000800000000)
  eden space 32256K, 24% used [0x00000007d6e00000,0x00000007d75b2e38,0x00000007d8d80000)
  from space 5120K, 0% used [0x00000007d9280000,0x00000007d9280000,0x00000007d9780000)
  to   space 5120K, 0% used [0x00000007d8d80000,0x00000007d8d80000,0x00000007d9280000)
 ParOldGen       total 83968K, used 0K [0x0000000784a00000, 0x0000000789c00000, 0x00000007d6e00000)
  object space 83968K, 0% used [0x0000000784a00000,0x0000000784a00000,0x0000000789c00000)
 PSPermGen       total 21504K, used 5985K [0x000000077a400000, 0x000000077b900000, 0x0000000784a00000)
  object space 21504K, 27% used [0x000000077a400000,0x000000077a9d8428,0x000000077b900000)

Card table byte_map: [0x00007fc86a393000,0x00007fc86a7c2000] byte_map_base: 0x00007fc8667c1000

Polling page: 0x00007fc86dc9f000

Code Cache  [0x00007fc861000000, 0x00007fc861270000, 0x00007fc864000000)
 total_blobs=392 nmethods=18 adapters=328 free_code_cache=48619Kb largest_free_block=49769792

Compilation events (10 events):
Event: 0.177 Thread 0x00007fc8640a9800 nmethod 14 0x00007fc86107a5d0 code [0x00007fc86107a720, 0x00007fc86107a8d8]
Event: 0.180 Thread 0x00007fc8640ac000 nmethod 13 0x00007fc86107d1d0 code [0x00007fc86107d420, 0x00007fc86107e498]
Event: 0.183 Thread 0x00007fc8640a9800   15             java.lang.String::length (6 bytes)
Event: 0.183 Thread 0x00007fc8640a9800 nmethod 15 0x00007fc861078e90 code [0x00007fc861078fc0, 0x00007fc861079038]
Event: 0.185 Thread 0x00007fc8640ac000   16             java.lang.Math::min (11 bytes)
Event: 0.185 Thread 0x00007fc8640ac000 nmethod 16 0x00007fc86105fcd0 code [0x00007fc86105fe00, 0x00007fc86105fe38]
Event: 0.319 Thread 0x00007fc8640a9800   17   !         java.io.BufferedReader::readLine (304 bytes)
Event: 0.319 Thread 0x00007fc8640ac000   18             sun.nio.cs.UTF_8$Decoder::decodeArrayLoop (543 bytes)
Event: 0.331 Thread 0x00007fc8640a9800 nmethod 17 0x00007fc861086250 code [0x00007fc861086400, 0x00007fc861087230]
Event: 0.337 Thread 0x00007fc8640ac000 nmethod 18 0x00007fc861087810 code [0x00007fc861087aa0, 0x00007fc861088630]

GC Heap History (0 events):
No events

Deoptimization events (0 events):
No events

Internal exceptions (10 events):
Event: 0.213 Thread 0x00007fc86400a000 Threw 0x00000007d74dec20 at /build/openjdk-7-FO0dNI/openjdk-7-7u79-2.5.6/build/openjdk/hotspot/src/share/vm/prims/jvm.cpp:1284
Event: 0.214 Thread 0x00007fc86400a000 Threw 0x00000007d74e2bb8 at /build/openjdk-7-FO0dNI/openjdk-7-7u79-2.5.6/build/openjdk/hotspot/src/share/vm/prims/jvm.cpp:1284
Event: 0.215 Thread 0x00007fc86400a000 Threw 0x00000007d74ebf68 at /build/openjdk-7-FO0dNI/openjdk-7-7u79-2.5.6/build/openjdk/hotspot/src/share/vm/prims/jvm.cpp:1284
Event: 0.215 Thread 0x00007fc86400a000 Threw 0x00000007d74efe90 at /build/openjdk-7-FO0dNI/openjdk-7-7u79-2.5.6/build/openjdk/hotspot/src/share/vm/prims/jvm.cpp:1284
Event: 0.215 Thread 0x00007fc86400a000 Threw 0x00000007d7517ba8 at /build/openjdk-7-FO0dNI/openjdk-7-7u79-2.5.6/build/openjdk/hotspot/src/share/vm/prims/jvm.cpp:1284
Event: 0.216 Thread 0x00007fc86400a000 Threw 0x00000007d751d848 at /build/openjdk-7-FO0dNI/openjdk-7-7u79-2.5.6/build/openjdk/hotspot/src/share/vm/prims/jvm.cpp:1284
Event: 0.217 Thread 0x00007fc86400a000 Threw 0x00000007d7525598 at /build/openjdk-7-FO0dNI/openjdk-7-7u79-2.5.6/build/openjdk/hotspot/src/share/vm/prims/jvm.cpp:1284
Event: 0.220 Thread 0x00007fc86400a000 Threw 0x00000007d7536480 at /build/openjdk-7-FO0dNI/openjdk-7-7u79-2.5.6/build/openjdk/hotspot/src/share/vm/prims/jvm.cpp:1284
Event: 0.381 Thread 0x00007fc86400a000 Threw 0x00000007d7594c00 at /build/openjdk-7-FO0dNI/openjdk-7-7u79-2.5.6/build/openjdk/hotspot/src/share/vm/prims/jvm.cpp:1284
Event: 0.381 Thread 0x00007fc86400a000 Threw 0x00000007d75990c8 at /build/openjdk-7-FO0dNI/openjdk-7-7u79-2.5.6/build/openjdk/hotspot/src/share/vm/prims/jvm.cpp:1284

Events (10 events):
Event: 0.343 loading class 0x00007fc86980a9b0
Event: 0.343 loading class 0x00007fc86980a9b0 done
Event: 0.343 loading class 0x00007fc86980a9e0
Event: 0.343 loading class 0x00007fc86980a9e0 done
Event: 0.381 loading class 0x00007fc8640fd2d0
Event: 0.381 loading class 0x00007fc8640fd2d0 done
Event: 0.381 loading class 0x00007fc864011ae0
Event: 0.381 loading class 0x00007fc864011ae0 done
Event: 0.381 loading class 0x00007fc8640fc0b0
Event: 0.381 loading class 0x00007fc8640fc0b0 done


Dynamic libraries:
00400000-00401000 r-xp 00000000 08:01 5389623                            /usr/lib/jvm/java-7-openjdk-amd64/jre/bin/java
00600000-00601000 r--p 00000000 08:01 5389623                            /usr/lib/jvm/java-7-openjdk-amd64/jre/bin/java
00601000-00602000 rw-p 00001000 08:01 5389623                            /usr/lib/jvm/java-7-openjdk-amd64/jre/bin/java
0153d000-0155e000 rw-p 00000000 00:00 0                                  [heap]
200000000-700000000 ---p 00000000 00:00 0 
77a400000-77b900000 rw-p 00000000 00:00 0 
77b900000-784a00000 rw-p 00000000 00:00 0 
784a00000-789c00000 rw-p 00000000 00:00 0 
789c00000-7d6e00000 rw-p 00000000 00:00 0 
7d6e00000-7d9780000 rw-p 00000000 00:00 0 
7d9780000-800000000 rw-p 00000000 00:00 0 
7fc7eb7ff000-7fc7eb800000 ---p 00000000 00:00 0 
7fc7eb800000-7fc7ec000000 rw-p 00000000 00:00 0 
7fc7ec000000-7fc7ec021000 rw-p 00000000 00:00 0 
7fc7ec021000-7fc7f0000000 ---p 00000000 00:00 0 
7fc7f04fa000-7fc7f04fb000 ---p 00000000 00:00 0 
7fc7f04fb000-7fc7f0cfb000 rw-p 00000000 00:00 0 
7fc7f0dfb000-7fc7f0dfc000 ---p 00000000 00:00 0 
7fc7f0dfc000-7fc7f15fc000 rw-p 00000000 00:00 0 
7fc7f1ffc000-7fc7f1ffd000 ---p 00000000 00:00 0 
7fc7f1ffd000-7fc7f27fd000 rw-p 00000000 00:00 0 
7fc7f27fd000-7fc7f27fe000 ---p 00000000 00:00 0 
7fc7f27fe000-7fc7f2ffe000 rw-p 00000000 00:00 0                          [stack:28469]
7fc7f2ffe000-7fc7f2fff000 ---p 00000000 00:00 0 
7fc7f2fff000-7fc7f37ff000 rw-p 00000000 00:00 0                          [stack:28468]
7fc7f37ff000-7fc7f3800000 ---p 00000000 00:00 0 
7fc7f3800000-7fc7f4000000 rw-p 00000000 00:00 0                          [stack:28467]
7fc7f4000000-7fc7f4021000 rw-p 00000000 00:00 0 
7fc7f4021000-7fc7f8000000 ---p 00000000 00:00 0 
7fc7f8299000-7fc7f83fa000 rw-p 00000000 00:00 0 
7fc7f83fa000-7fc7f83fb000 ---p 00000000 00:00 0 
7fc7f83fb000-7fc7f8bfb000 rw-p 00000000 00:00 0                          [stack:28466]
7fc7f8bfb000-7fc7f8bfc000 ---p 00000000 00:00 0 
7fc7f8bfc000-7fc7f93fc000 rw-p 00000000 00:00 0                          [stack:28465]
7fc7f93fc000-7fc7f94fc000 rw-s 199899000 00:05 13212                     /dev/nvidiactl
7fc7f94fc000-7fc7f95fc000 rw-s 16dfcc000 00:05 13212                     /dev/nvidiactl
7fc7f95fc000-7fc7f96fc000 rw-s 19b67f000 00:05 13212                     /dev/nvidiactl
7fc7f96fc000-7fc7f97fc000 rw-s 19c67a000 00:05 13212                     /dev/nvidiactl
7fc7f97fc000-7fc7f9bfc000 rw-s 7b0b5000 00:05 13212                      /dev/nvidiactl
7fc7f9bfc000-7fc7f9ffc000 rw-s 19db21000 00:05 13212                     /dev/nvidiactl
7fc7f9ffc000-7fc7f9ffd000 ---p 00000000 00:00 0 
7fc7f9ffd000-7fc7fa7fd000 rw-p 00000000 00:00 0                          [stack:28464]
7fc7fa7fd000-7fc7fa7fe000 ---p 00000000 00:00 0 
7fc7fa7fe000-7fc7faffe000 rw-p 00000000 00:00 0                          [stack:28463]
7fc7faffe000-7fc7fafff000 ---p 00000000 00:00 0 
7fc7fafff000-7fc7fb7ff000 rw-p 00000000 00:00 0                          [stack:28462]
7fc7fb7ff000-7fc7fb800000 ---p 00000000 00:00 0 
7fc7fb800000-7fc7fc000000 rw-p 00000000 00:00 0                          [stack:28461]
7fc7fc000000-7fc7fc021000 rw-p 00000000 00:00 0 
7fc7fc021000-7fc800000000 ---p 00000000 00:00 0 
7fc8000fa000-7fc8001fa000 rw-s 6fcfd000 00:05 13212                      /dev/nvidiactl
7fc8001fa000-7fc8002fa000 rw-s 1ee9ef000 00:05 13212                     /dev/nvidiactl
7fc8002fa000-7fc8002fb000 ---p 00000000 00:00 0 
7fc8002fb000-7fc800afb000 rw-p 00000000 00:00 0                          [stack:28460]
7fc800afb000-7fc800afc000 ---p 00000000 00:00 0 
7fc800afc000-7fc8012fc000 rw-p 00000000 00:00 0                          [stack:28459]
7fc8012fc000-7fc8013fc000 rw-s 173b97000 00:05 13212                     /dev/nvidiactl
7fc8013fc000-7fc8014fc000 rw-s b9662000 00:05 13212                      /dev/nvidiactl
7fc8014fc000-7fc8015fc000 rw-s 6c8d5000 00:05 13212                      /dev/nvidiactl
7fc8015fc000-7fc8016fc000 rw-s b9610000 00:05 13212                      /dev/nvidiactl
7fc8016fc000-7fc8017fc000 rw-s 7ac9b000 00:05 13212                      /dev/nvidiactl
7fc8017fc000-7fc801bfc000 rw-s 19f635000 00:05 13212                     /dev/nvidiactl
7fc801bfc000-7fc801ffc000 rw-s 19b461000 00:05 13212                     /dev/nvidiactl
7fc801ffc000-7fc801ffd000 ---p 00000000 00:00 0 
7fc801ffd000-7fc8027fd000 rw-p 00000000 00:00 0                          [stack:28458]
7fc8027fd000-7fc8027fe000 ---p 00000000 00:00 0 
7fc8027fe000-7fc802ffe000 rw-p 00000000 00:00 0                          [stack:28457]
7fc802ffe000-7fc802fff000 ---p 00000000 00:00 0 
7fc802fff000-7fc8037ff000 rw-p 00000000 00:00 0                          [stack:28456]
7fc8037ff000-7fc803800000 ---p 00000000 00:00 0 
7fc803800000-7fc804000000 rw-p 00000000 00:00 0                          [stack:28455]
7fc804000000-7fc804021000 rw-p 00000000 00:00 0 
7fc804021000-7fc808000000 ---p 00000000 00:00 0 
7fc8080ae000-7fc8080fa000 rw-s 19c6dc000 00:05 13212                     /dev/nvidiactl
7fc8080fa000-7fc8081fa000 rw-s 1b908d000 00:05 13212                     /dev/nvidiactl
7fc8081fa000-7fc8081fb000 ---p 00000000 00:00 0 
7fc8081fb000-7fc8089fb000 rw-p 00000000 00:00 0                          [stack:28454]
7fc8089fb000-7fc8089fc000 ---p 00000000 00:00 0 
7fc8089fc000-7fc8091fc000 rw-p 00000000 00:00 0                          [stack:28453]
7fc8091fc000-7fc8092fc000 rw-s 52430000 00:05 13212                      /dev/nvidiactl
7fc8092fc000-7fc8093fc000 rw-s ad2ec000 00:05 13212                      /dev/nvidiactl
7fc8093fc000-7fc8094fc000 rw-s 83676000 00:05 13212                      /dev/nvidiactl
7fc8094fc000-7fc8095fc000 rw-s ad071000 00:05 13212                      /dev/nvidiactl
7fc8095fc000-7fc8096fc000 rw-s 6ca5c000 00:05 13212                      /dev/nvidiactl
7fc8096fc000-7fc809afc000 rw-s 173864000 00:05 13212                     /dev/nvidiactl
7fc809afc000-7fc809efc000 rw-s 20e8f1000 00:05 13212                     /dev/nvidiactl
7fc809efc000-7fc809efd000 ---p 00000000 00:00 0 
7fc809efd000-7fc80a6fd000 rw-p 00000000 00:00 0                          [stack:28452]
7fc80a6fd000-7fc80a7fd000 rw-s 1b2496000 00:05 13212                     /dev/nvidiactl
7fc80a7fd000-7fc80a7fe000 ---p 00000000 00:00 0 
7fc80a7fe000-7fc80affe000 rw-p 00000000 00:00 0                          [stack:28451]
7fc80affe000-7fc80afff000 ---p 00000000 00:00 0 
7fc80afff000-7fc80b7ff000 rw-p 00000000 00:00 0                          [stack:28450]
7fc80b7ff000-7fc80b800000 ---p 00000000 00:00 0 
7fc80b800000-7fc80c000000 rw-p 00000000 00:00 0                          [stack:28449]
7fc80c000000-7fc80c021000 rw-p 00000000 00:00 0 
7fc80c021000-7fc810000000 ---p 00000000 00:00 0 
7fc810000000-7fc810021000 rw-p 00000000 00:00 0 
7fc810021000-7fc814000000 ---p 00000000 00:00 0 
7fc814021000-7fc814041000 rw-s e0280000 00:05 13214                      /dev/nvidia0
7fc814041000-7fc814061000 rw-s e0260000 00:05 13214                      /dev/nvidia0
7fc814061000-7fc8140ad000 rw-s 1eeb1b000 00:05 13212                     /dev/nvidiactl
7fc8140ad000-7fc8140f9000 rw-s 6ca94000 00:05 13212                      /dev/nvidiactl
7fc8140f9000-7fc8140fa000 ---p 00000000 00:00 0 
7fc8140fa000-7fc8148fa000 rw-p 00000000 00:00 0                          [stack:28448]
7fc8148fa000-7fc8148fb000 ---p 00000000 00:00 0 
7fc8148fb000-7fc8150fb000 rw-p 00000000 00:00 0                          [stack:28447]
7fc8150fb000-7fc8151fb000 rw-s 7b17a000 00:05 13212                      /dev/nvidiactl
7fc8151fb000-7fc8152fb000 rw-s 639f4000 00:05 13212                      /dev/nvidiactl
7fc8152fb000-7fc8153fb000 rw-s 7ad28000 00:05 13212                      /dev/nvidiactl
7fc8153fb000-7fc8157fb000 rw-s 1b92c2000 00:05 13212                     /dev/nvidiactl
7fc8157fb000-7fc8157fc000 ---p 00000000 00:00 0 
7fc8157fc000-7fc815ffc000 rw-p 00000000 00:00 0                          [stack:28446]
7fc815ffc000-7fc815ffd000 ---p 00000000 00:00 0 
7fc815ffd000-7fc8167fd000 rw-p 00000000 00:00 0                          [stack:28445]
7fc8167fd000-7fc8167fe000 ---p 00000000 00:00 0 
7fc8167fe000-7fc816ffe000 rw-p 00000000 00:00 0                          [stack:28444]
7fc816ffe000-7fc816fff000 ---p 00000000 00:00 0 
7fc816fff000-7fc8177ff000 rw-p 00000000 00:00 0                          [stack:28443]
7fc8177ff000-7fc817800000 ---p 00000000 00:00 0 
7fc817800000-7fc818000000 rw-p 00000000 00:00 0                          [stack:28442]
7fc818000000-7fc818021000 rw-p 00000000 00:00 0 
7fc818021000-7fc81c000000 ---p 00000000 00:00 0 
7fc81c000000-7fc81c021000 rw-p 00000000 00:00 0 
7fc81c021000-7fc820000000 ---p 00000000 00:00 0 
7fc820000000-7fc820021000 rw-p 00000000 00:00 0 
7fc820021000-7fc824000000 ---p 00000000 00:00 0 
7fc824000000-7fc824021000 rw-p 00000000 00:00 0 
7fc824021000-7fc828000000 ---p 00000000 00:00 0 
7fc828000000-7fc82816d000 rw-p 00000000 00:00 0 
7fc82816d000-7fc82c000000 ---p 00000000 00:00 0 
7fc82c000000-7fc82c1c0000 rw-p 00000000 00:00 0 
7fc82c1c0000-7fc830000000 ---p 00000000 00:00 0 
7fc830000000-7fc830021000 rw-p 00000000 00:00 0 
7fc830021000-7fc834000000 ---p 00000000 00:00 0 
7fc834000000-7fc834021000 rw-p 00000000 00:00 0 
7fc834021000-7fc838000000 ---p 00000000 00:00 0 
7fc838000000-7fc838021000 rw-p 00000000 00:00 0 
7fc838021000-7fc83c000000 ---p 00000000 00:00 0 
7fc83c00a000-7fc83c02a000 rw-s e0240000 00:05 13214                      /dev/nvidia0
7fc83c02a000-7fc83c12a000 rw-s 20ea84000 00:05 13212                     /dev/nvidiactl
7fc83c12a000-7fc83c22a000 rw-s 1f142a000 00:05 13212                     /dev/nvidiactl
7fc83c22a000-7fc83c62a000 rw-s bcdac000 00:05 13212                      /dev/nvidiactl
7fc83c62a000-7fc83c72a000 rw-s 94edb000 00:05 13212                      /dev/nvidiactl
7fc83c72a000-7fc83c72b000 ---p 00000000 00:00 0 
7fc83c72b000-7fc83cf2b000 rw-p 00000000 00:00 0                          [stack:28441]
7fc83cf2b000-7fc83d02b000 rw-s 1b2523000 00:05 13212                     /dev/nvidiactl
7fc83d02b000-7fc83d12b000 rw-s 1ae4e7000 00:05 13212                     /dev/nvidiactl
7fc83d12b000-7fc83d22b000 rw-s 1f0c91000 00:05 13212                     /dev/nvidiactl
7fc83d22b000-7fc83d32b000 rw-s 1b27bd000 00:05 13212                     /dev/nvidiactl
7fc83d32b000-7fc83d72b000 rw-s 21fa07000 00:05 13212                     /dev/nvidiactl
7fc83d72b000-7fc83db2b000 rw-s ad0d0000 00:05 13212                      /dev/nvidiactl
7fc83db2b000-7fc83f26e000 r-xp 00000000 08:01 3811727                    /usr/lib/nvidia-346-updates/libnvidia-compiler.so.346.82
7fc83f26e000-7fc83f46e000 ---p 01743000 08:01 3811727                    /usr/lib/nvidia-346-updates/libnvidia-compiler.so.346.82
7fc83f46e000-7fc83fcf6000 rw-p 01743000 08:01 3811727                    /usr/lib/nvidia-346-updates/libnvidia-compiler.so.346.82
7fc83fcf6000-7fc844000000 rw-p 00000000 00:00 0 
7fc844000000-7fc844021000 rw-p 00000000 00:00 0 
7fc844021000-7fc848000000 ---p 00000000 00:00 0 
7fc848000000-7fc848021000 rw-p 00000000 00:00 0 
7fc848021000-7fc84c000000 ---p 00000000 00:00 0 
7fc84c000000-7fc84c021000 rw-p 00000000 00:00 0 
7fc84c021000-7fc850000000 ---p 00000000 00:00 0 
7fc85000e000-7fc85002e000 rw-s e0220000 00:05 13214                      /dev/nvidia0
7fc85002e000-7fc85004e000 rw-s e0200000 00:05 13214                      /dev/nvidia0
7fc85004e000-7fc85006e000 rw-s e01e0000 00:05 13214                      /dev/nvidia0
7fc85006e000-7fc8500ba000 rw-s 7b2bb000 00:05 13212                      /dev/nvidiactl
7fc8500ba000-7fc8500da000 rw-s e01c0000 00:05 13214                      /dev/nvidia0
7fc8500da000-7fc8500fa000 rw-s e01a0000 00:05 13214                      /dev/nvidia0
7fc8500fa000-7fc8501fa000 rw-s 1f0d03000 00:05 13212                     /dev/nvidiactl
7fc8501fa000-7fc8501fb000 ---p 00000000 00:00 0 
7fc8501fb000-7fc8509fb000 rw-p 00000000 00:00 0                          [stack:28440]
7fc8509fb000-7fc850afb000 rw-s bcc70000 00:05 13212                      /dev/nvidiactl
7fc850afb000-7fc850afc000 ---p 00000000 00:00 0 
7fc850afc000-7fc8512fc000 rw-p 00000000 00:00 0                          [stack:28439]
7fc8512fc000-7fc8512fd000 ---p 00000000 00:00 0 
7fc8512fd000-7fc851afd000 rw-p 00000000 00:00 0                          [stack:28438]
7fc851afd000-7fc851afe000 ---p 00000000 00:00 0 
7fc851afe000-7fc8522fe000 rw-p 00000000 00:00 0                          [stack:28437]
7fc8522fe000-7fc8522ff000 ---p 00000000 00:00 0 
7fc8522ff000-7fc852aff000 rw-p 00000000 00:00 0                          [stack:28436]
7fc852aff000-7fc852b00000 ---p 00000000 00:00 0 
7fc852b00000-7fc853300000 rw-p 00000000 00:00 0                          [stack:28435]
7fc853300000-7fc853400000 rw-s 1aea53000 00:05 13212                     /dev/nvidiactl
7fc853400000-7fc853500000 rw-s 1e12d6000 00:05 13212                     /dev/nvidiactl
7fc853500000-7fc853600000 rw-s 1f17e5000 00:05 13212                     /dev/nvidiactl
7fc853600000-7fc853700000 rw-s 19b5b8000 00:05 13212                     /dev/nvidiactl
7fc853700000-7fc853800000 rw-s 1ee863000 00:05 13212                     /dev/nvidiactl
7fc853800000-7fc853c00000 rw-s 834c3000 00:05 13212                      /dev/nvidiactl
7fc853c00000-7fc854000000 rw-s ad1e2000 00:05 13212                      /dev/nvidiactl
7fc854000000-7fc854021000 rw-p 00000000 00:00 0 
7fc854021000-7fc858000000 ---p 00000000 00:00 0 
7fc85800c000-7fc858058000 rw-s 639b6000 00:05 13212                      /dev/nvidiactl
7fc858058000-7fc858078000 rw-s e0180000 00:05 13214                      /dev/nvidia0
7fc858078000-7fc8580c4000 rw-s 1ae75d000 00:05 13212                     /dev/nvidiactl
7fc8580c4000-7fc8580c5000 ---p 00000000 00:00 0 
7fc8580c5000-7fc8588c5000 rw-p 00000000 00:00 0                          [stack:28434]
7fc8588c5000-7fc8589c5000 rw-s b9659000 00:05 13212                      /dev/nvidiactl
7fc8589c5000-7fc8589d0000 r-xp 00000000 08:01 4982176                    /tmp/jogamp_0000/file_cache/jln720632897828669954/jln4552954684760446453/natives/linux-amd64/libjocl.so
7fc8589d0000-7fc858bcf000 ---p 0000b000 08:01 4982176                    /tmp/jogamp_0000/file_cache/jln720632897828669954/jln4552954684760446453/natives/linux-amd64/libjocl.so
7fc858bcf000-7fc858bd0000 r--p 0000a000 08:01 4982176                    /tmp/jogamp_0000/file_cache/jln720632897828669954/jln4552954684760446453/natives/linux-amd64/libjocl.so
7fc858bd0000-7fc858bd1000 rw-p 0000b000 08:01 4982176                    /tmp/jogamp_0000/file_cache/jln720632897828669954/jln4552954684760446453/natives/linux-amd64/libjocl.so
7fc858bd1000-7fc859694000 r-xp 00000000 08:01 3672125                    /usr/lib/x86_64-linux-gnu/libcuda.so.346.82
7fc859694000-7fc859894000 ---p 00ac3000 08:01 3672125                    /usr/lib/x86_64-linux-gnu/libcuda.so.346.82
7fc859894000-7fc859a46000 rw-p 00ac3000 08:01 3672125                    /usr/lib/x86_64-linux-gnu/libcuda.so.346.82
7fc859a46000-7fc859a5b000 rw-p 00000000 00:00 0 
7fc859a5b000-7fc85a536000 r-xp 00000000 08:01 3674886                    /usr/lib/x86_64-linux-gnu/libnvidia-opencl.so.346.82
7fc85a536000-7fc85a735000 ---p 00adb000 08:01 3674886                    /usr/lib/x86_64-linux-gnu/libnvidia-opencl.so.346.82
7fc85a735000-7fc85a8eb000 rw-p 00ada000 08:01 3674886                    /usr/lib/x86_64-linux-gnu/libnvidia-opencl.so.346.82
7fc85a8eb000-7fc85a900000 rw-p 00000000 00:00 0 
7fc85a900000-7fc85a908000 r-xp 00000000 08:01 3670455                    /usr/lib/x86_64-linux-gnu/libOpenCL.so.1.0.0
7fc85a908000-7fc85ab07000 ---p 00008000 08:01 3670455                    /usr/lib/x86_64-linux-gnu/libOpenCL.so.1.0.0
7fc85ab07000-7fc85ab08000 r--p 00007000 08:01 3670455                    /usr/lib/x86_64-linux-gnu/libOpenCL.so.1.0.0
7fc85ab08000-7fc85ab09000 rw-p 00008000 08:01 3670455                    /usr/lib/x86_64-linux-gnu/libOpenCL.so.1.0.0
7fc85ab09000-7fc85ab0b000 r-xp 00000000 08:01 4982175                    /tmp/jogamp_0000/file_cache/jln720632897828669954/jln4552954684760446453/natives/linux-amd64/libgluegen-rt.so
7fc85ab0b000-7fc85ad0a000 ---p 00002000 08:01 4982175                    /tmp/jogamp_0000/file_cache/jln720632897828669954/jln4552954684760446453/natives/linux-amd64/libgluegen-rt.so
7fc85ad0a000-7fc85ad0b000 r--p 00001000 08:01 4982175                    /tmp/jogamp_0000/file_cache/jln720632897828669954/jln4552954684760446453/natives/linux-amd64/libgluegen-rt.so
7fc85ad0b000-7fc85ad0c000 rw-p 00002000 08:01 4982175                    /tmp/jogamp_0000/file_cache/jln720632897828669954/jln4552954684760446453/natives/linux-amd64/libgluegen-rt.so
7fc85ae0b000-7fc85ae0d000 rw-p 00000000 00:00 0 
7fc85ae0d000-7fc85ae1d000 r-xp 00000000 08:01 4853686                    /usr/lib/jvm/java-7-openjdk-amd64/jre/lib/amd64/libnio.so
7fc85ae1d000-7fc85b01d000 ---p 00010000 08:01 4853686                    /usr/lib/jvm/java-7-openjdk-amd64/jre/lib/amd64/libnio.so
7fc85b01d000-7fc85b01e000 r--p 00010000 08:01 4853686                    /usr/lib/jvm/java-7-openjdk-amd64/jre/lib/amd64/libnio.so
7fc85b01e000-7fc85b01f000 rw-p 00011000 08:01 4853686                    /usr/lib/jvm/java-7-openjdk-amd64/jre/lib/amd64/libnio.so
7fc85b01f000-7fc85b05c000 r-xp 00000000 08:01 2114819                    /lib/x86_64-linux-gnu/libpcre.so.3.13.1
7fc85b05c000-7fc85b25b000 ---p 0003d000 08:01 2114819                    /lib/x86_64-linux-gnu/libpcre.so.3.13.1
7fc85b25b000-7fc85b25c000 r--p 0003c000 08:01 2114819                    /lib/x86_64-linux-gnu/libpcre.so.3.13.1
7fc85b25c000-7fc85b25d000 rw-p 0003d000 08:01 2114819                    /lib/x86_64-linux-gnu/libpcre.so.3.13.1
7fc85b25d000-7fc85b264000 r-xp 00000000 08:01 3675991                    /usr/lib/x86_64-linux-gnu/libffi.so.6.0.1
7fc85b264000-7fc85b463000 ---p 00007000 08:01 3675991                    /usr/lib/x86_64-linux-gnu/libffi.so.6.0.1
7fc85b463000-7fc85b464000 r--p 00006000 08:01 3675991                    /usr/lib/x86_64-linux-gnu/libffi.so.6.0.1
7fc85b464000-7fc85b465000 rw-p 00007000 08:01 3675991                    /usr/lib/x86_64-linux-gnu/libffi.so.6.0.1
7fc85b465000-7fc85b47c000 r-xp 00000000 08:01 2104446                    /lib/x86_64-linux-gnu/libresolv-2.19.so
7fc85b47c000-7fc85b67c000 ---p 00017000 08:01 2104446                    /lib/x86_64-linux-gnu/libresolv-2.19.so
7fc85b67c000-7fc85b67d000 r--p 00017000 08:01 2104446                    /lib/x86_64-linux-gnu/libresolv-2.19.so
7fc85b67d000-7fc85b67e000 rw-p 00018000 08:01 2104446                    /lib/x86_64-linux-gnu/libresolv-2.19.so
7fc85b67e000-7fc85b680000 rw-p 00000000 00:00 0 
7fc85b680000-7fc85b6a0000 r-xp 00000000 08:01 2103373                    /lib/x86_64-linux-gnu/libselinux.so.1
7fc85b6a0000-7fc85b89f000 ---p 00020000 08:01 2103373                    /lib/x86_64-linux-gnu/libselinux.so.1
7fc85b89f000-7fc85b8a0000 r--p 0001f000 08:01 2103373                    /lib/x86_64-linux-gnu/libselinux.so.1
7fc85b8a0000-7fc85b8a1000 rw-p 00020000 08:01 2103373                    /lib/x86_64-linux-gnu/libselinux.so.1
7fc85b8a1000-7fc85b8a3000 rw-p 00000000 00:00 0 
7fc85b8a3000-7fc85b8a6000 r-xp 00000000 08:01 3676104                    /usr/lib/x86_64-linux-gnu/libgmodule-2.0.so.0.4002.0
7fc85b8a6000-7fc85baa5000 ---p 00003000 08:01 3676104                    /usr/lib/x86_64-linux-gnu/libgmodule-2.0.so.0.4002.0
7fc85baa5000-7fc85baa6000 r--p 00002000 08:01 3676104                    /usr/lib/x86_64-linux-gnu/libgmodule-2.0.so.0.4002.0
7fc85baa6000-7fc85baa7000 rw-p 00003000 08:01 3676104                    /usr/lib/x86_64-linux-gnu/libgmodule-2.0.so.0.4002.0
7fc85baa7000-7fc85bbad000 r-xp 00000000 08:01 2103274                    /lib/x86_64-linux-gnu/libglib-2.0.so.0.4002.0
7fc85bbad000-7fc85bdac000 ---p 00106000 08:01 2103274                    /lib/x86_64-linux-gnu/libglib-2.0.so.0.4002.0
7fc85bdac000-7fc85bdad000 r--p 00105000 08:01 2103274                    /lib/x86_64-linux-gnu/libglib-2.0.so.0.4002.0
7fc85bdad000-7fc85bdae000 rw-p 00106000 08:01 2103274                    /lib/x86_64-linux-gnu/libglib-2.0.so.0.4002.0
7fc85bdae000-7fc85bdaf000 rw-p 00000000 00:00 0 
7fc85bdaf000-7fc85bdfe000 r-xp 00000000 08:01 3676120                    /usr/lib/x86_64-linux-gnu/libgobject-2.0.so.0.4002.0
7fc85bdfe000-7fc85bffe000 ---p 0004f000 08:01 3676120                    /usr/lib/x86_64-linux-gnu/libgobject-2.0.so.0.4002.0
7fc85bffe000-7fc85bfff000 r--p 0004f000 08:01 3676120                    /usr/lib/x86_64-linux-gnu/libgobject-2.0.so.0.4002.0
7fc85bfff000-7fc85c000000 rw-p 00050000 08:01 3676120                    /usr/lib/x86_64-linux-gnu/libgobject-2.0.so.0.4002.0
7fc85c000000-7fc85c021000 rw-p 00000000 00:00 0 
7fc85c021000-7fc860000000 ---p 00000000 00:00 0 
7fc860000000-7fc860001000 rw-s eff6e000 00:05 13214                      /dev/nvidia0
7fc860001000-7fc860002000 rw-s 6fcf7000 00:05 13212                      /dev/nvidiactl
7fc860002000-7fc860003000 rw-s eff6d000 00:05 13214                      /dev/nvidia0
7fc860003000-7fc860004000 rw-s 7b083000 00:05 13212                      /dev/nvidiactl
7fc860004000-7fc860005000 rw-s eff6c000 00:05 13214                      /dev/nvidia0
7fc860005000-7fc860006000 rw-s 7ac92000 00:05 13212                      /dev/nvidiactl
7fc860006000-7fc860007000 rw-s eff6b000 00:05 13214                      /dev/nvidia0
7fc860007000-7fc860008000 rw-s 19f604000 00:05 13212                     /dev/nvidiactl
7fc860008000-7fc860009000 rw-s eff6a000 00:05 13214                      /dev/nvidia0
7fc860009000-7fc86000a000 rw-s 6ca52000 00:05 13212                      /dev/nvidiactl
7fc86000a000-7fc86000b000 rw-s eff69000 00:05 13214                      /dev/nvidia0
7fc86000b000-7fc86000c000 rw-s 15b054000 00:05 13212                     /dev/nvidiactl
7fc86000c000-7fc86000d000 rw-s eff68000 00:05 13214                      /dev/nvidia0
7fc86000d000-7fc86000e000 rw-s 1f1425000 00:05 13212                     /dev/nvidiactl
7fc86000e000-7fc86000f000 rw-s eff67000 00:05 13214                      /dev/nvidia0
7fc86000f000-7fc86002f000 rw-s e0160000 00:05 13214                      /dev/nvidia0
7fc86002f000-7fc86004f000 rw-s e0140000 00:05 13214                      /dev/nvidia0
7fc86004f000-7fc86006f000 rw-s e0120000 00:05 13214                      /dev/nvidia0
7fc86006f000-7fc860090000 rw-p 00000000 00:00 0 
7fc860090000-7fc8601fc000 r-xp 00000000 08:01 3676092                    /usr/lib/x86_64-linux-gnu/libgio-2.0.so.0.4002.0
7fc8601fc000-7fc8603fb000 ---p 0016c000 08:01 3676092                    /usr/lib/x86_64-linux-gnu/libgio-2.0.so.0.4002.0
7fc8603fb000-7fc8603ff000 r--p 0016b000 08:01 3676092                    /usr/lib/x86_64-linux-gnu/libgio-2.0.so.0.4002.0
7fc8603ff000-7fc860401000 rw-p 0016f000 08:01 3676092                    /usr/lib/x86_64-linux-gnu/libgio-2.0.so.0.4002.0
7fc860401000-7fc860403000 rw-p 00000000 00:00 0 
7fc860403000-7fc86041a000 r-xp 00000000 08:01 4853681                    /usr/lib/jvm/java-7-openjdk-amd64/jre/lib/amd64/libnet.so
7fc86041a000-7fc860619000 ---p 00017000 08:01 4853681                    /usr/lib/jvm/java-7-openjdk-amd64/jre/lib/amd64/libnet.so
7fc860619000-7fc86061a000 r--p 00016000 08:01 4853681                    /usr/lib/jvm/java-7-openjdk-amd64/jre/lib/amd64/libnet.so
7fc86061a000-7fc86061b000 rw-p 00017000 08:01 4853681                    /usr/lib/jvm/java-7-openjdk-amd64/jre/lib/amd64/libnet.so
7fc86061b000-7fc86061c000 ---p 00000000 00:00 0 
7fc86061c000-7fc86071c000 rw-p 00000000 00:00 0                          [stack:28425]
7fc86071c000-7fc86071f000 ---p 00000000 00:00 0 
7fc86071f000-7fc86081d000 rw-p 00000000 00:00 0                          [stack:28424]
7fc86081d000-7fc860820000 ---p 00000000 00:00 0 
7fc860820000-7fc86091e000 rw-p 00000000 00:00 0                          [stack:28423]
7fc86091e000-7fc861000000 r--p 00000000 08:01 3674563                    /usr/lib/locale/locale-archive
7fc861000000-7fc861270000 rwxp 00000000 00:00 0 
7fc861270000-7fc8651f3000 rw-p 00000000 00:00 0 
7fc8651f3000-7fc868000000 ---p 00000000 00:00 0 
7fc868000000-7fc868001000 rw-s 199a02000 00:05 13212                     /dev/nvidiactl
7fc868001000-7fc868002000 rw-s eff66000 00:05 13214                      /dev/nvidia0
7fc868002000-7fc868003000 rw-s 1b25a6000 00:05 13212                     /dev/nvidiactl
7fc868003000-7fc868004000 rw-s eff65000 00:05 13214                      /dev/nvidia0
7fc868004000-7fc868005000 rw-s 2118af000 00:05 13212                     /dev/nvidiactl
7fc868005000-7fc868036000 rw-p 00000000 00:00 0 
7fc868036000-7fc86803d000 r--s 00000000 08:01 4203242                    /usr/lib/x86_64-linux-gnu/gconv/gconv-modules.cache
7fc86803d000-7fc86803e000 r--p 00000000 08:01 4461979                    /usr/share/locale-langpack/en_GB/LC_MESSAGES/libc.mo
7fc86803e000-7fc86803f000 rw-s eff64000 00:05 13214                      /dev/nvidia0
7fc86803f000-7fc868040000 rw-s 1fd5a9000 00:05 13212                     /dev/nvidiactl
7fc868040000-7fc868041000 rw-s eff63000 00:05 13214                      /dev/nvidia0
7fc868041000-7fc868042000 rw-s 9da78000 00:05 13212                      /dev/nvidiactl
7fc868042000-7fc868063000 rw-p 00000000 00:00 0 
7fc868063000-7fc868064000 r--s 00002000 08:06 68771                      /home/ericbarnhill/Documents/code/jogamp/jocl/build/jar/jocl-natives-linux-amd64.jar
7fc868064000-7fc868066000 r--s 00000000 08:06 63540                      /home/ericbarnhill/Documents/code/jogamp/gluegen/build/gluegen-rt-natives-linux-amd64.jar
7fc868066000-7fc868069000 ---p 00000000 00:00 0 
7fc868069000-7fc86809f000 rw-p 00000000 00:00 0                          [stack:28429]
7fc86809f000-7fc8680a0000 r--p 00000000 00:00 0 
7fc8680a0000-7fc8680a5000 r--s 0004d000 08:01 4080643                    /usr/lib/jvm/java-7-openjdk-amd64/jre/lib/jsse.jar
7fc8680a5000-7fc8680b0000 r--s 0006f000 08:06 23467237                   /home/ericbarnhill/Documents/code/jtransforms-2.4.jar
7fc8680b0000-7fc8680b6000 r--s 0004f000 08:06 63508                      /home/ericbarnhill/Documents/code/jogamp/gluegen/build/gluegen-rt.jar
7fc8680b6000-7fc8680bc000 r--s 00030000 08:06 68770                      /home/ericbarnhill/Documents/code/jogamp/jocl/build/jar/jocl.jar
7fc8680bc000-7fc8680bf000 r--s 000bd000 08:06 70280                      /home/ericbarnhill/Documents/code/jogamp/jocl-demos/build/jar/jocl-demos.jar
7fc8680bf000-7fc8680c3000 r--s 00034000 08:01 4458065                    /usr/lib/jvm/java-7-openjdk-amd64/jre/lib/ext/sunjce_provider.jar
7fc8680c3000-7fc8680c7000 r--s 0003c000 08:01 4458066                    /usr/lib/jvm/java-7-openjdk-amd64/jre/lib/ext/sunpkcs11.jar
7fc8680c7000-7fc8680ca000 ---p 00000000 00:00 0 
7fc8680ca000-7fc8681c8000 rw-p 00000000 00:00 0                          [stack:28422]
7fc8681c8000-7fc8681cb000 ---p 00000000 00:00 0 
7fc8681cb000-7fc8682c9000 rw-p 00000000 00:00 0                          [stack:28421]
7fc8682c9000-7fc8682cc000 ---p 00000000 00:00 0 
7fc8682cc000-7fc8683ca000 rw-p 00000000 00:00 0                          [stack:28419]
7fc8683ca000-7fc8683cd000 ---p 00000000 00:00 0 
7fc8683cd000-7fc8684cb000 rw-p 00000000 00:00 0                          [stack:28418]
7fc8684cb000-7fc8684cc000 ---p 00000000 00:00 0 
7fc8684cc000-7fc8695a8000 rw-p 00000000 00:00 0                          [stack:28417]
7fc8695a8000-7fc869759000 r--s 01d29000 08:01 4080636                    /usr/lib/jvm/java-7-openjdk-amd64/jre/lib/rt.jar
7fc869759000-7fc869caa000 rw-p 00000000 00:00 0 
7fc869caa000-7fc869cab000 ---p 00000000 00:00 0 
7fc869cab000-7fc869dab000 rw-p 00000000 00:00 0                          [stack:28416]
7fc869dab000-7fc869dac000 ---p 00000000 00:00 0 
7fc869dac000-7fc869eac000 rw-p 00000000 00:00 0                          [stack:28415]
7fc869eac000-7fc869ead000 ---p 00000000 00:00 0 
7fc869ead000-7fc869fad000 rw-p 00000000 00:00 0                          [stack:28414]
7fc869fad000-7fc869fae000 ---p 00000000 00:00 0 
7fc869fae000-7fc86a0b9000 rw-p 00000000 00:00 0                          [stack:28413]
7fc86a0b9000-7fc86a101000 rw-p 00000000 00:00 0 
7fc86a101000-7fc86a12a000 rw-p 00000000 00:00 0 
7fc86a12a000-7fc86a393000 rw-p 00000000 00:00 0 
7fc86a393000-7fc86a39e000 rw-p 00000000 00:00 0 
7fc86a39e000-7fc86a3e6000 rw-p 00000000 00:00 0 
7fc86a3e6000-7fc86a40f000 rw-p 00000000 00:00 0 
7fc86a40f000-7fc86a678000 rw-p 00000000 00:00 0 
7fc86a678000-7fc86a68d000 rw-p 00000000 00:00 0 
7fc86a68d000-7fc86a7c1000 rw-p 00000000 00:00 0 
7fc86a7c1000-7fc86a7c2000 rw-p 00000000 00:00 0 
7fc86a7c2000-7fc86a7ca000 r-xp 00000000 08:01 4851601                    /usr/lib/jvm/java-7-openjdk-amd64/jre/lib/amd64/libzip.so
7fc86a7ca000-7fc86a9c9000 ---p 00008000 08:01 4851601                    /usr/lib/jvm/java-7-openjdk-amd64/jre/lib/amd64/libzip.so
7fc86a9c9000-7fc86a9ca000 r--p 00007000 08:01 4851601                    /usr/lib/jvm/java-7-openjdk-amd64/jre/lib/amd64/libzip.so
7fc86a9ca000-7fc86a9cb000 rw-p 00008000 08:01 4851601                    /usr/lib/jvm/java-7-openjdk-amd64/jre/lib/amd64/libzip.so
7fc86a9cb000-7fc86a9d6000 r-xp 00000000 08:01 2104454                    /lib/x86_64-linux-gnu/libnss_files-2.19.so
7fc86a9d6000-7fc86abd5000 ---p 0000b000 08:01 2104454                    /lib/x86_64-linux-gnu/libnss_files-2.19.so
7fc86abd5000-7fc86abd6000 r--p 0000a000 08:01 2104454                    /lib/x86_64-linux-gnu/libnss_files-2.19.so
7fc86abd6000-7fc86abd7000 rw-p 0000b000 08:01 2104454                    /lib/x86_64-linux-gnu/libnss_files-2.19.so
7fc86abd7000-7fc86abe2000 r-xp 00000000 08:01 2104474                    /lib/x86_64-linux-gnu/libnss_nis-2.19.so
7fc86abe2000-7fc86ade1000 ---p 0000b000 08:01 2104474                    /lib/x86_64-linux-gnu/libnss_nis-2.19.so
7fc86ade1000-7fc86ade2000 r--p 0000a000 08:01 2104474                    /lib/x86_64-linux-gnu/libnss_nis-2.19.so
7fc86ade2000-7fc86ade3000 rw-p 0000b000 08:01 2104474                    /lib/x86_64-linux-gnu/libnss_nis-2.19.so
7fc86ade3000-7fc86adfa000 r-xp 00000000 08:01 2104463                    /lib/x86_64-linux-gnu/libnsl-2.19.so
7fc86adfa000-7fc86aff9000 ---p 00017000 08:01 2104463                    /lib/x86_64-linux-gnu/libnsl-2.19.so
7fc86aff9000-7fc86affa000 r--p 00016000 08:01 2104463                    /lib/x86_64-linux-gnu/libnsl-2.19.so
7fc86affa000-7fc86affb000 rw-p 00017000 08:01 2104463                    /lib/x86_64-linux-gnu/libnsl-2.19.so
7fc86affb000-7fc86affd000 rw-p 00000000 00:00 0 
7fc86affd000-7fc86b006000 r-xp 00000000 08:01 2104462                    /lib/x86_64-linux-gnu/libnss_compat-2.19.so
7fc86b006000-7fc86b205000 ---p 00009000 08:01 2104462                    /lib/x86_64-linux-gnu/libnss_compat-2.19.so
7fc86b205000-7fc86b206000 r--p 00008000 08:01 2104462                    /lib/x86_64-linux-gnu/libnss_compat-2.19.so
7fc86b206000-7fc86b207000 rw-p 00009000 08:01 2104462                    /lib/x86_64-linux-gnu/libnss_compat-2.19.so
7fc86b207000-7fc86b232000 r-xp 00000000 08:01 4853689                    /usr/lib/jvm/java-7-openjdk-amd64/jre/lib/amd64/libjava.so
7fc86b232000-7fc86b431000 ---p 0002b000 08:01 4853689                    /usr/lib/jvm/java-7-openjdk-amd64/jre/lib/amd64/libjava.so
7fc86b431000-7fc86b432000 r--p 0002a000 08:01 4853689                    /usr/lib/jvm/java-7-openjdk-amd64/jre/lib/amd64/libjava.so
7fc86b432000-7fc86b434000 rw-p 0002b000 08:01 4853689                    /usr/lib/jvm/java-7-openjdk-amd64/jre/lib/amd64/libjava.so
7fc86b434000-7fc86b444000 r-xp 00000000 08:01 4853672                    /usr/lib/jvm/java-7-openjdk-amd64/jre/lib/amd64/libverify.so
7fc86b444000-7fc86b643000 ---p 00010000 08:01 4853672                    /usr/lib/jvm/java-7-openjdk-amd64/jre/lib/amd64/libverify.so
7fc86b643000-7fc86b645000 r--p 0000f000 08:01 4853672                    /usr/lib/jvm/java-7-openjdk-amd64/jre/lib/amd64/libverify.so
7fc86b645000-7fc86b646000 rw-p 00011000 08:01 4853672                    /usr/lib/jvm/java-7-openjdk-amd64/jre/lib/amd64/libverify.so
7fc86b646000-7fc86b64d000 r-xp 00000000 08:01 2104471                    /lib/x86_64-linux-gnu/librt-2.19.so
7fc86b64d000-7fc86b84c000 ---p 00007000 08:01 2104471                    /lib/x86_64-linux-gnu/librt-2.19.so
7fc86b84c000-7fc86b84d000 r--p 00006000 08:01 2104471                    /lib/x86_64-linux-gnu/librt-2.19.so
7fc86b84d000-7fc86b84e000 rw-p 00007000 08:01 2104471                    /lib/x86_64-linux-gnu/librt-2.19.so
7fc86b84e000-7fc86b864000 r-xp 00000000 08:01 2103270                    /lib/x86_64-linux-gnu/libgcc_s.so.1
7fc86b864000-7fc86ba63000 ---p 00016000 08:01 2103270                    /lib/x86_64-linux-gnu/libgcc_s.so.1
7fc86ba63000-7fc86ba64000 rw-p 00015000 08:01 2103270                    /lib/x86_64-linux-gnu/libgcc_s.so.1
7fc86ba64000-7fc86bb69000 r-xp 00000000 08:01 2104453                    /lib/x86_64-linux-gnu/libm-2.19.so
7fc86bb69000-7fc86bd68000 ---p 00105000 08:01 2104453                    /lib/x86_64-linux-gnu/libm-2.19.so
7fc86bd68000-7fc86bd69000 r--p 00104000 08:01 2104453                    /lib/x86_64-linux-gnu/libm-2.19.so
7fc86bd69000-7fc86bd6a000 rw-p 00105000 08:01 2104453                    /lib/x86_64-linux-gnu/libm-2.19.so
7fc86bd6a000-7fc86be50000 r-xp 00000000 08:01 3670377                    /usr/lib/x86_64-linux-gnu/libstdc++.so.6.0.19
7fc86be50000-7fc86c04f000 ---p 000e6000 08:01 3670377                    /usr/lib/x86_64-linux-gnu/libstdc++.so.6.0.19
7fc86c04f000-7fc86c057000 r--p 000e5000 08:01 3670377                    /usr/lib/x86_64-linux-gnu/libstdc++.so.6.0.19
7fc86c057000-7fc86c059000 rw-p 000ed000 08:01 3670377                    /usr/lib/x86_64-linux-gnu/libstdc++.so.6.0.19
7fc86c059000-7fc86c06e000 rw-p 00000000 00:00 0 
7fc86c06e000-7fc86cb87000 r-xp 00000000 08:01 5274730                    /usr/lib/jvm/java-7-openjdk-amd64/jre/lib/amd64/server/libjvm.so
7fc86cb87000-7fc86cd87000 ---p 00b19000 08:01 5274730                    /usr/lib/jvm/java-7-openjdk-amd64/jre/lib/amd64/server/libjvm.so
7fc86cd87000-7fc86ce21000 r--p 00b19000 08:01 5274730                    /usr/lib/jvm/java-7-openjdk-amd64/jre/lib/amd64/server/libjvm.so
7fc86ce21000-7fc86ce44000 rw-p 00bb3000 08:01 5274730                    /usr/lib/jvm/java-7-openjdk-amd64/jre/lib/amd64/server/libjvm.so
7fc86ce44000-7fc86ce72000 rw-p 00000000 00:00 0 
7fc86ce72000-7fc86ce8a000 r-xp 00000000 08:01 2103406                    /lib/x86_64-linux-gnu/libz.so.1.2.8
7fc86ce8a000-7fc86d089000 ---p 00018000 08:01 2103406                    /lib/x86_64-linux-gnu/libz.so.1.2.8
7fc86d089000-7fc86d08a000 r--p 00017000 08:01 2103406                    /lib/x86_64-linux-gnu/libz.so.1.2.8
7fc86d08a000-7fc86d08b000 rw-p 00018000 08:01 2103406                    /lib/x86_64-linux-gnu/libz.so.1.2.8
7fc86d08b000-7fc86d0a4000 r-xp 00000000 08:01 2104469                    /lib/x86_64-linux-gnu/libpthread-2.19.so
7fc86d0a4000-7fc86d2a3000 ---p 00019000 08:01 2104469                    /lib/x86_64-linux-gnu/libpthread-2.19.so
7fc86d2a3000-7fc86d2a4000 r--p 00018000 08:01 2104469                    /lib/x86_64-linux-gnu/libpthread-2.19.so
7fc86d2a4000-7fc86d2a5000 rw-p 00019000 08:01 2104469                    /lib/x86_64-linux-gnu/libpthread-2.19.so
7fc86d2a5000-7fc86d2a9000 rw-p 00000000 00:00 0 
7fc86d2a9000-7fc86d2ac000 r-xp 00000000 08:01 2104457                    /lib/x86_64-linux-gnu/libdl-2.19.so
7fc86d2ac000-7fc86d4ab000 ---p 00003000 08:01 2104457                    /lib/x86_64-linux-gnu/libdl-2.19.so
7fc86d4ab000-7fc86d4ac000 r--p 00002000 08:01 2104457                    /lib/x86_64-linux-gnu/libdl-2.19.so
7fc86d4ac000-7fc86d4ad000 rw-p 00003000 08:01 2104457                    /lib/x86_64-linux-gnu/libdl-2.19.so
7fc86d4ad000-7fc86d668000 r-xp 00000000 08:01 2104468                    /lib/x86_64-linux-gnu/libc-2.19.so
7fc86d668000-7fc86d867000 ---p 001bb000 08:01 2104468                    /lib/x86_64-linux-gnu/libc-2.19.so
7fc86d867000-7fc86d86b000 r--p 001ba000 08:01 2104468                    /lib/x86_64-linux-gnu/libc-2.19.so
7fc86d86b000-7fc86d86d000 rw-p 001be000 08:01 2104468                    /lib/x86_64-linux-gnu/libc-2.19.so
7fc86d86d000-7fc86d872000 rw-p 00000000 00:00 0 
7fc86d872000-7fc86d87f000 r-xp 00000000 08:01 4997030                    /usr/lib/jvm/java-7-openjdk-amd64/jre/lib/amd64/jli/libjli.so
7fc86d87f000-7fc86da7e000 ---p 0000d000 08:01 4997030                    /usr/lib/jvm/java-7-openjdk-amd64/jre/lib/amd64/jli/libjli.so
7fc86da7e000-7fc86da7f000 r--p 0000c000 08:01 4997030                    /usr/lib/jvm/java-7-openjdk-amd64/jre/lib/amd64/jli/libjli.so
7fc86da7f000-7fc86da80000 rw-p 0000d000 08:01 4997030                    /usr/lib/jvm/java-7-openjdk-amd64/jre/lib/amd64/jli/libjli.so
7fc86da80000-7fc86daa3000 r-xp 00000000 08:01 2104465                    /lib/x86_64-linux-gnu/ld-2.19.so
7fc86daa3000-7fc86daa4000 r--s 00002000 08:01 4457732                    /usr/lib/jvm/java-7-openjdk-amd64/jre/lib/ext/dnsns.jar
7fc86daa4000-7fc86daa6000 r--s 00012000 08:01 4458090                    /usr/lib/jvm/java-7-openjdk-amd64/jre/lib/ext/zipfs.jar
7fc86daa6000-7fc86daaa000 r--s 00085000 08:01 4457243                    /usr/lib/jvm/java-7-openjdk-amd64/jre/lib/ext/localedata.jar
7fc86daaa000-7fc86dab4000 rw-p 00000000 00:00 0 
7fc86dab4000-7fc86db6a000 rw-p 00000000 00:00 0 
7fc86db6a000-7fc86db6d000 ---p 00000000 00:00 0 
7fc86db6d000-7fc86dc70000 rw-p 00000000 00:00 0                          [stack:28412]
7fc86dc70000-7fc86dc73000 r--s 0000f000 08:01 4458072                    /usr/lib/jvm/java-7-openjdk-amd64/jre/lib/ext/icedtea-sound.jar
7fc86dc73000-7fc86dc75000 r--s 00006000 08:01 4210395                    /usr/share/java/java-atk-wrapper.jar
7fc86dc75000-7fc86dc96000 rw-p 00000000 00:00 0 
7fc86dc96000-7fc86dc9e000 rw-s 00000000 08:01 4982138                    /tmp/hsperfdata_root/28407
7fc86dc9e000-7fc86dc9f000 rw-p 00000000 00:00 0 
7fc86dc9f000-7fc86dca0000 r--p 00000000 00:00 0 
7fc86dca0000-7fc86dca2000 rw-p 00000000 00:00 0 
7fc86dca2000-7fc86dca3000 r--p 00022000 08:01 2104465                    /lib/x86_64-linux-gnu/ld-2.19.so
7fc86dca3000-7fc86dca4000 rw-p 00023000 08:01 2104465                    /lib/x86_64-linux-gnu/ld-2.19.so
7fc86dca4000-7fc86dca5000 rw-p 00000000 00:00 0 
7ffc0d59a000-7ffc0d5bb000 rw-p 00000000 00:00 0                          [stack]
7ffc0d5fb000-7ffc0d5fd000 r-xp 00000000 00:00 0                          [vdso]
7ffc0d5fd000-7ffc0d5ff000 r--p 00000000 00:00 0                          [vvar]
ffffffffff600000-ffffffffff601000 r-xp 00000000 00:00 0                  [vsyscall]

VM Arguments:
jvm_args: -Dfile.encoding=UTF-8 
java_command: jvcl.GPUFFT
Launcher Type: SUN_STANDARD

Environment Variables:
PATH=/usr/local/sbin:/usr/local/bin:/usr/sbin:/usr/bin:/sbin:/bin
USERNAME=root
SHELL=/bin/bash
DISPLAY=:0

Signal Handlers:
SIGSEGV: [libjvm.so+0x94bab0], sa_mask[0]=0x7ffbfeff, sa_flags=0x10000004
SIGBUS: [libjvm.so+0x94bab0], sa_mask[0]=0x7ffbfeff, sa_flags=0x10000004
SIGFPE: [libjvm.so+0x7c38b0], sa_mask[0]=0x7ffbfeff, sa_flags=0x10000004
SIGPIPE: [libjvm.so+0x7c38b0], sa_mask[0]=0x7ffbfeff, sa_flags=0x10000004
SIGXFSZ: [libjvm.so+0x7c38b0], sa_mask[0]=0x7ffbfeff, sa_flags=0x10000004
SIGILL: [libjvm.so+0x7c38b0], sa_mask[0]=0x7ffbfeff, sa_flags=0x10000004
SIGUSR1: SIG_DFL, sa_mask[0]=0x00000000, sa_flags=0x00000000
SIGUSR2: [libjvm.so+0x7c3750], sa_mask[0]=0x00000004, sa_flags=0x10000004
SIGHUP: [libjvm.so+0x7c3930], sa_mask[0]=0x7ffbfeff, sa_flags=0x10000004
SIGINT: [libjvm.so+0x7c3930], sa_mask[0]=0x7ffbfeff, sa_flags=0x10000004
SIGTERM: [libjvm.so+0x7c3930], sa_mask[0]=0x7ffbfeff, sa_flags=0x10000004
SIGQUIT: [libjvm.so+0x7c3930], sa_mask[0]=0x7ffbfeff, sa_flags=0x10000004
SIGTRAP: SIG_DFL, sa_mask[0]=0x00000000, sa_flags=0x00000000


---------------  S Y S T E M  ---------------

OS:Ubuntu 14.04 (trusty)
uname:Linux 3.16.0-49-generic #65~14.04.1-Ubuntu SMP Wed Sep 9 10:03:23 UTC 2015 x86_64
libc:glibc 2.19 NPTL 2.19 
rlimit: STACK 8192k, CORE 0k, NPROC 31478, NOFILE 4096, AS infinity
load average:0.45 0.59 0.48

/proc/meminfo:
MemTotal:        8079900 kB
MemFree:         4051640 kB
MemAvailable:    6332080 kB
Buffers:          720096 kB
Cached:          1511944 kB
SwapCached:            0 kB
Active:          2532108 kB
Inactive:         882936 kB
Active(anon):    1184260 kB
Inactive(anon):    32212 kB
Active(file):    1347848 kB
Inactive(file):   850724 kB
Unevictable:         104 kB
Mlocked:             104 kB
SwapTotal:       9999356 kB
SwapFree:        9999356 kB
Dirty:               388 kB
Writeback:             0 kB
AnonPages:       1182972 kB
Mapped:           345628 kB
Shmem:             33476 kB
Slab:             376052 kB
SReclaimable:     335272 kB
SUnreclaim:        40780 kB
KernelStack:       10000 kB
PageTables:        33396 kB
NFS_Unstable:          0 kB
Bounce:                0 kB
WritebackTmp:          0 kB
CommitLimit:    14039304 kB
Committed_AS:    4852384 kB
VmallocTotal:   34359738367 kB
VmallocUsed:      394184 kB
VmallocChunk:   34359275188 kB
HardwareCorrupted:     0 kB
AnonHugePages:    716800 kB
HugePages_Total:       0
HugePages_Free:        0
HugePages_Rsvd:        0
HugePages_Surp:        0
Hugepagesize:       2048 kB
DirectMap4k:      298656 kB
DirectMap2M:     7993344 kB


CPU:total 4 (2 cores per cpu, 2 threads per core) family 6 model 58 stepping 9, cmov, cx8, fxsr, mmx, sse, sse2, sse3, ssse3, sse4.1, sse4.2, popcnt, avx, aes, erms, ht, tsc, tscinvbit, tscinv

/proc/cpuinfo:
processor	: 0
vendor_id	: GenuineIntel
cpu family	: 6
model		: 58
model name	: Intel(R) Core(TM) i7-3520M CPU @ 2.90GHz
stepping	: 9
microcode	: 0x19
cpu MHz		: 3405.800
cache size	: 4096 KB
physical id	: 0
siblings	: 4
core id		: 0
cpu cores	: 2
apicid		: 0
initial apicid	: 0
fpu		: yes
fpu_exception	: yes
cpuid level	: 13
wp		: yes
flags		: fpu vme de pse tsc msr pae mce cx8 apic sep mtrr pge mca cmov pat pse36 clflush dts acpi mmx fxsr sse sse2 ss ht tm pbe syscall nx rdtscp lm constant_tsc arch_perfmon pebs bts rep_good nopl xtopology nonstop_tsc aperfmperf eagerfpu pni pclmulqdq dtes64 monitor ds_cpl vmx smx est tm2 ssse3 cx16 xtpr pdcm pcid sse4_1 sse4_2 x2apic popcnt tsc_deadline_timer aes xsave avx f16c rdrand lahf_lm ida arat epb xsaveopt pln pts dtherm tpr_shadow vnmi flexpriority ept vpid fsgsbase smep erms
bogomips	: 5781.00
clflush size	: 64
cache_alignment	: 64
address sizes	: 36 bits physical, 48 bits virtual
power management:

processor	: 1
vendor_id	: GenuineIntel
cpu family	: 6
model		: 58
model name	: Intel(R) Core(TM) i7-3520M CPU @ 2.90GHz
stepping	: 9
microcode	: 0x19
cpu MHz		: 3400.136
cache size	: 4096 KB
physical id	: 0
siblings	: 4
core id		: 1
cpu cores	: 2
apicid		: 2
initial apicid	: 2
fpu		: yes
fpu_exception	: yes
cpuid level	: 13
wp		: yes
flags		: fpu vme de pse tsc msr pae mce cx8 apic sep mtrr pge mca cmov pat pse36 clflush dts acpi mmx fxsr sse sse2 ss ht tm pbe syscall nx rdtscp lm constant_tsc arch_perfmon pebs bts rep_good nopl xtopology nonstop_tsc aperfmperf eagerfpu pni pclmulqdq dtes64 monitor ds_cpl vmx smx est tm2 ssse3 cx16 xtpr pdcm pcid sse4_1 sse4_2 x2apic popcnt tsc_deadline_timer aes xsave avx f16c rdrand lahf_lm ida arat epb xsaveopt pln pts dtherm tpr_shadow vnmi flexpriority ept vpid fsgsbase smep erms
bogomips	: 5781.00
clflush size	: 64
cache_alignment	: 64
address sizes	: 36 bits physical, 48 bits virtual
power management:

processor	: 2
vendor_id	: GenuineIntel
cpu family	: 6
model		: 58
model name	: Intel(R) Core(TM) i7-3520M CPU @ 2.90GHz
stepping	: 9
microcode	: 0x19
cpu MHz		: 3506.054
cache size	: 4096 KB
physical id	: 0
siblings	: 4
core id		: 0
cpu cores	: 2
apicid		: 1
initial apicid	: 1
fpu		: yes
fpu_exception	: yes
cpuid level	: 13
wp		: yes
flags		: fpu vme de pse tsc msr pae mce cx8 apic sep mtrr pge mca cmov pat pse36 clflush dts acpi mmx fxsr sse sse2 ss ht tm pbe syscall nx rdtscp lm constant_tsc arch_perfmon pebs bts rep_good nopl xtopology nonstop_tsc aperfmperf eagerfpu pni pclmulqdq dtes64 monitor ds_cpl vmx smx est tm2 ssse3 cx16 xtpr pdcm pcid sse4_1 sse4_2 x2apic popcnt tsc_deadline_timer aes xsave avx f16c rdrand lahf_lm ida arat epb xsaveopt pln pts dtherm tpr_shadow vnmi flexpriority ept vpid fsgsbase smep erms
bogomips	: 5781.00
clflush size	: 64
cache_alignment	: 64
address sizes	: 36 bits physical, 48 bits virtual
power management:

processor	: 3
vendor_id	: GenuineIntel
cpu family	: 6
model		: 58
model name	: Intel(R) Core(TM) i7-3520M CPU @ 2.90GHz
stepping	: 9
microcode	: 0x19
cpu MHz		: 3400.136
cache size	: 4096 KB
physical id	: 0
siblings	: 4
core id		: 1
cpu cores	: 2
apicid		: 3
initial apicid	: 3
fpu		: yes
fpu_exception	: yes
cpuid level	: 13
wp		: yes
flags		: fpu vme de pse tsc msr pae mce cx8 apic sep mtrr pge mca cmov pat pse36 clflush dts acpi mmx fxsr sse sse2 ss ht tm pbe syscall nx rdtscp lm constant_tsc arch_perfmon pebs bts rep_good nopl xtopology nonstop_tsc aperfmperf eagerfpu pni pclmulqdq dtes64 monitor ds_cpl vmx smx est tm2 ssse3 cx16 xtpr pdcm pcid sse4_1 sse4_2 x2apic popcnt tsc_deadline_timer aes xsave avx f16c rdrand lahf_lm ida arat epb xsaveopt pln pts dtherm tpr_shadow vnmi flexpriority ept vpid fsgsbase smep erms
bogomips	: 5781.00
clflush size	: 64
cache_alignment	: 64
address sizes	: 36 bits physical, 48 bits virtual
power management:



Memory: 4k page, physical 8079900k(4051640k free), swap 9999356k(9999356k free)

vm_info: OpenJDK 64-Bit Server VM (24.79-b02) for linux-amd64 JRE (1.7.0_79-b14), built on Jul 24 2015 08:15:54 by "buildd" with gcc 4.8.2

time: Sun Oct  4 10:54:01 2015
elapsed time: 0 seconds

