#
# A fatal error has been detected by the Java Runtime Environment:
#
#  SIGSEGV (0xb) at pc=0x00007fcc40ef14ac, pid=28542, tid=140515561301760
#
# JRE version: OpenJDK Runtime Environment (7.0_79-b14) (build 1.7.0_79-b14)
# Java VM: OpenJDK 64-Bit Server VM (24.79-b02 mixed mode linux-amd64 compressed oops)
# Derivative: IcedTea 2.5.6
# Distribution: Ubuntu 14.04 LTS, package 7u79-2.5.6-0ubuntu1.14.04.1
# Problematic frame:
# C  [libOpenCL.so.1+0x54ac]  clCreateBuffer+0xc
#
# Failed to write core dump. Core dumps have been disabled. To enable core dumping, try "ulimit -c unlimited" before starting Java again
#
# If you would like to submit a bug report, please include
# instructions on how to reproduce the bug and visit:
#   http://icedtea.classpath.org/bugzilla
# The crash happened outside the Java Virtual Machine in native code.
# See problematic frame for where to report the bug.
#

---------------  T H R E A D  ---------------

Current thread (0x00007fcc4c00a000):  JavaThread "main" [_thread_in_native, id=28547, stack(0x00007fcc540de000,0x00007fcc541df000)]

siginfo:si_signo=SIGSEGV: si_errno=0, si_code=128 (), si_addr=0x0000000000000000

Registers:
RAX=0x5f6176616a4c5a49, RBX=0x000000077a6f70a8, RCX=0x0000000000000000, RDX=0x0000000000000008
RSP=0x00007fcc541dd0c8, RBP=0x00007fcc541dd130, RSI=0x0000000000000001, RDI=0x00007fcc4cfc1440
R8 =0x00000007d759e590, R9 =0x0000000000000000, R10=0x00007fcc49012d6c, R11=0x00007fcc52e3f2f0
R12=0x0000000000000000, R13=0x000000077a6f70a8, R14=0x00007fcc541dd288, R15=0x00007fcc4c00a000
RIP=0x00007fcc40ef14ac, EFLAGS=0x0000000000010202, CSGSFS=0x0000000000000033, ERR=0x0000000000000000
  TRAPNO=0x000000000000000d

Top of Stack: (sp=0x00007fcc541dd0c8)
0x00007fcc541dd0c8:   00007fcc3af6f3c2 00007fcc4cfc1440
0x00007fcc541dd0d8:   0000000100000000 0000000000000000
0x00007fcc541dd0e8:   0000000000000008 0000000000000001
0x00007fcc541dd0f8:   00007fcc4cfc1440 00007fcc541dd288
0x00007fcc541dd108:   00007fcc4c00a1d8 0000000000000000
0x00007fcc541dd118:   00000007d759e590 00007fcc40ef14a0
0x00007fcc541dd128:   00007fcc49012c2d 00007fcc541dd1f8
0x00007fcc541dd138:   00007fcc49012d98 0000000000000000
0x00007fcc541dd148:   0000000000000001 00007fcc541dd238
0x00007fcc541dd158:   0000000000000000 0000000000000000
0x00007fcc541dd168:   00007fcc40ef14a0 00007fcc49005310
0x00007fcc541dd178:   0000000000000000 00007fcc541dd2d0
0x00007fcc541dd188:   00007fcc541dd218 00007fcc4c00ace8
0x00007fcc541dd198:   00007fcc4c00ace8 00007fcc4c00ad18
0x00007fcc541dd1a8:   00007fcc4c00ad18 00000000fffffffe
0x00007fcc541dd1b8:   00007fcc541dd1b8 000000077a6f70a8
0x00007fcc541dd1c8:   00007fcc541dd288 000000077a706438
0x00007fcc541dd1d8:   0000000000000000 000000077a6f70a8
0x00007fcc541dd1e8:   0000000000000000 00007fcc541dd218
0x00007fcc541dd1f8:   00007fcc541dd2d0 00007fcc49006175
0x00007fcc541dd208:   0000000000000000 00007fcc4900ecd7
0x00007fcc541dd218:   00007fcc40ef14a0 0000000000000000
0x00007fcc541dd228:   0000000000000000 0000000000000000
0x00007fcc541dd238:   00000007d759e580 0000000000000001
0x00007fcc541dd248:   0000000000000000 0000000000000000
0x00007fcc541dd258:   0000000000000008 00007fcc541dd340
0x00007fcc541dd268:   0000000000000001 00007fcc541dd2d0
0x00007fcc541dd278:   00007fcc4cfc1440 00007fcc40ef14a0
0x00007fcc541dd288:   00000007d73cd548 00007fcc541dd290
0x00007fcc541dd298:   000000077a6f72a6 00007fcc541dd340
0x00007fcc541dd2a8:   000000077a706438 0000000000000000
0x00007fcc541dd2b8:   000000077a6f72b8 00007fcc541dd218 

Instructions: (pc=0x00007fcc40ef14ac)
0x00007fcc40ef148c:   ff e0 66 90 48 85 c9 74 06 c7 01 de ff ff ff 31
0x00007fcc40ef149c:   c0 c3 66 90 48 85 ff 74 0b 48 8b 07 48 8b 40 70
0x00007fcc40ef14ac:   ff e0 66 90 4d 85 c0 74 07 41 c7 00 de ff ff ff
0x00007fcc40ef14bc:   31 c0 c3 90 48 85 ff 4c 8b 54 24 08 48 8b 44 24 

Register to memory mapping:

RAX=0x5f6176616a4c5a49 is an unknown value
RBX=0x000000077a6f70a8 is an oop
{method} 
 - klass: {other class}
RCX=0x0000000000000000 is an unknown value
RDX=0x0000000000000008 is an unknown value
RSP=0x00007fcc541dd0c8 is pointing into the stack for thread: 0x00007fcc4c00a000
RBP=0x00007fcc541dd130 is pointing into the stack for thread: 0x00007fcc4c00a000
RSI=0x0000000000000001 is an unknown value
RDI=0x00007fcc4cfc1440 is an unknown value
R8 =0x00000007d759e590 is an unknown value
R9 =0x0000000000000000 is an unknown value
R10=0x00007fcc49012d6c is at code_begin+620 in an Interpreter codelet
method entry point (kind = native)  [0x00007fcc49012b00, 0x00007fcc49013360]  2144 bytes
R11=0x00007fcc52e3f2f0: <offset 0x85d2f0> in /usr/lib/jvm/java-7-openjdk-amd64/jre/lib/amd64/server/libjvm.so at 0x00007fcc525e2000
R12=0x0000000000000000 is an unknown value
R13=0x000000077a6f70a8 is an oop
{method} 
 - klass: {other class}
R14=0x00007fcc541dd288 is pointing into the stack for thread: 0x00007fcc4c00a000
R15=0x00007fcc4c00a000 is a thread


Stack: [0x00007fcc540de000,0x00007fcc541df000],  sp=0x00007fcc541dd0c8,  free space=1020k
Native frames: (J=compiled Java code, j=interpreted, Vv=VM code, C=native code)
C  [libOpenCL.so.1+0x54ac]  clCreateBuffer+0xc
j  com.jogamp.opencl.llb.impl.CLAbstractImpl.dispatch_clCreateBuffer1(JJJLjava/lang/Object;IZLjava/lang/Object;IZJ)J+0
j  com.jogamp.opencl.llb.impl.CLAbstractImpl.clCreateBuffer(JJJLjava/nio/Buffer;[II)J+150
j  com.jogamp.opencl.CLBuffer.create(Lcom/jogamp/opencl/CLContext;Ljava/nio/Buffer;I)Lcom/jogamp/opencl/CLBuffer;+68
j  com.jogamp.opencl.CLContext.createBuffer(Ljava/nio/Buffer;I)Lcom/jogamp/opencl/CLBuffer;+3
j  com.jogamp.opencl.CLContext.createBuffer(Ljava/nio/Buffer;[Lcom/jogamp/opencl/CLMemory$Mem;)Lcom/jogamp/opencl/CLBuffer;+6
j  com.jogamp.opencl.CLContext.createFloatBuffer(I[Lcom/jogamp/opencl/CLMemory$Mem;)Lcom/jogamp/opencl/CLBuffer;+6
j  jvcl.GPUFFT.fft_simple([F[F)V+226
j  jvcl.GPUFFT.fft_simple([F[F)V+198
j  jvcl.GPUFFT.fft_simple([F[F)V+198
j  jvcl.GPUFFT.fft_simple([F[F)V+198
j  jvcl.GPUFFT.fft_simple([F[F)V+198
j  jvcl.GPUFFT.fft_simple([F[F)V+198
j  jvcl.GPUFFT.main([Ljava/lang/String;)V+77
v  ~StubRoutines::call_stub
V  [libjvm.so+0x5e80c9]  JavaCalls::call_helper(JavaValue*, methodHandle*, JavaCallArguments*, Thread*)+0x339
V  [libjvm.so+0x5e7b68]  JavaCalls::call(JavaValue*, methodHandle, JavaCallArguments*, Thread*)+0x28
V  [libjvm.so+0x5f6c9b]  jni_invoke_static(JNIEnv_*, JavaValue*, _jobject*, JNICallType, _jmethodID*, JNI_ArgumentPusher*, Thread*) [clone .isra.124] [clone .constprop.156]+0x28b
V  [libjvm.so+0x607f08]  jni_CallStaticVoidMethod+0x118
C  [libjli.so+0x31f9]

Java frames: (J=compiled Java code, j=interpreted, Vv=VM code)
j  com.jogamp.opencl.llb.impl.CLAbstractImpl.dispatch_clCreateBuffer1(JJJLjava/lang/Object;IZLjava/lang/Object;IZJ)J+0
j  com.jogamp.opencl.llb.impl.CLAbstractImpl.clCreateBuffer(JJJLjava/nio/Buffer;[II)J+150
j  com.jogamp.opencl.CLBuffer.create(Lcom/jogamp/opencl/CLContext;Ljava/nio/Buffer;I)Lcom/jogamp/opencl/CLBuffer;+68
j  com.jogamp.opencl.CLContext.createBuffer(Ljava/nio/Buffer;I)Lcom/jogamp/opencl/CLBuffer;+3
j  com.jogamp.opencl.CLContext.createBuffer(Ljava/nio/Buffer;[Lcom/jogamp/opencl/CLMemory$Mem;)Lcom/jogamp/opencl/CLBuffer;+6
j  com.jogamp.opencl.CLContext.createFloatBuffer(I[Lcom/jogamp/opencl/CLMemory$Mem;)Lcom/jogamp/opencl/CLBuffer;+6
j  jvcl.GPUFFT.fft_simple([F[F)V+226
j  jvcl.GPUFFT.fft_simple([F[F)V+198
j  jvcl.GPUFFT.fft_simple([F[F)V+198
j  jvcl.GPUFFT.fft_simple([F[F)V+198
j  jvcl.GPUFFT.fft_simple([F[F)V+198
j  jvcl.GPUFFT.fft_simple([F[F)V+198
j  jvcl.GPUFFT.main([Ljava/lang/String;)V+77
v  ~StubRoutines::call_stub

---------------  P R O C E S S  ---------------

Java Threads: ( => current thread )
  0x00007fcc4c19e800 JavaThread "process reaper" daemon [_thread_blocked, id=28564, stack(0x00007fcc42bd8000,0x00007fcc42c11000)]
  0x00007fcc4c0ae800 JavaThread "Service Thread" daemon [_thread_blocked, id=28559, stack(0x00007fcc42d12000,0x00007fcc42e13000)]
  0x00007fcc4c0ac000 JavaThread "C2 CompilerThread1" daemon [_thread_blocked, id=28558, stack(0x00007fcc42e13000,0x00007fcc42f14000)]
  0x00007fcc4c0a9000 JavaThread "C2 CompilerThread0" daemon [_thread_blocked, id=28557, stack(0x00007fcc42f14000,0x00007fcc43015000)]
  0x00007fcc4c0a7000 JavaThread "Signal Dispatcher" daemon [_thread_blocked, id=28556, stack(0x00007fcc43015000,0x00007fcc43116000)]
  0x00007fcc4c07c000 JavaThread "Finalizer" daemon [_thread_blocked, id=28554, stack(0x00007fcc437f8000,0x00007fcc438f9000)]
  0x00007fcc4c07a000 JavaThread "Reference Handler" daemon [_thread_blocked, id=28553, stack(0x00007fcc438f9000,0x00007fcc439fa000)]
=>0x00007fcc4c00a000 JavaThread "main" [_thread_in_native, id=28547, stack(0x00007fcc540de000,0x00007fcc541df000)]

Other Threads:
  0x00007fcc4c075800 VMThread [stack: 0x00007fcc439fa000,0x00007fcc43afb000] [id=28552]
  0x00007fcc4c0b9800 WatcherThread [stack: 0x00007fcc42c11000,0x00007fcc42d12000] [id=28560]

VM state:not at safepoint (normal execution)

VM Mutex/Monitor currently owned by a thread: None

Heap
 PSYoungGen      total 37376K, used 7883K [0x00000007d6e00000, 0x00000007d9780000, 0x0000000800000000)
  eden space 32256K, 24% used [0x00000007d6e00000,0x00000007d75b2ea8,0x00000007d8d80000)
  from space 5120K, 0% used [0x00000007d9280000,0x00000007d9280000,0x00000007d9780000)
  to   space 5120K, 0% used [0x00000007d8d80000,0x00000007d8d80000,0x00000007d9280000)
 ParOldGen       total 83968K, used 0K [0x0000000784a00000, 0x0000000789c00000, 0x00000007d6e00000)
  object space 83968K, 0% used [0x0000000784a00000,0x0000000784a00000,0x0000000789c00000)
 PSPermGen       total 21504K, used 5985K [0x000000077a400000, 0x000000077b900000, 0x0000000784a00000)
  object space 21504K, 27% used [0x000000077a400000,0x000000077a9d8420,0x000000077b900000)

Card table byte_map: [0x00007fcc50907000,0x00007fcc50d36000] byte_map_base: 0x00007fcc4cd35000

Polling page: 0x00007fcc54213000

Code Cache  [0x00007fcc49000000, 0x00007fcc49270000, 0x00007fcc4c000000)
 total_blobs=392 nmethods=18 adapters=328 free_code_cache=48619Kb largest_free_block=49762560

Compilation events (10 events):
Event: 0.166 Thread 0x00007fcc4c0a9000 nmethod 14 0x00007fcc49078c50 code [0x00007fcc49078da0, 0x00007fcc49078f58]
Event: 0.167 Thread 0x00007fcc4c0ac000 nmethod 13 0x00007fcc4907e650 code [0x00007fcc4907e8a0, 0x00007fcc4907f918]
Event: 0.171 Thread 0x00007fcc4c0a9000   15             java.lang.String::length (6 bytes)
Event: 0.171 Thread 0x00007fcc4c0a9000 nmethod 15 0x00007fcc4907b790 code [0x00007fcc4907b8c0, 0x00007fcc4907b938]
Event: 0.173 Thread 0x00007fcc4c0ac000   16             java.lang.Math::min (11 bytes)
Event: 0.173 Thread 0x00007fcc4c0ac000 nmethod 16 0x00007fcc4905fcd0 code [0x00007fcc4905fe00, 0x00007fcc4905fe38]
Event: 0.305 Thread 0x00007fcc4c0a9000   17   !         java.io.BufferedReader::readLine (304 bytes)
Event: 0.306 Thread 0x00007fcc4c0ac000   18             sun.nio.cs.UTF_8$Decoder::decodeArrayLoop (543 bytes)
Event: 0.324 Thread 0x00007fcc4c0a9000 nmethod 17 0x00007fcc49089950 code [0x00007fcc49089b00, 0x00007fcc4908a930]
Event: 0.325 Thread 0x00007fcc4c0ac000 nmethod 18 0x00007fcc490846d0 code [0x00007fcc49084960, 0x00007fcc490854f0]

GC Heap History (0 events):
No events

Deoptimization events (0 events):
No events

Internal exceptions (10 events):
Event: 0.201 Thread 0x00007fcc4c00a000 Threw 0x00000007d74dee88 at /build/openjdk-7-FO0dNI/openjdk-7-7u79-2.5.6/build/openjdk/hotspot/src/share/vm/prims/jvm.cpp:1284
Event: 0.202 Thread 0x00007fcc4c00a000 Threw 0x00000007d74e2e20 at /build/openjdk-7-FO0dNI/openjdk-7-7u79-2.5.6/build/openjdk/hotspot/src/share/vm/prims/jvm.cpp:1284
Event: 0.203 Thread 0x00007fcc4c00a000 Threw 0x00000007d74ec1d0 at /build/openjdk-7-FO0dNI/openjdk-7-7u79-2.5.6/build/openjdk/hotspot/src/share/vm/prims/jvm.cpp:1284
Event: 0.203 Thread 0x00007fcc4c00a000 Threw 0x00000007d74f00f8 at /build/openjdk-7-FO0dNI/openjdk-7-7u79-2.5.6/build/openjdk/hotspot/src/share/vm/prims/jvm.cpp:1284
Event: 0.203 Thread 0x00007fcc4c00a000 Threw 0x00000007d7517d88 at /build/openjdk-7-FO0dNI/openjdk-7-7u79-2.5.6/build/openjdk/hotspot/src/share/vm/prims/jvm.cpp:1284
Event: 0.205 Thread 0x00007fcc4c00a000 Threw 0x00000007d751da28 at /build/openjdk-7-FO0dNI/openjdk-7-7u79-2.5.6/build/openjdk/hotspot/src/share/vm/prims/jvm.cpp:1284
Event: 0.205 Thread 0x00007fcc4c00a000 Threw 0x00000007d7525778 at /build/openjdk-7-FO0dNI/openjdk-7-7u79-2.5.6/build/openjdk/hotspot/src/share/vm/prims/jvm.cpp:1284
Event: 0.209 Thread 0x00007fcc4c00a000 Threw 0x00000007d7536660 at /build/openjdk-7-FO0dNI/openjdk-7-7u79-2.5.6/build/openjdk/hotspot/src/share/vm/prims/jvm.cpp:1284
Event: 0.363 Thread 0x00007fcc4c00a000 Threw 0x00000007d7594de0 at /build/openjdk-7-FO0dNI/openjdk-7-7u79-2.5.6/build/openjdk/hotspot/src/share/vm/prims/jvm.cpp:1284
Event: 0.364 Thread 0x00007fcc4c00a000 Threw 0x00000007d75992a8 at /build/openjdk-7-FO0dNI/openjdk-7-7u79-2.5.6/build/openjdk/hotspot/src/share/vm/prims/jvm.cpp:1284

Events (10 events):
Event: 0.325 loading class 0x00007fcc501ac9b0
Event: 0.325 loading class 0x00007fcc501ac9b0 done
Event: 0.325 loading class 0x00007fcc501ac9e0
Event: 0.325 loading class 0x00007fcc501ac9e0 done
Event: 0.363 loading class 0x00007fcc4c0fd210
Event: 0.363 loading class 0x00007fcc4c0fd210 done
Event: 0.364 loading class 0x00007fcc4c011ae0
Event: 0.364 loading class 0x00007fcc4c011ae0 done
Event: 0.364 loading class 0x00007fcc4c0fbff0
Event: 0.364 loading class 0x00007fcc4c0fbff0 done


Dynamic libraries:
00400000-00401000 r-xp 00000000 08:01 5389623                            /usr/lib/jvm/java-7-openjdk-amd64/jre/bin/java
00600000-00601000 r--p 00000000 08:01 5389623                            /usr/lib/jvm/java-7-openjdk-amd64/jre/bin/java
00601000-00602000 rw-p 00001000 08:01 5389623                            /usr/lib/jvm/java-7-openjdk-amd64/jre/bin/java
020b9000-020da000 rw-p 00000000 00:00 0                                  [heap]
200000000-700000000 ---p 00000000 00:00 0 
77a400000-77b900000 rw-p 00000000 00:00 0 
77b900000-784a00000 rw-p 00000000 00:00 0 
784a00000-789c00000 rw-p 00000000 00:00 0 
789c00000-7d6e00000 rw-p 00000000 00:00 0 
7d6e00000-7d9780000 rw-p 00000000 00:00 0 
7d9780000-800000000 rw-p 00000000 00:00 0 
7fcbd21fd000-7fcbd21fe000 ---p 00000000 00:00 0 
7fcbd21fe000-7fcbd29fe000 rw-p 00000000 00:00 0 
7fcbd29fe000-7fcbd29ff000 ---p 00000000 00:00 0 
7fcbd29ff000-7fcbd31ff000 rw-p 00000000 00:00 0 
7fcbd32ff000-7fcbd3300000 ---p 00000000 00:00 0 
7fcbd3300000-7fcbd3b00000 rw-p 00000000 00:00 0 
7fcbd4000000-7fcbd4021000 rw-p 00000000 00:00 0 
7fcbd4021000-7fcbd8000000 ---p 00000000 00:00 0 
7fcbd8699000-7fcbd87fa000 rw-p 00000000 00:00 0 
7fcbd87fa000-7fcbd87fb000 ---p 00000000 00:00 0 
7fcbd87fb000-7fcbd8ffb000 rw-p 00000000 00:00 0 
7fcbd90fb000-7fcbd90fc000 ---p 00000000 00:00 0 
7fcbd90fc000-7fcbd98fc000 rw-p 00000000 00:00 0                          [stack:28604]
7fcbd98fc000-7fcbd98fd000 ---p 00000000 00:00 0 
7fcbd98fd000-7fcbda0fd000 rw-p 00000000 00:00 0                          [stack:28603]
7fcbda0fd000-7fcbda0fe000 ---p 00000000 00:00 0 
7fcbda0fe000-7fcbda8fe000 rw-p 00000000 00:00 0                          [stack:28602]
7fcbda8fe000-7fcbda8ff000 ---p 00000000 00:00 0 
7fcbda8ff000-7fcbdb0ff000 rw-p 00000000 00:00 0                          [stack:28601]
7fcbdb0ff000-7fcbdb100000 ---p 00000000 00:00 0 
7fcbdb100000-7fcbdb900000 rw-p 00000000 00:00 0                          [stack:28600]
7fcbdb900000-7fcbdba00000 rw-s 1b9161000 00:05 13212                     /dev/nvidiactl
7fcbdba00000-7fcbdbb00000 rw-s 6caeb000 00:05 13212                      /dev/nvidiactl
7fcbdbb00000-7fcbdbc00000 rw-s 6c89e000 00:05 13212                      /dev/nvidiactl
7fcbdbc00000-7fcbdc000000 rw-s 19c1e9000 00:05 13212                     /dev/nvidiactl
7fcbdc000000-7fcbdc021000 rw-p 00000000 00:00 0 
7fcbdc021000-7fcbe0000000 ---p 00000000 00:00 0 
7fcbe00fa000-7fcbe01fa000 rw-s 524d9000 00:05 13212                      /dev/nvidiactl
7fcbe01fa000-7fcbe02fa000 rw-s 9d840000 00:05 13212                      /dev/nvidiactl
7fcbe02fa000-7fcbe06fa000 rw-s 19f4d1000 00:05 13212                     /dev/nvidiactl
7fcbe06fa000-7fcbe06fb000 ---p 00000000 00:00 0 
7fcbe06fb000-7fcbe0efb000 rw-p 00000000 00:00 0                          [stack:28599]
7fcbe0efb000-7fcbe0ffb000 rw-s 1aeb95000 00:05 13212                     /dev/nvidiactl
7fcbe0ffb000-7fcbe0ffc000 ---p 00000000 00:00 0 
7fcbe0ffc000-7fcbe17fc000 rw-p 00000000 00:00 0                          [stack:28598]
7fcbe17fc000-7fcbe17fd000 ---p 00000000 00:00 0 
7fcbe17fd000-7fcbe1ffd000 rw-p 00000000 00:00 0                          [stack:28597]
7fcbe1ffd000-7fcbe1ffe000 ---p 00000000 00:00 0 
7fcbe1ffe000-7fcbe27fe000 rw-p 00000000 00:00 0                          [stack:28596]
7fcbe27fe000-7fcbe27ff000 ---p 00000000 00:00 0 
7fcbe27ff000-7fcbe2fff000 rw-p 00000000 00:00 0                          [stack:28595]
7fcbe2fff000-7fcbe3000000 ---p 00000000 00:00 0 
7fcbe3000000-7fcbe3800000 rw-p 00000000 00:00 0                          [stack:28594]
7fcbe3800000-7fcbe3900000 rw-s 7aced000 00:05 13212                      /dev/nvidiactl
7fcbe3900000-7fcbe3a00000 rw-s 6ca07000 00:05 13212                      /dev/nvidiactl
7fcbe3a00000-7fcbe3b00000 rw-s bcd5a000 00:05 13212                      /dev/nvidiactl
7fcbe3b00000-7fcbe3c00000 rw-s 7ad95000 00:05 13212                      /dev/nvidiactl
7fcbe3c00000-7fcbe4000000 rw-s 19db08000 00:05 13212                     /dev/nvidiactl
7fcbe4000000-7fcbe4021000 rw-p 00000000 00:00 0 
7fcbe4021000-7fcbe8000000 ---p 00000000 00:00 0 
7fcbe80fa000-7fcbe81fa000 rw-s 5259c000 00:05 13212                      /dev/nvidiactl
7fcbe81fa000-7fcbe85fa000 rw-s 1ae6f8000 00:05 13212                     /dev/nvidiactl
7fcbe85fa000-7fcbe85fb000 ---p 00000000 00:00 0 
7fcbe85fb000-7fcbe8dfb000 rw-p 00000000 00:00 0                          [stack:28593]
7fcbe8dfb000-7fcbe8efb000 rw-s 16df9c000 00:05 13212                     /dev/nvidiactl
7fcbe8efb000-7fcbe8efc000 ---p 00000000 00:00 0 
7fcbe8efc000-7fcbe96fc000 rw-p 00000000 00:00 0                          [stack:28592]
7fcbe96fc000-7fcbe96fd000 ---p 00000000 00:00 0 
7fcbe96fd000-7fcbe9efd000 rw-p 00000000 00:00 0                          [stack:28591]
7fcbe9efd000-7fcbe9efe000 ---p 00000000 00:00 0 
7fcbe9efe000-7fcbea6fe000 rw-p 00000000 00:00 0                          [stack:28590]
7fcbea6fe000-7fcbea6ff000 ---p 00000000 00:00 0 
7fcbea6ff000-7fcbeaeff000 rw-p 00000000 00:00 0                          [stack:28589]
7fcbeaeff000-7fcbeaf00000 ---p 00000000 00:00 0 
7fcbeaf00000-7fcbeb700000 rw-p 00000000 00:00 0                          [stack:28588]
7fcbeb700000-7fcbeb800000 rw-s 834c4000 00:05 13212                      /dev/nvidiactl
7fcbeb800000-7fcbeb900000 rw-s bcaf0000 00:05 13212                      /dev/nvidiactl
7fcbeb900000-7fcbeba00000 rw-s 5244a000 00:05 13212                      /dev/nvidiactl
7fcbeba00000-7fcbebb00000 rw-s bced5000 00:05 13212                      /dev/nvidiactl
7fcbebb00000-7fcbebc00000 rw-s 638bc000 00:05 13212                      /dev/nvidiactl
7fcbebc00000-7fcbec000000 rw-s 1fc431000 00:05 13212                     /dev/nvidiactl
7fcbec000000-7fcbec021000 rw-p 00000000 00:00 0 
7fcbec021000-7fcbf0000000 ---p 00000000 00:00 0 
7fcbf0042000-7fcbf008e000 rw-s 19b56b000 00:05 13212                     /dev/nvidiactl
7fcbf008e000-7fcbf00ae000 rw-s e0280000 00:05 13214                      /dev/nvidia0
7fcbf00ae000-7fcbf00fa000 rw-s 199980000 00:05 13212                     /dev/nvidiactl
7fcbf00fa000-7fcbf04fa000 rw-s 15b3a2000 00:05 13212                     /dev/nvidiactl
7fcbf04fa000-7fcbf04fb000 ---p 00000000 00:00 0 
7fcbf04fb000-7fcbf0cfb000 rw-p 00000000 00:00 0                          [stack:28587]
7fcbf0cfb000-7fcbf0dfb000 rw-s 19f5fe000 00:05 13212                     /dev/nvidiactl
7fcbf0dfb000-7fcbf0dfc000 ---p 00000000 00:00 0 
7fcbf0dfc000-7fcbf15fc000 rw-p 00000000 00:00 0                          [stack:28586]
7fcbf15fc000-7fcbf15fd000 ---p 00000000 00:00 0 
7fcbf15fd000-7fcbf1dfd000 rw-p 00000000 00:00 0                          [stack:28585]
7fcbf1dfd000-7fcbf1dfe000 ---p 00000000 00:00 0 
7fcbf1dfe000-7fcbf25fe000 rw-p 00000000 00:00 0                          [stack:28584]
7fcbf25fe000-7fcbf25ff000 ---p 00000000 00:00 0 
7fcbf25ff000-7fcbf2dff000 rw-p 00000000 00:00 0                          [stack:28583]
7fcbf2dff000-7fcbf2e00000 ---p 00000000 00:00 0 
7fcbf2e00000-7fcbf3600000 rw-p 00000000 00:00 0                          [stack:28582]
7fcbf3600000-7fcbf3700000 rw-s ad074000 00:05 13212                      /dev/nvidiactl
7fcbf3700000-7fcbf3800000 rw-s 6384e000 00:05 13212                      /dev/nvidiactl
7fcbf3800000-7fcbf3c00000 rw-s 19c307000 00:05 13212                     /dev/nvidiactl
7fcbf3c00000-7fcbf4000000 rw-s bccb2000 00:05 13212                      /dev/nvidiactl
7fcbf4000000-7fcbf4021000 rw-p 00000000 00:00 0 
7fcbf4021000-7fcbf8000000 ---p 00000000 00:00 0 
7fcbf8000000-7fcbf8021000 rw-p 00000000 00:00 0 
7fcbf8021000-7fcbfc000000 ---p 00000000 00:00 0 
7fcbfc002000-7fcbfc022000 rw-s e0260000 00:05 13214                      /dev/nvidia0
7fcbfc022000-7fcbfc042000 rw-s e0240000 00:05 13214                      /dev/nvidia0
7fcbfc042000-7fcbfc062000 rw-s e0220000 00:05 13214                      /dev/nvidia0
7fcbfc062000-7fcbfc0ae000 rw-s 525e8000 00:05 13212                      /dev/nvidiactl
7fcbfc0ae000-7fcbfc0fa000 rw-s 46956000 00:05 13212                      /dev/nvidiactl
7fcbfc0fa000-7fcbfc1fa000 rw-s 19d9ea000 00:05 13212                     /dev/nvidiactl
7fcbfc1fa000-7fcbfc2fa000 rw-s 1ee854000 00:05 13212                     /dev/nvidiactl
7fcbfc2fa000-7fcbfc3fa000 rw-s 1f0f8a000 00:05 13212                     /dev/nvidiactl
7fcbfc3fa000-7fcbfc3fb000 ---p 00000000 00:00 0 
7fcbfc3fb000-7fcbfcbfb000 rw-p 00000000 00:00 0                          [stack:28581]
7fcbfcbfb000-7fcbfccfb000 rw-s 7ad1d000 00:05 13212                      /dev/nvidiactl
7fcbfccfb000-7fcbfccfc000 ---p 00000000 00:00 0 
7fcbfccfc000-7fcbfd4fc000 rw-p 00000000 00:00 0                          [stack:28580]
7fcbfd4fc000-7fcbfd4fd000 ---p 00000000 00:00 0 
7fcbfd4fd000-7fcbfdcfd000 rw-p 00000000 00:00 0                          [stack:28579]
7fcbfdcfd000-7fcbfdcfe000 ---p 00000000 00:00 0 
7fcbfdcfe000-7fcbfe4fe000 rw-p 00000000 00:00 0                          [stack:28578]
7fcbfe4fe000-7fcbfe4ff000 ---p 00000000 00:00 0 
7fcbfe4ff000-7fcbfecff000 rw-p 00000000 00:00 0                          [stack:28577]
7fcbfecff000-7fcbfed00000 ---p 00000000 00:00 0 
7fcbfed00000-7fcbff500000 rw-p 00000000 00:00 0                          [stack:28576]
7fcbff500000-7fcbff600000 rw-s 7b215000 00:05 13212                      /dev/nvidiactl
7fcbff600000-7fcbff700000 rw-s 1ae7b4000 00:05 13212                     /dev/nvidiactl
7fcbff700000-7fcbff800000 rw-s 19c136000 00:05 13212                     /dev/nvidiactl
7fcbff800000-7fcbffc00000 rw-s 16de8b000 00:05 13212                     /dev/nvidiactl
7fcbffc00000-7fcc00000000 rw-s ad093000 00:05 13212                      /dev/nvidiactl
7fcc00000000-7fcc00021000 rw-p 00000000 00:00 0 
7fcc00021000-7fcc04000000 ---p 00000000 00:00 0 
7fcc04000000-7fcc04021000 rw-p 00000000 00:00 0 
7fcc04021000-7fcc08000000 ---p 00000000 00:00 0 
7fcc08000000-7fcc08021000 rw-p 00000000 00:00 0 
7fcc08021000-7fcc0c000000 ---p 00000000 00:00 0 
7fcc0c000000-7fcc0c021000 rw-p 00000000 00:00 0 
7fcc0c021000-7fcc10000000 ---p 00000000 00:00 0 
7fcc10000000-7fcc101af000 rw-p 00000000 00:00 0 
7fcc101af000-7fcc14000000 ---p 00000000 00:00 0 
7fcc14000000-7fcc14168000 rw-p 00000000 00:00 0 
7fcc14168000-7fcc18000000 ---p 00000000 00:00 0 
7fcc18000000-7fcc18021000 rw-p 00000000 00:00 0 
7fcc18021000-7fcc1c000000 ---p 00000000 00:00 0 
7fcc1c000000-7fcc1c021000 rw-p 00000000 00:00 0 
7fcc1c021000-7fcc20000000 ---p 00000000 00:00 0 
7fcc20000000-7fcc20021000 rw-p 00000000 00:00 0 
7fcc20021000-7fcc24000000 ---p 00000000 00:00 0 
7fcc24000000-7fcc24021000 rw-p 00000000 00:00 0 
7fcc24021000-7fcc28000000 ---p 00000000 00:00 0 
7fcc28000000-7fcc28021000 rw-p 00000000 00:00 0 
7fcc28021000-7fcc2c000000 ---p 00000000 00:00 0 
7fcc2c008000-7fcc2c028000 rw-s e0200000 00:05 13214                      /dev/nvidia0
7fcc2c028000-7fcc2c128000 rw-s 1f1702000 00:05 13212                     /dev/nvidiactl
7fcc2c128000-7fcc2c228000 rw-s 1aebef000 00:05 13212                     /dev/nvidiactl
7fcc2c228000-7fcc2c229000 ---p 00000000 00:00 0 
7fcc2c229000-7fcc2ca29000 rw-p 00000000 00:00 0                          [stack:28575]
7fcc2ca29000-7fcc2cb29000 rw-s bcf5d000 00:05 13212                      /dev/nvidiactl
7fcc2cb29000-7fcc2e26c000 r-xp 00000000 08:01 3811727                    /usr/lib/nvidia-346-updates/libnvidia-compiler.so.346.82
7fcc2e26c000-7fcc2e46c000 ---p 01743000 08:01 3811727                    /usr/lib/nvidia-346-updates/libnvidia-compiler.so.346.82
7fcc2e46c000-7fcc2ecf4000 rw-p 01743000 08:01 3811727                    /usr/lib/nvidia-346-updates/libnvidia-compiler.so.346.82
7fcc2ecf4000-7fcc2ed1e000 rw-p 00000000 00:00 0 
7fcc2ed1e000-7fcc2ed1f000 ---p 00000000 00:00 0 
7fcc2ed1f000-7fcc2f51f000 rw-p 00000000 00:00 0                          [stack:28574]
7fcc2f51f000-7fcc2f520000 ---p 00000000 00:00 0 
7fcc2f520000-7fcc34000000 rw-p 00000000 00:00 0                          [stack:28573]
7fcc34000000-7fcc34021000 rw-p 00000000 00:00 0 
7fcc34021000-7fcc38000000 ---p 00000000 00:00 0 
7fcc3800e000-7fcc3802e000 rw-s e01e0000 00:05 13214                      /dev/nvidia0
7fcc3802e000-7fcc3804e000 rw-s e01c0000 00:05 13214                      /dev/nvidia0
7fcc3804e000-7fcc3806e000 rw-s e01a0000 00:05 13214                      /dev/nvidia0
7fcc3806e000-7fcc380ba000 rw-s 9d8f8000 00:05 13212                      /dev/nvidiactl
7fcc380ba000-7fcc380da000 rw-s e0180000 00:05 13214                      /dev/nvidia0
7fcc380da000-7fcc380fa000 rw-s e0160000 00:05 13214                      /dev/nvidia0
7fcc380fa000-7fcc380fb000 ---p 00000000 00:00 0 
7fcc380fb000-7fcc388fb000 rw-p 00000000 00:00 0                          [stack:28572]
7fcc388fb000-7fcc388fc000 ---p 00000000 00:00 0 
7fcc388fc000-7fcc390fc000 rw-p 00000000 00:00 0                          [stack:28571]
7fcc390fc000-7fcc390fd000 ---p 00000000 00:00 0 
7fcc390fd000-7fcc398fd000 rw-p 00000000 00:00 0                          [stack:28570]
7fcc398fd000-7fcc39949000 rw-s 1b276b000 00:05 13212                     /dev/nvidiactl
7fcc39949000-7fcc39a49000 rw-s 20ea11000 00:05 13212                     /dev/nvidiactl
7fcc39a49000-7fcc39b49000 rw-s 1fc59c000 00:05 13212                     /dev/nvidiactl
7fcc39b49000-7fcc39c49000 rw-s 1f155f000 00:05 13212                     /dev/nvidiactl
7fcc39c49000-7fcc39d49000 rw-s 1b2556000 00:05 13212                     /dev/nvidiactl
7fcc39d49000-7fcc39e49000 rw-s 1f0ea3000 00:05 13212                     /dev/nvidiactl
7fcc39e49000-7fcc3a249000 rw-s 6cb06000 00:05 13212                      /dev/nvidiactl
7fcc3a249000-7fcc3a269000 rw-s e0140000 00:05 13214                      /dev/nvidia0
7fcc3a269000-7fcc3a669000 rw-s 9dabb000 00:05 13212                      /dev/nvidiactl
7fcc3a669000-7fcc3a66a000 ---p 00000000 00:00 0 
7fcc3a66a000-7fcc3ae6a000 rw-p 00000000 00:00 0                          [stack:28569]
7fcc3ae6a000-7fcc3af6a000 rw-s 1fd6b3000 00:05 13212                     /dev/nvidiactl
7fcc3af6a000-7fcc3af75000 r-xp 00000000 08:01 4982176                    /tmp/jogamp_0000/file_cache/jln1863362232295840899/jln1538289702451912523/natives/linux-amd64/libjocl.so
7fcc3af75000-7fcc3b174000 ---p 0000b000 08:01 4982176                    /tmp/jogamp_0000/file_cache/jln1863362232295840899/jln1538289702451912523/natives/linux-amd64/libjocl.so
7fcc3b174000-7fcc3b175000 r--p 0000a000 08:01 4982176                    /tmp/jogamp_0000/file_cache/jln1863362232295840899/jln1538289702451912523/natives/linux-amd64/libjocl.so
7fcc3b175000-7fcc3b176000 rw-p 0000b000 08:01 4982176                    /tmp/jogamp_0000/file_cache/jln1863362232295840899/jln1538289702451912523/natives/linux-amd64/libjocl.so
7fcc3b176000-7fcc3bc39000 r-xp 00000000 08:01 3672125                    /usr/lib/x86_64-linux-gnu/libcuda.so.346.82
7fcc3bc39000-7fcc3be39000 ---p 00ac3000 08:01 3672125                    /usr/lib/x86_64-linux-gnu/libcuda.so.346.82
7fcc3be39000-7fcc3bfeb000 rw-p 00ac3000 08:01 3672125                    /usr/lib/x86_64-linux-gnu/libcuda.so.346.82
7fcc3bfeb000-7fcc3c000000 rw-p 00000000 00:00 0 
7fcc3c000000-7fcc3c021000 rw-p 00000000 00:00 0 
7fcc3c021000-7fcc40000000 ---p 00000000 00:00 0 
7fcc40006000-7fcc40026000 rw-s e0120000 00:05 13214                      /dev/nvidia0
7fcc40026000-7fcc40047000 rw-p 00000000 00:00 0 
7fcc40047000-7fcc40b22000 r-xp 00000000 08:01 3674886                    /usr/lib/x86_64-linux-gnu/libnvidia-opencl.so.346.82
7fcc40b22000-7fcc40d21000 ---p 00adb000 08:01 3674886                    /usr/lib/x86_64-linux-gnu/libnvidia-opencl.so.346.82
7fcc40d21000-7fcc40ed7000 rw-p 00ada000 08:01 3674886                    /usr/lib/x86_64-linux-gnu/libnvidia-opencl.so.346.82
7fcc40ed7000-7fcc40eec000 rw-p 00000000 00:00 0 
7fcc40eec000-7fcc40ef4000 r-xp 00000000 08:01 3670455                    /usr/lib/x86_64-linux-gnu/libOpenCL.so.1.0.0
7fcc40ef4000-7fcc410f3000 ---p 00008000 08:01 3670455                    /usr/lib/x86_64-linux-gnu/libOpenCL.so.1.0.0
7fcc410f3000-7fcc410f4000 r--p 00007000 08:01 3670455                    /usr/lib/x86_64-linux-gnu/libOpenCL.so.1.0.0
7fcc410f4000-7fcc410f5000 rw-p 00008000 08:01 3670455                    /usr/lib/x86_64-linux-gnu/libOpenCL.so.1.0.0
7fcc410f5000-7fcc410f7000 r-xp 00000000 08:01 4982175                    /tmp/jogamp_0000/file_cache/jln1863362232295840899/jln1538289702451912523/natives/linux-amd64/libgluegen-rt.so
7fcc410f7000-7fcc412f6000 ---p 00002000 08:01 4982175                    /tmp/jogamp_0000/file_cache/jln1863362232295840899/jln1538289702451912523/natives/linux-amd64/libgluegen-rt.so
7fcc412f6000-7fcc412f7000 r--p 00001000 08:01 4982175                    /tmp/jogamp_0000/file_cache/jln1863362232295840899/jln1538289702451912523/natives/linux-amd64/libgluegen-rt.so
7fcc412f7000-7fcc412f8000 rw-p 00002000 08:01 4982175                    /tmp/jogamp_0000/file_cache/jln1863362232295840899/jln1538289702451912523/natives/linux-amd64/libgluegen-rt.so
7fcc413f9000-7fcc41409000 r-xp 00000000 08:01 4853686                    /usr/lib/jvm/java-7-openjdk-amd64/jre/lib/amd64/libnio.so
7fcc41409000-7fcc41609000 ---p 00010000 08:01 4853686                    /usr/lib/jvm/java-7-openjdk-amd64/jre/lib/amd64/libnio.so
7fcc41609000-7fcc4160a000 r--p 00010000 08:01 4853686                    /usr/lib/jvm/java-7-openjdk-amd64/jre/lib/amd64/libnio.so
7fcc4160a000-7fcc4160b000 rw-p 00011000 08:01 4853686                    /usr/lib/jvm/java-7-openjdk-amd64/jre/lib/amd64/libnio.so
7fcc4160b000-7fcc4163c000 rw-p 00000000 00:00 0 
7fcc4163c000-7fcc41679000 r-xp 00000000 08:01 2114819                    /lib/x86_64-linux-gnu/libpcre.so.3.13.1
7fcc41679000-7fcc41878000 ---p 0003d000 08:01 2114819                    /lib/x86_64-linux-gnu/libpcre.so.3.13.1
7fcc41878000-7fcc41879000 r--p 0003c000 08:01 2114819                    /lib/x86_64-linux-gnu/libpcre.so.3.13.1
7fcc41879000-7fcc4187a000 rw-p 0003d000 08:01 2114819                    /lib/x86_64-linux-gnu/libpcre.so.3.13.1
7fcc4187a000-7fcc41881000 r-xp 00000000 08:01 3675991                    /usr/lib/x86_64-linux-gnu/libffi.so.6.0.1
7fcc41881000-7fcc41a80000 ---p 00007000 08:01 3675991                    /usr/lib/x86_64-linux-gnu/libffi.so.6.0.1
7fcc41a80000-7fcc41a81000 r--p 00006000 08:01 3675991                    /usr/lib/x86_64-linux-gnu/libffi.so.6.0.1
7fcc41a81000-7fcc41a82000 rw-p 00007000 08:01 3675991                    /usr/lib/x86_64-linux-gnu/libffi.so.6.0.1
7fcc41a82000-7fcc41a99000 r-xp 00000000 08:01 2104446                    /lib/x86_64-linux-gnu/libresolv-2.19.so
7fcc41a99000-7fcc41c99000 ---p 00017000 08:01 2104446                    /lib/x86_64-linux-gnu/libresolv-2.19.so
7fcc41c99000-7fcc41c9a000 r--p 00017000 08:01 2104446                    /lib/x86_64-linux-gnu/libresolv-2.19.so
7fcc41c9a000-7fcc41c9b000 rw-p 00018000 08:01 2104446                    /lib/x86_64-linux-gnu/libresolv-2.19.so
7fcc41c9b000-7fcc41c9d000 rw-p 00000000 00:00 0 
7fcc41c9d000-7fcc41cbd000 r-xp 00000000 08:01 2103373                    /lib/x86_64-linux-gnu/libselinux.so.1
7fcc41cbd000-7fcc41ebc000 ---p 00020000 08:01 2103373                    /lib/x86_64-linux-gnu/libselinux.so.1
7fcc41ebc000-7fcc41ebd000 r--p 0001f000 08:01 2103373                    /lib/x86_64-linux-gnu/libselinux.so.1
7fcc41ebd000-7fcc41ebe000 rw-p 00020000 08:01 2103373                    /lib/x86_64-linux-gnu/libselinux.so.1
7fcc41ebe000-7fcc41ec0000 rw-p 00000000 00:00 0 
7fcc41ec0000-7fcc41ec3000 r-xp 00000000 08:01 3676104                    /usr/lib/x86_64-linux-gnu/libgmodule-2.0.so.0.4002.0
7fcc41ec3000-7fcc420c2000 ---p 00003000 08:01 3676104                    /usr/lib/x86_64-linux-gnu/libgmodule-2.0.so.0.4002.0
7fcc420c2000-7fcc420c3000 r--p 00002000 08:01 3676104                    /usr/lib/x86_64-linux-gnu/libgmodule-2.0.so.0.4002.0
7fcc420c3000-7fcc420c4000 rw-p 00003000 08:01 3676104                    /usr/lib/x86_64-linux-gnu/libgmodule-2.0.so.0.4002.0
7fcc420c4000-7fcc421ca000 r-xp 00000000 08:01 2103274                    /lib/x86_64-linux-gnu/libglib-2.0.so.0.4002.0
7fcc421ca000-7fcc423c9000 ---p 00106000 08:01 2103274                    /lib/x86_64-linux-gnu/libglib-2.0.so.0.4002.0
7fcc423c9000-7fcc423ca000 r--p 00105000 08:01 2103274                    /lib/x86_64-linux-gnu/libglib-2.0.so.0.4002.0
7fcc423ca000-7fcc423cb000 rw-p 00106000 08:01 2103274                    /lib/x86_64-linux-gnu/libglib-2.0.so.0.4002.0
7fcc423cb000-7fcc423cc000 rw-p 00000000 00:00 0 
7fcc423cc000-7fcc4241b000 r-xp 00000000 08:01 3676120                    /usr/lib/x86_64-linux-gnu/libgobject-2.0.so.0.4002.0
7fcc4241b000-7fcc4261b000 ---p 0004f000 08:01 3676120                    /usr/lib/x86_64-linux-gnu/libgobject-2.0.so.0.4002.0
7fcc4261b000-7fcc4261c000 r--p 0004f000 08:01 3676120                    /usr/lib/x86_64-linux-gnu/libgobject-2.0.so.0.4002.0
7fcc4261c000-7fcc4261d000 rw-p 00050000 08:01 3676120                    /usr/lib/x86_64-linux-gnu/libgobject-2.0.so.0.4002.0
7fcc4261d000-7fcc42789000 r-xp 00000000 08:01 3676092                    /usr/lib/x86_64-linux-gnu/libgio-2.0.so.0.4002.0
7fcc42789000-7fcc42988000 ---p 0016c000 08:01 3676092                    /usr/lib/x86_64-linux-gnu/libgio-2.0.so.0.4002.0
7fcc42988000-7fcc4298c000 r--p 0016b000 08:01 3676092                    /usr/lib/x86_64-linux-gnu/libgio-2.0.so.0.4002.0
7fcc4298c000-7fcc4298e000 rw-p 0016f000 08:01 3676092                    /usr/lib/x86_64-linux-gnu/libgio-2.0.so.0.4002.0
7fcc4298e000-7fcc42990000 rw-p 00000000 00:00 0 
7fcc42997000-7fcc42999000 rw-p 00000000 00:00 0 
7fcc42999000-7fcc4299a000 rw-s eff6e000 00:05 13214                      /dev/nvidia0
7fcc4299a000-7fcc4299b000 rw-s 5263a000 00:05 13212                      /dev/nvidiactl
7fcc4299b000-7fcc4299c000 rw-s eff6d000 00:05 13214                      /dev/nvidia0
7fcc4299c000-7fcc4299d000 rw-s 19c1d4000 00:05 13212                     /dev/nvidiactl
7fcc4299d000-7fcc4299e000 rw-s eff6c000 00:05 13214                      /dev/nvidia0
7fcc4299e000-7fcc4299f000 rw-s 52597000 00:05 13212                      /dev/nvidiactl
7fcc4299f000-7fcc429c0000 rw-p 00000000 00:00 0 
7fcc429c0000-7fcc429d7000 r-xp 00000000 08:01 4853681                    /usr/lib/jvm/java-7-openjdk-amd64/jre/lib/amd64/libnet.so
7fcc429d7000-7fcc42bd6000 ---p 00017000 08:01 4853681                    /usr/lib/jvm/java-7-openjdk-amd64/jre/lib/amd64/libnet.so
7fcc42bd6000-7fcc42bd7000 r--p 00016000 08:01 4853681                    /usr/lib/jvm/java-7-openjdk-amd64/jre/lib/amd64/libnet.so
7fcc42bd7000-7fcc42bd8000 rw-p 00017000 08:01 4853681                    /usr/lib/jvm/java-7-openjdk-amd64/jre/lib/amd64/libnet.so
7fcc42bd8000-7fcc42bdb000 ---p 00000000 00:00 0 
7fcc42bdb000-7fcc42c11000 rw-p 00000000 00:00 0                          [stack:28564]
7fcc42c11000-7fcc42c12000 ---p 00000000 00:00 0 
7fcc42c12000-7fcc42d12000 rw-p 00000000 00:00 0                          [stack:28560]
7fcc42d12000-7fcc42d15000 ---p 00000000 00:00 0 
7fcc42d15000-7fcc42e13000 rw-p 00000000 00:00 0                          [stack:28559]
7fcc42e13000-7fcc42e16000 ---p 00000000 00:00 0 
7fcc42e16000-7fcc42f14000 rw-p 00000000 00:00 0                          [stack:28558]
7fcc42f14000-7fcc42f17000 ---p 00000000 00:00 0 
7fcc42f17000-7fcc43015000 rw-p 00000000 00:00 0                          [stack:28557]
7fcc43015000-7fcc43018000 ---p 00000000 00:00 0 
7fcc43018000-7fcc43116000 rw-p 00000000 00:00 0                          [stack:28556]
7fcc43116000-7fcc437f8000 r--p 00000000 08:01 3674563                    /usr/lib/locale/locale-archive
7fcc437f8000-7fcc437fb000 ---p 00000000 00:00 0 
7fcc437fb000-7fcc438f9000 rw-p 00000000 00:00 0                          [stack:28554]
7fcc438f9000-7fcc438fc000 ---p 00000000 00:00 0 
7fcc438fc000-7fcc439fa000 rw-p 00000000 00:00 0                          [stack:28553]
7fcc439fa000-7fcc439fb000 ---p 00000000 00:00 0 
7fcc439fb000-7fcc44000000 rw-p 00000000 00:00 0                          [stack:28552]
7fcc44000000-7fcc44021000 rw-p 00000000 00:00 0 
7fcc44021000-7fcc48000000 ---p 00000000 00:00 0 
7fcc48000000-7fcc48001000 rw-s eff6b000 00:05 13214                      /dev/nvidia0
7fcc48001000-7fcc48002000 rw-s 15b0ef000 00:05 13212                     /dev/nvidiactl
7fcc48002000-7fcc48003000 rw-s eff6a000 00:05 13214                      /dev/nvidia0
7fcc48003000-7fcc48004000 rw-s 16df93000 00:05 13212                     /dev/nvidiactl
7fcc48004000-7fcc48005000 rw-s eff69000 00:05 13214                      /dev/nvidia0
7fcc48005000-7fcc48006000 rw-s 1b2701000 00:05 13212                     /dev/nvidiactl
7fcc48006000-7fcc48007000 rw-s eff68000 00:05 13214                      /dev/nvidia0
7fcc48007000-7fcc48008000 rw-s 1f0f85000 00:05 13212                     /dev/nvidiactl
7fcc48008000-7fcc48009000 rw-s eff67000 00:05 13214                      /dev/nvidia0
7fcc48009000-7fcc4800a000 rw-s 19f593000 00:05 13212                     /dev/nvidiactl
7fcc4800a000-7fcc4800b000 rw-s eff66000 00:05 13214                      /dev/nvidia0
7fcc4800b000-7fcc4800c000 rw-s 1aebea000 00:05 13212                     /dev/nvidiactl
7fcc4800c000-7fcc4800d000 rw-s eff65000 00:05 13214                      /dev/nvidia0
7fcc4800d000-7fcc4800e000 rw-s 15b35f000 00:05 13212                     /dev/nvidiactl
7fcc4800e000-7fcc48015000 r--s 00000000 08:01 4203242                    /usr/lib/x86_64-linux-gnu/gconv/gconv-modules.cache
7fcc48015000-7fcc48016000 r--p 00000000 08:01 4461979                    /usr/share/locale-langpack/en_GB/LC_MESSAGES/libc.mo
7fcc48016000-7fcc48017000 rw-s eff64000 00:05 13214                      /dev/nvidia0
7fcc48017000-7fcc48a21000 rw-p 00000000 00:00 0 
7fcc48a21000-7fcc48bd2000 r--s 01d29000 08:01 4080636                    /usr/lib/jvm/java-7-openjdk-amd64/jre/lib/rt.jar
7fcc48bd2000-7fcc49000000 rw-p 00000000 00:00 0 
7fcc49000000-7fcc49270000 rwxp 00000000 00:00 0 
7fcc49270000-7fcc4d21d000 rw-p 00000000 00:00 0 
7fcc4d21d000-7fcc50000000 ---p 00000000 00:00 0 
7fcc50000000-7fcc50001000 rw-s 15b087000 00:05 13212                     /dev/nvidiactl
7fcc50001000-7fcc50002000 rw-s eff63000 00:05 13214                      /dev/nvidia0
7fcc50002000-7fcc50003000 rw-s b1bab000 00:05 13212                      /dev/nvidiactl
7fcc50003000-7fcc50004000 r--s 00002000 08:06 68771                      /home/ericbarnhill/Documents/code/jogamp/jocl/build/jar/jocl-natives-linux-amd64.jar
7fcc50004000-7fcc50006000 r--s 00000000 08:06 63540                      /home/ericbarnhill/Documents/code/jogamp/gluegen/build/gluegen-rt-natives-linux-amd64.jar
7fcc50006000-7fcc50007000 r--p 00000000 00:00 0 
7fcc50007000-7fcc5000c000 r--s 0004d000 08:01 4080643                    /usr/lib/jvm/java-7-openjdk-amd64/jre/lib/jsse.jar
7fcc5000c000-7fcc50017000 r--s 0006f000 08:06 23467237                   /home/ericbarnhill/Documents/code/jtransforms-2.4.jar
7fcc50017000-7fcc5001d000 r--s 0004f000 08:06 63508                      /home/ericbarnhill/Documents/code/jogamp/gluegen/build/gluegen-rt.jar
7fcc5001d000-7fcc50023000 r--s 00030000 08:06 68770                      /home/ericbarnhill/Documents/code/jogamp/jocl/build/jar/jocl.jar
7fcc50023000-7fcc50026000 r--s 000bd000 08:06 70280                      /home/ericbarnhill/Documents/code/jogamp/jocl-demos/build/jar/jocl-demos.jar
7fcc50026000-7fcc5002a000 r--s 00034000 08:01 4458065                    /usr/lib/jvm/java-7-openjdk-amd64/jre/lib/ext/sunjce_provider.jar
7fcc5002a000-7fcc5002e000 r--s 0003c000 08:01 4458066                    /usr/lib/jvm/java-7-openjdk-amd64/jre/lib/ext/sunpkcs11.jar
7fcc5002e000-7fcc5021e000 rw-p 00000000 00:00 0 
7fcc5021e000-7fcc5021f000 ---p 00000000 00:00 0 
7fcc5021f000-7fcc5031f000 rw-p 00000000 00:00 0                          [stack:28551]
7fcc5031f000-7fcc50320000 ---p 00000000 00:00 0 
7fcc50320000-7fcc50420000 rw-p 00000000 00:00 0                          [stack:28550]
7fcc50420000-7fcc50421000 ---p 00000000 00:00 0 
7fcc50421000-7fcc50521000 rw-p 00000000 00:00 0                          [stack:28549]
7fcc50521000-7fcc50522000 ---p 00000000 00:00 0 
7fcc50522000-7fcc5062d000 rw-p 00000000 00:00 0                          [stack:28548]
7fcc5062d000-7fcc50675000 rw-p 00000000 00:00 0 
7fcc50675000-7fcc5069e000 rw-p 00000000 00:00 0 
7fcc5069e000-7fcc50907000 rw-p 00000000 00:00 0 
7fcc50907000-7fcc50912000 rw-p 00000000 00:00 0 
7fcc50912000-7fcc5095a000 rw-p 00000000 00:00 0 
7fcc5095a000-7fcc50983000 rw-p 00000000 00:00 0 
7fcc50983000-7fcc50bec000 rw-p 00000000 00:00 0 
7fcc50bec000-7fcc50c01000 rw-p 00000000 00:00 0 
7fcc50c01000-7fcc50d35000 rw-p 00000000 00:00 0 
7fcc50d35000-7fcc50d36000 rw-p 00000000 00:00 0 
7fcc50d36000-7fcc50d3e000 r-xp 00000000 08:01 4851601                    /usr/lib/jvm/java-7-openjdk-amd64/jre/lib/amd64/libzip.so
7fcc50d3e000-7fcc50f3d000 ---p 00008000 08:01 4851601                    /usr/lib/jvm/java-7-openjdk-amd64/jre/lib/amd64/libzip.so
7fcc50f3d000-7fcc50f3e000 r--p 00007000 08:01 4851601                    /usr/lib/jvm/java-7-openjdk-amd64/jre/lib/amd64/libzip.so
7fcc50f3e000-7fcc50f3f000 rw-p 00008000 08:01 4851601                    /usr/lib/jvm/java-7-openjdk-amd64/jre/lib/amd64/libzip.so
7fcc50f3f000-7fcc50f4a000 r-xp 00000000 08:01 2104454                    /lib/x86_64-linux-gnu/libnss_files-2.19.so
7fcc50f4a000-7fcc51149000 ---p 0000b000 08:01 2104454                    /lib/x86_64-linux-gnu/libnss_files-2.19.so
7fcc51149000-7fcc5114a000 r--p 0000a000 08:01 2104454                    /lib/x86_64-linux-gnu/libnss_files-2.19.so
7fcc5114a000-7fcc5114b000 rw-p 0000b000 08:01 2104454                    /lib/x86_64-linux-gnu/libnss_files-2.19.so
7fcc5114b000-7fcc51156000 r-xp 00000000 08:01 2104474                    /lib/x86_64-linux-gnu/libnss_nis-2.19.so
7fcc51156000-7fcc51355000 ---p 0000b000 08:01 2104474                    /lib/x86_64-linux-gnu/libnss_nis-2.19.so
7fcc51355000-7fcc51356000 r--p 0000a000 08:01 2104474                    /lib/x86_64-linux-gnu/libnss_nis-2.19.so
7fcc51356000-7fcc51357000 rw-p 0000b000 08:01 2104474                    /lib/x86_64-linux-gnu/libnss_nis-2.19.so
7fcc51357000-7fcc5136e000 r-xp 00000000 08:01 2104463                    /lib/x86_64-linux-gnu/libnsl-2.19.so
7fcc5136e000-7fcc5156d000 ---p 00017000 08:01 2104463                    /lib/x86_64-linux-gnu/libnsl-2.19.so
7fcc5156d000-7fcc5156e000 r--p 00016000 08:01 2104463                    /lib/x86_64-linux-gnu/libnsl-2.19.so
7fcc5156e000-7fcc5156f000 rw-p 00017000 08:01 2104463                    /lib/x86_64-linux-gnu/libnsl-2.19.so
7fcc5156f000-7fcc51571000 rw-p 00000000 00:00 0 
7fcc51571000-7fcc5157a000 r-xp 00000000 08:01 2104462                    /lib/x86_64-linux-gnu/libnss_compat-2.19.so
7fcc5157a000-7fcc51779000 ---p 00009000 08:01 2104462                    /lib/x86_64-linux-gnu/libnss_compat-2.19.so
7fcc51779000-7fcc5177a000 r--p 00008000 08:01 2104462                    /lib/x86_64-linux-gnu/libnss_compat-2.19.so
7fcc5177a000-7fcc5177b000 rw-p 00009000 08:01 2104462                    /lib/x86_64-linux-gnu/libnss_compat-2.19.so
7fcc5177b000-7fcc517a6000 r-xp 00000000 08:01 4853689                    /usr/lib/jvm/java-7-openjdk-amd64/jre/lib/amd64/libjava.so
7fcc517a6000-7fcc519a5000 ---p 0002b000 08:01 4853689                    /usr/lib/jvm/java-7-openjdk-amd64/jre/lib/amd64/libjava.so
7fcc519a5000-7fcc519a6000 r--p 0002a000 08:01 4853689                    /usr/lib/jvm/java-7-openjdk-amd64/jre/lib/amd64/libjava.so
7fcc519a6000-7fcc519a8000 rw-p 0002b000 08:01 4853689                    /usr/lib/jvm/java-7-openjdk-amd64/jre/lib/amd64/libjava.so
7fcc519a8000-7fcc519b8000 r-xp 00000000 08:01 4853672                    /usr/lib/jvm/java-7-openjdk-amd64/jre/lib/amd64/libverify.so
7fcc519b8000-7fcc51bb7000 ---p 00010000 08:01 4853672                    /usr/lib/jvm/java-7-openjdk-amd64/jre/lib/amd64/libverify.so
7fcc51bb7000-7fcc51bb9000 r--p 0000f000 08:01 4853672                    /usr/lib/jvm/java-7-openjdk-amd64/jre/lib/amd64/libverify.so
7fcc51bb9000-7fcc51bba000 rw-p 00011000 08:01 4853672                    /usr/lib/jvm/java-7-openjdk-amd64/jre/lib/amd64/libverify.so
7fcc51bba000-7fcc51bc1000 r-xp 00000000 08:01 2104471                    /lib/x86_64-linux-gnu/librt-2.19.so
7fcc51bc1000-7fcc51dc0000 ---p 00007000 08:01 2104471                    /lib/x86_64-linux-gnu/librt-2.19.so
7fcc51dc0000-7fcc51dc1000 r--p 00006000 08:01 2104471                    /lib/x86_64-linux-gnu/librt-2.19.so
7fcc51dc1000-7fcc51dc2000 rw-p 00007000 08:01 2104471                    /lib/x86_64-linux-gnu/librt-2.19.so
7fcc51dc2000-7fcc51dd8000 r-xp 00000000 08:01 2103270                    /lib/x86_64-linux-gnu/libgcc_s.so.1
7fcc51dd8000-7fcc51fd7000 ---p 00016000 08:01 2103270                    /lib/x86_64-linux-gnu/libgcc_s.so.1
7fcc51fd7000-7fcc51fd8000 rw-p 00015000 08:01 2103270                    /lib/x86_64-linux-gnu/libgcc_s.so.1
7fcc51fd8000-7fcc520dd000 r-xp 00000000 08:01 2104453                    /lib/x86_64-linux-gnu/libm-2.19.so
7fcc520dd000-7fcc522dc000 ---p 00105000 08:01 2104453                    /lib/x86_64-linux-gnu/libm-2.19.so
7fcc522dc000-7fcc522dd000 r--p 00104000 08:01 2104453                    /lib/x86_64-linux-gnu/libm-2.19.so
7fcc522dd000-7fcc522de000 rw-p 00105000 08:01 2104453                    /lib/x86_64-linux-gnu/libm-2.19.so
7fcc522de000-7fcc523c4000 r-xp 00000000 08:01 3670377                    /usr/lib/x86_64-linux-gnu/libstdc++.so.6.0.19
7fcc523c4000-7fcc525c3000 ---p 000e6000 08:01 3670377                    /usr/lib/x86_64-linux-gnu/libstdc++.so.6.0.19
7fcc525c3000-7fcc525cb000 r--p 000e5000 08:01 3670377                    /usr/lib/x86_64-linux-gnu/libstdc++.so.6.0.19
7fcc525cb000-7fcc525cd000 rw-p 000ed000 08:01 3670377                    /usr/lib/x86_64-linux-gnu/libstdc++.so.6.0.19
7fcc525cd000-7fcc525e2000 rw-p 00000000 00:00 0 
7fcc525e2000-7fcc530fb000 r-xp 00000000 08:01 5274730                    /usr/lib/jvm/java-7-openjdk-amd64/jre/lib/amd64/server/libjvm.so
7fcc530fb000-7fcc532fb000 ---p 00b19000 08:01 5274730                    /usr/lib/jvm/java-7-openjdk-amd64/jre/lib/amd64/server/libjvm.so
7fcc532fb000-7fcc53395000 r--p 00b19000 08:01 5274730                    /usr/lib/jvm/java-7-openjdk-amd64/jre/lib/amd64/server/libjvm.so
7fcc53395000-7fcc533b8000 rw-p 00bb3000 08:01 5274730                    /usr/lib/jvm/java-7-openjdk-amd64/jre/lib/amd64/server/libjvm.so
7fcc533b8000-7fcc533e6000 rw-p 00000000 00:00 0 
7fcc533e6000-7fcc533fe000 r-xp 00000000 08:01 2103406                    /lib/x86_64-linux-gnu/libz.so.1.2.8
7fcc533fe000-7fcc535fd000 ---p 00018000 08:01 2103406                    /lib/x86_64-linux-gnu/libz.so.1.2.8
7fcc535fd000-7fcc535fe000 r--p 00017000 08:01 2103406                    /lib/x86_64-linux-gnu/libz.so.1.2.8
7fcc535fe000-7fcc535ff000 rw-p 00018000 08:01 2103406                    /lib/x86_64-linux-gnu/libz.so.1.2.8
7fcc535ff000-7fcc53618000 r-xp 00000000 08:01 2104469                    /lib/x86_64-linux-gnu/libpthread-2.19.so
7fcc53618000-7fcc53817000 ---p 00019000 08:01 2104469                    /lib/x86_64-linux-gnu/libpthread-2.19.so
7fcc53817000-7fcc53818000 r--p 00018000 08:01 2104469                    /lib/x86_64-linux-gnu/libpthread-2.19.so
7fcc53818000-7fcc53819000 rw-p 00019000 08:01 2104469                    /lib/x86_64-linux-gnu/libpthread-2.19.so
7fcc53819000-7fcc5381d000 rw-p 00000000 00:00 0 
7fcc5381d000-7fcc53820000 r-xp 00000000 08:01 2104457                    /lib/x86_64-linux-gnu/libdl-2.19.so
7fcc53820000-7fcc53a1f000 ---p 00003000 08:01 2104457                    /lib/x86_64-linux-gnu/libdl-2.19.so
7fcc53a1f000-7fcc53a20000 r--p 00002000 08:01 2104457                    /lib/x86_64-linux-gnu/libdl-2.19.so
7fcc53a20000-7fcc53a21000 rw-p 00003000 08:01 2104457                    /lib/x86_64-linux-gnu/libdl-2.19.so
7fcc53a21000-7fcc53bdc000 r-xp 00000000 08:01 2104468                    /lib/x86_64-linux-gnu/libc-2.19.so
7fcc53bdc000-7fcc53ddb000 ---p 001bb000 08:01 2104468                    /lib/x86_64-linux-gnu/libc-2.19.so
7fcc53ddb000-7fcc53ddf000 r--p 001ba000 08:01 2104468                    /lib/x86_64-linux-gnu/libc-2.19.so
7fcc53ddf000-7fcc53de1000 rw-p 001be000 08:01 2104468                    /lib/x86_64-linux-gnu/libc-2.19.so
7fcc53de1000-7fcc53de6000 rw-p 00000000 00:00 0 
7fcc53de6000-7fcc53df3000 r-xp 00000000 08:01 4997030                    /usr/lib/jvm/java-7-openjdk-amd64/jre/lib/amd64/jli/libjli.so
7fcc53df3000-7fcc53ff2000 ---p 0000d000 08:01 4997030                    /usr/lib/jvm/java-7-openjdk-amd64/jre/lib/amd64/jli/libjli.so
7fcc53ff2000-7fcc53ff3000 r--p 0000c000 08:01 4997030                    /usr/lib/jvm/java-7-openjdk-amd64/jre/lib/amd64/jli/libjli.so
7fcc53ff3000-7fcc53ff4000 rw-p 0000d000 08:01 4997030                    /usr/lib/jvm/java-7-openjdk-amd64/jre/lib/amd64/jli/libjli.so
7fcc53ff4000-7fcc54017000 r-xp 00000000 08:01 2104465                    /lib/x86_64-linux-gnu/ld-2.19.so
7fcc54017000-7fcc54018000 r--s 00002000 08:01 4457732                    /usr/lib/jvm/java-7-openjdk-amd64/jre/lib/ext/dnsns.jar
7fcc54018000-7fcc5401a000 r--s 00012000 08:01 4458090                    /usr/lib/jvm/java-7-openjdk-amd64/jre/lib/ext/zipfs.jar
7fcc5401a000-7fcc5401e000 r--s 00085000 08:01 4457243                    /usr/lib/jvm/java-7-openjdk-amd64/jre/lib/ext/localedata.jar
7fcc5401e000-7fcc54028000 rw-p 00000000 00:00 0 
7fcc54028000-7fcc540de000 rw-p 00000000 00:00 0 
7fcc540de000-7fcc540e1000 ---p 00000000 00:00 0 
7fcc540e1000-7fcc541e4000 rw-p 00000000 00:00 0                          [stack:28547]
7fcc541e4000-7fcc541e7000 r--s 0000f000 08:01 4458072                    /usr/lib/jvm/java-7-openjdk-amd64/jre/lib/ext/icedtea-sound.jar
7fcc541e7000-7fcc541e9000 r--s 00006000 08:01 4210395                    /usr/share/java/java-atk-wrapper.jar
7fcc541e9000-7fcc5420a000 rw-p 00000000 00:00 0 
7fcc5420a000-7fcc54212000 rw-s 00000000 08:01 4982138                    /tmp/hsperfdata_root/28542
7fcc54212000-7fcc54213000 rw-p 00000000 00:00 0 
7fcc54213000-7fcc54214000 r--p 00000000 00:00 0 
7fcc54214000-7fcc54216000 rw-p 00000000 00:00 0 
7fcc54216000-7fcc54217000 r--p 00022000 08:01 2104465                    /lib/x86_64-linux-gnu/ld-2.19.so
7fcc54217000-7fcc54218000 rw-p 00023000 08:01 2104465                    /lib/x86_64-linux-gnu/ld-2.19.so
7fcc54218000-7fcc54219000 rw-p 00000000 00:00 0 
7fff1f48e000-7fff1f4af000 rw-p 00000000 00:00 0                          [stack]
7fff1f50b000-7fff1f50d000 r-xp 00000000 00:00 0                          [vdso]
7fff1f50d000-7fff1f50f000 r--p 00000000 00:00 0                          [vvar]
ffffffffff600000-ffffffffff601000 r-xp 00000000 00:00 0                  [vsyscall]

VM Arguments:
jvm_args: -Dfile.encoding=UTF-8 
java_command: jvcl.GPUFFT
Launcher Type: SUN_STANDARD

Environment Variables:
PATH=/usr/local/sbin:/usr/local/bin:/usr/sbin:/usr/bin:/sbin:/bin
USERNAME=root
SHELL=/bin/bash
DISPLAY=:0

Signal Handlers:
SIGSEGV: [libjvm.so+0x94bab0], sa_mask[0]=0x7ffbfeff, sa_flags=0x10000004
SIGBUS: [libjvm.so+0x94bab0], sa_mask[0]=0x7ffbfeff, sa_flags=0x10000004
SIGFPE: [libjvm.so+0x7c38b0], sa_mask[0]=0x7ffbfeff, sa_flags=0x10000004
SIGPIPE: [libjvm.so+0x7c38b0], sa_mask[0]=0x7ffbfeff, sa_flags=0x10000004
SIGXFSZ: [libjvm.so+0x7c38b0], sa_mask[0]=0x7ffbfeff, sa_flags=0x10000004
SIGILL: [libjvm.so+0x7c38b0], sa_mask[0]=0x7ffbfeff, sa_flags=0x10000004
SIGUSR1: SIG_DFL, sa_mask[0]=0x00000000, sa_flags=0x00000000
SIGUSR2: [libjvm.so+0x7c3750], sa_mask[0]=0x00000004, sa_flags=0x10000004
SIGHUP: [libjvm.so+0x7c3930], sa_mask[0]=0x7ffbfeff, sa_flags=0x10000004
SIGINT: [libjvm.so+0x7c3930], sa_mask[0]=0x7ffbfeff, sa_flags=0x10000004
SIGTERM: [libjvm.so+0x7c3930], sa_mask[0]=0x7ffbfeff, sa_flags=0x10000004
SIGQUIT: [libjvm.so+0x7c3930], sa_mask[0]=0x7ffbfeff, sa_flags=0x10000004
SIGTRAP: SIG_DFL, sa_mask[0]=0x00000000, sa_flags=0x00000000


---------------  S Y S T E M  ---------------

OS:Ubuntu 14.04 (trusty)
uname:Linux 3.16.0-49-generic #65~14.04.1-Ubuntu SMP Wed Sep 9 10:03:23 UTC 2015 x86_64
libc:glibc 2.19 NPTL 2.19 
rlimit: STACK 8192k, CORE 0k, NPROC 31478, NOFILE 4096, AS infinity
load average:0.26 0.49 0.45

/proc/meminfo:
MemTotal:        8079900 kB
MemFree:         4055344 kB
MemAvailable:    6336012 kB
Buffers:          720268 kB
Cached:          1511968 kB
SwapCached:            0 kB
Active:          2528616 kB
Inactive:         882924 kB
Active(anon):    1180552 kB
Inactive(anon):    32212 kB
Active(file):    1348064 kB
Inactive(file):   850712 kB
Unevictable:         104 kB
Mlocked:             104 kB
SwapTotal:       9999356 kB
SwapFree:        9999356 kB
Dirty:                44 kB
Writeback:             0 kB
AnonPages:       1179412 kB
Mapped:           345952 kB
Shmem:             33476 kB
Slab:             376476 kB
SReclaimable:     335296 kB
SUnreclaim:        41180 kB
KernelStack:       10752 kB
PageTables:        33720 kB
NFS_Unstable:          0 kB
Bounce:                0 kB
WritebackTmp:          0 kB
CommitLimit:    14039304 kB
Committed_AS:    4853060 kB
VmallocTotal:   34359738367 kB
VmallocUsed:      394184 kB
VmallocChunk:   34359275188 kB
HardwareCorrupted:     0 kB
AnonHugePages:    716800 kB
HugePages_Total:       0
HugePages_Free:        0
HugePages_Rsvd:        0
HugePages_Surp:        0
Hugepagesize:       2048 kB
DirectMap4k:      298656 kB
DirectMap2M:     7993344 kB


CPU:total 4 (2 cores per cpu, 2 threads per core) family 6 model 58 stepping 9, cmov, cx8, fxsr, mmx, sse, sse2, sse3, ssse3, sse4.1, sse4.2, popcnt, avx, aes, erms, ht, tsc, tscinvbit, tscinv

/proc/cpuinfo:
processor	: 0
vendor_id	: GenuineIntel
cpu family	: 6
model		: 58
model name	: Intel(R) Core(TM) i7-3520M CPU @ 2.90GHz
stepping	: 9
microcode	: 0x19
cpu MHz		: 3452.472
cache size	: 4096 KB
physical id	: 0
siblings	: 4
core id		: 0
cpu cores	: 2
apicid		: 0
initial apicid	: 0
fpu		: yes
fpu_exception	: yes
cpuid level	: 13
wp		: yes
flags		: fpu vme de pse tsc msr pae mce cx8 apic sep mtrr pge mca cmov pat pse36 clflush dts acpi mmx fxsr sse sse2 ss ht tm pbe syscall nx rdtscp lm constant_tsc arch_perfmon pebs bts rep_good nopl xtopology nonstop_tsc aperfmperf eagerfpu pni pclmulqdq dtes64 monitor ds_cpl vmx smx est tm2 ssse3 cx16 xtpr pdcm pcid sse4_1 sse4_2 x2apic popcnt tsc_deadline_timer aes xsave avx f16c rdrand lahf_lm ida arat epb xsaveopt pln pts dtherm tpr_shadow vnmi flexpriority ept vpid fsgsbase smep erms
bogomips	: 5781.00
clflush size	: 64
cache_alignment	: 64
address sizes	: 36 bits physical, 48 bits virtual
power management:

processor	: 1
vendor_id	: GenuineIntel
cpu family	: 6
model		: 58
model name	: Intel(R) Core(TM) i7-3520M CPU @ 2.90GHz
stepping	: 9
microcode	: 0x19
cpu MHz		: 3400.023
cache size	: 4096 KB
physical id	: 0
siblings	: 4
core id		: 1
cpu cores	: 2
apicid		: 2
initial apicid	: 2
fpu		: yes
fpu_exception	: yes
cpuid level	: 13
wp		: yes
flags		: fpu vme de pse tsc msr pae mce cx8 apic sep mtrr pge mca cmov pat pse36 clflush dts acpi mmx fxsr sse sse2 ss ht tm pbe syscall nx rdtscp lm constant_tsc arch_perfmon pebs bts rep_good nopl xtopology nonstop_tsc aperfmperf eagerfpu pni pclmulqdq dtes64 monitor ds_cpl vmx smx est tm2 ssse3 cx16 xtpr pdcm pcid sse4_1 sse4_2 x2apic popcnt tsc_deadline_timer aes xsave avx f16c rdrand lahf_lm ida arat epb xsaveopt pln pts dtherm tpr_shadow vnmi flexpriority ept vpid fsgsbase smep erms
bogomips	: 5781.00
clflush size	: 64
cache_alignment	: 64
address sizes	: 36 bits physical, 48 bits virtual
power management:

processor	: 2
vendor_id	: GenuineIntel
cpu family	: 6
model		: 58
model name	: Intel(R) Core(TM) i7-3520M CPU @ 2.90GHz
stepping	: 9
microcode	: 0x19
cpu MHz		: 3486.910
cache size	: 4096 KB
physical id	: 0
siblings	: 4
core id		: 0
cpu cores	: 2
apicid		: 1
initial apicid	: 1
fpu		: yes
fpu_exception	: yes
cpuid level	: 13
wp		: yes
flags		: fpu vme de pse tsc msr pae mce cx8 apic sep mtrr pge mca cmov pat pse36 clflush dts acpi mmx fxsr sse sse2 ss ht tm pbe syscall nx rdtscp lm constant_tsc arch_perfmon pebs bts rep_good nopl xtopology nonstop_tsc aperfmperf eagerfpu pni pclmulqdq dtes64 monitor ds_cpl vmx smx est tm2 ssse3 cx16 xtpr pdcm pcid sse4_1 sse4_2 x2apic popcnt tsc_deadline_timer aes xsave avx f16c rdrand lahf_lm ida arat epb xsaveopt pln pts dtherm tpr_shadow vnmi flexpriority ept vpid fsgsbase smep erms
bogomips	: 5781.00
clflush size	: 64
cache_alignment	: 64
address sizes	: 36 bits physical, 48 bits virtual
power management:

processor	: 3
vendor_id	: GenuineIntel
cpu family	: 6
model		: 58
model name	: Intel(R) Core(TM) i7-3520M CPU @ 2.90GHz
stepping	: 9
microcode	: 0x19
cpu MHz		: 3400.023
cache size	: 4096 KB
physical id	: 0
siblings	: 4
core id		: 1
cpu cores	: 2
apicid		: 3
initial apicid	: 3
fpu		: yes
fpu_exception	: yes
cpuid level	: 13
wp		: yes
flags		: fpu vme de pse tsc msr pae mce cx8 apic sep mtrr pge mca cmov pat pse36 clflush dts acpi mmx fxsr sse sse2 ss ht tm pbe syscall nx rdtscp lm constant_tsc arch_perfmon pebs bts rep_good nopl xtopology nonstop_tsc aperfmperf eagerfpu pni pclmulqdq dtes64 monitor ds_cpl vmx smx est tm2 ssse3 cx16 xtpr pdcm pcid sse4_1 sse4_2 x2apic popcnt tsc_deadline_timer aes xsave avx f16c rdrand lahf_lm ida arat epb xsaveopt pln pts dtherm tpr_shadow vnmi flexpriority ept vpid fsgsbase smep erms
bogomips	: 5781.00
clflush size	: 64
cache_alignment	: 64
address sizes	: 36 bits physical, 48 bits virtual
power management:



Memory: 4k page, physical 8079900k(4055344k free), swap 9999356k(9999356k free)

vm_info: OpenJDK 64-Bit Server VM (24.79-b02) for linux-amd64 JRE (1.7.0_79-b14), built on Jul 24 2015 08:15:54 by "buildd" with gcc 4.8.2

time: Sun Oct  4 10:55:29 2015
elapsed time: 0 seconds

