#
# A fatal error has been detected by the Java Runtime Environment:
#
#  SIGSEGV (0xb) at pc=0x00007f4dcdc984ac, pid=26267, tid=139972464371456
#
# JRE version: OpenJDK Runtime Environment (7.0_79-b14) (build 1.7.0_79-b14)
# Java VM: OpenJDK 64-Bit Server VM (24.79-b02 mixed mode linux-amd64 compressed oops)
# Derivative: IcedTea 2.5.6
# Distribution: Ubuntu 14.04 LTS, package 7u79-2.5.6-0ubuntu1.14.04.1
# Problematic frame:
# C  [libOpenCL.so.1+0x54ac]  clCreateBuffer+0xc
#
# Failed to write core dump. Core dumps have been disabled. To enable core dumping, try "ulimit -c unlimited" before starting Java again
#
# If you would like to submit a bug report, please include
# instructions on how to reproduce the bug and visit:
#   http://icedtea.classpath.org/bugzilla
# The crash happened outside the Java Virtual Machine in native code.
# See problematic frame for where to report the bug.
#

---------------  T H R E A D  ---------------

Current thread (0x00007f4dd800a000):  JavaThread "main" [_thread_in_native, id=26272, stack(0x00007f4de0f46000,0x00007f4de1047000)]

siginfo:si_signo=SIGSEGV: si_errno=0, si_code=128 (), si_addr=0x0000000000000000

Registers:
RAX=0x5f6176616a4c5a49, RBX=0x000000077a6fb2e0, RCX=0x0000000000000000, RDX=0x0000000000000004
RSP=0x00007f4de1044fa8, RBP=0x00007f4de1045010, RSI=0x0000000000000001, RDI=0x00007f4dd8f977f0
R8 =0x00000007d759ebc0, R9 =0x0000000000000000, R10=0x00007f4dd5012d6c, R11=0x00007f4ddfca72f0
R12=0x0000000000000000, R13=0x000000077a6fb2e0, R14=0x00007f4de1045168, R15=0x00007f4dd800a000
RIP=0x00007f4dcdc984ac, EFLAGS=0x0000000000010206, CSGSFS=0x0000000000000033, ERR=0x0000000000000000
  TRAPNO=0x000000000000000d

Top of Stack: (sp=0x00007f4de1044fa8)
0x00007f4de1044fa8:   00007f4dccbe73c2 00007f4dd8f977f0
0x00007f4de1044fb8:   0000000100000000 0000000000000000
0x00007f4de1044fc8:   0000000000000004 0000000000000001
0x00007f4de1044fd8:   00007f4dd8f977f0 00007f4de1045168
0x00007f4de1044fe8:   00007f4dd800a1d8 0000000000000000
0x00007f4de1044ff8:   00000007d759ebc0 00007f4dcdc984a0
0x00007f4de1045008:   00007f4dd5012c2d 00007f4de10450d8
0x00007f4de1045018:   00007f4dd5012d98 0000000000000000
0x00007f4de1045028:   0000000000000001 00007f4de1045118
0x00007f4de1045038:   0000000000000000 0000000000000000
0x00007f4de1045048:   00007f4dcdc984a0 00007f4dd5005310
0x00007f4de1045058:   0000000000000000 00007f4de10451b0
0x00007f4de1045068:   00007f4de10450f8 00007f4dd800ace8
0x00007f4de1045078:   00007f4dd800ace8 00007f4dd800ad18
0x00007f4de1045088:   00007f4dd800ad18 00000000fffffffe
0x00007f4de1045098:   00007f4de1045098 000000077a6fb2e0
0x00007f4de10450a8:   00007f4de1045168 000000077a70a670
0x00007f4de10450b8:   0000000000000000 000000077a6fb2e0
0x00007f4de10450c8:   0000000000000000 00007f4de10450f8
0x00007f4de10450d8:   00007f4de10451b0 00007f4dd5006175
0x00007f4de10450e8:   0000000000000000 00007f4dd500ecd7
0x00007f4de10450f8:   00007f4dcdc984a0 0000000000000000
0x00007f4de1045108:   0000000000000000 0000000000000000
0x00007f4de1045118:   00000007d759ebb0 0000000000000001
0x00007f4de1045128:   0000000000000000 0000000000000000
0x00007f4de1045138:   0000000000000004 00007f4de1045220
0x00007f4de1045148:   0000000000000001 00007f4de10451b0
0x00007f4de1045158:   00007f4dd8f977f0 00007f4dcdc984a0
0x00007f4de1045168:   00000007d73d98d0 00007f4de1045170
0x00007f4de1045178:   000000077a6fb4de 00007f4de1045220
0x00007f4de1045188:   000000077a70a670 0000000000000000
0x00007f4de1045198:   000000077a6fb4f0 00007f4de10450f8 

Instructions: (pc=0x00007f4dcdc984ac)
0x00007f4dcdc9848c:   ff e0 66 90 48 85 c9 74 06 c7 01 de ff ff ff 31
0x00007f4dcdc9849c:   c0 c3 66 90 48 85 ff 74 0b 48 8b 07 48 8b 40 70
0x00007f4dcdc984ac:   ff e0 66 90 4d 85 c0 74 07 41 c7 00 de ff ff ff
0x00007f4dcdc984bc:   31 c0 c3 90 48 85 ff 4c 8b 54 24 08 48 8b 44 24 

Register to memory mapping:

RAX=0x5f6176616a4c5a49 is an unknown value
RBX=0x000000077a6fb2e0 is an oop
{method} 
 - klass: {other class}
RCX=0x0000000000000000 is an unknown value
RDX=0x0000000000000004 is an unknown value
RSP=0x00007f4de1044fa8 is pointing into the stack for thread: 0x00007f4dd800a000
RBP=0x00007f4de1045010 is pointing into the stack for thread: 0x00007f4dd800a000
RSI=0x0000000000000001 is an unknown value
RDI=0x00007f4dd8f977f0 is an unknown value
R8 =0x00000007d759ebc0 is an unknown value
R9 =0x0000000000000000 is an unknown value
R10=0x00007f4dd5012d6c is at code_begin+620 in an Interpreter codelet
method entry point (kind = native)  [0x00007f4dd5012b00, 0x00007f4dd5013360]  2144 bytes
R11=0x00007f4ddfca72f0: <offset 0x85d2f0> in /usr/lib/jvm/java-7-openjdk-amd64/jre/lib/amd64/server/libjvm.so at 0x00007f4ddf44a000
R12=0x0000000000000000 is an unknown value
R13=0x000000077a6fb2e0 is an oop
{method} 
 - klass: {other class}
R14=0x00007f4de1045168 is pointing into the stack for thread: 0x00007f4dd800a000
R15=0x00007f4dd800a000 is a thread


Stack: [0x00007f4de0f46000,0x00007f4de1047000],  sp=0x00007f4de1044fa8,  free space=1019k
Native frames: (J=compiled Java code, j=interpreted, Vv=VM code, C=native code)
C  [libOpenCL.so.1+0x54ac]  clCreateBuffer+0xc
j  com.jogamp.opencl.llb.impl.CLAbstractImpl.dispatch_clCreateBuffer1(JJJLjava/lang/Object;IZLjava/lang/Object;IZJ)J+0
j  com.jogamp.opencl.llb.impl.CLAbstractImpl.clCreateBuffer(JJJLjava/nio/Buffer;[II)J+150
j  com.jogamp.opencl.CLBuffer.create(Lcom/jogamp/opencl/CLContext;Ljava/nio/Buffer;I)Lcom/jogamp/opencl/CLBuffer;+68
j  com.jogamp.opencl.CLContext.createBuffer(Ljava/nio/Buffer;I)Lcom/jogamp/opencl/CLBuffer;+3
j  com.jogamp.opencl.CLContext.createBuffer(Ljava/nio/Buffer;[Lcom/jogamp/opencl/CLMemory$Mem;)Lcom/jogamp/opencl/CLBuffer;+6
j  com.jogamp.opencl.CLContext.createFloatBuffer(I[Lcom/jogamp/opencl/CLMemory$Mem;)Lcom/jogamp/opencl/CLBuffer;+6
j  jvcl.GPUFFT.fft_simple([F[F)V+221
j  jvcl.GPUFFT.fft_simple([F[F)V+198
j  jvcl.GPUFFT.fft_simple([F[F)V+198
j  jvcl.GPUFFT.fft_simple([F[F)V+198
j  jvcl.GPUFFT.fft_simple([F[F)V+198
j  jvcl.GPUFFT.fft_simple([F[F)V+198
j  jvcl.GPUFFT.main([Ljava/lang/String;)V+77
v  ~StubRoutines::call_stub
V  [libjvm.so+0x5e80c9]  JavaCalls::call_helper(JavaValue*, methodHandle*, JavaCallArguments*, Thread*)+0x339
V  [libjvm.so+0x5e7b68]  JavaCalls::call(JavaValue*, methodHandle, JavaCallArguments*, Thread*)+0x28
V  [libjvm.so+0x5f6c9b]  jni_invoke_static(JNIEnv_*, JavaValue*, _jobject*, JNICallType, _jmethodID*, JNI_ArgumentPusher*, Thread*) [clone .isra.124] [clone .constprop.156]+0x28b
V  [libjvm.so+0x607f08]  jni_CallStaticVoidMethod+0x118
C  [libjli.so+0x31f9]

Java frames: (J=compiled Java code, j=interpreted, Vv=VM code)
j  com.jogamp.opencl.llb.impl.CLAbstractImpl.dispatch_clCreateBuffer1(JJJLjava/lang/Object;IZLjava/lang/Object;IZJ)J+0
j  com.jogamp.opencl.llb.impl.CLAbstractImpl.clCreateBuffer(JJJLjava/nio/Buffer;[II)J+150
j  com.jogamp.opencl.CLBuffer.create(Lcom/jogamp/opencl/CLContext;Ljava/nio/Buffer;I)Lcom/jogamp/opencl/CLBuffer;+68
j  com.jogamp.opencl.CLContext.createBuffer(Ljava/nio/Buffer;I)Lcom/jogamp/opencl/CLBuffer;+3
j  com.jogamp.opencl.CLContext.createBuffer(Ljava/nio/Buffer;[Lcom/jogamp/opencl/CLMemory$Mem;)Lcom/jogamp/opencl/CLBuffer;+6
j  com.jogamp.opencl.CLContext.createFloatBuffer(I[Lcom/jogamp/opencl/CLMemory$Mem;)Lcom/jogamp/opencl/CLBuffer;+6
j  jvcl.GPUFFT.fft_simple([F[F)V+221
j  jvcl.GPUFFT.fft_simple([F[F)V+198
j  jvcl.GPUFFT.fft_simple([F[F)V+198
j  jvcl.GPUFFT.fft_simple([F[F)V+198
j  jvcl.GPUFFT.fft_simple([F[F)V+198
j  jvcl.GPUFFT.fft_simple([F[F)V+198
j  jvcl.GPUFFT.main([Ljava/lang/String;)V+77
v  ~StubRoutines::call_stub

---------------  P R O C E S S  ---------------

Java Threads: ( => current thread )
  0x00007f4dd818f800 JavaThread "process reaper" daemon [_thread_blocked, id=26289, stack(0x00007f4ddc04e000,0x00007f4ddc087000)]
  0x00007f4dd80ae800 JavaThread "Service Thread" daemon [_thread_blocked, id=26284, stack(0x00007f4dd41f2000,0x00007f4dd42f3000)]
  0x00007f4dd80ac000 JavaThread "C2 CompilerThread1" daemon [_thread_blocked, id=26283, stack(0x00007f4dd42f3000,0x00007f4dd43f4000)]
  0x00007f4dd80a9800 JavaThread "C2 CompilerThread0" daemon [_thread_blocked, id=26282, stack(0x00007f4dd43f4000,0x00007f4dd44f5000)]
  0x00007f4dd80a7000 JavaThread "Signal Dispatcher" daemon [_thread_blocked, id=26281, stack(0x00007f4dd44f5000,0x00007f4dd45f6000)]
  0x00007f4dd807c000 JavaThread "Finalizer" daemon [_thread_blocked, id=26279, stack(0x00007f4dd45f6000,0x00007f4dd46f7000)]
  0x00007f4dd807a000 JavaThread "Reference Handler" daemon [_thread_blocked, id=26278, stack(0x00007f4dd46f7000,0x00007f4dd47f8000)]
=>0x00007f4dd800a000 JavaThread "main" [_thread_in_native, id=26272, stack(0x00007f4de0f46000,0x00007f4de1047000)]

Other Threads:
  0x00007f4dd8075800 VMThread [stack: 0x00007f4dd47f8000,0x00007f4dd48f9000] [id=26277]
  0x00007f4dd80b9800 WatcherThread [stack: 0x00007f4dd40f1000,0x00007f4dd41f2000] [id=26285]

VM state:not at safepoint (normal execution)

VM Mutex/Monitor currently owned by a thread: None

Heap
 PSYoungGen      total 37376K, used 8396K [0x00000007d6e00000, 0x00000007d9780000, 0x0000000800000000)
  eden space 32256K, 26% used [0x00000007d6e00000,0x00000007d7633318,0x00000007d8d80000)
  from space 5120K, 0% used [0x00000007d9280000,0x00000007d9280000,0x00000007d9780000)
  to   space 5120K, 0% used [0x00000007d8d80000,0x00000007d8d80000,0x00000007d9280000)
 ParOldGen       total 83968K, used 0K [0x0000000784a00000, 0x0000000789c00000, 0x00000007d6e00000)
  object space 83968K, 0% used [0x0000000784a00000,0x0000000784a00000,0x0000000789c00000)
 PSPermGen       total 21504K, used 5986K [0x000000077a400000, 0x000000077b900000, 0x0000000784a00000)
  object space 21504K, 27% used [0x000000077a400000,0x000000077a9d8988,0x000000077b900000)

Card table byte_map: [0x00007f4ddd76f000,0x00007f4dddb9e000] byte_map_base: 0x00007f4dd9b9d000

Polling page: 0x00007f4de107b000

Code Cache  [0x00007f4dd5000000, 0x00007f4dd5270000, 0x00007f4dd8000000)
 total_blobs=392 nmethods=18 adapters=328 free_code_cache=48620Kb largest_free_block=49770048

Compilation events (10 events):
Event: 0.175 Thread 0x00007f4dd80a9800 nmethod 14 0x00007f4dd50778d0 code [0x00007f4dd5077a20, 0x00007f4dd5077bd8]
Event: 0.178 Thread 0x00007f4dd80ac000 nmethod 13 0x00007f4dd507d910 code [0x00007f4dd507db60, 0x00007f4dd507ebd8]
Event: 0.181 Thread 0x00007f4dd80a9800   15             java.lang.String::length (6 bytes)
Event: 0.182 Thread 0x00007f4dd80a9800 nmethod 15 0x00007f4dd5078410 code [0x00007f4dd5078540, 0x00007f4dd50785b8]
Event: 0.184 Thread 0x00007f4dd80ac000   16             java.lang.Math::min (11 bytes)
Event: 0.184 Thread 0x00007f4dd80ac000 nmethod 16 0x00007f4dd5078250 code [0x00007f4dd5078380, 0x00007f4dd50783b8]
Event: 0.335 Thread 0x00007f4dd80a9800   17   !         java.io.BufferedReader::readLine (304 bytes)
Event: 0.335 Thread 0x00007f4dd80ac000   18             sun.nio.cs.UTF_8$Decoder::decodeArrayLoop (543 bytes)
Event: 0.349 Thread 0x00007f4dd80a9800 nmethod 17 0x00007f4dd5086150 code [0x00007f4dd5086300, 0x00007f4dd5087130]
Event: 0.356 Thread 0x00007f4dd80ac000 nmethod 18 0x00007f4dd5087710 code [0x00007f4dd50879a0, 0x00007f4dd5088530]

GC Heap History (0 events):
No events

Deoptimization events (0 events):
No events

Internal exceptions (10 events):
Event: 0.192 Thread 0x00007f4dd800a000 Threw 0x00000007d74da0d8 at /build/openjdk-7-FO0dNI/openjdk-7-7u79-2.5.6/build/openjdk/hotspot/src/share/vm/prims/jvm.cpp:1284
Event: 0.211 Thread 0x00007f4dd800a000 Threw 0x00000007d74de8f8 at /build/openjdk-7-FO0dNI/openjdk-7-7u79-2.5.6/build/openjdk/hotspot/src/share/vm/prims/jvm.cpp:1284
Event: 0.212 Thread 0x00007f4dd800a000 Threw 0x00000007d74eb1b8 at /build/openjdk-7-FO0dNI/openjdk-7-7u79-2.5.6/build/openjdk/hotspot/src/share/vm/prims/jvm.cpp:1284
Event: 0.212 Thread 0x00007f4dd800a000 Threw 0x00000007d74ef1a0 at /build/openjdk-7-FO0dNI/openjdk-7-7u79-2.5.6/build/openjdk/hotspot/src/share/vm/prims/jvm.cpp:1284
Event: 0.213 Thread 0x00007f4dd800a000 Threw 0x00000007d7519808 at /build/openjdk-7-FO0dNI/openjdk-7-7u79-2.5.6/build/openjdk/hotspot/src/share/vm/prims/jvm.cpp:1284
Event: 0.214 Thread 0x00007f4dd800a000 Threw 0x00000007d751d838 at /build/openjdk-7-FO0dNI/openjdk-7-7u79-2.5.6/build/openjdk/hotspot/src/share/vm/prims/jvm.cpp:1284
Event: 0.215 Thread 0x00007f4dd800a000 Threw 0x00000007d75234d8 at /build/openjdk-7-FO0dNI/openjdk-7-7u79-2.5.6/build/openjdk/hotspot/src/share/vm/prims/jvm.cpp:1284
Event: 0.215 Thread 0x00007f4dd800a000 Threw 0x00000007d752b228 at /build/openjdk-7-FO0dNI/openjdk-7-7u79-2.5.6/build/openjdk/hotspot/src/share/vm/prims/jvm.cpp:1284
Event: 0.219 Thread 0x00007f4dd800a000 Threw 0x00000007d753c110 at /build/openjdk-7-FO0dNI/openjdk-7-7u79-2.5.6/build/openjdk/hotspot/src/share/vm/prims/jvm.cpp:1284
Event: 0.405 Thread 0x00007f4dd800a000 Threw 0x00000007d759b160 at /build/openjdk-7-FO0dNI/openjdk-7-7u79-2.5.6/build/openjdk/hotspot/src/share/vm/prims/jvm.cpp:1284

Events (10 events):
Event: 0.219 loading class 0x00007f4dd80fd890
Event: 0.219 loading class 0x00007f4dd80fd890 done
Event: 0.361 loading class 0x00007f4ddcbe69b0
Event: 0.361 loading class 0x00007f4ddcbe69b0 done
Event: 0.361 loading class 0x00007f4ddcbe69e0
Event: 0.361 loading class 0x00007f4ddcbe69e0 done
Event: 0.405 loading class 0x00007f4dd80fd920
Event: 0.405 loading class 0x00007f4dd80fd920 done
Event: 0.406 loading class 0x00007f4dd8011ae0
Event: 0.406 loading class 0x00007f4dd8011ae0 done


Dynamic libraries:
00400000-00401000 r-xp 00000000 08:01 5389623                            /usr/lib/jvm/java-7-openjdk-amd64/jre/bin/java
00600000-00601000 r--p 00000000 08:01 5389623                            /usr/lib/jvm/java-7-openjdk-amd64/jre/bin/java
00601000-00602000 rw-p 00001000 08:01 5389623                            /usr/lib/jvm/java-7-openjdk-amd64/jre/bin/java
014b4000-014d5000 rw-p 00000000 00:00 0                                  [heap]
200000000-700000000 ---p 00000000 00:00 0 
77a400000-77b900000 rw-p 00000000 00:00 0 
77b900000-784a00000 rw-p 00000000 00:00 0 
784a00000-789c00000 rw-p 00000000 00:00 0 
789c00000-7d6e00000 rw-p 00000000 00:00 0 
7d6e00000-7d9780000 rw-p 00000000 00:00 0 
7d9780000-800000000 rw-p 00000000 00:00 0 
7f4d5effe000-7f4d5efff000 ---p 00000000 00:00 0 
7f4d5efff000-7f4d5f7ff000 rw-p 00000000 00:00 0 
7f4d5f7ff000-7f4d5f800000 ---p 00000000 00:00 0 
7f4d5f800000-7f4d60000000 rw-p 00000000 00:00 0 
7f4d60000000-7f4d60021000 rw-p 00000000 00:00 0 
7f4d60021000-7f4d64000000 ---p 00000000 00:00 0 
7f4d641f9000-7f4d641fa000 ---p 00000000 00:00 0 
7f4d641fa000-7f4d649fa000 rw-p 00000000 00:00 0 
7f4d64ffa000-7f4d64ffb000 ---p 00000000 00:00 0 
7f4d64ffb000-7f4d657fb000 rw-p 00000000 00:00 0 
7f4d657fb000-7f4d657fc000 ---p 00000000 00:00 0 
7f4d657fc000-7f4d65ffc000 rw-p 00000000 00:00 0                          [stack:26329]
7f4d65ffc000-7f4d65ffd000 ---p 00000000 00:00 0 
7f4d65ffd000-7f4d667fd000 rw-p 00000000 00:00 0                          [stack:26328]
7f4d667fd000-7f4d667fe000 ---p 00000000 00:00 0 
7f4d667fe000-7f4d66ffe000 rw-p 00000000 00:00 0                          [stack:26327]
7f4d66ffe000-7f4d66fff000 ---p 00000000 00:00 0 
7f4d66fff000-7f4d677ff000 rw-p 00000000 00:00 0                          [stack:26326]
7f4d677ff000-7f4d67800000 ---p 00000000 00:00 0 
7f4d67800000-7f4d68000000 rw-p 00000000 00:00 0                          [stack:26325]
7f4d68000000-7f4d68021000 rw-p 00000000 00:00 0 
7f4d68021000-7f4d6c000000 ---p 00000000 00:00 0 
7f4d6c699000-7f4d6c7fa000 rw-p 00000000 00:00 0 
7f4d6c7fa000-7f4d6c8fa000 rw-s 524b3000 00:05 13212                      /dev/nvidiactl
7f4d6c8fa000-7f4d6c9fa000 rw-s 9d86f000 00:05 13212                      /dev/nvidiactl
7f4d6c9fa000-7f4d6cafa000 rw-s ad129000 00:05 13212                      /dev/nvidiactl
7f4d6cafa000-7f4d6cbfa000 rw-s b9664000 00:05 13212                      /dev/nvidiactl
7f4d6cbfa000-7f4d6cffa000 rw-s 15b156000 00:05 13212                     /dev/nvidiactl
7f4d6cffa000-7f4d6cffb000 ---p 00000000 00:00 0 
7f4d6cffb000-7f4d6d7fb000 rw-p 00000000 00:00 0                          [stack:26324]
7f4d6d7fb000-7f4d6d7fc000 ---p 00000000 00:00 0 
7f4d6d7fc000-7f4d6dffc000 rw-p 00000000 00:00 0                          [stack:26323]
7f4d6dffc000-7f4d6dffd000 ---p 00000000 00:00 0 
7f4d6dffd000-7f4d6e7fd000 rw-p 00000000 00:00 0                          [stack:26322]
7f4d6e7fd000-7f4d6e7fe000 ---p 00000000 00:00 0 
7f4d6e7fe000-7f4d6effe000 rw-p 00000000 00:00 0                          [stack:26321]
7f4d6effe000-7f4d6efff000 ---p 00000000 00:00 0 
7f4d6efff000-7f4d6f7ff000 rw-p 00000000 00:00 0                          [stack:26320]
7f4d6f7ff000-7f4d6f800000 ---p 00000000 00:00 0 
7f4d6f800000-7f4d70000000 rw-p 00000000 00:00 0                          [stack:26319]
7f4d70000000-7f4d70021000 rw-p 00000000 00:00 0 
7f4d70021000-7f4d74000000 ---p 00000000 00:00 0 
7f4d740fa000-7f4d741fa000 rw-s 6cacc000 00:05 13212                      /dev/nvidiactl
7f4d741fa000-7f4d745fa000 rw-s 19da22000 00:05 13212                     /dev/nvidiactl
7f4d745fa000-7f4d746fa000 rw-s 1b926e000 00:05 13212                     /dev/nvidiactl
7f4d746fa000-7f4d747fa000 rw-s 8376d000 00:05 13212                      /dev/nvidiactl
7f4d747fa000-7f4d748fa000 rw-s 524e7000 00:05 13212                      /dev/nvidiactl
7f4d748fa000-7f4d749fa000 rw-s 46ac3000 00:05 13212                      /dev/nvidiactl
7f4d749fa000-7f4d74afa000 rw-s 1b922d000 00:05 13212                     /dev/nvidiactl
7f4d74afa000-7f4d74bfa000 rw-s 16dc24000 00:05 13212                     /dev/nvidiactl
7f4d74bfa000-7f4d74ffa000 rw-s 15b010000 00:05 13212                     /dev/nvidiactl
7f4d74ffa000-7f4d74ffb000 ---p 00000000 00:00 0 
7f4d74ffb000-7f4d757fb000 rw-p 00000000 00:00 0                          [stack:26318]
7f4d757fb000-7f4d757fc000 ---p 00000000 00:00 0 
7f4d757fc000-7f4d75ffc000 rw-p 00000000 00:00 0                          [stack:26317]
7f4d75ffc000-7f4d75ffd000 ---p 00000000 00:00 0 
7f4d75ffd000-7f4d767fd000 rw-p 00000000 00:00 0                          [stack:26316]
7f4d767fd000-7f4d767fe000 ---p 00000000 00:00 0 
7f4d767fe000-7f4d76ffe000 rw-p 00000000 00:00 0                          [stack:26315]
7f4d76ffe000-7f4d76fff000 ---p 00000000 00:00 0 
7f4d76fff000-7f4d777ff000 rw-p 00000000 00:00 0                          [stack:26314]
7f4d777ff000-7f4d77800000 ---p 00000000 00:00 0 
7f4d77800000-7f4d78000000 rw-p 00000000 00:00 0                          [stack:26313]
7f4d78000000-7f4d78021000 rw-p 00000000 00:00 0 
7f4d78021000-7f4d7c000000 ---p 00000000 00:00 0 
7f4d7c0ae000-7f4d7c0fa000 rw-s 46bf6000 00:05 13212                      /dev/nvidiactl
7f4d7c0fa000-7f4d7c4fa000 rw-s 19992e000 00:05 13212                     /dev/nvidiactl
7f4d7c4fa000-7f4d7c5fa000 rw-s bcc40000 00:05 13212                      /dev/nvidiactl
7f4d7c5fa000-7f4d7c6fa000 rw-s 7ad67000 00:05 13212                      /dev/nvidiactl
7f4d7c6fa000-7f4d7c7fa000 rw-s 1ee9d0000 00:05 13212                     /dev/nvidiactl
7f4d7c7fa000-7f4d7cbfa000 rw-s 19c0c7000 00:05 13212                     /dev/nvidiactl
7f4d7cbfa000-7f4d7cffa000 rw-s 52771000 00:05 13212                      /dev/nvidiactl
7f4d7cffa000-7f4d7cffb000 ---p 00000000 00:00 0 
7f4d7cffb000-7f4d7d7fb000 rw-p 00000000 00:00 0                          [stack:26312]
7f4d7d7fb000-7f4d7d7fc000 ---p 00000000 00:00 0 
7f4d7d7fc000-7f4d7dffc000 rw-p 00000000 00:00 0                          [stack:26311]
7f4d7dffc000-7f4d7dffd000 ---p 00000000 00:00 0 
7f4d7dffd000-7f4d7e7fd000 rw-p 00000000 00:00 0                          [stack:26310]
7f4d7e7fd000-7f4d7e7fe000 ---p 00000000 00:00 0 
7f4d7e7fe000-7f4d7effe000 rw-p 00000000 00:00 0                          [stack:26309]
7f4d7effe000-7f4d7efff000 ---p 00000000 00:00 0 
7f4d7efff000-7f4d7f7ff000 rw-p 00000000 00:00 0                          [stack:26308]
7f4d7f7ff000-7f4d7f800000 ---p 00000000 00:00 0 
7f4d7f800000-7f4d80000000 rw-p 00000000 00:00 0                          [stack:26307]
7f4d80000000-7f4d80021000 rw-p 00000000 00:00 0 
7f4d80021000-7f4d84000000 ---p 00000000 00:00 0 
7f4d84002000-7f4d84022000 rw-s e0280000 00:05 13214                      /dev/nvidia0
7f4d84022000-7f4d84042000 rw-s e0260000 00:05 13214                      /dev/nvidia0
7f4d84042000-7f4d8408e000 rw-s 46aaf000 00:05 13212                      /dev/nvidiactl
7f4d8408e000-7f4d840ae000 rw-s e0240000 00:05 13214                      /dev/nvidia0
7f4d840ae000-7f4d840fa000 rw-s 7af6b000 00:05 13212                      /dev/nvidiactl
7f4d840fa000-7f4d841fa000 rw-s 1b9190000 00:05 13212                     /dev/nvidiactl
7f4d841fa000-7f4d842fa000 rw-s 19db0f000 00:05 13212                     /dev/nvidiactl
7f4d842fa000-7f4d843fa000 rw-s 1e1089000 00:05 13212                     /dev/nvidiactl
7f4d843fa000-7f4d844fa000 rw-s 527b9000 00:05 13212                      /dev/nvidiactl
7f4d844fa000-7f4d845fa000 rw-s 19f550000 00:05 13212                     /dev/nvidiactl
7f4d845fa000-7f4d846fa000 rw-s 15b1da000 00:05 13212                     /dev/nvidiactl
7f4d846fa000-7f4d847fa000 rw-s 1b2716000 00:05 13212                     /dev/nvidiactl
7f4d847fa000-7f4d84bfa000 rw-s 7adf7000 00:05 13212                      /dev/nvidiactl
7f4d84bfa000-7f4d84ffa000 rw-s 837b8000 00:05 13212                      /dev/nvidiactl
7f4d84ffa000-7f4d84ffb000 ---p 00000000 00:00 0 
7f4d84ffb000-7f4d857fb000 rw-p 00000000 00:00 0                          [stack:26306]
7f4d857fb000-7f4d857fc000 ---p 00000000 00:00 0 
7f4d857fc000-7f4d85ffc000 rw-p 00000000 00:00 0                          [stack:26305]
7f4d85ffc000-7f4d85ffd000 ---p 00000000 00:00 0 
7f4d85ffd000-7f4d867fd000 rw-p 00000000 00:00 0                          [stack:26304]
7f4d867fd000-7f4d867fe000 ---p 00000000 00:00 0 
7f4d867fe000-7f4d86ffe000 rw-p 00000000 00:00 0                          [stack:26303]
7f4d86ffe000-7f4d86fff000 ---p 00000000 00:00 0 
7f4d86fff000-7f4d877ff000 rw-p 00000000 00:00 0                          [stack:26302]
7f4d877ff000-7f4d87800000 ---p 00000000 00:00 0 
7f4d87800000-7f4d88000000 rw-p 00000000 00:00 0                          [stack:26301]
7f4d88000000-7f4d88021000 rw-p 00000000 00:00 0 
7f4d88021000-7f4d8c000000 ---p 00000000 00:00 0 
7f4d8c000000-7f4d8c021000 rw-p 00000000 00:00 0 
7f4d8c021000-7f4d90000000 ---p 00000000 00:00 0 
7f4d90009000-7f4d90109000 rw-s 1eeb61000 00:05 13212                     /dev/nvidiactl
7f4d90109000-7f4d90209000 rw-s 1f0d67000 00:05 13212                     /dev/nvidiactl
7f4d90209000-7f4d90309000 rw-s 469e0000 00:05 13212                      /dev/nvidiactl
7f4d90309000-7f4d90409000 rw-s 173aef000 00:05 13212                     /dev/nvidiactl
7f4d90409000-7f4d90509000 rw-s 1f0c6b000 00:05 13212                     /dev/nvidiactl
7f4d90509000-7f4d90609000 rw-s 1f1475000 00:05 13212                     /dev/nvidiactl
7f4d90609000-7f4d90a09000 rw-s bc894000 00:05 13212                      /dev/nvidiactl
7f4d90a09000-7f4d90e09000 rw-s 20259d000 00:05 13212                     /dev/nvidiactl
7f4d90e09000-7f4d90e0a000 ---p 00000000 00:00 0 
7f4d90e0a000-7f4d9160a000 rw-p 00000000 00:00 0                          [stack:26300]
7f4d9160a000-7f4d92d4d000 r-xp 00000000 08:01 3811727                    /usr/lib/nvidia-346-updates/libnvidia-compiler.so.346.82
7f4d92d4d000-7f4d92f4d000 ---p 01743000 08:01 3811727                    /usr/lib/nvidia-346-updates/libnvidia-compiler.so.346.82
7f4d92f4d000-7f4d937d5000 rw-p 01743000 08:01 3811727                    /usr/lib/nvidia-346-updates/libnvidia-compiler.so.346.82
7f4d937d5000-7f4d937ff000 rw-p 00000000 00:00 0 
7f4d937ff000-7f4d93800000 ---p 00000000 00:00 0 
7f4d93800000-7f4d94000000 rw-p 00000000 00:00 0                          [stack:26299]
7f4d94000000-7f4d94021000 rw-p 00000000 00:00 0 
7f4d94021000-7f4d98000000 ---p 00000000 00:00 0 
7f4d98000000-7f4d98021000 rw-p 00000000 00:00 0 
7f4d98021000-7f4d9c000000 ---p 00000000 00:00 0 
7f4d9c000000-7f4d9c1a2000 rw-p 00000000 00:00 0 
7f4d9c1a2000-7f4da0000000 ---p 00000000 00:00 0 
7f4da0000000-7f4da0021000 rw-p 00000000 00:00 0 
7f4da0021000-7f4da4000000 ---p 00000000 00:00 0 
7f4da4000000-7f4da4021000 rw-p 00000000 00:00 0 
7f4da4021000-7f4da8000000 ---p 00000000 00:00 0 
7f4da8000000-7f4da817a000 rw-p 00000000 00:00 0 
7f4da817a000-7f4dac000000 ---p 00000000 00:00 0 
7f4dac000000-7f4dac021000 rw-p 00000000 00:00 0 
7f4dac021000-7f4db0000000 ---p 00000000 00:00 0 
7f4db0000000-7f4db0021000 rw-p 00000000 00:00 0 
7f4db0021000-7f4db4000000 ---p 00000000 00:00 0 
7f4db4000000-7f4db4021000 rw-p 00000000 00:00 0 
7f4db4021000-7f4db8000000 ---p 00000000 00:00 0 
7f4db8006000-7f4db8026000 rw-s e0220000 00:05 13214                      /dev/nvidia0
7f4db8026000-7f4db8046000 rw-s e0200000 00:05 13214                      /dev/nvidia0
7f4db8046000-7f4db8092000 rw-s 19b421000 00:05 13212                     /dev/nvidiactl
7f4db8092000-7f4db8192000 rw-s 1f1491000 00:05 13212                     /dev/nvidiactl
7f4db8192000-7f4db8292000 rw-s 1ae56f000 00:05 13212                     /dev/nvidiactl
7f4db8292000-7f4db8392000 rw-s 1f149a000 00:05 13212                     /dev/nvidiactl
7f4db8392000-7f4db8393000 ---p 00000000 00:00 0 
7f4db8393000-7f4db8b93000 rw-p 00000000 00:00 0                          [stack:26298]
7f4db8b93000-7f4db8b94000 ---p 00000000 00:00 0 
7f4db8b94000-7f4db9394000 rw-p 00000000 00:00 0                          [stack:26297]
7f4db9394000-7f4db9395000 ---p 00000000 00:00 0 
7f4db9395000-7f4db9b95000 rw-p 00000000 00:00 0                          [stack:26296]
7f4db9b95000-7f4db9b96000 ---p 00000000 00:00 0 
7f4db9b96000-7f4dba396000 rw-p 00000000 00:00 0                          [stack:26295]
7f4dba396000-7f4dba496000 rw-s 1eeacd000 00:05 13212                     /dev/nvidiactl
7f4dba496000-7f4dba596000 rw-s 1f0d34000 00:05 13212                     /dev/nvidiactl
7f4dba596000-7f4dba696000 rw-s 7af16000 00:05 13212                      /dev/nvidiactl
7f4dba696000-7f4dbaa96000 rw-s 7b329000 00:05 13212                      /dev/nvidiactl
7f4dbaa96000-7f4dbae96000 rw-s 1ae594000 00:05 13212                     /dev/nvidiactl
7f4dbae96000-7f4dbb959000 r-xp 00000000 08:01 3672125                    /usr/lib/x86_64-linux-gnu/libcuda.so.346.82
7f4dbb959000-7f4dbbb59000 ---p 00ac3000 08:01 3672125                    /usr/lib/x86_64-linux-gnu/libcuda.so.346.82
7f4dbbb59000-7f4dbbd0b000 rw-p 00ac3000 08:01 3672125                    /usr/lib/x86_64-linux-gnu/libcuda.so.346.82
7f4dbbd0b000-7f4dc0000000 rw-p 00000000 00:00 0 
7f4dc0000000-7f4dc0021000 rw-p 00000000 00:00 0 
7f4dc0021000-7f4dc4000000 ---p 00000000 00:00 0 
7f4dc4000000-7f4dc4021000 rw-p 00000000 00:00 0 
7f4dc4021000-7f4dc8000000 ---p 00000000 00:00 0 
7f4dc8000000-7f4dc8021000 rw-p 00000000 00:00 0 
7f4dc8021000-7f4dcc000000 ---p 00000000 00:00 0 
7f4dcc00e000-7f4dcc02e000 rw-s e01e0000 00:05 13214                      /dev/nvidia0
7f4dcc02e000-7f4dcc04e000 rw-s e01c0000 00:05 13214                      /dev/nvidia0
7f4dcc04e000-7f4dcc06e000 rw-s e01a0000 00:05 13214                      /dev/nvidia0
7f4dcc06e000-7f4dcc0ba000 rw-s 19ab4a000 00:05 13212                     /dev/nvidiactl
7f4dcc0ba000-7f4dcc0da000 rw-s e0180000 00:05 13214                      /dev/nvidia0
7f4dcc0da000-7f4dcc0e1000 r--s 00000000 08:01 4203242                    /usr/lib/x86_64-linux-gnu/gconv/gconv-modules.cache
7f4dcc0e1000-7f4dcc1e1000 rw-s 6c901000 00:05 13212                      /dev/nvidiactl
7f4dcc1e1000-7f4dcc2e1000 rw-s 9d9e1000 00:05 13212                      /dev/nvidiactl
7f4dcc2e1000-7f4dcc2e2000 ---p 00000000 00:00 0 
7f4dcc2e2000-7f4dccae2000 rw-p 00000000 00:00 0                          [stack:26294]
7f4dccae2000-7f4dccbe2000 rw-s 1f0ff9000 00:05 13212                     /dev/nvidiactl
7f4dccbe2000-7f4dccbed000 r-xp 00000000 08:01 4982176                    /tmp/jogamp_0000/file_cache/jln851659152175028127/jln1804078788975319960/natives/linux-amd64/libjocl.so
7f4dccbed000-7f4dccdec000 ---p 0000b000 08:01 4982176                    /tmp/jogamp_0000/file_cache/jln851659152175028127/jln1804078788975319960/natives/linux-amd64/libjocl.so
7f4dccdec000-7f4dccded000 r--p 0000a000 08:01 4982176                    /tmp/jogamp_0000/file_cache/jln851659152175028127/jln1804078788975319960/natives/linux-amd64/libjocl.so
7f4dccded000-7f4dccdee000 rw-p 0000b000 08:01 4982176                    /tmp/jogamp_0000/file_cache/jln851659152175028127/jln1804078788975319960/natives/linux-amd64/libjocl.so
7f4dccdee000-7f4dcd8c9000 r-xp 00000000 08:01 3674886                    /usr/lib/x86_64-linux-gnu/libnvidia-opencl.so.346.82
7f4dcd8c9000-7f4dcdac8000 ---p 00adb000 08:01 3674886                    /usr/lib/x86_64-linux-gnu/libnvidia-opencl.so.346.82
7f4dcdac8000-7f4dcdc7e000 rw-p 00ada000 08:01 3674886                    /usr/lib/x86_64-linux-gnu/libnvidia-opencl.so.346.82
7f4dcdc7e000-7f4dcdc93000 rw-p 00000000 00:00 0 
7f4dcdc93000-7f4dcdc9b000 r-xp 00000000 08:01 3670455                    /usr/lib/x86_64-linux-gnu/libOpenCL.so.1.0.0
7f4dcdc9b000-7f4dcde9a000 ---p 00008000 08:01 3670455                    /usr/lib/x86_64-linux-gnu/libOpenCL.so.1.0.0
7f4dcde9a000-7f4dcde9b000 r--p 00007000 08:01 3670455                    /usr/lib/x86_64-linux-gnu/libOpenCL.so.1.0.0
7f4dcde9b000-7f4dcde9c000 rw-p 00008000 08:01 3670455                    /usr/lib/x86_64-linux-gnu/libOpenCL.so.1.0.0
7f4dcde9c000-7f4dcde9e000 r-xp 00000000 08:01 4982175                    /tmp/jogamp_0000/file_cache/jln851659152175028127/jln1804078788975319960/natives/linux-amd64/libgluegen-rt.so
7f4dcde9e000-7f4dce09d000 ---p 00002000 08:01 4982175                    /tmp/jogamp_0000/file_cache/jln851659152175028127/jln1804078788975319960/natives/linux-amd64/libgluegen-rt.so
7f4dce09d000-7f4dce09e000 r--p 00001000 08:01 4982175                    /tmp/jogamp_0000/file_cache/jln851659152175028127/jln1804078788975319960/natives/linux-amd64/libgluegen-rt.so
7f4dce09e000-7f4dce09f000 rw-p 00002000 08:01 4982175                    /tmp/jogamp_0000/file_cache/jln851659152175028127/jln1804078788975319960/natives/linux-amd64/libgluegen-rt.so
7f4dce1a0000-7f4dce1b0000 r-xp 00000000 08:01 4853686                    /usr/lib/jvm/java-7-openjdk-amd64/jre/lib/amd64/libnio.so
7f4dce1b0000-7f4dce3b0000 ---p 00010000 08:01 4853686                    /usr/lib/jvm/java-7-openjdk-amd64/jre/lib/amd64/libnio.so
7f4dce3b0000-7f4dce3b1000 r--p 00010000 08:01 4853686                    /usr/lib/jvm/java-7-openjdk-amd64/jre/lib/amd64/libnio.so
7f4dce3b1000-7f4dce3b2000 rw-p 00011000 08:01 4853686                    /usr/lib/jvm/java-7-openjdk-amd64/jre/lib/amd64/libnio.so
7f4dce3b2000-7f4dce3ef000 r-xp 00000000 08:01 2114819                    /lib/x86_64-linux-gnu/libpcre.so.3.13.1
7f4dce3ef000-7f4dce5ee000 ---p 0003d000 08:01 2114819                    /lib/x86_64-linux-gnu/libpcre.so.3.13.1
7f4dce5ee000-7f4dce5ef000 r--p 0003c000 08:01 2114819                    /lib/x86_64-linux-gnu/libpcre.so.3.13.1
7f4dce5ef000-7f4dce5f0000 rw-p 0003d000 08:01 2114819                    /lib/x86_64-linux-gnu/libpcre.so.3.13.1
7f4dce5f0000-7f4dce5f7000 r-xp 00000000 08:01 3675991                    /usr/lib/x86_64-linux-gnu/libffi.so.6.0.1
7f4dce5f7000-7f4dce7f6000 ---p 00007000 08:01 3675991                    /usr/lib/x86_64-linux-gnu/libffi.so.6.0.1
7f4dce7f6000-7f4dce7f7000 r--p 00006000 08:01 3675991                    /usr/lib/x86_64-linux-gnu/libffi.so.6.0.1
7f4dce7f7000-7f4dce7f8000 rw-p 00007000 08:01 3675991                    /usr/lib/x86_64-linux-gnu/libffi.so.6.0.1
7f4dce7f8000-7f4dce80f000 r-xp 00000000 08:01 2104446                    /lib/x86_64-linux-gnu/libresolv-2.19.so
7f4dce80f000-7f4dcea0f000 ---p 00017000 08:01 2104446                    /lib/x86_64-linux-gnu/libresolv-2.19.so
7f4dcea0f000-7f4dcea10000 r--p 00017000 08:01 2104446                    /lib/x86_64-linux-gnu/libresolv-2.19.so
7f4dcea10000-7f4dcea11000 rw-p 00018000 08:01 2104446                    /lib/x86_64-linux-gnu/libresolv-2.19.so
7f4dcea11000-7f4dcea13000 rw-p 00000000 00:00 0 
7f4dcea13000-7f4dcea33000 r-xp 00000000 08:01 2103373                    /lib/x86_64-linux-gnu/libselinux.so.1
7f4dcea33000-7f4dcec32000 ---p 00020000 08:01 2103373                    /lib/x86_64-linux-gnu/libselinux.so.1
7f4dcec32000-7f4dcec33000 r--p 0001f000 08:01 2103373                    /lib/x86_64-linux-gnu/libselinux.so.1
7f4dcec33000-7f4dcec34000 rw-p 00020000 08:01 2103373                    /lib/x86_64-linux-gnu/libselinux.so.1
7f4dcec34000-7f4dcec36000 rw-p 00000000 00:00 0 
7f4dcec36000-7f4dcec39000 r-xp 00000000 08:01 3676104                    /usr/lib/x86_64-linux-gnu/libgmodule-2.0.so.0.4002.0
7f4dcec39000-7f4dcee38000 ---p 00003000 08:01 3676104                    /usr/lib/x86_64-linux-gnu/libgmodule-2.0.so.0.4002.0
7f4dcee38000-7f4dcee39000 r--p 00002000 08:01 3676104                    /usr/lib/x86_64-linux-gnu/libgmodule-2.0.so.0.4002.0
7f4dcee39000-7f4dcee3a000 rw-p 00003000 08:01 3676104                    /usr/lib/x86_64-linux-gnu/libgmodule-2.0.so.0.4002.0
7f4dcee3a000-7f4dcef40000 r-xp 00000000 08:01 2103274                    /lib/x86_64-linux-gnu/libglib-2.0.so.0.4002.0
7f4dcef40000-7f4dcf13f000 ---p 00106000 08:01 2103274                    /lib/x86_64-linux-gnu/libglib-2.0.so.0.4002.0
7f4dcf13f000-7f4dcf140000 r--p 00105000 08:01 2103274                    /lib/x86_64-linux-gnu/libglib-2.0.so.0.4002.0
7f4dcf140000-7f4dcf141000 rw-p 00106000 08:01 2103274                    /lib/x86_64-linux-gnu/libglib-2.0.so.0.4002.0
7f4dcf141000-7f4dcf142000 rw-p 00000000 00:00 0 
7f4dcf142000-7f4dcf191000 r-xp 00000000 08:01 3676120                    /usr/lib/x86_64-linux-gnu/libgobject-2.0.so.0.4002.0
7f4dcf191000-7f4dcf391000 ---p 0004f000 08:01 3676120                    /usr/lib/x86_64-linux-gnu/libgobject-2.0.so.0.4002.0
7f4dcf391000-7f4dcf392000 r--p 0004f000 08:01 3676120                    /usr/lib/x86_64-linux-gnu/libgobject-2.0.so.0.4002.0
7f4dcf392000-7f4dcf393000 rw-p 00050000 08:01 3676120                    /usr/lib/x86_64-linux-gnu/libgobject-2.0.so.0.4002.0
7f4dcf393000-7f4dcf4ff000 r-xp 00000000 08:01 3676092                    /usr/lib/x86_64-linux-gnu/libgio-2.0.so.0.4002.0
7f4dcf4ff000-7f4dcf6fe000 ---p 0016c000 08:01 3676092                    /usr/lib/x86_64-linux-gnu/libgio-2.0.so.0.4002.0
7f4dcf6fe000-7f4dcf702000 r--p 0016b000 08:01 3676092                    /usr/lib/x86_64-linux-gnu/libgio-2.0.so.0.4002.0
7f4dcf702000-7f4dcf704000 rw-p 0016f000 08:01 3676092                    /usr/lib/x86_64-linux-gnu/libgio-2.0.so.0.4002.0
7f4dcf704000-7f4dcf706000 rw-p 00000000 00:00 0 
7f4dcf706000-7f4dcf71d000 r-xp 00000000 08:01 4853681                    /usr/lib/jvm/java-7-openjdk-amd64/jre/lib/amd64/libnet.so
7f4dcf71d000-7f4dcf91c000 ---p 00017000 08:01 4853681                    /usr/lib/jvm/java-7-openjdk-amd64/jre/lib/amd64/libnet.so
7f4dcf91c000-7f4dcf91d000 r--p 00016000 08:01 4853681                    /usr/lib/jvm/java-7-openjdk-amd64/jre/lib/amd64/libnet.so
7f4dcf91d000-7f4dcf91e000 rw-p 00017000 08:01 4853681                    /usr/lib/jvm/java-7-openjdk-amd64/jre/lib/amd64/libnet.so
7f4dcf91e000-7f4dd0000000 r--p 00000000 08:01 3674563                    /usr/lib/locale/locale-archive
7f4dd0000000-7f4dd0021000 rw-p 00000000 00:00 0 
7f4dd0021000-7f4dd4000000 ---p 00000000 00:00 0 
7f4dd4002000-7f4dd4004000 rw-p 00000000 00:00 0 
7f4dd4004000-7f4dd4005000 rw-s eff6e000 00:05 13214                      /dev/nvidia0
7f4dd4005000-7f4dd4006000 rw-s 6cac6000 00:05 13212                      /dev/nvidiactl
7f4dd4006000-7f4dd4007000 rw-s eff6d000 00:05 13214                      /dev/nvidia0
7f4dd4007000-7f4dd4008000 rw-s 15b124000 00:05 13212                     /dev/nvidiactl
7f4dd4008000-7f4dd4009000 rw-s eff6c000 00:05 13214                      /dev/nvidia0
7f4dd4009000-7f4dd400a000 rw-s 16dc1f000 00:05 13212                     /dev/nvidiactl
7f4dd400a000-7f4dd400b000 rw-s eff6b000 00:05 13214                      /dev/nvidia0
7f4dd400b000-7f4dd400c000 rw-s 199afc000 00:05 13212                     /dev/nvidiactl
7f4dd400c000-7f4dd400d000 rw-s eff6a000 00:05 13214                      /dev/nvidia0
7f4dd400d000-7f4dd400e000 rw-s 15b369000 00:05 13212                     /dev/nvidiactl
7f4dd400e000-7f4dd400f000 rw-s eff69000 00:05 13214                      /dev/nvidia0
7f4dd400f000-7f4dd4010000 rw-s 19f457000 00:05 13212                     /dev/nvidiactl
7f4dd4010000-7f4dd4011000 rw-s eff68000 00:05 13214                      /dev/nvidia0
7f4dd4011000-7f4dd4012000 rw-s 1f0d62000 00:05 13212                     /dev/nvidiactl
7f4dd4012000-7f4dd4013000 rw-s eff67000 00:05 13214                      /dev/nvidia0
7f4dd4013000-7f4dd4014000 rw-s 6c827000 00:05 13212                      /dev/nvidiactl
7f4dd4014000-7f4dd4034000 rw-s e0160000 00:05 13214                      /dev/nvidia0
7f4dd4034000-7f4dd4080000 rw-s 20ef1b000 00:05 13212                     /dev/nvidiactl
7f4dd4080000-7f4dd40a0000 rw-s e0140000 00:05 13214                      /dev/nvidia0
7f4dd40a0000-7f4dd40c0000 rw-s e0120000 00:05 13214                      /dev/nvidia0
7f4dd40c0000-7f4dd40f1000 rw-p 00000000 00:00 0 
7f4dd40f1000-7f4dd40f2000 ---p 00000000 00:00 0 
7f4dd40f2000-7f4dd41f2000 rw-p 00000000 00:00 0                          [stack:26285]
7f4dd41f2000-7f4dd41f5000 ---p 00000000 00:00 0 
7f4dd41f5000-7f4dd42f3000 rw-p 00000000 00:00 0                          [stack:26284]
7f4dd42f3000-7f4dd42f6000 ---p 00000000 00:00 0 
7f4dd42f6000-7f4dd43f4000 rw-p 00000000 00:00 0                          [stack:26283]
7f4dd43f4000-7f4dd43f7000 ---p 00000000 00:00 0 
7f4dd43f7000-7f4dd44f5000 rw-p 00000000 00:00 0                          [stack:26282]
7f4dd44f5000-7f4dd44f8000 ---p 00000000 00:00 0 
7f4dd44f8000-7f4dd45f6000 rw-p 00000000 00:00 0                          [stack:26281]
7f4dd45f6000-7f4dd45f9000 ---p 00000000 00:00 0 
7f4dd45f9000-7f4dd46f7000 rw-p 00000000 00:00 0                          [stack:26279]
7f4dd46f7000-7f4dd46fa000 ---p 00000000 00:00 0 
7f4dd46fa000-7f4dd47f8000 rw-p 00000000 00:00 0                          [stack:26278]
7f4dd47f8000-7f4dd47f9000 ---p 00000000 00:00 0 
7f4dd47f9000-7f4dd5000000 rw-p 00000000 00:00 0                          [stack:26277]
7f4dd5000000-7f4dd5270000 rwxp 00000000 00:00 0 
7f4dd5270000-7f4dd91f3000 rw-p 00000000 00:00 0 
7f4dd91f3000-7f4ddc000000 ---p 00000000 00:00 0 
7f4ddc000000-7f4ddc001000 rw-s eff66000 00:05 13214                      /dev/nvidia0
7f4ddc001000-7f4ddc002000 rw-s 1ae56a000 00:05 13212                     /dev/nvidiactl
7f4ddc002000-7f4ddc003000 rw-s eff65000 00:05 13214                      /dev/nvidia0
7f4ddc003000-7f4ddc004000 rw-s 94d64000 00:05 13212                      /dev/nvidiactl
7f4ddc004000-7f4ddc005000 r--p 00000000 08:01 4461979                    /usr/share/locale-langpack/en_GB/LC_MESSAGES/libc.mo
7f4ddc005000-7f4ddc006000 rw-s eff64000 00:05 13214                      /dev/nvidia0
7f4ddc006000-7f4ddc007000 rw-s 9db89000 00:05 13212                      /dev/nvidiactl
7f4ddc007000-7f4ddc008000 rw-s eff63000 00:05 13214                      /dev/nvidia0
7f4ddc008000-7f4ddc009000 rw-s ad365000 00:05 13212                      /dev/nvidiactl
7f4ddc009000-7f4ddc04b000 rw-p 00000000 00:00 0 
7f4ddc04b000-7f4ddc04c000 r--s 00002000 08:06 68771                      /home/ericbarnhill/Documents/code/jogamp/jocl/build/jar/jocl-natives-linux-amd64.jar
7f4ddc04c000-7f4ddc04e000 r--s 00000000 08:06 63540                      /home/ericbarnhill/Documents/code/jogamp/gluegen/build/gluegen-rt-natives-linux-amd64.jar
7f4ddc04e000-7f4ddc051000 ---p 00000000 00:00 0 
7f4ddc051000-7f4ddc087000 rw-p 00000000 00:00 0                          [stack:26289]
7f4ddc087000-7f4ddc088000 r--p 00000000 00:00 0 
7f4ddc088000-7f4ddc08d000 r--s 0004d000 08:01 4080643                    /usr/lib/jvm/java-7-openjdk-amd64/jre/lib/jsse.jar
7f4ddc08d000-7f4ddc098000 r--s 0006f000 08:06 23467237                   /home/ericbarnhill/Documents/code/jtransforms-2.4.jar
7f4ddc098000-7f4ddc09e000 r--s 0004f000 08:06 63508                      /home/ericbarnhill/Documents/code/jogamp/gluegen/build/gluegen-rt.jar
7f4ddc09e000-7f4ddc0a4000 r--s 00030000 08:06 68770                      /home/ericbarnhill/Documents/code/jogamp/jocl/build/jar/jocl.jar
7f4ddc0a4000-7f4ddc0a7000 r--s 000bd000 08:06 70280                      /home/ericbarnhill/Documents/code/jogamp/jocl-demos/build/jar/jocl-demos.jar
7f4ddc0a7000-7f4ddc0ab000 r--s 00034000 08:01 4458065                    /usr/lib/jvm/java-7-openjdk-amd64/jre/lib/ext/sunjce_provider.jar
7f4ddc0ab000-7f4ddc0af000 r--s 0003c000 08:01 4458066                    /usr/lib/jvm/java-7-openjdk-amd64/jre/lib/ext/sunpkcs11.jar
7f4ddc0af000-7f4ddc984000 rw-p 00000000 00:00 0 
7f4ddc984000-7f4ddcb35000 r--s 01d29000 08:01 4080636                    /usr/lib/jvm/java-7-openjdk-amd64/jre/lib/rt.jar
7f4ddcb35000-7f4ddd086000 rw-p 00000000 00:00 0 
7f4ddd086000-7f4ddd087000 ---p 00000000 00:00 0 
7f4ddd087000-7f4ddd187000 rw-p 00000000 00:00 0                          [stack:26276]
7f4ddd187000-7f4ddd188000 ---p 00000000 00:00 0 
7f4ddd188000-7f4ddd288000 rw-p 00000000 00:00 0                          [stack:26275]
7f4ddd288000-7f4ddd289000 ---p 00000000 00:00 0 
7f4ddd289000-7f4ddd389000 rw-p 00000000 00:00 0                          [stack:26274]
7f4ddd389000-7f4ddd38a000 ---p 00000000 00:00 0 
7f4ddd38a000-7f4ddd495000 rw-p 00000000 00:00 0                          [stack:26273]
7f4ddd495000-7f4ddd4dd000 rw-p 00000000 00:00 0 
7f4ddd4dd000-7f4ddd506000 rw-p 00000000 00:00 0 
7f4ddd506000-7f4ddd76f000 rw-p 00000000 00:00 0 
7f4ddd76f000-7f4ddd77a000 rw-p 00000000 00:00 0 
7f4ddd77a000-7f4ddd7c2000 rw-p 00000000 00:00 0 
7f4ddd7c2000-7f4ddd7eb000 rw-p 00000000 00:00 0 
7f4ddd7eb000-7f4ddda54000 rw-p 00000000 00:00 0 
7f4ddda54000-7f4ddda69000 rw-p 00000000 00:00 0 
7f4ddda69000-7f4dddb9d000 rw-p 00000000 00:00 0 
7f4dddb9d000-7f4dddb9e000 rw-p 00000000 00:00 0 
7f4dddb9e000-7f4dddba6000 r-xp 00000000 08:01 4851601                    /usr/lib/jvm/java-7-openjdk-amd64/jre/lib/amd64/libzip.so
7f4dddba6000-7f4dddda5000 ---p 00008000 08:01 4851601                    /usr/lib/jvm/java-7-openjdk-amd64/jre/lib/amd64/libzip.so
7f4dddda5000-7f4dddda6000 r--p 00007000 08:01 4851601                    /usr/lib/jvm/java-7-openjdk-amd64/jre/lib/amd64/libzip.so
7f4dddda6000-7f4dddda7000 rw-p 00008000 08:01 4851601                    /usr/lib/jvm/java-7-openjdk-amd64/jre/lib/amd64/libzip.so
7f4dddda7000-7f4ddddb2000 r-xp 00000000 08:01 2104454                    /lib/x86_64-linux-gnu/libnss_files-2.19.so
7f4ddddb2000-7f4dddfb1000 ---p 0000b000 08:01 2104454                    /lib/x86_64-linux-gnu/libnss_files-2.19.so
7f4dddfb1000-7f4dddfb2000 r--p 0000a000 08:01 2104454                    /lib/x86_64-linux-gnu/libnss_files-2.19.so
7f4dddfb2000-7f4dddfb3000 rw-p 0000b000 08:01 2104454                    /lib/x86_64-linux-gnu/libnss_files-2.19.so
7f4dddfb3000-7f4dddfbe000 r-xp 00000000 08:01 2104474                    /lib/x86_64-linux-gnu/libnss_nis-2.19.so
7f4dddfbe000-7f4dde1bd000 ---p 0000b000 08:01 2104474                    /lib/x86_64-linux-gnu/libnss_nis-2.19.so
7f4dde1bd000-7f4dde1be000 r--p 0000a000 08:01 2104474                    /lib/x86_64-linux-gnu/libnss_nis-2.19.so
7f4dde1be000-7f4dde1bf000 rw-p 0000b000 08:01 2104474                    /lib/x86_64-linux-gnu/libnss_nis-2.19.so
7f4dde1bf000-7f4dde1d6000 r-xp 00000000 08:01 2104463                    /lib/x86_64-linux-gnu/libnsl-2.19.so
7f4dde1d6000-7f4dde3d5000 ---p 00017000 08:01 2104463                    /lib/x86_64-linux-gnu/libnsl-2.19.so
7f4dde3d5000-7f4dde3d6000 r--p 00016000 08:01 2104463                    /lib/x86_64-linux-gnu/libnsl-2.19.so
7f4dde3d6000-7f4dde3d7000 rw-p 00017000 08:01 2104463                    /lib/x86_64-linux-gnu/libnsl-2.19.so
7f4dde3d7000-7f4dde3d9000 rw-p 00000000 00:00 0 
7f4dde3d9000-7f4dde3e2000 r-xp 00000000 08:01 2104462                    /lib/x86_64-linux-gnu/libnss_compat-2.19.so
7f4dde3e2000-7f4dde5e1000 ---p 00009000 08:01 2104462                    /lib/x86_64-linux-gnu/libnss_compat-2.19.so
7f4dde5e1000-7f4dde5e2000 r--p 00008000 08:01 2104462                    /lib/x86_64-linux-gnu/libnss_compat-2.19.so
7f4dde5e2000-7f4dde5e3000 rw-p 00009000 08:01 2104462                    /lib/x86_64-linux-gnu/libnss_compat-2.19.so
7f4dde5e3000-7f4dde60e000 r-xp 00000000 08:01 4853689                    /usr/lib/jvm/java-7-openjdk-amd64/jre/lib/amd64/libjava.so
7f4dde60e000-7f4dde80d000 ---p 0002b000 08:01 4853689                    /usr/lib/jvm/java-7-openjdk-amd64/jre/lib/amd64/libjava.so
7f4dde80d000-7f4dde80e000 r--p 0002a000 08:01 4853689                    /usr/lib/jvm/java-7-openjdk-amd64/jre/lib/amd64/libjava.so
7f4dde80e000-7f4dde810000 rw-p 0002b000 08:01 4853689                    /usr/lib/jvm/java-7-openjdk-amd64/jre/lib/amd64/libjava.so
7f4dde810000-7f4dde820000 r-xp 00000000 08:01 4853672                    /usr/lib/jvm/java-7-openjdk-amd64/jre/lib/amd64/libverify.so
7f4dde820000-7f4ddea1f000 ---p 00010000 08:01 4853672                    /usr/lib/jvm/java-7-openjdk-amd64/jre/lib/amd64/libverify.so
7f4ddea1f000-7f4ddea21000 r--p 0000f000 08:01 4853672                    /usr/lib/jvm/java-7-openjdk-amd64/jre/lib/amd64/libverify.so
7f4ddea21000-7f4ddea22000 rw-p 00011000 08:01 4853672                    /usr/lib/jvm/java-7-openjdk-amd64/jre/lib/amd64/libverify.so
7f4ddea22000-7f4ddea29000 r-xp 00000000 08:01 2104471                    /lib/x86_64-linux-gnu/librt-2.19.so
7f4ddea29000-7f4ddec28000 ---p 00007000 08:01 2104471                    /lib/x86_64-linux-gnu/librt-2.19.so
7f4ddec28000-7f4ddec29000 r--p 00006000 08:01 2104471                    /lib/x86_64-linux-gnu/librt-2.19.so
7f4ddec29000-7f4ddec2a000 rw-p 00007000 08:01 2104471                    /lib/x86_64-linux-gnu/librt-2.19.so
7f4ddec2a000-7f4ddec40000 r-xp 00000000 08:01 2103270                    /lib/x86_64-linux-gnu/libgcc_s.so.1
7f4ddec40000-7f4ddee3f000 ---p 00016000 08:01 2103270                    /lib/x86_64-linux-gnu/libgcc_s.so.1
7f4ddee3f000-7f4ddee40000 rw-p 00015000 08:01 2103270                    /lib/x86_64-linux-gnu/libgcc_s.so.1
7f4ddee40000-7f4ddef45000 r-xp 00000000 08:01 2104453                    /lib/x86_64-linux-gnu/libm-2.19.so
7f4ddef45000-7f4ddf144000 ---p 00105000 08:01 2104453                    /lib/x86_64-linux-gnu/libm-2.19.so
7f4ddf144000-7f4ddf145000 r--p 00104000 08:01 2104453                    /lib/x86_64-linux-gnu/libm-2.19.so
7f4ddf145000-7f4ddf146000 rw-p 00105000 08:01 2104453                    /lib/x86_64-linux-gnu/libm-2.19.so
7f4ddf146000-7f4ddf22c000 r-xp 00000000 08:01 3670377                    /usr/lib/x86_64-linux-gnu/libstdc++.so.6.0.19
7f4ddf22c000-7f4ddf42b000 ---p 000e6000 08:01 3670377                    /usr/lib/x86_64-linux-gnu/libstdc++.so.6.0.19
7f4ddf42b000-7f4ddf433000 r--p 000e5000 08:01 3670377                    /usr/lib/x86_64-linux-gnu/libstdc++.so.6.0.19
7f4ddf433000-7f4ddf435000 rw-p 000ed000 08:01 3670377                    /usr/lib/x86_64-linux-gnu/libstdc++.so.6.0.19
7f4ddf435000-7f4ddf44a000 rw-p 00000000 00:00 0 
7f4ddf44a000-7f4ddff63000 r-xp 00000000 08:01 5274730                    /usr/lib/jvm/java-7-openjdk-amd64/jre/lib/amd64/server/libjvm.so
7f4ddff63000-7f4de0163000 ---p 00b19000 08:01 5274730                    /usr/lib/jvm/java-7-openjdk-amd64/jre/lib/amd64/server/libjvm.so
7f4de0163000-7f4de01fd000 r--p 00b19000 08:01 5274730                    /usr/lib/jvm/java-7-openjdk-amd64/jre/lib/amd64/server/libjvm.so
7f4de01fd000-7f4de0220000 rw-p 00bb3000 08:01 5274730                    /usr/lib/jvm/java-7-openjdk-amd64/jre/lib/amd64/server/libjvm.so
7f4de0220000-7f4de024e000 rw-p 00000000 00:00 0 
7f4de024e000-7f4de0266000 r-xp 00000000 08:01 2103406                    /lib/x86_64-linux-gnu/libz.so.1.2.8
7f4de0266000-7f4de0465000 ---p 00018000 08:01 2103406                    /lib/x86_64-linux-gnu/libz.so.1.2.8
7f4de0465000-7f4de0466000 r--p 00017000 08:01 2103406                    /lib/x86_64-linux-gnu/libz.so.1.2.8
7f4de0466000-7f4de0467000 rw-p 00018000 08:01 2103406                    /lib/x86_64-linux-gnu/libz.so.1.2.8
7f4de0467000-7f4de0480000 r-xp 00000000 08:01 2104469                    /lib/x86_64-linux-gnu/libpthread-2.19.so
7f4de0480000-7f4de067f000 ---p 00019000 08:01 2104469                    /lib/x86_64-linux-gnu/libpthread-2.19.so
7f4de067f000-7f4de0680000 r--p 00018000 08:01 2104469                    /lib/x86_64-linux-gnu/libpthread-2.19.so
7f4de0680000-7f4de0681000 rw-p 00019000 08:01 2104469                    /lib/x86_64-linux-gnu/libpthread-2.19.so
7f4de0681000-7f4de0685000 rw-p 00000000 00:00 0 
7f4de0685000-7f4de0688000 r-xp 00000000 08:01 2104457                    /lib/x86_64-linux-gnu/libdl-2.19.so
7f4de0688000-7f4de0887000 ---p 00003000 08:01 2104457                    /lib/x86_64-linux-gnu/libdl-2.19.so
7f4de0887000-7f4de0888000 r--p 00002000 08:01 2104457                    /lib/x86_64-linux-gnu/libdl-2.19.so
7f4de0888000-7f4de0889000 rw-p 00003000 08:01 2104457                    /lib/x86_64-linux-gnu/libdl-2.19.so
7f4de0889000-7f4de0a44000 r-xp 00000000 08:01 2104468                    /lib/x86_64-linux-gnu/libc-2.19.so
7f4de0a44000-7f4de0c43000 ---p 001bb000 08:01 2104468                    /lib/x86_64-linux-gnu/libc-2.19.so
7f4de0c43000-7f4de0c47000 r--p 001ba000 08:01 2104468                    /lib/x86_64-linux-gnu/libc-2.19.so
7f4de0c47000-7f4de0c49000 rw-p 001be000 08:01 2104468                    /lib/x86_64-linux-gnu/libc-2.19.so
7f4de0c49000-7f4de0c4e000 rw-p 00000000 00:00 0 
7f4de0c4e000-7f4de0c5b000 r-xp 00000000 08:01 4997030                    /usr/lib/jvm/java-7-openjdk-amd64/jre/lib/amd64/jli/libjli.so
7f4de0c5b000-7f4de0e5a000 ---p 0000d000 08:01 4997030                    /usr/lib/jvm/java-7-openjdk-amd64/jre/lib/amd64/jli/libjli.so
7f4de0e5a000-7f4de0e5b000 r--p 0000c000 08:01 4997030                    /usr/lib/jvm/java-7-openjdk-amd64/jre/lib/amd64/jli/libjli.so
7f4de0e5b000-7f4de0e5c000 rw-p 0000d000 08:01 4997030                    /usr/lib/jvm/java-7-openjdk-amd64/jre/lib/amd64/jli/libjli.so
7f4de0e5c000-7f4de0e7f000 r-xp 00000000 08:01 2104465                    /lib/x86_64-linux-gnu/ld-2.19.so
7f4de0e7f000-7f4de0e80000 r--s 00002000 08:01 4457732                    /usr/lib/jvm/java-7-openjdk-amd64/jre/lib/ext/dnsns.jar
7f4de0e80000-7f4de0e82000 r--s 00012000 08:01 4458090                    /usr/lib/jvm/java-7-openjdk-amd64/jre/lib/ext/zipfs.jar
7f4de0e82000-7f4de0e86000 r--s 00085000 08:01 4457243                    /usr/lib/jvm/java-7-openjdk-amd64/jre/lib/ext/localedata.jar
7f4de0e86000-7f4de0e90000 rw-p 00000000 00:00 0 
7f4de0e90000-7f4de0f46000 rw-p 00000000 00:00 0 
7f4de0f46000-7f4de0f49000 ---p 00000000 00:00 0 
7f4de0f49000-7f4de104c000 rw-p 00000000 00:00 0                          [stack:26272]
7f4de104c000-7f4de104f000 r--s 0000f000 08:01 4458072                    /usr/lib/jvm/java-7-openjdk-amd64/jre/lib/ext/icedtea-sound.jar
7f4de104f000-7f4de1051000 r--s 00006000 08:01 4210395                    /usr/share/java/java-atk-wrapper.jar
7f4de1051000-7f4de1072000 rw-p 00000000 00:00 0 
7f4de1072000-7f4de107a000 rw-s 00000000 08:01 4982138                    /tmp/hsperfdata_root/26267
7f4de107a000-7f4de107b000 rw-p 00000000 00:00 0 
7f4de107b000-7f4de107c000 r--p 00000000 00:00 0 
7f4de107c000-7f4de107e000 rw-p 00000000 00:00 0 
7f4de107e000-7f4de107f000 r--p 00022000 08:01 2104465                    /lib/x86_64-linux-gnu/ld-2.19.so
7f4de107f000-7f4de1080000 rw-p 00023000 08:01 2104465                    /lib/x86_64-linux-gnu/ld-2.19.so
7f4de1080000-7f4de1081000 rw-p 00000000 00:00 0 
7ffe1405e000-7ffe1407f000 rw-p 00000000 00:00 0                          [stack]
7ffe1409e000-7ffe140a0000 r-xp 00000000 00:00 0                          [vdso]
7ffe140a0000-7ffe140a2000 r--p 00000000 00:00 0                          [vvar]
ffffffffff600000-ffffffffff601000 r-xp 00000000 00:00 0                  [vsyscall]

VM Arguments:
jvm_args: -Dfile.encoding=UTF-8 
java_command: jvcl.GPUFFT
Launcher Type: SUN_STANDARD

Environment Variables:
PATH=/usr/local/sbin:/usr/local/bin:/usr/sbin:/usr/bin:/sbin:/bin
USERNAME=root
SHELL=/bin/bash
DISPLAY=:0

Signal Handlers:
SIGSEGV: [libjvm.so+0x94bab0], sa_mask[0]=0x7ffbfeff, sa_flags=0x10000004
SIGBUS: [libjvm.so+0x94bab0], sa_mask[0]=0x7ffbfeff, sa_flags=0x10000004
SIGFPE: [libjvm.so+0x7c38b0], sa_mask[0]=0x7ffbfeff, sa_flags=0x10000004
SIGPIPE: [libjvm.so+0x7c38b0], sa_mask[0]=0x7ffbfeff, sa_flags=0x10000004
SIGXFSZ: [libjvm.so+0x7c38b0], sa_mask[0]=0x7ffbfeff, sa_flags=0x10000004
SIGILL: [libjvm.so+0x7c38b0], sa_mask[0]=0x7ffbfeff, sa_flags=0x10000004
SIGUSR1: SIG_DFL, sa_mask[0]=0x00000000, sa_flags=0x00000000
SIGUSR2: [libjvm.so+0x7c3750], sa_mask[0]=0x00000004, sa_flags=0x10000004
SIGHUP: [libjvm.so+0x7c3930], sa_mask[0]=0x7ffbfeff, sa_flags=0x10000004
SIGINT: [libjvm.so+0x7c3930], sa_mask[0]=0x7ffbfeff, sa_flags=0x10000004
SIGTERM: [libjvm.so+0x7c3930], sa_mask[0]=0x7ffbfeff, sa_flags=0x10000004
SIGQUIT: [libjvm.so+0x7c3930], sa_mask[0]=0x7ffbfeff, sa_flags=0x10000004
SIGTRAP: SIG_DFL, sa_mask[0]=0x00000000, sa_flags=0x00000000


---------------  S Y S T E M  ---------------

OS:Ubuntu 14.04 (trusty)
uname:Linux 3.16.0-49-generic #65~14.04.1-Ubuntu SMP Wed Sep 9 10:03:23 UTC 2015 x86_64
libc:glibc 2.19 NPTL 2.19 
rlimit: STACK 8192k, CORE 0k, NPROC 31478, NOFILE 4096, AS infinity
load average:2.20 1.00 0.51

/proc/meminfo:
MemTotal:        8079900 kB
MemFree:         4051024 kB
MemAvailable:    6329412 kB
Buffers:          719264 kB
Cached:          1510892 kB
SwapCached:            0 kB
Active:          2532580 kB
Inactive:         882844 kB
Active(anon):    1186528 kB
Inactive(anon):    32200 kB
Active(file):    1346052 kB
Inactive(file):   850644 kB
Unevictable:         104 kB
Mlocked:             104 kB
SwapTotal:       9999356 kB
SwapFree:        9999356 kB
Dirty:               856 kB
Writeback:             0 kB
AnonPages:       1185236 kB
Mapped:           345460 kB
Shmem:             33464 kB
Slab:             375684 kB
SReclaimable:     335096 kB
SUnreclaim:        40588 kB
KernelStack:       10416 kB
PageTables:        33188 kB
NFS_Unstable:          0 kB
Bounce:                0 kB
WritebackTmp:          0 kB
CommitLimit:    14039304 kB
Committed_AS:    4854760 kB
VmallocTotal:   34359738367 kB
VmallocUsed:      394184 kB
VmallocChunk:   34359275188 kB
HardwareCorrupted:     0 kB
AnonHugePages:    733184 kB
HugePages_Total:       0
HugePages_Free:        0
HugePages_Rsvd:        0
HugePages_Surp:        0
Hugepagesize:       2048 kB
DirectMap4k:      298656 kB
DirectMap2M:     7993344 kB


CPU:total 4 (2 cores per cpu, 2 threads per core) family 6 model 58 stepping 9, cmov, cx8, fxsr, mmx, sse, sse2, sse3, ssse3, sse4.1, sse4.2, popcnt, avx, aes, erms, ht, tsc, tscinvbit, tscinv

/proc/cpuinfo:
processor	: 0
vendor_id	: GenuineIntel
cpu family	: 6
model		: 58
model name	: Intel(R) Core(TM) i7-3520M CPU @ 2.90GHz
stepping	: 9
microcode	: 0x19
cpu MHz		: 1422.246
cache size	: 4096 KB
physical id	: 0
siblings	: 4
core id		: 0
cpu cores	: 2
apicid		: 0
initial apicid	: 0
fpu		: yes
fpu_exception	: yes
cpuid level	: 13
wp		: yes
flags		: fpu vme de pse tsc msr pae mce cx8 apic sep mtrr pge mca cmov pat pse36 clflush dts acpi mmx fxsr sse sse2 ss ht tm pbe syscall nx rdtscp lm constant_tsc arch_perfmon pebs bts rep_good nopl xtopology nonstop_tsc aperfmperf eagerfpu pni pclmulqdq dtes64 monitor ds_cpl vmx smx est tm2 ssse3 cx16 xtpr pdcm pcid sse4_1 sse4_2 x2apic popcnt tsc_deadline_timer aes xsave avx f16c rdrand lahf_lm ida arat epb xsaveopt pln pts dtherm tpr_shadow vnmi flexpriority ept vpid fsgsbase smep erms
bogomips	: 5781.00
clflush size	: 64
cache_alignment	: 64
address sizes	: 36 bits physical, 48 bits virtual
power management:

processor	: 1
vendor_id	: GenuineIntel
cpu family	: 6
model		: 58
model name	: Intel(R) Core(TM) i7-3520M CPU @ 2.90GHz
stepping	: 9
microcode	: 0x19
cpu MHz		: 3258.195
cache size	: 4096 KB
physical id	: 0
siblings	: 4
core id		: 1
cpu cores	: 2
apicid		: 2
initial apicid	: 2
fpu		: yes
fpu_exception	: yes
cpuid level	: 13
wp		: yes
flags		: fpu vme de pse tsc msr pae mce cx8 apic sep mtrr pge mca cmov pat pse36 clflush dts acpi mmx fxsr sse sse2 ss ht tm pbe syscall nx rdtscp lm constant_tsc arch_perfmon pebs bts rep_good nopl xtopology nonstop_tsc aperfmperf eagerfpu pni pclmulqdq dtes64 monitor ds_cpl vmx smx est tm2 ssse3 cx16 xtpr pdcm pcid sse4_1 sse4_2 x2apic popcnt tsc_deadline_timer aes xsave avx f16c rdrand lahf_lm ida arat epb xsaveopt pln pts dtherm tpr_shadow vnmi flexpriority ept vpid fsgsbase smep erms
bogomips	: 5781.00
clflush size	: 64
cache_alignment	: 64
address sizes	: 36 bits physical, 48 bits virtual
power management:

processor	: 2
vendor_id	: GenuineIntel
cpu family	: 6
model		: 58
model name	: Intel(R) Core(TM) i7-3520M CPU @ 2.90GHz
stepping	: 9
microcode	: 0x19
cpu MHz		: 3279.605
cache size	: 4096 KB
physical id	: 0
siblings	: 4
core id		: 0
cpu cores	: 2
apicid		: 1
initial apicid	: 1
fpu		: yes
fpu_exception	: yes
cpuid level	: 13
wp		: yes
flags		: fpu vme de pse tsc msr pae mce cx8 apic sep mtrr pge mca cmov pat pse36 clflush dts acpi mmx fxsr sse sse2 ss ht tm pbe syscall nx rdtscp lm constant_tsc arch_perfmon pebs bts rep_good nopl xtopology nonstop_tsc aperfmperf eagerfpu pni pclmulqdq dtes64 monitor ds_cpl vmx smx est tm2 ssse3 cx16 xtpr pdcm pcid sse4_1 sse4_2 x2apic popcnt tsc_deadline_timer aes xsave avx f16c rdrand lahf_lm ida arat epb xsaveopt pln pts dtherm tpr_shadow vnmi flexpriority ept vpid fsgsbase smep erms
bogomips	: 5781.00
clflush size	: 64
cache_alignment	: 64
address sizes	: 36 bits physical, 48 bits virtual
power management:

processor	: 3
vendor_id	: GenuineIntel
cpu family	: 6
model		: 58
model name	: Intel(R) Core(TM) i7-3520M CPU @ 2.90GHz
stepping	: 9
microcode	: 0x19
cpu MHz		: 1544.589
cache size	: 4096 KB
physical id	: 0
siblings	: 4
core id		: 1
cpu cores	: 2
apicid		: 3
initial apicid	: 3
fpu		: yes
fpu_exception	: yes
cpuid level	: 13
wp		: yes
flags		: fpu vme de pse tsc msr pae mce cx8 apic sep mtrr pge mca cmov pat pse36 clflush dts acpi mmx fxsr sse sse2 ss ht tm pbe syscall nx rdtscp lm constant_tsc arch_perfmon pebs bts rep_good nopl xtopology nonstop_tsc aperfmperf eagerfpu pni pclmulqdq dtes64 monitor ds_cpl vmx smx est tm2 ssse3 cx16 xtpr pdcm pcid sse4_1 sse4_2 x2apic popcnt tsc_deadline_timer aes xsave avx f16c rdrand lahf_lm ida arat epb xsaveopt pln pts dtherm tpr_shadow vnmi flexpriority ept vpid fsgsbase smep erms
bogomips	: 5781.00
clflush size	: 64
cache_alignment	: 64
address sizes	: 36 bits physical, 48 bits virtual
power management:



Memory: 4k page, physical 8079900k(4051024k free), swap 9999356k(9999356k free)

vm_info: OpenJDK 64-Bit Server VM (24.79-b02) for linux-amd64 JRE (1.7.0_79-b14), built on Jul 24 2015 08:15:54 by "buildd" with gcc 4.8.2

time: Sun Oct  4 10:47:24 2015
elapsed time: 0 seconds

